|V| = 58228, |E| = 428156, |S| = 10, s = 10.

*** iteration 1, batch size 10, remaining 9.
>: 27.481701ms | >: 30.272627ms | >: 31.156028ms | >: 36.187089ms | >: 36.549461ms | >: 36.836561ms | >: 36.852167ms | >: 36.653038ms | >: 36.848616ms | >: 37.295409ms | sampled in 38.353916ms
<: 24.468295ms | <: 24.867281ms | <: 24.860679ms | <: 25.142896ms | <: 25.34099ms | <: 25.425512ms | <: 26.233435ms | <: 27.96776ms | <: 37.089575ms | <: 37.38245ms | bfses in 37.720031ms

averages: distance 0.000, diameter 13.000.
average of averages: distance 0.000085887 (norm 5.001), std NaN (norm NaN), diameter 13.000 (std NaN).

*** iteration 2, batch size 10, remaining 8.
>: 25.73268ms | >: 28.4506ms | >: 31.051215ms | >: 31.196554ms | >: 32.701483ms | >: 32.92462ms | >: 35.845093ms | >: 37.237484ms | >: 37.482099ms | >: 37.438521ms | sampled in 38.879079ms
<: 25.085787ms | <: 25.547742ms | <: 25.702795ms | <: 25.580817ms | <: 25.543533ms | <: 25.740862ms | <: 25.746263ms | <: 26.599843ms | <: 32.878341ms | <: 33.199025ms | bfses in 33.448527ms

averages: distance 0.000, diameter 12.000.
average of averages: distance 0.000082537 (norm 4.806), std 0.000004737 (norm 0.276), diameter 12.500 (std 0.707).

*** iteration 3, batch size 10, remaining 7.
>: 9.573µs | >: 25.327154ms | >: 27.099821ms | >: 27.383811ms | >: 27.546411ms | >: 27.84565ms | >: 28.526525ms | >: 30.638616ms | >: 31.934441ms | >: 37.442637ms | sampled in 38.491988ms
<: 28.463777ms | <: 31.268788ms | <: 32.6074ms | <: 33.038483ms | <: 33.369649ms | <: 33.458151ms | <: 33.741057ms | <: 33.643216ms | <: 36.890225ms | <: 38.137876ms | bfses in 38.777041ms

averages: distance 0.000, diameter 12.000.
average of averages: distance 0.000082189 (norm 4.786), std 0.000003403 (norm 0.198), diameter 12.333 (std 0.577).

*** iteration 4, batch size 10, remaining 6.
>: 24.81703ms | >: 25.135154ms | >: 25.284082ms | >: 25.322611ms | >: 25.631601ms | >: 30.252099ms | >: 30.540798ms | >: 32.661032ms | >: 34.193871ms | >: 35.500273ms | sampled in 36.120615ms
<: 25.374868ms | <: 25.690499ms | <: 27.844824ms | <: 29.559215ms | <: 29.574603ms | <: 29.95769ms | <: 36.4769ms | <: 36.72555ms | <: 36.789533ms | <: 36.850494ms | bfses in 37.482053ms

averages: distance 0.000, diameter 13.000.
average of averages: distance 0.000082322 (norm 4.793), std 0.000002792 (norm 0.163), diameter 12.500 (std 0.577).

*** iteration 5, batch size 10, remaining 5.
>: 24.811897ms | >: 25.090593ms | >: 25.348078ms | >: 25.27533ms | >: 27.0545ms | >: 28.678546ms | >: 28.676216ms | >: 28.762348ms | >: 32.544127ms | >: 32.980191ms | sampled in 33.919709ms
<: 25.711688ms | <: 27.204439ms | <: 28.083651ms | <: 28.010412ms | <: 28.003791ms | <: 29.994828ms | <: 30.203437ms | <: 30.209842ms | <: 33.570111ms | <: 36.178148ms | bfses in 36.801079ms

averages: distance 0.000, diameter 13.000.
average of averages: distance 0.000083217 (norm 4.845), std 0.000003138 (norm 0.183), diameter 12.600 (std 0.548).

*** iteration 6, batch size 10, remaining 4.
>: 7.659µs | >: 25.198752ms | >: 25.570919ms | >: 25.837513ms | >: 25.866017ms | >: 27.658857ms | >: 27.546287ms | >: 27.564461ms | >: 37.555413ms | >: 37.976786ms | sampled in 38.857361ms
<: 26.91054ms | <: 27.304296ms | <: 28.556054ms | <: 32.983936ms | <: 33.175364ms | <: 33.682019ms | <: 34.597888ms | <: 36.636027ms | <: 37.630743ms | <: 39.169508ms | bfses in 39.824803ms

averages: distance 0.000, diameter 14.000.
average of averages: distance 0.000083829 (norm 4.881), std 0.000003182 (norm 0.185), diameter 12.833 (std 0.753).

*** iteration 7, batch size 10, remaining 3.
>: 24.647632ms | >: 25.034072ms | >: 24.918914ms | >: 24.890691ms | >: 25.708786ms | >: 26.121304ms | >: 33.145854ms | >: 35.948826ms | >: 36.499462ms | >: 37.138769ms | sampled in 38.221845ms
<: 25.530578ms | <: 27.563966ms | <: 30.795326ms | <: 30.864706ms | <: 31.185756ms | <: 33.766263ms | <: 35.711731ms | <: 36.10843ms | <: 36.292862ms | <: 36.470085ms | bfses in 37.094016ms

averages: distance 0.000, diameter 13.000.
average of averages: distance 0.000084234 (norm 4.905), std 0.000003096 (norm 0.180), diameter 12.857 (std 0.690).

*** iteration 8, batch size 10, remaining 2.
>: 24.641797ms | >: 24.776088ms | >: 24.975336ms | >: 25.131168ms | >: 28.283402ms | >: 28.130022ms | >: 29.918961ms | >: 30.124812ms | >: 30.182785ms | >: 34.385741ms | sampled in 35.120717ms
<: 25.335601ms | <: 25.662148ms | <: 25.588573ms | <: 25.58809ms | <: 32.272471ms | <: 33.421194ms | <: 33.863304ms | <: 33.995518ms | <: 34.332841ms | <: 38.880819ms | bfses in 39.630675ms

averages: distance 0.000, diameter 14.000.
average of averages: distance 0.000084669 (norm 4.930), std 0.000003119 (norm 0.182), diameter 13.000 (std 0.756).

*** iteration 9, batch size 10, remaining 1.
>: 27.276738ms | >: 27.940154ms | >: 28.170226ms | >: 28.531367ms | >: 28.647707ms | >: 31.90257ms | >: 31.93427ms | >: 32.211156ms | >: 38.23263ms | >: 38.564556ms | sampled in 39.488914ms
<: 25.273841ms | <: 25.167446ms | <: 26.962325ms | <: 27.88213ms | <: 28.072194ms | <: 30.456295ms | <: 30.860498ms | <: 30.896241ms | <: 36.149039ms | <: 36.51982ms | bfses in 36.941483ms

averages: distance 0.000, diameter 13.000.
average of averages: distance 0.000084733 (norm 4.934), std 0.000002924 (norm 0.170), diameter 13.000 (std 0.707).

*** iteration 10, batch size 10, remaining 0.
>: 24.855539ms | >: 25.374881ms | >: 25.370352ms | >: 25.579501ms | >: 27.627767ms | >: 27.730335ms | >: 28.27936ms | >: 31.624032ms | >: 32.421473ms | >: 32.731823ms | sampled in 33.724829ms
<: 25.741081ms | <: 28.370759ms | <: 29.486083ms | <: 29.566871ms | <: 30.740348ms | <: 31.035132ms | <: 30.811262ms | <: 33.647358ms | <: 34.928927ms | <: 37.218978ms | bfses in 37.789179ms

averages: distance 0.000, diameter 14.000.
average of averages: distance 0.000084894 (norm 4.943), std 0.000002803 (norm 0.163), diameter 13.100 (std 0.738).

Total time: 747.506753ms
