|V| = 22687, |E| = 54705, |S| = 10, s = 1.

*** iteration 1, batch size 1, remaining 9.
>: 29.333µs | sampled in 262.087µs
<: 18.175µs | bfses in 196.499µs
average of averages: distance NaN (norm NaN), std 0.000000000 (norm 0.000), diameter NaN (std 0.000).

*** iteration 2, batch size 1, remaining 8.
>: 5.540485ms | sampled in 5.685505ms
<: 5.15203ms | bfses in 5.334384ms

averages: distance 0.000, diameter 16.000.
average of averages: distance 0.000341531 (norm 7.748), std NaN (norm NaN), diameter 16.000 (std NaN).

*** iteration 3, batch size 1, remaining 7.
>: 3.8883ms | sampled in 4.090015ms
<: 7.006381ms | bfses in 7.182513ms

averages: distance 0.000, diameter 16.000.
average of averages: distance 0.000325795 (norm 7.391), std 0.000022253 (norm 0.505), diameter 16.000 (std 0.000).

*** iteration 4, batch size 1, remaining 6.
>: 6.462035ms | sampled in 6.709585ms
<: 5.88448ms | bfses in 6.080145ms

averages: distance 0.000, diameter 17.000.
average of averages: distance 0.000329965 (norm 7.486), std 0.000017313 (norm 0.393), diameter 16.333 (std 0.577).

*** iteration 5, batch size 1, remaining 5.
>: 6.316019ms | sampled in 6.591818ms
<: 7.885537ms | bfses in 8.172832ms

averages: distance 0.000, diameter 17.000.
average of averages: distance 0.000333708 (norm 7.570), std 0.000015996 (norm 0.363), diameter 16.500 (std 0.577).

*** iteration 6, batch size 1, remaining 4.
>: 5.559753ms | sampled in 5.814678ms
<: 7.437291ms | bfses in 7.738796ms

averages: distance 0.000, diameter 17.000.
average of averages: distance 0.000336374 (norm 7.631), std 0.000015082 (norm 0.342), diameter 16.600 (std 0.548).

*** iteration 7, batch size 1, remaining 3.
>: 5.915908ms | sampled in 6.254101ms
<: 7.898374ms | bfses in 8.219999ms

averages: distance 0.000, diameter 17.000.
average of averages: distance 0.000338801 (norm 7.686), std 0.000014741 (norm 0.334), diameter 16.667 (std 0.516).

*** iteration 8, batch size 1, remaining 2.
>: 3.811625ms | sampled in 4.11999ms
<: 7.901934ms | bfses in 8.227583ms

averages: distance 0.000, diameter 15.000.
average of averages: distance 0.000333384 (norm 7.563), std 0.000019658 (norm 0.446), diameter 16.429 (std 0.787).

*** iteration 9, batch size 1, remaining 1.
>: 4.757676ms | sampled in 5.065768ms
<: 7.63312ms | bfses in 7.948965ms

averages: distance 0.000, diameter 17.000.
average of averages: distance 0.000336670 (norm 7.638), std 0.000020436 (norm 0.464), diameter 16.500 (std 0.756).

*** iteration 10, batch size 1, remaining 0.
>: 6.459579ms | sampled in 6.796785ms
<: 7.639281ms | bfses in 7.964838ms

averages: distance 0.000, diameter 16.000.
average of averages: distance 0.000335618 (norm 7.614), std 0.000019374 (norm 0.440), diameter 16.444 (std 0.726).

Total time: 118.899092ms
