|V| = 22687, |E| = 54705, |S| = 10, s = 10.

*** iteration 1, batch size 10, remaining 9.
>: 4.420721ms | >: 6.6573ms | >: 6.686805ms | >: 6.669454ms | >: 6.685693ms | >: 6.572512ms | >: 6.580245ms | >: 6.602188ms | >: 6.660703ms | >: 6.66647ms | sampled in 7.653215ms
<: 4.518836ms | <: 5.111163ms | <: 5.079399ms | <: 5.10807ms | <: 5.005146ms | <: 5.061342ms | <: 7.904159ms | <: 8.141982ms | <: 8.120481ms | <: 8.182454ms | bfses in 8.535706ms

averages: distance 0.000, diameter 18.000.
average of averages: distance 0.000347771 (norm 7.890), std NaN (norm NaN), diameter 18.000 (std NaN).

*** iteration 2, batch size 10, remaining 8.
>: 3.429834ms | >: 3.362639ms | >: 3.434762ms | >: 4.212613ms | >: 4.218639ms | >: 4.189837ms | >: 4.401701ms | >: 6.451676ms | >: 6.516395ms | >: 6.504112ms | sampled in 6.897348ms
<: 2.410176ms | <: 2.278471ms | <: 2.862714ms | <: 3.208498ms | <: 6.14128ms | <: 7.688293ms | <: 7.801118ms | <: 7.633109ms | <: 7.675615ms | <: 7.791216ms | bfses in 8.295573ms

averages: distance 0.000, diameter 17.000.
average of averages: distance 0.000341985 (norm 7.758), std 0.000008183 (norm 0.186), diameter 17.500 (std 0.707).

*** iteration 3, batch size 10, remaining 7.
>: 8.701µs | >: 2.598034ms | >: 2.497953ms | >: 4.325626ms | >: 4.619256ms | >: 4.678877ms | >: 6.431899ms | >: 6.493508ms | >: 6.46092ms | >: 6.491447ms | sampled in 7.080859ms
<: 3.492569ms | <: 3.77682ms | <: 4.682949ms | <: 4.717026ms | <: 5.182827ms | <: 7.854958ms | <: 7.914298ms | <: 7.875323ms | <: 7.946049ms | <: 7.933886ms | bfses in 8.497912ms

averages: distance 0.000, diameter 18.000.
average of averages: distance 0.000347086 (norm 7.874), std 0.000010561 (norm 0.240), diameter 17.667 (std 0.577).

*** iteration 4, batch size 10, remaining 6.
>: 2.182998ms | >: 2.887431ms | >: 3.29816ms | >: 4.093581ms | >: 3.638182ms | >: 6.025877ms | >: 6.488654ms | >: 6.482374ms | >: 6.453791ms | >: 6.520479ms | sampled in 7.054377ms
<: 3.353997ms | <: 4.432492ms | <: 4.373151ms | <: 4.665298ms | <: 4.959864ms | <: 6.474846ms | <: 7.013948ms | <: 6.972416ms | <: 7.449796ms | <: 7.478626ms | bfses in 8.135206ms

averages: distance 0.000, diameter 19.000.
average of averages: distance 0.000346143 (norm 7.853), std 0.000008827 (norm 0.200), diameter 18.000 (std 0.816).

*** iteration 5, batch size 10, remaining 5.
>: 2.218581ms | >: 2.515313ms | >: 2.879333ms | >: 2.822218ms | >: 3.588713ms | >: 5.917522ms | >: 6.456016ms | >: 6.443268ms | >: 6.478457ms | >: 6.457155ms | sampled in 7.025242ms
<: 2.928574ms | <: 2.987694ms | <: 3.308263ms | <: 4.014906ms | <: 4.46165ms | <: 4.83916ms | <: 7.635549ms | <: 7.654833ms | <: 7.866362ms | <: 7.885352ms | bfses in 8.557206ms

averages: distance 0.000, diameter 18.000.
average of averages: distance 0.000342648 (norm 7.773), std 0.000010933 (norm 0.248), diameter 18.000 (std 0.707).

*** iteration 6, batch size 10, remaining 4.
>: 2.328177ms | >: 3.027277ms | >: 2.962475ms | >: 3.104047ms | >: 4.152392ms | >: 4.307486ms | >: 4.293392ms | >: 4.739184ms | >: 4.826145ms | >: 6.455248ms | sampled in 7.237007ms
<: 2.34519ms | <: 2.701407ms | <: 2.941891ms | <: 3.535863ms | <: 4.664215ms | <: 6.460213ms | <: 6.805583ms | <: 7.481063ms | <: 7.543603ms | <: 7.593782ms | bfses in 8.294456ms

averages: distance 0.000, diameter 19.000.
average of averages: distance 0.000344898 (norm 7.824), std 0.000011226 (norm 0.255), diameter 18.167 (std 0.753).

*** iteration 7, batch size 10, remaining 3.
>: 3.077143ms | >: 4.998301ms | >: 6.470975ms | >: 6.502487ms | >: 6.453674ms | >: 6.493973ms | >: 6.51351ms | >: 6.463297ms | >: 6.504869ms | >: 6.480111ms | sampled in 7.211814ms
<: 4.045758ms | <: 5.051387ms | <: 4.985781ms | <: 4.805451ms | <: 4.974314ms | <: 7.706476ms | <: 7.875294ms | <: 7.861314ms | <: 7.892447ms | <: 7.82076ms | bfses in 8.549652ms

averages: distance 0.000, diameter 17.000.
average of averages: distance 0.000342064 (norm 7.760), std 0.000012698 (norm 0.288), diameter 18.000 (std 0.816).

*** iteration 8, batch size 10, remaining 2.
>: 7.375µs | >: 14.435µs | >: 3.417195ms | >: 4.950637ms | >: 4.958859ms | >: 4.996509ms | >: 5.105335ms | >: 6.459113ms | >: 6.498304ms | >: 6.386399ms | sampled in 7.158183ms
<: 3.800337ms | <: 3.54547ms | <: 3.694803ms | <: 4.458088ms | <: 6.319803ms | <: 6.302689ms | <: 6.385689ms | <: 6.361472ms | <: 7.603988ms | <: 7.643774ms | bfses in 8.364971ms

averages: distance 0.000, diameter 18.000.
average of averages: distance 0.000341373 (norm 7.744), std 0.000011918 (norm 0.270), diameter 18.000 (std 0.756).

*** iteration 9, batch size 10, remaining 1.
>: 3.252368ms | >: 3.079692ms | >: 3.1355ms | >: 3.090206ms | >: 3.294283ms | >: 5.393267ms | >: 5.883862ms | >: 6.477477ms | >: 6.44748ms | >: 6.272191ms | sampled in 7.029184ms
<: 3.50356ms | <: 7.673367ms | <: 7.897051ms | <: 7.87255ms | <: 7.889208ms | <: 7.936476ms | <: 7.937434ms | <: 7.938872ms | <: 7.976715ms | <: 7.903902ms | bfses in 8.68212ms

averages: distance 0.000, diameter 18.000.
average of averages: distance 0.000342294 (norm 7.765), std 0.000011486 (norm 0.261), diameter 18.000 (std 0.707).

*** iteration 10, batch size 10, remaining 0.
>: 2.739518ms | >: 2.361187ms | >: 3.780579ms | >: 3.726996ms | >: 3.666445ms | >: 4.011353ms | >: 5.142276ms | >: 6.479967ms | >: 6.442954ms | >: 6.441636ms | sampled in 7.177952ms
<: 3.351215ms | <: 3.780999ms | <: 4.136208ms | <: 4.430492ms | <: 4.269622ms | <: 4.196888ms | <: 4.173078ms | <: 4.387974ms | <: 7.142868ms | <: 7.877697ms | bfses in 8.628923ms

averages: distance 0.000, diameter 18.000.
average of averages: distance 0.000343022 (norm 7.782), std 0.000011071 (norm 0.251), diameter 18.000 (std 0.667).

Total time: 156.654447ms
