|V| = 9498, |E| = 153138, |S| = 10, s = 1.

*** iteration 1, batch size 1, remaining 9.
>: 1.571757ms | sampled in 1.758215ms
<: 11.028546ms | bfses in 11.257231ms

averages: distance 0.000, diameter 8.000.
average of averages: distance 0.000335898 (norm 3.190), std NaN (norm NaN), diameter 8.000 (std NaN).

*** iteration 2, batch size 1, remaining 8.
>: 1.569775ms | sampled in 1.736867ms
<: 12.704825ms | bfses in 12.96815ms

averages: distance 0.000, diameter 9.000.
average of averages: distance 0.000323089 (norm 3.068), std 0.000018114 (norm 0.172), diameter 8.500 (std 0.707).

*** iteration 3, batch size 1, remaining 7.
>: 4.382303ms | sampled in 4.63658ms
<: 5.444701ms | bfses in 5.587895ms

averages: distance 0.000, diameter 7.000.
average of averages: distance 0.000310827 (norm 2.952), std 0.000024802 (norm 0.236), diameter 8.000 (std 1.000).

*** iteration 4, batch size 1, remaining 6.
>: 8.480783ms | sampled in 8.73608ms
<: 1.000297ms | bfses in 1.107102ms

averages: distance 0.000, diameter 9.000.
average of averages: distance 0.000315792 (norm 2.999), std 0.000022554 (norm 0.214), diameter 8.250 (std 0.957).

*** iteration 5, batch size 1, remaining 5.
>: 4.451395ms | sampled in 4.711542ms
<: 11.836405ms | bfses in 12.166951ms

averages: distance 0.000, diameter 9.000.
average of averages: distance 0.000311847 (norm 2.962), std 0.000021432 (norm 0.204), diameter 8.400 (std 0.894).

*** iteration 6, batch size 1, remaining 4.
>: 2.52359ms | sampled in 2.739876ms
<: 12.22338ms | bfses in 12.533898ms

averages: distance 0.000, diameter 11.000.
average of averages: distance 0.000307920 (norm 2.924), std 0.000021448 (norm 0.204), diameter 8.833 (std 1.329).

*** iteration 7, batch size 1, remaining 3.
>: 5.172437ms | sampled in 5.454576ms
<: 3.185854ms | bfses in 3.381904ms

averages: distance 0.000, diameter 7.000.
average of averages: distance 0.000309481 (norm 2.939), std 0.000020010 (norm 0.190), diameter 8.571 (std 1.397).

*** iteration 8, batch size 1, remaining 2.
>: 1.439089ms | sampled in 1.750932ms
<: 10.904781ms | bfses in 11.203659ms

averages: distance 0.000, diameter 10.000.
average of averages: distance 0.000319968 (norm 3.039), std 0.000034971 (norm 0.332), diameter 8.750 (std 1.389).

*** iteration 9, batch size 1, remaining 1.
>: 11.694832ms | sampled in 12.009971ms
<: 1.148698ms | bfses in 1.467061ms

averages: distance 0.000, diameter 5.000.
average of averages: distance 0.000321677 (norm 3.055), std 0.000033112 (norm 0.314), diameter 8.333 (std 1.803).

*** iteration 10, batch size 1, remaining 0.
>: 8.101601ms | sampled in 8.418966ms
<: 6.173673ms | bfses in 6.473401ms

averages: distance 0.000, diameter 7.000.
average of averages: distance 0.000322176 (norm 3.060), std 0.000031258 (norm 0.297), diameter 8.200 (std 1.751).

Total time: 130.611953ms
