|V| = 9498, |E| = 153138, |S| = 10, s = 10.

*** iteration 1, batch size 10, remaining 9.
>: 13.411µs | >: 16.926µs | >: 419.444µs | >: 427.904µs | >: 2.208687ms | >: 2.643009ms | >: 3.635981ms | >: 6.481313ms | >: 11.80137ms | >: 13.435001ms | sampled in 14.206958ms
<: 72.532µs | <: 1.387744ms | <: 2.405265ms | <: 2.740936ms | <: 5.096395ms | <: 7.369513ms | <: 10.731192ms | <: 11.981621ms | <: 12.806835ms | <: 12.78638ms | bfses in 13.281392ms

averages: distance 0.000, diameter 9.000.
average of averages: distance 0.000323042 (norm 3.068), std NaN (norm NaN), diameter 9.000 (std NaN).

*** iteration 2, batch size 10, remaining 8.
>: 23.038µs | >: 1.651494ms | >: 2.014546ms | >: 2.115517ms | >: 3.125982ms | >: 3.89681ms | >: 6.74252ms | >: 6.737547ms | >: 12.133418ms | >: 13.577592ms | sampled in 14.139398ms
<: 1.463028ms | <: 2.200737ms | <: 3.308415ms | <: 2.962574ms | <: 4.125875ms | <: 4.512464ms | <: 8.413851ms | <: 11.044025ms | <: 11.339207ms | <: 11.2136ms | bfses in 11.842402ms

averages: distance 0.000, diameter 10.000.
average of averages: distance 0.000325095 (norm 3.087), std 0.000002904 (norm 0.028), diameter 9.500 (std 0.707).

*** iteration 3, batch size 10, remaining 7.
>: 6.729µs | >: 4.731µs | >: 23.976µs | >: 329.914µs | >: 10.296µs | >: 14.287µs | >: 472.768µs | >: 2.251743ms | >: 2.517082ms | >: 9.040716ms | sampled in 9.581745ms
<: 1.268124ms | <: 1.609702ms | <: 1.320212ms | <: 1.512627ms | <: 3.468842ms | <: 7.802493ms | <: 7.905549ms | <: 8.878311ms | <: 9.097011ms | <: 10.020521ms | bfses in 10.492387ms

averages: distance 0.000, diameter 10.000.
average of averages: distance 0.000321462 (norm 3.053), std 0.000006620 (norm 0.063), diameter 9.667 (std 0.577).

*** iteration 4, batch size 10, remaining 6.
>: 6.551µs | >: 6.53µs | >: 16.544µs | >: 1.415922ms | >: 3.137546ms | >: 3.199668ms | >: 3.629186ms | >: 6.870729ms | >: 8.57944ms | >: 13.607111ms | sampled in 14.400229ms
<: 289.258µs | <: 1.002594ms | <: 966.24µs | <: 1.552603ms | <: 1.723785ms | <: 3.7599ms | <: 4.280949ms | <: 4.454594ms | <: 11.680015ms | <: 13.917301ms | bfses in 14.462035ms

averages: distance 0.000, diameter 11.000.
average of averages: distance 0.000322455 (norm 3.062), std 0.000005759 (norm 0.055), diameter 10.000 (std 0.816).

*** iteration 5, batch size 10, remaining 5.
>: 163.644µs | >: 15.698µs | >: 11.006µs | >: 475.931µs | >: 2.154109ms | >: 3.095676ms | >: 5.219744ms | >: 5.288184ms | >: 5.484531ms | >: 11.964411ms | sampled in 12.350523ms
<: 1.244757ms | <: 2.416543ms | <: 3.554638ms | <: 3.906044ms | <: 4.618671ms | <: 5.519444ms | <: 6.986589ms | <: 8.073459ms | <: 9.306875ms | <: 10.958477ms | bfses in 11.612591ms

averages: distance 0.000, diameter 14.000.
average of averages: distance 0.000330566 (norm 3.139), std 0.000018811 (norm 0.179), diameter 10.800 (std 1.924).

*** iteration 6, batch size 10, remaining 4.
>: 5.898µs | >: 10.052µs | >: 352.487µs | >: 492.606µs | >: 1.453628ms | >: 3.380686ms | >: 6.269959ms | >: 8.624305ms | >: 9.351267ms | >: 14.135693ms | sampled in 14.850979ms
<: 158.894µs | <: 1.283044ms | <: 1.355517ms | <: 1.551949ms | <: 2.213574ms | <: 2.593305ms | <: 2.749526ms | <: 6.882217ms | <: 9.145733ms | <: 12.923413ms | bfses in 13.229555ms

averages: distance 0.000, diameter 11.000.
average of averages: distance 0.000326725 (norm 3.103), std 0.000019277 (norm 0.183), diameter 10.833 (std 1.722).

*** iteration 7, batch size 10, remaining 3.
>: 6.201µs | >: 12.966µs | >: 949.545µs | >: 1.035411ms | >: 2.127761ms | >: 3.391508ms | >: 3.489131ms | >: 8.35566ms | >: 11.312512ms | >: 13.769002ms | sampled in 14.580722ms
<: 754.162µs | <: 1.459904ms | <: 1.693533ms | <: 2.702454ms | <: 3.19713ms | <: 4.376533ms | <: 5.178477ms | <: 5.687751ms | <: 10.114268ms | <: 13.483647ms | bfses in 13.855065ms

averages: distance 0.000, diameter 10.000.
average of averages: distance 0.000324850 (norm 3.085), std 0.000018284 (norm 0.174), diameter 10.714 (std 1.604).

*** iteration 8, batch size 10, remaining 2.
>: 31.128µs | >: 832.17µs | >: 1.173645ms | >: 3.009465ms | >: 3.325978ms | >: 3.28312ms | >: 3.689388ms | >: 6.088234ms | >: 7.225807ms | >: 13.145849ms | sampled in 13.441156ms
<: 642.705µs | <: 1.302484ms | <: 2.182477ms | <: 2.695287ms | <: 2.733336ms | <: 3.084913ms | <: 8.343174ms | <: 10.654183ms | <: 10.435135ms | <: 13.338016ms | bfses in 14.0659ms

averages: distance 0.000, diameter 9.000.
average of averages: distance 0.000324019 (norm 3.077), std 0.000017090 (norm 0.162), diameter 10.500 (std 1.604).

*** iteration 9, batch size 10, remaining 1.
>: 214.311µs | >: 2.150702ms | >: 3.930197ms | >: 4.62615ms | >: 4.795719ms | >: 6.902589ms | >: 10.319717ms | >: 11.732629ms | >: 13.896308ms | >: 14.614406ms | sampled in 15.260234ms
<: 244.493µs | <: 516.059µs | <: 620.485µs | <: 806.961µs | <: 1.289206ms | <: 1.277077ms | <: 2.655745ms | <: 2.460047ms | <: 3.898469ms | <: 4.621341ms | bfses in 5.334078ms

averages: distance 0.000, diameter 11.000.
average of averages: distance 0.000324467 (norm 3.081), std 0.000016042 (norm 0.152), diameter 10.556 (std 1.509).

*** iteration 10, batch size 10, remaining 0.
>: 5.726µs | >: 14.662µs | >: 1.340263ms | >: 2.556954ms | >: 3.773571ms | >: 5.055657ms | >: 11.793074ms | >: 12.149086ms | >: 12.298469ms | >: 13.587919ms | sampled in 13.870957ms
<: 1.462247ms | <: 2.156936ms | <: 2.629944ms | <: 2.759372ms | <: 3.001213ms | <: 4.089307ms | <: 4.496492ms | <: 4.345259ms | <: 10.663986ms | <: 11.031813ms | bfses in 11.734299ms

averages: distance 0.000, diameter 11.000.
average of averages: distance 0.000323927 (norm 3.076), std 0.000015221 (norm 0.145), diameter 10.600 (std 1.430).

Total time: 257.205076ms
