|V| = 10000, |E| = 99900, |S| = 1329, s = 60.

*** iteration 1, batch size 60, remaining 1269.
sampled in 1.475µs
<: 16.825µs | <: 32.444µs | <: 13.416µs | <: 26.703µs | <: 35.918µs | <: 6.896µs | <: 446.3µs | <: 8.625µs | <: 23.67µs | <: 617.008µs | <: 25.099µs | <: 22.733µs | <: 6.184µs | <: 9.141µs | <: 11.462µs | <: 3.873µs | <: 3.645µs | <: 51.43µs | <: 14.41µs | <: 15.972µs | <: 181.973µs | <: 35.735µs | <: 181.088µs | <: 13.483µs | <: 21.46µs | <: 73.084µs | <: 3.142µs | <: 9.896µs | <: 42.296µs | <: 10.004µs | <: 2.023297ms | <: 4.891µs | <: 26.288µs | <: 63.122µs | <: 1.70763ms | <: 29.469µs | <: 2.67872ms | <: 13.482µs | <: 107.207µs | <: 3.332085ms | <: 8.483µs | <: 10.268µs | <: 6.67µs | <: 6.331µs | <: 6.706µs | <: 199.341µs | <: 4.925µs | <: 2.866µs | <: 282.678µs | <: 3.895454ms | <: 229.315µs | <: 3.263662ms | <: 747.227µs | <: 895.935µs | <: 2.542312ms | <: 4.140444ms | <: 5.544717ms | <: 4.584366ms | <: 5.106007ms | <: 5.043488ms | bfses in 8.585955ms

averages: distance 4.719, diameter 16.000.
average of averages: distance 4.719, diameter 16.000.

*** iteration 2, batch size 60, remaining 1209.
sampled in 1.544µs
<: 29.404µs | <: 3.18µs | <: 48.33µs | <: 6.409µs | <: 7.664µs | <: 11.818µs | <: 16.919µs | <: 5.597µs | <: 83.126µs | <: 209.414µs | <: 139.129µs | <: 7.092µs | <: 4.2µs | <: 3.602µs | <: 8.567µs | <: 819.225µs | <: 634.905µs | <: 4.344µs | <: 44.712µs | <: 1.158153ms | <: 8.348µs | <: 4.454µs | <: 3.171µs | <: 6.323µs | <: 10.277µs | <: 5.773µs | <: 349.08µs | <: 32.287µs | <: 952.063µs | <: 66.796µs | <: 5.678µs | <: 16.821µs | <: 8.767µs | <: 4.447µs | <: 586.506µs | <: 5.752µs | <: 11.927µs | <: 3.002µs | <: 7.147µs | <: 3.561µs | <: 4.546µs | <: 8.253µs | <: 3.519µs | <: 3.154µs | <: 9.969µs | <: 3.801µs | <: 9.011µs | <: 16.032µs | <: 4.226µs | <: 2.879712ms | <: 22.001µs | <: 601.935µs | <: 4.401µs | <: 19.675µs | <: 133.156µs | <: 2.674659ms | <: 1.51916ms | <: 3.764425ms | <: 4.839581ms | <: 5.880826ms | bfses in 7.160371ms

averages: distance 4.658, diameter 15.000.
average of averages: distance 4.688, diameter 15.500.

*** iteration 3, batch size 60, remaining 1149.
sampled in 2.411µs
<: 3.389µs | <: 13.544µs | <: 9.536µs | <: 3.752µs | <: 4.761µs | <: 5.728µs | <: 7.325µs | <: 3.568µs | <: 4.302µs | <: 7.518µs | <: 4.182µs | <: 15.479µs | <: 6.227µs | <: 80.598µs | <: 2.684µs | <: 22.056µs | <: 3.615µs | <: 5.493µs | <: 7.553µs | <: 14.815µs | <: 27.914µs | <: 4.038µs | <: 2.599µs | <: 23.695µs | <: 4.218µs | <: 5.291µs | <: 2.913µs | <: 15.727µs | <: 16.003µs | <: 8.297µs | <: 4.32µs | <: 12.696µs | <: 456.497µs | <: 6.862µs | <: 66.91µs | <: 14.124µs | <: 63.472µs | <: 6.537µs | <: 814.448µs | <: 15.958µs | <: 3.314µs | <: 6.275µs | <: 3.535µs | <: 271.482µs | <: 5.617µs | <: 36.926µs | <: 20.967µs | <: 14.718µs | <: 4.023µs | <: 121.399µs | <: 61.454µs | <: 2.868µs | <: 2.609µs | <: 3.453578ms | <: 55.173µs | <: 846.495µs | <: 4.89768ms | <: 5.295489ms | <: 2.030205ms | <: 3.153071ms | bfses in 7.521664ms

averages: distance 4.110, diameter 14.000.
average of averages: distance 4.496, diameter 15.000.

*** iteration 4, batch size 60, remaining 1089.
sampled in 4.756µs
<: 4.446µs | <: 3.695µs | <: 3.176µs | <: 22.026µs | <: 3.544µs | <: 201.039µs | <: 3.913µs | <: 42.415µs | <: 5.418µs | <: 5.008µs | <: 144.831µs | <: 64.807µs | <: 5.068µs | <: 12.149µs | <: 43.007µs | <: 4.152µs | <: 4.791µs | <: 5.256µs | <: 439.478µs | <: 3.401µs | <: 3.144µs | <: 16.358µs | <: 65.088µs | <: 82.352µs | <: 3.925µs | <: 7.702µs | <: 8.249µs | <: 40.658µs | <: 55.263µs | <: 18.288µs | <: 8.139µs | <: 1.722374ms | <: 40.63µs | <: 4.574µs | <: 2.637µs | <: 2.064005ms | <: 85.924µs | <: 1.814µs | <: 35.119µs | <: 6.665µs | <: 324.345µs | <: 8.064µs | <: 36.049µs | <: 2.29µs | <: 167.762µs | <: 8.51µs | <: 3.633µs | <: 504.085µs | <: 4.779µs | <: 1.306689ms | <: 4.886µs | <: 429.663µs | <: 3.544µs | <: 36.564µs | <: 3.92µs | <: 3.984µs | <: 3.046678ms | <: 1.815594ms | <: 4.69372ms | <: 5.069903ms | bfses in 9.24429ms

averages: distance 5.046, diameter 16.000.
average of averages: distance 4.633, diameter 15.250.

*** iteration 5, batch size 60, remaining 1029.
sampled in 2.786µs
<: 6.509µs | <: 2.571µs | <: 17.654µs | <: 7.243µs | <: 76.62µs | <: 119.213µs | <: 13.955µs | <: 3.472µs | <: 6.79µs | <: 5.241µs | <: 410.455µs | <: 110.401µs | <: 8.153µs | <: 122.089µs | <: 182.726µs | <: 3.471µs | <: 23.764µs | <: 27.956µs | <: 100.461µs | <: 86.19µs | <: 5.844µs | <: 2.429µs | <: 13.401µs | <: 12.777µs | <: 566.33µs | <: 15.246µs | <: 1.548µs | <: 6.407µs | <: 26.719µs | <: 3.538µs | <: 239.657µs | <: 164.034µs | <: 2.84µs | <: 875.337µs | <: 7.289µs | <: 120.277µs | <: 13.052µs | <: 6.44µs | <: 496.493µs | <: 214.93µs | <: 2.047µs | <: 9.721µs | <: 11.176µs | <: 2.628508ms | <: 21.5µs | <: 2.285206ms | <: 2.713675ms | <: 55.936µs | <: 3.408µs | <: 129.554µs | <: 2.902402ms | <: 55.742µs | <: 7.374µs | <: 261.774µs | <: 283.035µs | <: 1.556047ms | <: 3.999491ms | <: 3.558ms | <: 1.817396ms | <: 5.735341ms | bfses in 9.025338ms

averages: distance 4.897, diameter 15.000.
average of averages: distance 4.686, diameter 15.200.

*** iteration 6, batch size 60, remaining 969.
sampled in 2.919µs
<: 37.143µs | <: 86.859µs | <: 131.667µs | <: 5.894µs | <: 12.575µs | <: 237.234µs | <: 21.069µs | <: 8.654µs | <: 25.185µs | <: 23.705µs | <: 6.572µs | <: 6.71µs | <: 13.231µs | <: 811.58µs | <: 70.523µs | <: 6.271µs | <: 7.931µs | <: 6.778µs | <: 34.888µs | <: 4.264µs | <: 1.853806ms | <: 6.832µs | <: 9.207µs | <: 13.56µs | <: 174.423µs | <: 19.359µs | <: 2.261439ms | <: 4.394µs | <: 42.192µs | <: 4.131µs | <: 32.266µs | <: 6.73µs | <: 89.577µs | <: 174.372µs | <: 1.156809ms | <: 5.3µs | <: 5.338µs | <: 3.579238ms | <: 1.28833ms | <: 93.579µs | <: 6.465µs | <: 478.548µs | <: 230.853µs | <: 10.434µs | <: 3.00688ms | <: 4.821µs | <: 220.96µs | <: 3.706336ms | <: 4.908µs | <: 4.564µs | <: 204.509µs | <: 3.950738ms | <: 53.991µs | <: 765.833µs | <: 4.152831ms | <: 3.110702ms | <: 4.726468ms | <: 6.595515ms | <: 5.614039ms | <: 6.014697ms | bfses in 9.14774ms

averages: distance 4.541, diameter 16.000.
average of averages: distance 4.662, diameter 15.333.

*** iteration 7, batch size 60, remaining 909.
sampled in 2.308µs
<: 4.584µs | <: 3.327µs | <: 14.794µs | <: 273.317µs | <: 2.451µs | <: 9.606µs | <: 2.133µs | <: 6.912µs | <: 5.913µs | <: 174.89µs | <: 271.676µs | <: 8.871µs | <: 354.03µs | <: 4.164µs | <: 7.063µs | <: 34.338µs | <: 366.816µs | <: 7.994µs | <: 4.053µs | <: 3.618µs | <: 2.639µs | <: 7.104µs | <: 3.906µs | <: 3.065µs | <: 96.806µs | <: 110.729µs | <: 3.422µs | <: 26.244µs | <: 4.571µs | <: 938.403µs | <: 4.821µs | <: 1.838017ms | <: 31.487µs | <: 6.278µs | <: 7.831µs | <: 5.853µs | <: 731.04µs | <: 4.279µs | <: 7.268µs | <: 39.52µs | <: 5.893µs | <: 11.367µs | <: 5.916µs | <: 284.415µs | <: 35.663µs | <: 23.319µs | <: 82.802µs | <: 34.669µs | <: 4.442µs | <: 1.16691ms | <: 981.866µs | <: 6.499µs | <: 2.667074ms | <: 2.865137ms | <: 1.24912ms | <: 3.074614ms | <: 4.434547ms | <: 3.330641ms | <: 6.283511ms | <: 6.842301ms | bfses in 10.511916ms

averages: distance 4.416, diameter 14.000.
average of averages: distance 4.627, diameter 15.143.

*** iteration 8, batch size 60, remaining 849.
sampled in 3.662µs
<: 5.767µs | <: 6.09µs | <: 6.146µs | <: 21.241µs | <: 148.66µs | <: 67.846µs | <: 11.613µs | <: 25.511µs | <: 5.592µs | <: 156.822µs | <: 10.603µs | <: 9.736µs | <: 633.941µs | <: 8.816µs | <: 127.875µs | <: 38.979µs | <: 80.213µs | <: 5.569µs | <: 67.969µs | <: 332.338µs | <: 1.232771ms | <: 29.566µs | <: 4.198µs | <: 4.85µs | <: 8.67µs | <: 10.46µs | <: 19.531µs | <: 7.117µs | <: 5.75µs | <: 168.122µs | <: 7.941µs | <: 6.579µs | <: 5.989µs | <: 756.965µs | <: 7.408µs | <: 19.566µs | <: 4.212µs | <: 2.318µs | <: 12.164µs | <: 43.123µs | <: 2.754µs | <: 126.674µs | <: 55.789µs | <: 7.944µs | <: 3.052µs | <: 7.001µs | <: 6.706µs | <: 2.413µs | <: 1.670215ms | <: 15.185µs | <: 12.963µs | <: 137.796µs | <: 4.255µs | <: 10.44µs | <: 46.767µs | <: 826.003µs | <: 440.985µs | <: 26.394µs | <: 2.589997ms | <: 2.117738ms | bfses in 6.562265ms

averages: distance 5.315, diameter 16.000.
average of averages: distance 4.713, diameter 15.250.

*** iteration 9, batch size 60, remaining 789.
sampled in 3.475µs
<: 25.372µs | <: 152.213µs | <: 86.249µs | <: 4.5µs | <: 6.098µs | <: 116.948µs | <: 174.662µs | <: 152.987µs | <: 96.525µs | <: 5.752µs | <: 87.359µs | <: 10.066µs | <: 6.153µs | <: 6.479µs | <: 11.753µs | <: 685.867µs | <: 95.82µs | <: 7.592µs | <: 13.862µs | <: 321.306µs | <: 29.57µs | <: 8.417µs | <: 8.091µs | <: 8.513µs | <: 78.549µs | <: 3.996µs | <: 8.876µs | <: 4.009µs | <: 153.971µs | <: 4.196µs | <: 8.656µs | <: 6.041µs | <: 6.479µs | <: 3.366µs | <: 9.637µs | <: 2.52506ms | <: 50.688µs | <: 3.266µs | <: 67.942µs | <: 12.613µs | <: 8.27µs | <: 2.323µs | <: 138.15µs | <: 5.596µs | <: 20.958µs | <: 6.83µs | <: 3.666527ms | <: 8.022µs | <: 2.52µs | <: 186.685µs | <: 48.248µs | <: 823.808µs | <: 584.089µs | <: 1.458924ms | <: 2.170379ms | <: 2.718038ms | <: 1.623779ms | <: 3.046619ms | <: 4.516894ms | <: 6.990411ms | bfses in 8.638462ms

averages: distance 4.502, diameter 16.000.
average of averages: distance 4.689, diameter 15.333.

*** iteration 10, batch size 60, remaining 729.
sampled in 2.243µs
<: 22.707µs | <: 3.277µs | <: 8.485µs | <: 4.677µs | <: 16.754µs | <: 3.127µs | <: 8.465µs | <: 3.889µs | <: 152.973µs | <: 2.775µs | <: 52.157µs | <: 5.729µs | <: 3.056µs | <: 514.268µs | <: 6.928µs | <: 7.539µs | <: 8.064µs | <: 7.067µs | <: 1.057548ms | <: 134.003µs | <: 7.165µs | <: 7.67µs | <: 26.133µs | <: 733.382µs | <: 5.889µs | <: 17.618µs | <: 2.37µs | <: 2.766µs | <: 4.016µs | <: 4.469µs | <: 28.371µs | <: 2.333878ms | <: 7.206µs | <: 11.113µs | <: 12.699µs | <: 1.835µs | <: 18.92µs | <: 5.17µs | <: 2.643079ms | <: 8.149µs | <: 15.633µs | <: 260.999µs | <: 160.834µs | <: 1.105763ms | <: 10.805µs | <: 1.540514ms | <: 30.138µs | <: 72.399µs | <: 29.686µs | <: 2.377µs | <: 9.388µs | <: 4.909µs | <: 2.755109ms | <: 3.435µs | <: 38.172µs | <: 44.724µs | <: 468.825µs | <: 705.334µs | <: 1.087132ms | <: 6.543515ms | bfses in 9.205553ms

averages: distance 4.904, diameter 16.000.
average of averages: distance 4.711, diameter 15.400.

*** iteration 11, batch size 60, remaining 669.
sampled in 7.527µs
<: 5.723µs | <: 6.969µs | <: 8.56µs | <: 26.265µs | <: 7.618µs | <: 15.676µs | <: 3.6µs | <: 98.57µs | <: 7.016µs | <: 23.234µs | <: 7.191µs | <: 95.19µs | <: 9.542µs | <: 9.596µs | <: 95.725µs | <: 1.398093ms | <: 4.36µs | <: 98.065µs | <: 3.139µs | <: 385.147µs | <: 6.798µs | <: 138.092µs | <: 1.935757ms | <: 3.211µs | <: 19.906µs | <: 1.671293ms | <: 3.099µs | <: 2.253µs | <: 4.544µs | <: 241.235µs | <: 20.31µs | <: 298.778µs | <: 3.744µs | <: 4.819µs | <: 15.5µs | <: 3.9µs | <: 11.453µs | <: 196.633µs | <: 185.486µs | <: 44.993µs | <: 6.695µs | <: 8.726µs | <: 21.495µs | <: 2.404121ms | <: 24.043µs | <: 3.494285ms | <: 14.921µs | <: 86.88µs | <: 45.716µs | <: 2.23µs | <: 4.644µs | <: 19.283µs | <: 161.44µs | <: 4.768572ms | <: 5.031064ms | <: 2.868194ms | <: 2.738149ms | <: 3.566339ms | <: 4.157435ms | <: 5.281323ms | bfses in 9.009875ms

averages: distance 4.330, diameter 15.000.
average of averages: distance 4.676, diameter 15.364.

*** iteration 12, batch size 60, remaining 609.
sampled in 2.976µs
<: 7.684µs | <: 8.058µs | <: 50.162µs | <: 3.342µs | <: 27.264µs | <: 5.032µs | <: 154.763µs | <: 26.683µs | <: 74.857µs | <: 6.918µs | <: 91.237µs | <: 7.592µs | <: 26.703µs | <: 665.785µs | <: 490.306µs | <: 8.681µs | <: 5.298µs | <: 824.885µs | <: 3.335µs | <: 1.167464ms | <: 611.632µs | <: 213.256µs | <: 14.21µs | <: 2.791µs | <: 296.196µs | <: 4.944µs | <: 2.603µs | <: 938.149µs | <: 8.177µs | <: 473.966µs | <: 6.078µs | <: 2.788µs | <: 1.723µs | <: 143.969µs | <: 2.278µs | <: 743.014µs | <: 11.461µs | <: 7.524µs | <: 2.152µs | <: 59.044µs | <: 2.01617ms | <: 4.017µs | <: 8.519µs | <: 2.433µs | <: 6.609µs | <: 1.355197ms | <: 39.629µs | <: 8.985µs | <: 3.494µs | <: 6.871µs | <: 3.928µs | <: 165.463µs | <: 20.21µs | <: 6.113µs | <: 2.542µs | <: 3.76079ms | <: 5.703175ms | <: 3.202836ms | <: 3.237247ms | <: 4.721207ms | bfses in 7.605663ms

averages: distance 4.641, diameter 17.000.
average of averages: distance 4.673, diameter 15.500.

*** iteration 13, batch size 60, remaining 549.
sampled in 5.055µs
<: 6.181µs | <: 8.169µs | <: 7.758µs | <: 5.497µs | <: 7.113µs | <: 211.461µs | <: 6.82µs | <: 65.08µs | <: 6.59µs | <: 6.093µs | <: 2.702µs | <: 6.492µs | <: 10.501µs | <: 7.918µs | <: 63.752µs | <: 932.969µs | <: 6.544µs | <: 10.324µs | <: 4.585µs | <: 7.358µs | <: 1.091647ms | <: 19.222µs | <: 1.742947ms | <: 23.099µs | <: 223.946µs | <: 9.61µs | <: 2.753µs | <: 2.405µs | <: 1.140779ms | <: 2.092994ms | <: 1.877275ms | <: 146.096µs | <: 3.898µs | <: 1.988485ms | <: 4.212µs | <: 63.365µs | <: 16.346µs | <: 10.966µs | <: 6.077µs | <: 1.796µs | <: 3.02µs | <: 1.887µs | <: 2.91µs | <: 2.308µs | <: 3.021µs | <: 27.604µs | <: 5.996µs | <: 5.664µs | <: 20.353µs | <: 499.179µs | <: 1.596077ms | <: 1.431µs | <: 231.991µs | <: 4.463µs | <: 188.595µs | <: 3.918µs | <: 3.057634ms | <: 2.69137ms | <: 1.996976ms | <: 4.582668ms | bfses in 7.837317ms

averages: distance 5.070, diameter 16.000.
average of averages: distance 4.704, diameter 15.538.

*** iteration 14, batch size 60, remaining 489.
sampled in 3.899µs
<: 6.024µs | <: 10.464µs | <: 4.821µs | <: 71.701µs | <: 4.895µs | <: 16.553µs | <: 30.283µs | <: 4.064µs | <: 9.313µs | <: 7.233µs | <: 6.672µs | <: 6.16µs | <: 43.763µs | <: 49.15µs | <: 17.775µs | <: 6.686µs | <: 8.486µs | <: 494.646µs | <: 5.091µs | <: 10.177µs | <: 212.951µs | <: 4.281µs | <: 8.879µs | <: 537.372µs | <: 66.737µs | <: 5.794µs | <: 7.993µs | <: 8.858µs | <: 567.249µs | <: 1.346976ms | <: 6.844µs | <: 60.22µs | <: 8.677µs | <: 33.471µs | <: 29.995µs | <: 3.564µs | <: 4.582µs | <: 3.958µs | <: 7.256µs | <: 13.607µs | <: 102.079µs | <: 530.832µs | <: 35.275µs | <: 6.468µs | <: 3.787µs | <: 25.488µs | <: 7.889µs | <: 4.136µs | <: 1.113879ms | <: 6.77µs | <: 165.6µs | <: 35.084µs | <: 29.816µs | <: 29.058µs | <: 3.104691ms | <: 1.993862ms | <: 992.595µs | <: 1.949173ms | <: 2.177747ms | <: 6.386746ms | bfses in 8.909959ms

averages: distance 4.955, diameter 15.000.
average of averages: distance 4.722, diameter 15.500.

*** iteration 15, batch size 60, remaining 429.
sampled in 2.639µs
<: 10.187µs | <: 4.203µs | <: 7.288µs | <: 10.154µs | <: 7.386µs | <: 10.11µs | <: 4.617µs | <: 418.576µs | <: 9.081µs | <: 12.394µs | <: 8.169µs | <: 7.806µs | <: 21.43µs | <: 16.027µs | <: 19.101µs | <: 4.661µs | <: 8.66µs | <: 13.106µs | <: 807.372µs | <: 876.414µs | <: 25.995µs | <: 35.362µs | <: 3.929µs | <: 15.471µs | <: 54.87µs | <: 4.607µs | <: 5.142µs | <: 131.432µs | <: 5.41µs | <: 3.212µs | <: 7.34µs | <: 7.377µs | <: 134.401µs | <: 148.646µs | <: 1.351851ms | <: 40.18µs | <: 4.706µs | <: 150.361µs | <: 24.992µs | <: 3.773µs | <: 6.996µs | <: 7.592µs | <: 3.6477ms | <: 17.696µs | <: 121.868µs | <: 12.804µs | <: 4.051µs | <: 4.541µs | <: 29.414µs | <: 8.363µs | <: 992.248µs | <: 5.548872ms | <: 2.259115ms | <: 3.753207ms | <: 3.553223ms | <: 2.538718ms | <: 3.500628ms | <: 5.185306ms | <: 6.455603ms | <: 6.431498ms | bfses in 9.191843ms

averages: distance 4.386, diameter 14.000.
average of averages: distance 4.699, diameter 15.400.

*** iteration 16, batch size 60, remaining 369.
sampled in 1.998µs
<: 31.119µs | <: 3.681µs | <: 40.941µs | <: 11.341µs | <: 11.477µs | <: 4.103µs | <: 5.866µs | <: 4.203µs | <: 9.477µs | <: 8.071µs | <: 5.967µs | <: 10.144µs | <: 8.596µs | <: 3.561µs | <: 201.677µs | <: 32.417µs | <: 346.929µs | <: 5.932µs | <: 5.673µs | <: 8.402µs | <: 5.465µs | <: 7.087µs | <: 27.534µs | <: 11.668µs | <: 488.844µs | <: 8.049µs | <: 87.098µs | <: 5.092µs | <: 1.780871ms | <: 6.141µs | <: 30.766µs | <: 24.316µs | <: 20.544µs | <: 4.457µs | <: 468.391µs | <: 4.789µs | <: 1.159305ms | <: 186.175µs | <: 2.633µs | <: 7.956µs | <: 6.074µs | <: 15.586µs | <: 11.522µs | <: 40.936µs | <: 21.07µs | <: 6.118µs | <: 2.986µs | <: 4.051µs | <: 3.258µs | <: 3.19721ms | <: 45.492µs | <: 1.135717ms | <: 2.712096ms | <: 989.565µs | <: 959.807µs | <: 2.260271ms | <: 2.319952ms | <: 4.872219ms | <: 2.993789ms | <: 6.975343ms | bfses in 8.948657ms

averages: distance 4.816, diameter 15.000.
average of averages: distance 4.707, diameter 15.375.

*** iteration 17, batch size 60, remaining 309.
sampled in 2.461µs
<: 5.233µs | <: 3.685µs | <: 13.6µs | <: 9.683µs | <: 18.294µs | <: 2.832µs | <: 12.539µs | <: 93.698µs | <: 99.183µs | <: 18.236µs | <: 8.644µs | <: 5.624µs | <: 3.052µs | <: 12.207µs | <: 220.299µs | <: 7.632µs | <: 5.875µs | <: 34.524µs | <: 4.83µs | <: 6.154µs | <: 5.923µs | <: 4.188µs | <: 12.385µs | <: 275.632µs | <: 5.824µs | <: 1.568957ms | <: 18.48µs | <: 4.512µs | <: 8.6µs | <: 30.524µs | <: 27.325µs | <: 19.182µs | <: 18.097µs | <: 740.955µs | <: 1.760657ms | <: 3.148µs | <: 7.262µs | <: 8.194µs | <: 3.024µs | <: 10.831µs | <: 7.353µs | <: 82.449µs | <: 8.934µs | <: 386.906µs | <: 10.178µs | <: 8.828µs | <: 6.39µs | <: 4.859µs | <: 4.14µs | <: 5.993µs | <: 1.201109ms | <: 4.241258ms | <: 3.449248ms | <: 5.30211ms | <: 2.690214ms | <: 3.167513ms | <: 3.161873ms | <: 4.494353ms | <: 5.407481ms | <: 4.597638ms | bfses in 8.158357ms

averages: distance 4.444, diameter 16.000.
average of averages: distance 4.691, diameter 15.412.

*** iteration 18, batch size 60, remaining 249.
sampled in 4.619µs
<: 8.475µs | <: 4.51µs | <: 164.789µs | <: 240.786µs | <: 4.13µs | <: 92.391µs | <: 4.156µs | <: 5.884µs | <: 17.617µs | <: 17.292µs | <: 9.795µs | <: 5.542µs | <: 5.595µs | <: 2.263µs | <: 3.675µs | <: 6.977µs | <: 628.456µs | <: 731.755µs | <: 4.173µs | <: 105.402µs | <: 3.722µs | <: 18.313µs | <: 4.611µs | <: 22.646µs | <: 11.135µs | <: 6.738µs | <: 4.705µs | <: 241.634µs | <: 14.159µs | <: 4.474µs | <: 1.011085ms | <: 4.47µs | <: 3.478µs | <: 1.965µs | <: 488.963µs | <: 9.145µs | <: 20.217µs | <: 16.899µs | <: 5.142µs | <: 55.184µs | <: 3.941µs | <: 206.264µs | <: 9.628µs | <: 6.319µs | <: 2.905µs | <: 2.507615ms | <: 26.371µs | <: 522.709µs | <: 2.942µs | <: 3.79µs | <: 3.903µs | <: 3.956µs | <: 44.303µs | <: 4.148µs | <: 3.715µs | <: 1.985353ms | <: 4.003475ms | <: 3.354653ms | <: 5.290799ms | <: 4.133171ms | bfses in 7.618074ms

averages: distance 4.255, diameter 15.000.
average of averages: distance 4.667, diameter 15.389.

*** iteration 19, batch size 60, remaining 189.
sampled in 5.048µs
<: 49.215µs | <: 14.941µs | <: 15.559µs | <: 257.063µs | <: 14.614µs | <: 97.9µs | <: 3.372µs | <: 15.513µs | <: 4.464µs | <: 4.07µs | <: 2.459µs | <: 7.923µs | <: 227.806µs | <: 8.454µs | <: 1.952µs | <: 2.092µs | <: 546.963µs | <: 5.305µs | <: 4.732µs | <: 38.807µs | <: 233.82µs | <: 64.354µs | <: 2.183µs | <: 1.570738ms | <: 3.877µs | <: 3.187µs | <: 1.091624ms | <: 1.953µs | <: 1.406726ms | <: 19.212µs | <: 18.586µs | <: 1.73µs | <: 1.281µs | <: 4.141µs | <: 90.677µs | <: 9.709µs | <: 2.319109ms | <: 1.825µs | <: 3.825µs | <: 18.788µs | <: 5.055µs | <: 21.189µs | <: 550.724µs | <: 5.443µs | <: 3.71µs | <: 2.457µs | <: 2.158µs | <: 3.74483ms | <: 25.104µs | <: 19.703µs | <: 746.176µs | <: 3.739µs | <: 4.642µs | <: 1.844888ms | <: 788.317µs | <: 4.46371ms | <: 2.249763ms | <: 2.043801ms | <: 2.502892ms | <: 5.744077ms | bfses in 9.452154ms

averages: distance 4.922, diameter 15.000.
average of averages: distance 4.680, diameter 15.368.

*** iteration 20, batch size 60, remaining 129.
sampled in 2.863µs
<: 19µs | <: 133.495µs | <: 7.724µs | <: 15.758µs | <: 6.528µs | <: 4.06µs | <: 9.525µs | <: 5.667µs | <: 77.581µs | <: 8.054µs | <: 10.338µs | <: 453.643µs | <: 744.175µs | <: 5.709µs | <: 30.72µs | <: 6.016µs | <: 29.233µs | <: 6.039µs | <: 10.618µs | <: 8.172µs | <: 19.101µs | <: 13.51µs | <: 1.720097ms | <: 10.72µs | <: 145.8µs | <: 31.313µs | <: 6.674µs | <: 872.95µs | <: 13.509µs | <: 1.047306ms | <: 8.895µs | <: 23.019µs | <: 117.748µs | <: 3.794µs | <: 623.704µs | <: 11.151µs | <: 47.663µs | <: 70.091µs | <: 27.008µs | <: 442.71µs | <: 1.870574ms | <: 6.491µs | <: 4.53µs | <: 35.39µs | <: 3.087122ms | <: 8.861µs | <: 3.119µs | <: 16.675µs | <: 670.961µs | <: 9.218µs | <: 22.806µs | <: 28.699µs | <: 8.429µs | <: 157.875µs | <: 5.245µs | <: 3.812817ms | <: 5.806037ms | <: 2.642442ms | <: 6.275188ms | <: 5.441045ms | bfses in 8.413761ms

averages: distance 4.495, diameter 14.000.
average of averages: distance 4.671, diameter 15.300.

*** iteration 21, batch size 60, remaining 69.
sampled in 4.333µs
<: 14.744µs | <: 3.865µs | <: 3.253µs | <: 31.393µs | <: 8.529µs | <: 48.136µs | <: 42.419µs | <: 9.382µs | <: 11.912µs | <: 4.627µs | <: 121.343µs | <: 7.323µs | <: 332.762µs | <: 10.326µs | <: 125.192µs | <: 974.676µs | <: 9.803µs | <: 6.641µs | <: 557.735µs | <: 7.734µs | <: 502.83µs | <: 17.286µs | <: 266.885µs | <: 13.318µs | <: 6.911µs | <: 2.585µs | <: 2.568µs | <: 3.93µs | <: 129.657µs | <: 245.063µs | <: 359.419µs | <: 37.803µs | <: 4.86µs | <: 4.891µs | <: 3.081µs | <: 62.108µs | <: 17.701µs | <: 2.709304ms | <: 11.62µs | <: 49.556µs | <: 13.376µs | <: 10.498µs | <: 3.05597ms | <: 2.013057ms | <: 2.220816ms | <: 6.234µs | <: 7.614µs | <: 17.321µs | <: 3.608µs | <: 628.685µs | <: 2.83803ms | <: 7.314µs | <: 9.135µs | <: 2.407475ms | <: 68.983µs | <: 2.062392ms | <: 3.607261ms | <: 3.118505ms | <: 6.024638ms | <: 4.838885ms | bfses in 9.461652ms

averages: distance 4.698, diameter 15.000.
average of averages: distance 4.672, diameter 15.286.

*** iteration 22, batch size 60, remaining 9.
sampled in 4.461µs
<: 7.653µs | <: 3.039µs | <: 262.432µs | <: 7.234µs | <: 66.581µs | <: 139.661µs | <: 20.107µs | <: 13.376µs | <: 476.494µs | <: 16.788µs | <: 123.819µs | <: 3.936µs | <: 4.681µs | <: 239.094µs | <: 7.269µs | <: 7.704µs | <: 6.255µs | <: 6.589µs | <: 7.431µs | <: 7.561µs | <: 2.591µs | <: 14.017µs | <: 10.712µs | <: 3.014µs | <: 74.314µs | <: 2.438242ms | <: 3.814µs | <: 12.24µs | <: 5.924µs | <: 5.012µs | <: 15.857µs | <: 30.486µs | <: 11.567µs | <: 4.273µs | <: 4.612µs | <: 6.185µs | <: 2.849574ms | <: 10.279µs | <: 2.694µs | <: 3.419µs | <: 385.537µs | <: 24.383µs | <: 13.827µs | <: 4.859µs | <: 4.219µs | <: 4.979µs | <: 3.677203ms | <: 6.708µs | <: 375.584µs | <: 453.341µs | <: 7.934µs | <: 726.111µs | <: 1.687µs | <: 3.410982ms | <: 4.490196ms | <: 3.832647ms | <: 2.100453ms | <: 5.597023ms | <: 5.235359ms | <: 6.383804ms | bfses in 9.992328ms

averages: distance 4.566, diameter 17.000.
average of averages: distance 4.668, diameter 15.364.

*** iteration 23, batch size 9, remaining 0.
sampled in 594ns
<: 7.902µs | <: 7.103µs | <: 7.032µs | <: 7.043µs | <: 6.562µs | <: 107.712µs | <: 7.32µs | <: 1.866159ms | <: 5.0729ms | bfses in 5.279481ms

averages: distance 4.643, diameter 13.000.
average of averages: distance 4.667, diameter 15.261.

Total time: 196.7778ms
