|V| = 1000, |E| = 9900, |S| = 997, s = 60.

*** iteration 1, batch size 60, remaining 937.
sampled in 1.873µs
<: 25.433µs | <: 13.475µs | <: 165.23µs | <: 18.914µs | <: 10.244µs | <: 36.543µs | <: 20.764µs | <: 7.156µs | <: 176.839µs | <: 8.586µs | <: 16.816µs | <: 51.684µs | <: 7.907µs | <: 12.669µs | <: 4.662µs | <: 16.428µs | <: 4.307µs | <: 32.734µs | <: 38.215µs | <: 50.326µs | <: 23.241µs | <: 7.451µs | <: 209.366µs | <: 12.328µs | <: 41.672µs | <: 5.319µs | <: 47.537µs | <: 14.942µs | <: 12.623µs | <: 3.359µs | <: 44.661µs | <: 364.611µs | <: 4.936µs | <: 4.61µs | <: 12.418µs | <: 7.087µs | <: 355.564µs | <: 8.957µs | <: 5.609µs | <: 27.898µs | <: 5.894µs | <: 131.004µs | <: 5.567µs | <: 3.923µs | <: 295.859µs | <: 16.474µs | <: 7.152µs | <: 3.494µs | <: 208.051µs | <: 104.835µs | <: 39.567µs | <: 41.038µs | <: 6.972µs | <: 510.572µs | <: 28.149µs | <: 26.704µs | <: 14.768µs | <: 3.418µs | <: 195.222µs | <: 113.575µs | bfses in 5.214948ms

averages: distance 3.378, diameter 10.000.
average of averages: distance 3.378, diameter 10.000.

*** iteration 2, batch size 60, remaining 877.
sampled in 1.023µs
<: 10.068µs | <: 6.939µs | <: 3.475µs | <: 39.879µs | <: 6.166µs | <: 2.65µs | <: 140.07µs | <: 4.494µs | <: 9.33µs | <: 7.586µs | <: 385.082µs | <: 530.23µs | <: 164.731µs | <: 6.809µs | <: 408.999µs | <: 5.297µs | <: 554.829µs | <: 3.177µs | <: 5.539µs | <: 4.767µs | <: 3.353µs | <: 4.674µs | <: 68.655µs | <: 4.643µs | <: 471.597µs | <: 187.091µs | <: 5.362µs | <: 10.259µs | <: 38.195µs | <: 169.417µs | <: 237.069µs | <: 4.611µs | <: 3.652µs | <: 228.988µs | <: 7.427µs | <: 175.687µs | <: 6.899µs | <: 64.36µs | <: 17.064µs | <: 5.793µs | <: 3.074µs | <: 8.571µs | <: 308.145µs | <: 9.302µs | <: 4.179µs | <: 8.28µs | <: 335.517µs | <: 6.539µs | <: 310.328µs | <: 4.668µs | <: 276.852µs | <: 266.733µs | <: 3.995µs | <: 230.048µs | <: 496.725µs | <: 8.305µs | <: 4.561µs | <: 3.894µs | <: 4.715µs | <: 238.773µs | bfses in 5.081343ms

averages: distance 3.066, diameter 11.000.
average of averages: distance 3.222, diameter 10.500.

*** iteration 3, batch size 60, remaining 817.
sampled in 1.343µs
<: 4.266µs | <: 5.607µs | <: 3.367µs | <: 26.134µs | <: 4.364µs | <: 79.621µs | <: 4.589µs | <: 33.924µs | <: 121.825µs | <: 5.273µs | <: 351.064µs | <: 3.422µs | <: 2.781µs | <: 113.495µs | <: 5.769µs | <: 420.835µs | <: 3.171µs | <: 340.547µs | <: 7.195µs | <: 64.424µs | <: 385.958µs | <: 4.664µs | <: 5.287µs | <: 15.073µs | <: 2.756µs | <: 226.101µs | <: 37.732µs | <: 103.527µs | <: 4.442µs | <: 254.971µs | <: 15.813µs | <: 67.345µs | <: 5.329µs | <: 4.592µs | <: 15.139µs | <: 3.743µs | <: 22.027µs | <: 3.827µs | <: 7.753µs | <: 359.439µs | <: 2.875µs | <: 2.84µs | <: 114.452µs | <: 12.225µs | <: 4.998µs | <: 5.915µs | <: 4.915µs | <: 4.038µs | <: 164.204µs | <: 4.444µs | <: 191.428µs | <: 5.236µs | <: 195.926µs | <: 325.468µs | <: 15.486µs | <: 2.807µs | <: 204.924µs | <: 13.052µs | <: 97.124µs | <: 275.465µs | bfses in 3.939189ms

averages: distance 3.380, diameter 10.000.
average of averages: distance 3.275, diameter 10.333.

*** iteration 4, batch size 60, remaining 757.
sampled in 1.025µs
<: 7.141µs | <: 48.634µs | <: 118.434µs | <: 7.593µs | <: 3.787µs | <: 3.713µs | <: 13.341µs | <: 237.889µs | <: 28.587µs | <: 11.641µs | <: 5.453µs | <: 3.097µs | <: 160.824µs | <: 6.511µs | <: 12.279µs | <: 345.282µs | <: 519.082µs | <: 18.574µs | <: 4.404µs | <: 517.097µs | <: 70.38µs | <: 53.399µs | <: 5.813µs | <: 32.515µs | <: 5.402µs | <: 7.754µs | <: 4.355µs | <: 343.35µs | <: 32.428µs | <: 5.022µs | <: 153.156µs | <: 360.134µs | <: 69.771µs | <: 7.738µs | <: 3.863µs | <: 4.023µs | <: 76.109µs | <: 4.424µs | <: 5.906µs | <: 409.927µs | <: 26.319µs | <: 4.924µs | <: 281.743µs | <: 3.642µs | <: 3.21µs | <: 15.631µs | <: 223.291µs | <: 3.575µs | <: 14.209µs | <: 3.572µs | <: 222.713µs | <: 88.144µs | <: 3.791µs | <: 8.971µs | <: 37.731µs | <: 14.715µs | <: 2.98µs | <: 8.479µs | <: 449.89µs | <: 134.794µs | bfses in 5.630269ms

averages: distance 3.220, diameter 10.000.
average of averages: distance 3.261, diameter 10.250.

*** iteration 5, batch size 60, remaining 697.
sampled in 3.034µs
<: 73.546µs | <: 25.038µs | <: 10.993µs | <: 8.696µs | <: 4.264µs | <: 103.026µs | <: 157.818µs | <: 7.413µs | <: 4.188µs | <: 4.242µs | <: 3.458µs | <: 307.652µs | <: 4.879µs | <: 4.95µs | <: 335.407µs | <: 114.673µs | <: 4.039µs | <: 10.691µs | <: 192.816µs | <: 4.604µs | <: 17.866µs | <: 9.214µs | <: 19.491µs | <: 3.425µs | <: 3.36µs | <: 4.174µs | <: 3.999µs | <: 3.737µs | <: 6.345µs | <: 4.013µs | <: 413.145µs | <: 4.486µs | <: 23.165µs | <: 228.137µs | <: 8.64µs | <: 9.798µs | <: 247.271µs | <: 130.524µs | <: 118.528µs | <: 68.269µs | <: 10.552µs | <: 67.453µs | <: 98.075µs | <: 4.45µs | <: 11.76µs | <: 4.849µs | <: 219.275µs | <: 12.514µs | <: 24.627µs | <: 102.609µs | <: 3.193µs | <: 37.795µs | <: 7.332µs | <: 6.073µs | <: 34.114µs | <: 17.08µs | <: 180.792µs | <: 130.119µs | <: 183.302µs | <: 86.78µs | bfses in 5.418631ms

averages: distance 3.593, diameter 10.000.
average of averages: distance 3.328, diameter 10.200.

*** iteration 6, batch size 60, remaining 637.
sampled in 2.801µs
<: 3.289µs | <: 3.938µs | <: 2.873µs | <: 5.258µs | <: 5.246µs | <: 265.864µs | <: 347.305µs | <: 2.82µs | <: 4.95µs | <: 71.313µs | <: 59.237µs | <: 53.421µs | <: 362.481µs | <: 3.464µs | <: 8.004µs | <: 527.084µs | <: 11.22µs | <: 303.094µs | <: 57.396µs | <: 4.88µs | <: 6.477µs | <: 504.212µs | <: 12.18µs | <: 6.691µs | <: 7.014µs | <: 3.326µs | <: 9.588µs | <: 26.196µs | <: 6.991µs | <: 153.919µs | <: 52.617µs | <: 277.393µs | <: 3.645µs | <: 4.316µs | <: 110.838µs | <: 8.503µs | <: 17.775µs | <: 5.463µs | <: 7.559µs | <: 4.768µs | <: 5.015µs | <: 16.031µs | <: 4.28µs | <: 3.292µs | <: 5.318µs | <: 5.049µs | <: 5.9µs | <: 13.672µs | <: 36.41µs | <: 8.102µs | <: 59.951µs | <: 2.9µs | <: 30.647µs | <: 380.246µs | <: 3.212µs | <: 3.042µs | <: 74.384µs | <: 16.967µs | <: 200.678µs | <: 13.447µs | bfses in 4.411443ms

averages: distance 3.108, diameter 11.000.
average of averages: distance 3.291, diameter 10.333.

*** iteration 7, batch size 60, remaining 577.
sampled in 1.399µs
<: 8.955µs | <: 4.005µs | <: 4.348µs | <: 12.353µs | <: 3.638µs | <: 4.49µs | <: 3.618µs | <: 13.068µs | <: 3.683µs | <: 49.335µs | <: 7.203µs | <: 55.984µs | <: 4.53µs | <: 41.669µs | <: 83.795µs | <: 6.812µs | <: 4.328µs | <: 245.905µs | <: 386.207µs | <: 9.932µs | <: 317.695µs | <: 8.772µs | <: 5.728µs | <: 29.455µs | <: 3.58µs | <: 38.473µs | <: 2.146µs | <: 18.925µs | <: 5.232µs | <: 3.369µs | <: 528.584µs | <: 6.371µs | <: 428.712µs | <: 3.017µs | <: 4.357µs | <: 3.698µs | <: 202.21µs | <: 3.491µs | <: 5.937µs | <: 523.802µs | <: 6.579µs | <: 5.059µs | <: 4.226µs | <: 1.667µs | <: 3.889µs | <: 3.015µs | <: 176.6µs | <: 9.249µs | <: 4.152µs | <: 4.68µs | <: 7.006µs | <: 365.636µs | <: 397.388µs | <: 168.169µs | <: 8.806µs | <: 114.845µs | <: 3.919µs | <: 11.42µs | <: 596.375µs | <: 569.656µs | bfses in 3.710476ms

averages: distance 2.796, diameter 10.000.
average of averages: distance 3.220, diameter 10.286.

*** iteration 8, batch size 60, remaining 517.
sampled in 1.582µs
<: 7.373µs | <: 4.23µs | <: 3.939µs | <: 3.483µs | <: 190.11µs | <: 4.213µs | <: 3.259µs | <: 3.323µs | <: 35.526µs | <: 4.674µs | <: 66.467µs | <: 4.627µs | <: 72.045µs | <: 41.695µs | <: 114.445µs | <: 6.711µs | <: 10.984µs | <: 23.422µs | <: 128.099µs | <: 4.055µs | <: 2.8µs | <: 3.154µs | <: 3.976µs | <: 393.015µs | <: 4.1µs | <: 255.039µs | <: 29.724µs | <: 74.438µs | <: 5.469µs | <: 7.433µs | <: 524.615µs | <: 2.634µs | <: 33.782µs | <: 5.213µs | <: 5.313µs | <: 44.863µs | <: 6.859µs | <: 19.597µs | <: 452.009µs | <: 31.614µs | <: 6.68µs | <: 245.594µs | <: 126.853µs | <: 28.874µs | <: 3.849µs | <: 3.335µs | <: 171.589µs | <: 47.491µs | <: 66.45µs | <: 12.093µs | <: 4.394µs | <: 5.805µs | <: 400.291µs | <: 398.876µs | <: 5.294µs | <: 37.04µs | <: 470.873µs | <: 33.904µs | <: 188.727µs | <: 483.915µs | bfses in 4.042449ms

averages: distance 3.110, diameter 10.000.
average of averages: distance 3.206, diameter 10.250.

*** iteration 9, batch size 60, remaining 457.
sampled in 1.267µs
<: 3.759µs | <: 61.706µs | <: 3.043µs | <: 4.34µs | <: 4.667µs | <: 4.817µs | <: 13.164µs | <: 193.76µs | <: 373.427µs | <: 2.847µs | <: 442.337µs | <: 3.68µs | <: 306.218µs | <: 6.24µs | <: 5.076µs | <: 16.429µs | <: 498.73µs | <: 5.914µs | <: 374.154µs | <: 4.223µs | <: 8.861µs | <: 3.145µs | <: 7.093µs | <: 9.271µs | <: 323.837µs | <: 307.885µs | <: 3.308µs | <: 32.471µs | <: 15.961µs | <: 8.665µs | <: 192.726µs | <: 4.22µs | <: 2.436µs | <: 270.907µs | <: 4.912µs | <: 344.338µs | <: 5.507µs | <: 3.762µs | <: 4.696µs | <: 292.219µs | <: 11.597µs | <: 268.345µs | <: 75.046µs | <: 3.103µs | <: 9.539µs | <: 3.519µs | <: 3.902µs | <: 5.035µs | <: 354.587µs | <: 9.065µs | <: 9.482µs | <: 3.191µs | <: 308.078µs | <: 4.169µs | <: 222.309µs | <: 139.365µs | <: 5.264µs | <: 403.073µs | <: 343.221µs | <: 413.69µs | bfses in 3.794898ms

averages: distance 3.199, diameter 11.000.
average of averages: distance 3.206, diameter 10.333.

*** iteration 10, batch size 60, remaining 397.
sampled in 1.058µs
<: 11.681µs | <: 4.842µs | <: 10.524µs | <: 3.787µs | <: 138.5µs | <: 17.725µs | <: 94.586µs | <: 30.565µs | <: 5.276µs | <: 3.725µs | <: 10.122µs | <: 217.311µs | <: 12.218µs | <: 4.274µs | <: 3.595µs | <: 297.906µs | <: 60.201µs | <: 360.408µs | <: 245.224µs | <: 32.56µs | <: 96.399µs | <: 181.399µs | <: 287.245µs | <: 4.338µs | <: 59.524µs | <: 224.554µs | <: 6.464µs | <: 53.521µs | <: 39.455µs | <: 3.909µs | <: 495.87µs | <: 11.734µs | <: 25.389µs | <: 3.161µs | <: 317.547µs | <: 11.856µs | <: 8.103µs | <: 69.822µs | <: 3.608µs | <: 4.647µs | <: 87.508µs | <: 5.657µs | <: 6.767µs | <: 3.062µs | <: 3.776µs | <: 3.639µs | <: 5.331µs | <: 42.331µs | <: 32.261µs | <: 268.467µs | <: 590.122µs | <: 28.54µs | <: 10.775µs | <: 194.48µs | <: 3.98µs | <: 4.965µs | <: 220.976µs | <: 12.492µs | <: 371.197µs | <: 5.688µs | bfses in 4.188081ms

averages: distance 3.346, diameter 11.000.
average of averages: distance 3.220, diameter 10.400.

*** iteration 11, batch size 60, remaining 337.
sampled in 1.897µs
<: 3.442µs | <: 2.973µs | <: 11.007µs | <: 10.294µs | <: 9.191µs | <: 9.953µs | <: 10.395µs | <: 3.358µs | <: 5.26µs | <: 8.135µs | <: 37.809µs | <: 85.57µs | <: 16.334µs | <: 10.645µs | <: 3.812µs | <: 157.628µs | <: 245.906µs | <: 28.487µs | <: 520.859µs | <: 33.316µs | <: 5.957µs | <: 4.156µs | <: 3.234µs | <: 207.446µs | <: 17.916µs | <: 29.688µs | <: 88.691µs | <: 337.805µs | <: 76.035µs | <: 47.772µs | <: 47.842µs | <: 485.103µs | <: 15.489µs | <: 5.318µs | <: 3.789µs | <: 4.451µs | <: 5.649µs | <: 13.061µs | <: 24.705µs | <: 34.912µs | <: 5.463µs | <: 3.278µs | <: 4.888µs | <: 8.019µs | <: 6.789µs | <: 38.51µs | <: 4.921µs | <: 9.175µs | <: 156.038µs | <: 170.541µs | <: 22.944µs | <: 7.256µs | <: 3.372µs | <: 14.624µs | <: 280.746µs | <: 18.247µs | <: 3.813µs | <: 290.293µs | <: 563.674µs | <: 4.511µs | bfses in 4.689679ms

averages: distance 3.134, diameter 11.000.
average of averages: distance 3.212, diameter 10.455.

*** iteration 12, batch size 60, remaining 277.
sampled in 2.239µs
<: 17.749µs | <: 44.366µs | <: 3.963µs | <: 187.67µs | <: 3.582µs | <: 5.997µs | <: 3.992µs | <: 6.197µs | <: 260.672µs | <: 21.226µs | <: 26.873µs | <: 5.924µs | <: 105.228µs | <: 5.54µs | <: 4.126µs | <: 2.153µs | <: 3.965µs | <: 271.976µs | <: 3.675µs | <: 5.805µs | <: 3.136µs | <: 14.343µs | <: 48.314µs | <: 256.719µs | <: 95.653µs | <: 521.275µs | <: 23.675µs | <: 6.64µs | <: 414.891µs | <: 5.823µs | <: 4.858µs | <: 50.979µs | <: 27.477µs | <: 3.404µs | <: 5.518µs | <: 9.637µs | <: 8.63µs | <: 15.165µs | <: 34.133µs | <: 8.75µs | <: 317.848µs | <: 4.262µs | <: 54.757µs | <: 27.411µs | <: 6.197µs | <: 4.839µs | <: 2.974µs | <: 34.585µs | <: 3.915µs | <: 76.33µs | <: 119.685µs | <: 116.964µs | <: 4.47µs | <: 174.371µs | <: 23.382µs | <: 9.626µs | <: 3.113µs | <: 4.12µs | <: 425.293µs | <: 324.808µs | bfses in 4.873048ms

averages: distance 3.325, diameter 10.000.
average of averages: distance 3.221, diameter 10.417.

*** iteration 13, batch size 60, remaining 217.
sampled in 1.806µs
<: 17.653µs | <: 5.684µs | <: 12.873µs | <: 3.954µs | <: 5.236µs | <: 3.941µs | <: 121.447µs | <: 11.769µs | <: 219.059µs | <: 319.741µs | <: 14.175µs | <: 3.849µs | <: 53.645µs | <: 10.011µs | <: 7.408µs | <: 72.714µs | <: 4.186µs | <: 258.805µs | <: 4.449µs | <: 3.215µs | <: 225.992µs | <: 7.533µs | <: 418.823µs | <: 3.222µs | <: 37.628µs | <: 4.905µs | <: 117.077µs | <: 12.02µs | <: 69.033µs | <: 3.079µs | <: 248.448µs | <: 8.866µs | <: 5.87µs | <: 207.498µs | <: 95.728µs | <: 36.559µs | <: 3.553µs | <: 61.65µs | <: 3.839µs | <: 25.555µs | <: 3.164µs | <: 5.609µs | <: 8.568µs | <: 3.094µs | <: 30.266µs | <: 392.761µs | <: 44.677µs | <: 5.741µs | <: 11.251µs | <: 4.346µs | <: 357.563µs | <: 82.575µs | <: 27.711µs | <: 6.88µs | <: 470.935µs | <: 9.931µs | <: 160.005µs | <: 3.389µs | <: 352.406µs | <: 3.039µs | bfses in 3.930704ms

averages: distance 3.190, diameter 11.000.
average of averages: distance 3.219, diameter 10.462.

*** iteration 14, batch size 60, remaining 157.
sampled in 1.486µs
<: 14.464µs | <: 14.102µs | <: 6.382µs | <: 9.417µs | <: 124.088µs | <: 23.862µs | <: 319.631µs | <: 95.197µs | <: 387.753µs | <: 3.344µs | <: 24.564µs | <: 180.361µs | <: 45.81µs | <: 446.703µs | <: 11.882µs | <: 63.736µs | <: 6.828µs | <: 190.889µs | <: 353.98µs | <: 60.533µs | <: 2.972µs | <: 15.931µs | <: 4.677µs | <: 3.349µs | <: 7.774µs | <: 120.809µs | <: 575.289µs | <: 57.303µs | <: 4.385µs | <: 54.507µs | <: 377.687µs | <: 3.961µs | <: 394.08µs | <: 4.084µs | <: 63.709µs | <: 3.963µs | <: 324.984µs | <: 426.063µs | <: 92.245µs | <: 240.314µs | <: 2.62µs | <: 8.321µs | <: 3.131µs | <: 9.773µs | <: 5.339µs | <: 219.684µs | <: 510.015µs | <: 5.804µs | <: 62.703µs | <: 258.163µs | <: 3.794µs | <: 5.176µs | <: 5.868µs | <: 4.387µs | <: 287.425µs | <: 498.046µs | <: 3.345µs | <: 161.196µs | <: 355.032µs | <: 46.8µs | bfses in 4.140629ms

averages: distance 3.142, diameter 11.000.
average of averages: distance 3.213, diameter 10.500.

*** iteration 15, batch size 60, remaining 97.
sampled in 1.391µs
<: 7.855µs | <: 42.063µs | <: 17.074µs | <: 6.712µs | <: 4.28µs | <: 36.654µs | <: 62.427µs | <: 36.744µs | <: 4.253µs | <: 317.78µs | <: 2.786µs | <: 17.992µs | <: 3.809µs | <: 48.674µs | <: 5.005µs | <: 6.368µs | <: 7.538µs | <: 44.505µs | <: 322.124µs | <: 6.288µs | <: 28.347µs | <: 3.464µs | <: 5.199µs | <: 69.091µs | <: 4.166µs | <: 6.104µs | <: 128.32µs | <: 3.267µs | <: 4.65µs | <: 4.425µs | <: 30.835µs | <: 3.743µs | <: 95.694µs | <: 11.504µs | <: 119.461µs | <: 7.932µs | <: 344.637µs | <: 3.158µs | <: 6.677µs | <: 240.869µs | <: 75.882µs | <: 73.051µs | <: 6.549µs | <: 4.276µs | <: 21.924µs | <: 15.034µs | <: 157.053µs | <: 6.024µs | <: 3.795µs | <: 381.472µs | <: 48.157µs | <: 37.367µs | <: 4.785µs | <: 38.912µs | <: 3.388µs | <: 184.056µs | <: 48.249µs | <: 3.344µs | <: 464.117µs | <: 39.652µs | bfses in 3.75204ms

averages: distance 3.498, diameter 10.000.
average of averages: distance 3.232, diameter 10.467.

*** iteration 16, batch size 60, remaining 37.
sampled in 1.304µs
<: 4.822µs | <: 2.626µs | <: 165.061µs | <: 41.478µs | <: 145.543µs | <: 68.231µs | <: 4.411µs | <: 123.238µs | <: 3.226µs | <: 3.482µs | <: 10.38µs | <: 7.998µs | <: 19.325µs | <: 294.458µs | <: 4.386µs | <: 21.4µs | <: 3.564µs | <: 4.925µs | <: 3.774µs | <: 2.141µs | <: 5.569µs | <: 8.755µs | <: 6.541µs | <: 8.201µs | <: 3.719µs | <: 226.061µs | <: 4.07µs | <: 22.853µs | <: 85.211µs | <: 362.273µs | <: 2.479µs | <: 67.911µs | <: 244.08µs | <: 4.45µs | <: 190.705µs | <: 4.06µs | <: 3.732µs | <: 8.273µs | <: 3.935µs | <: 169.682µs | <: 84.444µs | <: 112.395µs | <: 10.694µs | <: 129.638µs | <: 7.971µs | <: 335.793µs | <: 9.081µs | <: 3.64µs | <: 174.345µs | <: 2.742µs | <: 405.613µs | <: 75.651µs | <: 5.135µs | <: 3.032µs | <: 23.904µs | <: 6.439µs | <: 115.036µs | <: 55.062µs | <: 39.907µs | <: 287.894µs | bfses in 3.560269ms

averages: distance 3.607, diameter 10.000.
average of averages: distance 3.256, diameter 10.438.

*** iteration 17, batch size 37, remaining 0.
sampled in 713ns
<: 5.221µs | <: 61.429µs | <: 14.141µs | <: 102.549µs | <: 3.973µs | <: 9.44µs | <: 4.561µs | <: 213.344µs | <: 4.555µs | <: 193.936µs | <: 60.038µs | <: 3.685µs | <: 144.578µs | <: 4.138µs | <: 88.783µs | <: 55.776µs | <: 52.407µs | <: 145.565µs | <: 5.442µs | <: 8.543µs | <: 495.836µs | <: 14.494µs | <: 7.915µs | <: 4.268µs | <: 138.333µs | <: 54.367µs | <: 198.153µs | <: 360.637µs | <: 302.653µs | <: 10.314µs | <: 41.587µs | <: 4.097µs | <: 313.735µs | <: 105.632µs | <: 4.507µs | <: 8.493µs | <: 187.961µs | bfses in 2.092933ms

averages: distance 3.342, diameter 11.000.
average of averages: distance 3.261, diameter 10.471.

Total time: 73.080718ms
