|V| = 2000, |E| = 19900, |S| = 1097, s = 60.

*** iteration 1, batch size 60, remaining 1037.
sampled in 1.152µs
<: 25.143µs | <: 19.27µs | <: 18.283µs | <: 8.444µs | <: 113.946µs | <: 5.872µs | <: 15.104µs | <: 139.063µs | <: 4.841µs | <: 8.173µs | <: 40.004µs | <: 8.81µs | <: 55.578µs | <: 47.647µs | <: 128.607µs | <: 3.322µs | <: 620.526µs | <: 1.943µs | <: 36.947µs | <: 18.364µs | <: 823.672µs | <: 2.736µs | <: 462.905µs | <: 6.816µs | <: 6.167µs | <: 953.775µs | <: 217.104µs | <: 102.171µs | <: 59.786µs | <: 8.139µs | <: 4.38µs | <: 88.362µs | <: 7.772µs | <: 6.399µs | <: 191.587µs | <: 4.255µs | <: 13.541µs | <: 27.259µs | <: 3.193µs | <: 4.583µs | <: 12.564µs | <: 3.243µs | <: 3.284µs | <: 621.314µs | <: 5.535µs | <: 165.527µs | <: 10.999µs | <: 5.793µs | <: 7.826µs | <: 8.337µs | <: 521.123µs | <: 3.438µs | <: 17.031µs | <: 447.77µs | <: 164.071µs | <: 551.43µs | <: 274.808µs | <: 590.382µs | <: 56.966µs | <: 180.161µs | bfses in 5.467229ms

averages: distance 3.787, diameter 13.000.
average of averages: distance 3.787, diameter 13.000.

*** iteration 2, batch size 60, remaining 977.
sampled in 1.152µs
<: 5.177µs | <: 33.856µs | <: 3.528µs | <: 6.944µs | <: 3.601µs | <: 8.542µs | <: 15.812µs | <: 4.09µs | <: 72.806µs | <: 39.404µs | <: 141.695µs | <: 4.205µs | <: 218.915µs | <: 10.233µs | <: 691.781µs | <: 278.961µs | <: 12.152µs | <: 23.254µs | <: 18.826µs | <: 8.617µs | <: 86.893µs | <: 4.115µs | <: 12.061µs | <: 968.284µs | <: 4.357µs | <: 4.985µs | <: 601.083µs | <: 291.279µs | <: 86.528µs | <: 60.401µs | <: 8.831µs | <: 73.216µs | <: 58.667µs | <: 4.039µs | <: 3.074µs | <: 149.056µs | <: 396.876µs | <: 778.285µs | <: 71.655µs | <: 5.513µs | <: 428.636µs | <: 2.92µs | <: 4.675µs | <: 149.148µs | <: 6.91µs | <: 26.096µs | <: 3.963µs | <: 3.528µs | <: 3.532µs | <: 2.843µs | <: 567.929µs | <: 585.225µs | <: 29.58µs | <: 54.84µs | <: 339.398µs | <: 536.355µs | <: 106.92µs | <: 104.063µs | <: 819.751µs | <: 1.098998ms | bfses in 4.397275ms

averages: distance 3.725, diameter 14.000.
average of averages: distance 3.756, diameter 13.500.

*** iteration 3, batch size 60, remaining 917.
sampled in 1.578µs
<: 10.733µs | <: 3.408µs | <: 4.161µs | <: 4.305µs | <: 2.449µs | <: 21.619µs | <: 4.634µs | <: 7.021µs | <: 4.84µs | <: 229.837µs | <: 111.089µs | <: 62.309µs | <: 3.636µs | <: 419.085µs | <: 3.5µs | <: 81.756µs | <: 23.931µs | <: 462.906µs | <: 384.513µs | <: 669.562µs | <: 27µs | <: 4.907µs | <: 148.029µs | <: 25.836µs | <: 5.823µs | <: 3.915µs | <: 602.203µs | <: 807.937µs | <: 329.398µs | <: 181.378µs | <: 145.369µs | <: 427.322µs | <: 24.801µs | <: 5.172µs | <: 306.315µs | <: 5.722µs | <: 4.274µs | <: 228.226µs | <: 11.428µs | <: 252.578µs | <: 59.448µs | <: 96.023µs | <: 56.796µs | <: 7.451µs | <: 197.893µs | <: 4.562µs | <: 5.66µs | <: 1.029612ms | <: 4.113µs | <: 3.963µs | <: 427.127µs | <: 3.599µs | <: 3.089µs | <: 132.026µs | <: 15.527µs | <: 35.451µs | <: 8.803µs | <: 20.561µs | <: 3.968µs | <: 703.176µs | bfses in 4.119874ms

averages: distance 3.964, diameter 12.000.
average of averages: distance 3.825, diameter 13.000.

*** iteration 4, batch size 60, remaining 857.
sampled in 1.777µs
<: 82.626µs | <: 10.195µs | <: 48.548µs | <: 85.78µs | <: 27.882µs | <: 5.661µs | <: 406.753µs | <: 83.977µs | <: 57.189µs | <: 101.572µs | <: 6.111µs | <: 9.753µs | <: 4.049µs | <: 521.827µs | <: 219.784µs | <: 9.835µs | <: 409.484µs | <: 173.704µs | <: 7.601µs | <: 319.697µs | <: 3.937µs | <: 461.666µs | <: 44.521µs | <: 3.717µs | <: 85.373µs | <: 88.193µs | <: 4.659µs | <: 340.66µs | <: 578.96µs | <: 5.535µs | <: 6.852µs | <: 937.811µs | <: 10.138µs | <: 207.957µs | <: 596.538µs | <: 335.47µs | <: 757.141µs | <: 40.609µs | <: 331.278µs | <: 46.833µs | <: 9.498µs | <: 709.249µs | <: 8.193µs | <: 704.773µs | <: 502.97µs | <: 3.374µs | <: 86.1µs | <: 17.956µs | <: 581.907µs | <: 412.341µs | <: 8.01µs | <: 140.122µs | <: 711.186µs | <: 11.111µs | <: 8.724µs | <: 336.258µs | <: 496.261µs | <: 62.702µs | <: 762.544µs | <: 1.165238ms | bfses in 4.795356ms

averages: distance 3.832, diameter 12.000.
average of averages: distance 3.827, diameter 12.750.

*** iteration 5, batch size 60, remaining 797.
sampled in 1.664µs
<: 3.09µs | <: 6.057µs | <: 4.199µs | <: 3.319µs | <: 4.052µs | <: 199.803µs | <: 8.465µs | <: 26.562µs | <: 3.213µs | <: 134.014µs | <: 53.789µs | <: 2.853µs | <: 7.734µs | <: 729.192µs | <: 10.731µs | <: 4.406µs | <: 6.988µs | <: 38.687µs | <: 15.84µs | <: 454.566µs | <: 5.737µs | <: 3.518µs | <: 781.186µs | <: 11.701µs | <: 10.93µs | <: 679.124µs | <: 57.452µs | <: 16.137µs | <: 766.121µs | <: 3.635µs | <: 450.651µs | <: 3.378µs | <: 128.217µs | <: 245.423µs | <: 4.013µs | <: 504.497µs | <: 6.587µs | <: 35.989µs | <: 961.681µs | <: 5.396µs | <: 3.127µs | <: 379.715µs | <: 510.897µs | <: 14.788µs | <: 8.233µs | <: 3.785µs | <: 5.001µs | <: 238.159µs | <: 35.904µs | <: 27.111µs | <: 12.285µs | <: 24.522µs | <: 16.606µs | <: 3.493µs | <: 5.076µs | <: 29.687µs | <: 19.537µs | <: 26.636µs | <: 1.124341ms | <: 577.848µs | bfses in 4.153885ms

averages: distance 3.598, diameter 12.000.
average of averages: distance 3.781, diameter 12.600.

*** iteration 6, batch size 60, remaining 737.
sampled in 1.085µs
<: 42.588µs | <: 9.471µs | <: 8.515µs | <: 44.808µs | <: 7.234µs | <: 4.38µs | <: 6.113µs | <: 3.374µs | <: 6.931µs | <: 4.938µs | <: 4.073µs | <: 399.427µs | <: 133.594µs | <: 3.388µs | <: 421.166µs | <: 189.143µs | <: 917.545µs | <: 4.067µs | <: 1.096007ms | <: 151.863µs | <: 420.506µs | <: 830.591µs | <: 634.994µs | <: 3.442µs | <: 35.763µs | <: 6.755µs | <: 6.165µs | <: 7.552µs | <: 10.553µs | <: 67.011µs | <: 6.836µs | <: 577.722µs | <: 4.21µs | <: 116.653µs | <: 11.688µs | <: 3.889µs | <: 75.176µs | <: 3.034µs | <: 9.757µs | <: 8.288µs | <: 4.868µs | <: 33.38µs | <: 23.278µs | <: 228.851µs | <: 3.809µs | <: 67.958µs | <: 4.64µs | <: 78.514µs | <: 5.563µs | <: 179.53µs | <: 156.93µs | <: 176.6µs | <: 46.543µs | <: 119.124µs | <: 391.754µs | <: 252.966µs | <: 45.684µs | <: 210.067µs | <: 162.589µs | <: 497.561µs | bfses in 4.055307ms

averages: distance 3.902, diameter 11.000.
average of averages: distance 3.801, diameter 12.333.

*** iteration 7, batch size 60, remaining 677.
sampled in 1.574µs
<: 15.155µs | <: 32.566µs | <: 4.499µs | <: 8.466µs | <: 4.645µs | <: 3.002µs | <: 8.961µs | <: 34.502µs | <: 31.91µs | <: 2.602µs | <: 2.884µs | <: 87.833µs | <: 5.087µs | <: 5.333µs | <: 7.495µs | <: 3.817µs | <: 5.792µs | <: 470.262µs | <: 393.478µs | <: 6.966µs | <: 14.879µs | <: 9.262µs | <: 90.522µs | <: 13.187µs | <: 178.165µs | <: 4.322µs | <: 11.259µs | <: 13.993µs | <: 81.74µs | <: 4.725µs | <: 83.924µs | <: 1.070518ms | <: 17.389µs | <: 3.556µs | <: 468.753µs | <: 253.323µs | <: 5.669µs | <: 23.521µs | <: 3.319µs | <: 186.241µs | <: 4.006µs | <: 8.414µs | <: 3.107µs | <: 7.191µs | <: 4.296µs | <: 7.091µs | <: 50.957µs | <: 23.831µs | <: 3.545µs | <: 134.575µs | <: 44.588µs | <: 9.703µs | <: 4.09µs | <: 3.164µs | <: 8.754µs | <: 113.104µs | <: 747.972µs | <: 503.437µs | <: 1.068268ms | <: 818.094µs | bfses in 4.013388ms

averages: distance 3.653, diameter 14.000.
average of averages: distance 3.780, diameter 12.571.

*** iteration 8, batch size 60, remaining 617.
sampled in 1.636µs
<: 7.615µs | <: 93.549µs | <: 126.971µs | <: 68.691µs | <: 63.708µs | <: 9.415µs | <: 27.788µs | <: 114.761µs | <: 4.512µs | <: 3.082µs | <: 3.249µs | <: 15.871µs | <: 298.078µs | <: 4.078µs | <: 5.879µs | <: 5.288µs | <: 6.426µs | <: 3.491µs | <: 750.349µs | <: 12.491µs | <: 4.298µs | <: 13.511µs | <: 3.688µs | <: 3.694µs | <: 3.459µs | <: 445.578µs | <: 9.382µs | <: 3.79µs | <: 51.392µs | <: 9.24µs | <: 3.973µs | <: 73.471µs | <: 5.913µs | <: 53.03µs | <: 3.884µs | <: 3.56µs | <: 947.011µs | <: 759.276µs | <: 744.938µs | <: 4.318µs | <: 278.535µs | <: 968.924µs | <: 82.479µs | <: 4.264µs | <: 3.346µs | <: 90.336µs | <: 47.353µs | <: 5.753µs | <: 16.017µs | <: 562.057µs | <: 2.486µs | <: 6.445µs | <: 6.044µs | <: 4.454µs | <: 3.196µs | <: 13.837µs | <: 209.69µs | <: 1.022817ms | <: 469.853µs | <: 1.189656ms | bfses in 4.317329ms

averages: distance 3.467, diameter 12.000.
average of averages: distance 3.741, diameter 12.500.

*** iteration 9, batch size 60, remaining 557.
sampled in 1.654µs
<: 4.683µs | <: 2.68µs | <: 6.243µs | <: 12.529µs | <: 13.511µs | <: 3.884µs | <: 6.268µs | <: 5.508µs | <: 11.255µs | <: 11.316µs | <: 8.047µs | <: 468.084µs | <: 15.911µs | <: 297.246µs | <: 413.37µs | <: 12.758µs | <: 3.954µs | <: 4.086µs | <: 404.547µs | <: 5.506µs | <: 3.436µs | <: 23.234µs | <: 5.412µs | <: 5.187µs | <: 9.452µs | <: 994.41µs | <: 31.371µs | <: 28.458µs | <: 30.062µs | <: 35.312µs | <: 4.19µs | <: 19.572µs | <: 6.26µs | <: 53.605µs | <: 3.301µs | <: 66.409µs | <: 7.754µs | <: 20.081µs | <: 608.911µs | <: 4.416µs | <: 5.684µs | <: 3.077µs | <: 23.636µs | <: 3.321µs | <: 4.951µs | <: 3.08µs | <: 3.074µs | <: 177.643µs | <: 3.622µs | <: 3.843µs | <: 15.448µs | <: 4.451µs | <: 272.45µs | <: 2.986µs | <: 298.834µs | <: 775.643µs | <: 9.552µs | <: 3.438µs | <: 885.613µs | <: 1.0583ms | bfses in 4.518492ms

averages: distance 3.480, diameter 12.000.
average of averages: distance 3.712, diameter 12.444.

*** iteration 10, batch size 60, remaining 497.
sampled in 1.601µs
<: 15.195µs | <: 13.147µs | <: 3.302µs | <: 16.454µs | <: 3.777µs | <: 2.802µs | <: 26.035µs | <: 3.111µs | <: 217.852µs | <: 3.939µs | <: 5.734µs | <: 77.011µs | <: 259.426µs | <: 3.167µs | <: 2.806µs | <: 4.517µs | <: 369.665µs | <: 387.462µs | <: 1.315µs | <: 9.593µs | <: 3.341µs | <: 101.441µs | <: 2.925µs | <: 4.577µs | <: 409.065µs | <: 32.636µs | <: 243.471µs | <: 2.232µs | <: 344.185µs | <: 3.877µs | <: 6.345µs | <: 12.981µs | <: 6.627µs | <: 8.086µs | <: 5.017µs | <: 7.318µs | <: 113.437µs | <: 4.495µs | <: 271.594µs | <: 904.406µs | <: 3.936µs | <: 7.907µs | <: 18.989µs | <: 5.198µs | <: 80.966µs | <: 7.823µs | <: 447.42µs | <: 6.749µs | <: 5.053µs | <: 2.399µs | <: 472.273µs | <: 62.627µs | <: 5.836µs | <: 89.45µs | <: 23.077µs | <: 257.791µs | <: 5.923µs | <: 141.265µs | <: 659.057µs | <: 1.188818ms | bfses in 4.560172ms

averages: distance 3.834, diameter 11.000.
average of averages: distance 3.724, diameter 12.300.

*** iteration 11, batch size 60, remaining 437.
sampled in 1.541µs
<: 5.254µs | <: 2.945µs | <: 5.101µs | <: 8.844µs | <: 2.921µs | <: 76.561µs | <: 12.48µs | <: 19.277µs | <: 4.711µs | <: 7.772µs | <: 3.528µs | <: 207.081µs | <: 13.041µs | <: 3.013µs | <: 9.312µs | <: 112.853µs | <: 3.203µs | <: 39.498µs | <: 580.21µs | <: 9.228µs | <: 61.985µs | <: 7.157µs | <: 106.734µs | <: 8.681µs | <: 6.668µs | <: 5.674µs | <: 3.668µs | <: 12.315µs | <: 8.519µs | <: 2.766µs | <: 446.397µs | <: 939.592µs | <: 3.516µs | <: 3.199µs | <: 909.112µs | <: 5.445µs | <: 941.665µs | <: 16.818µs | <: 3.335µs | <: 5.497µs | <: 2.937µs | <: 22.693µs | <: 3.579µs | <: 3.254µs | <: 193.822µs | <: 22.311µs | <: 6.315µs | <: 660.387µs | <: 12.077µs | <: 924.838µs | <: 2.644µs | <: 173.784µs | <: 417.999µs | <: 617.171µs | <: 528.748µs | <: 389.36µs | <: 6.525µs | <: 387.878µs | <: 27.364µs | <: 159.242µs | bfses in 3.899147ms

averages: distance 3.514, diameter 13.000.
average of averages: distance 3.705, diameter 12.364.

*** iteration 12, batch size 60, remaining 377.
sampled in 1.026µs
<: 4.196µs | <: 2.915µs | <: 4.837µs | <: 30.411µs | <: 6.348µs | <: 6.246µs | <: 5.302µs | <: 18.672µs | <: 3.127µs | <: 12.925µs | <: 2.853µs | <: 170.636µs | <: 4.968µs | <: 11.762µs | <: 28.937µs | <: 413.505µs | <: 437.15µs | <: 91.296µs | <: 3.944µs | <: 19.246µs | <: 7.259µs | <: 30.943µs | <: 998.464µs | <: 59.4µs | <: 12.189µs | <: 3.117µs | <: 94.409µs | <: 8.1µs | <: 182.247µs | <: 91.358µs | <: 215.047µs | <: 1.061192ms | <: 4.205µs | <: 667.803µs | <: 121.905µs | <: 3.732µs | <: 10.184µs | <: 6.886µs | <: 485.902µs | <: 3.453µs | <: 5.218µs | <: 482.469µs | <: 260.722µs | <: 532.919µs | <: 10.819µs | <: 58.713µs | <: 3.183µs | <: 18.818µs | <: 1.062096ms | <: 6.011µs | <: 5.533µs | <: 5.258µs | <: 32.991µs | <: 5.21µs | <: 144.526µs | <: 3.94µs | <: 12.318µs | <: 513.723µs | <: 1.067892ms | <: 1.154001ms | bfses in 4.797162ms

averages: distance 3.429, diameter 13.000.
average of averages: distance 3.682, diameter 12.417.

*** iteration 13, batch size 60, remaining 317.
sampled in 923ns
<: 5.453µs | <: 2.701µs | <: 6.411µs | <: 4.384µs | <: 2.959µs | <: 2.826µs | <: 96.801µs | <: 42.917µs | <: 11.302µs | <: 14.273µs | <: 37.822µs | <: 10.087µs | <: 83.183µs | <: 18.252µs | <: 458.826µs | <: 25.619µs | <: 3.346µs | <: 130.003µs | <: 404.54µs | <: 4.089µs | <: 126.619µs | <: 186.962µs | <: 13.083µs | <: 630.307µs | <: 4.622µs | <: 152.341µs | <: 24.898µs | <: 14.595µs | <: 808.487µs | <: 16.731µs | <: 8.254µs | <: 5.292µs | <: 25.571µs | <: 2.872µs | <: 1.028099ms | <: 707.845µs | <: 5.633µs | <: 3.017µs | <: 73.785µs | <: 14.784µs | <: 3.803µs | <: 31.127µs | <: 5.192µs | <: 3.37µs | <: 125.492µs | <: 17.106µs | <: 7.995µs | <: 3.759µs | <: 298.675µs | <: 5.266µs | <: 5.435µs | <: 781.058µs | <: 22.653µs | <: 20.424µs | <: 4.45µs | <: 89.762µs | <: 4.866µs | <: 538.471µs | <: 683.377µs | <: 692.446µs | bfses in 3.768672ms

averages: distance 3.586, diameter 12.000.
average of averages: distance 3.675, diameter 12.385.

*** iteration 14, batch size 60, remaining 257.
sampled in 1.002µs
<: 15.372µs | <: 45.075µs | <: 3.949µs | <: 30.177µs | <: 38.618µs | <: 237.892µs | <: 3.685µs | <: 8.463µs | <: 7.576µs | <: 6.352µs | <: 205.009µs | <: 17.283µs | <: 49.02µs | <: 340.135µs | <: 196.186µs | <: 54.558µs | <: 13.232µs | <: 27.048µs | <: 611.06µs | <: 4.547µs | <: 621.056µs | <: 10.169µs | <: 56.201µs | <: 1.042308ms | <: 4.681µs | <: 316.585µs | <: 3.987µs | <: 13.07µs | <: 9.478µs | <: 348.5µs | <: 58.92µs | <: 5.132µs | <: 7.28µs | <: 6.072µs | <: 340.108µs | <: 3.659µs | <: 63.196µs | <: 3.498µs | <: 7.317µs | <: 136.356µs | <: 18.008µs | <: 70.267µs | <: 23.263µs | <: 3.191µs | <: 61.163µs | <: 3.2µs | <: 18.908µs | <: 5.372µs | <: 215.863µs | <: 5.047µs | <: 4.262µs | <: 54.177µs | <: 3.292µs | <: 3.191µs | <: 129.751µs | <: 732.152µs | <: 947.986µs | <: 378.84µs | <: 702.729µs | <: 3.545µs | bfses in 4.228688ms

averages: distance 3.897, diameter 13.000.
average of averages: distance 3.691, diameter 12.429.

*** iteration 15, batch size 60, remaining 197.
sampled in 1.596µs
<: 32.54µs | <: 2.778µs | <: 8.9µs | <: 4.18µs | <: 4.027µs | <: 4.057µs | <: 197.155µs | <: 4.798µs | <: 7.817µs | <: 5.567µs | <: 4.486µs | <: 49.271µs | <: 7.031µs | <: 2.952µs | <: 415.902µs | <: 207.046µs | <: 493.081µs | <: 285.895µs | <: 56.108µs | <: 6.678µs | <: 1.030138ms | <: 2.92µs | <: 4.49µs | <: 32.076µs | <: 3.301µs | <: 260.177µs | <: 3.067µs | <: 255.37µs | <: 384.715µs | <: 4.685µs | <: 4.475µs | <: 3.328µs | <: 25.052µs | <: 2.616µs | <: 671.878µs | <: 43.963µs | <: 4.69µs | <: 641.457µs | <: 13.262µs | <: 68.836µs | <: 4.865µs | <: 56.268µs | <: 136.488µs | <: 10.172µs | <: 5.193µs | <: 4.689µs | <: 13.563µs | <: 9.788µs | <: 7.22µs | <: 4.191µs | <: 8.444µs | <: 17.291µs | <: 2.777µs | <: 82.448µs | <: 37.097µs | <: 614.226µs | <: 4.49µs | <: 109.71µs | <: 882.228µs | <: 461.764µs | bfses in 5.682487ms

averages: distance 3.736, diameter 12.000.
average of averages: distance 3.694, diameter 12.400.

*** iteration 16, batch size 60, remaining 137.
sampled in 3.065µs
<: 4.499µs | <: 4.442µs | <: 18.19µs | <: 9.795µs | <: 285.067µs | <: 3.745µs | <: 26.444µs | <: 10.083µs | <: 5.926µs | <: 5.617µs | <: 18.363µs | <: 585.401µs | <: 365.289µs | <: 3.731µs | <: 56.7µs | <: 551.731µs | <: 134.907µs | <: 538.154µs | <: 475.209µs | <: 19.807µs | <: 8.861µs | <: 88.526µs | <: 406.398µs | <: 3.163µs | <: 298.151µs | <: 192.721µs | <: 4.69µs | <: 11.14µs | <: 367.756µs | <: 5.807µs | <: 416.212µs | <: 3.873µs | <: 947.155µs | <: 56.105µs | <: 183.863µs | <: 469.671µs | <: 958.015µs | <: 4.855µs | <: 21.042µs | <: 13.078µs | <: 2.877µs | <: 1.382µs | <: 5.306µs | <: 51.777µs | <: 2.962µs | <: 52.692µs | <: 7.662µs | <: 2.906µs | <: 4.169µs | <: 4.295µs | <: 4.052µs | <: 3.114µs | <: 3.64µs | <: 436.281µs | <: 134.75µs | <: 9.027µs | <: 394.694µs | <: 534.662µs | <: 1.10107ms | <: 1.03038ms | bfses in 4.999633ms

averages: distance 3.763, diameter 12.000.
average of averages: distance 3.698, diameter 12.375.

*** iteration 17, batch size 60, remaining 77.
sampled in 1.832µs
<: 71.091µs | <: 8.606µs | <: 140.95µs | <: 6.189µs | <: 3.376µs | <: 3.013µs | <: 3.365µs | <: 53.254µs | <: 441.149µs | <: 234.25µs | <: 4.216µs | <: 104.942µs | <: 4.731µs | <: 5.249µs | <: 268.911µs | <: 12.563µs | <: 12.642µs | <: 4.846µs | <: 4.345µs | <: 49.257µs | <: 654.007µs | <: 2.405µs | <: 2.768µs | <: 78.158µs | <: 7.36µs | <: 3.788µs | <: 8.5µs | <: 485.159µs | <: 6.434µs | <: 57.205µs | <: 656.444µs | <: 549.346µs | <: 40.21µs | <: 6.449µs | <: 2.948µs | <: 114.859µs | <: 7.176µs | <: 208.576µs | <: 24.942µs | <: 508.921µs | <: 3.79µs | <: 2.57µs | <: 247.154µs | <: 3.055µs | <: 73.594µs | <: 22.708µs | <: 682.597µs | <: 260.686µs | <: 44.919µs | <: 17.314µs | <: 6.157µs | <: 314.745µs | <: 310.602µs | <: 9.145µs | <: 10.631µs | <: 513.803µs | <: 998.74µs | <: 16.453µs | <: 812.713µs | <: 904.086µs | bfses in 4.817866ms

averages: distance 3.839, diameter 14.000.
average of averages: distance 3.706, diameter 12.471.

*** iteration 18, batch size 60, remaining 17.
sampled in 2.877µs
<: 4.308µs | <: 3.989µs | <: 6.091µs | <: 3.193µs | <: 4.551µs | <: 3.074µs | <: 298.924µs | <: 5.239µs | <: 4.606µs | <: 2.979µs | <: 13.723µs | <: 3.957µs | <: 30.757µs | <: 8.636µs | <: 238.661µs | <: 41.006µs | <: 686.193µs | <: 45.723µs | <: 14.145µs | <: 32.703µs | <: 465.456µs | <: 3.003µs | <: 20.749µs | <: 3.51µs | <: 4.748µs | <: 507.884µs | <: 447.099µs | <: 587.919µs | <: 3.151µs | <: 2.766µs | <: 5.903µs | <: 4.423µs | <: 336.481µs | <: 22.23µs | <: 85.219µs | <: 604.563µs | <: 6.69µs | <: 116.51µs | <: 659.924µs | <: 4.815µs | <: 3.051µs | <: 4.879µs | <: 5.017µs | <: 135.002µs | <: 2.895µs | <: 17.197µs | <: 2.838µs | <: 434.985µs | <: 60.122µs | <: 3.984µs | <: 84.734µs | <: 55.754µs | <: 3.158µs | <: 442.946µs | <: 9.478µs | <: 4.159µs | <: 5.252µs | <: 91.709µs | <: 515.759µs | <: 637.727µs | bfses in 4.254847ms

averages: distance 4.090, diameter 14.000.
average of averages: distance 3.727, diameter 12.556.

*** iteration 19, batch size 17, remaining 0.
sampled in 993ns
<: 11.859µs | <: 5.076µs | <: 4.47µs | <: 5.614µs | <: 3.594µs | <: 54.584µs | <: 3.741µs | <: 2.593µs | <: 6.409µs | <: 2.473µs | <: 2.807µs | <: 54.277µs | <: 14.659µs | <: 265.991µs | <: 378.373µs | <: 335.268µs | <: 1.074056ms | bfses in 1.342189ms

averages: distance 3.448, diameter 12.000.
average of averages: distance 3.713, diameter 12.526.

Total time: 82.78611ms
