|V| = 5000, |E| = 36236, |S| = 1229, s = 60.

*** iteration 1, batch size 60, remaining 1169.
sampled in 1.812µs
<: 109.088µs | <: 15.019µs | <: 22.234µs | <: 12.214µs | <: 13.066µs | <: 7.859µs | <: 17.511µs | <: 6.542µs | <: 24.814µs | <: 8.664µs | <: 24.106µs | <: 5.221µs | <: 275.088µs | <: 7.79µs | <: 49.716µs | <: 7.285µs | <: 8.513µs | <: 4.188µs | <: 113.572µs | <: 150.086µs | <: 27.422µs | <: 4.468µs | <: 9.524µs | <: 6.856µs | <: 39.761µs | <: 6.956µs | <: 58.511µs | <: 130.249µs | <: 8.373µs | <: 1.268745ms | <: 7.281µs | <: 7.266µs | <: 6.508µs | <: 8.229µs | <: 21.319µs | <: 14.007µs | <: 95.785µs | <: 6.378µs | <: 14.816µs | <: 13.253µs | <: 7.374µs | <: 3.21µs | <: 832.557µs | <: 8.853µs | <: 10.043µs | <: 1.836415ms | <: 8.734µs | <: 92.449µs | <: 41.22µs | <: 4.908µs | <: 47.802µs | <: 11.476µs | <: 7.648µs | <: 7.892µs | <: 2.873µs | <: 59.276µs | <: 8.562µs | <: 112.574µs | <: 1.615952ms | <: 1.399199ms | bfses in 5.632985ms

averages: distance 4.821, diameter 15.000.
average of averages: distance 4.821, diameter 15.000.

*** iteration 2, batch size 60, remaining 1109.
sampled in 3.095µs
<: 3.996µs | <: 13.039µs | <: 4.377µs | <: 5.008µs | <: 97.584µs | <: 3.672µs | <: 33.848µs | <: 10.735µs | <: 4.805µs | <: 4.429µs | <: 4.919µs | <: 98.405µs | <: 7.684µs | <: 6.53µs | <: 10.177µs | <: 8.144µs | <: 35.156µs | <: 28.546µs | <: 5.825µs | <: 145.009µs | <: 16.613µs | <: 4.977µs | <: 345.419µs | <: 883.357µs | <: 92.985µs | <: 6.956µs | <: 4.616µs | <: 2.901µs | <: 181.779µs | <: 4.11µs | <: 8.639µs | <: 1.787455ms | <: 139.715µs | <: 3.982µs | <: 7.825µs | <: 31.759µs | <: 1.246955ms | <: 4.249µs | <: 173.789µs | <: 1.013061ms | <: 1.182286ms | <: 631.323µs | <: 11.208µs | <: 5.651µs | <: 3.907µs | <: 3.294µs | <: 2.821µs | <: 4.267µs | <: 42.167µs | <: 67.935µs | <: 5.308µs | <: 1.675951ms | <: 347.756µs | <: 5.119µs | <: 4.35µs | <: 4.641µs | <: 4.088µs | <: 2.343627ms | <: 984.621µs | <: 3.067352ms | bfses in 7.004412ms

averages: distance 4.268, diameter 15.000.
average of averages: distance 4.544, diameter 15.000.

*** iteration 3, batch size 60, remaining 1049.
sampled in 1.854µs
<: 9.173µs | <: 10.464µs | <: 4.732µs | <: 5.733µs | <: 96.987µs | <: 6.421µs | <: 7.933µs | <: 5.256µs | <: 247.4µs | <: 4.139µs | <: 2.349µs | <: 41.466µs | <: 93.159µs | <: 125.19µs | <: 5.728µs | <: 3.378µs | <: 14.571µs | <: 3.242µs | <: 4.166µs | <: 43.936µs | <: 4.074µs | <: 3.402µs | <: 668.461µs | <: 18.012µs | <: 7.075µs | <: 2.343µs | <: 1.202606ms | <: 9.779µs | <: 2.185µs | <: 1.499479ms | <: 38.134µs | <: 3.939µs | <: 5.886µs | <: 2.526µs | <: 2.288µs | <: 2.636µs | <: 6.764µs | <: 6.091µs | <: 2.583048ms | <: 2.316629ms | <: 20.268µs | <: 5.126µs | <: 5.536µs | <: 5.392µs | <: 4.36µs | <: 3.969µs | <: 12.715µs | <: 3.634µs | <: 4.913µs | <: 5.559µs | <: 46.509µs | <: 8.887µs | <: 6.089µs | <: 3.719µs | <: 7.833µs | <: 166.525µs | <: 4.389µs | <: 17.653µs | <: 1.420049ms | <: 29.595µs | bfses in 5.383564ms

averages: distance 4.322, diameter 14.000.
average of averages: distance 4.470, diameter 14.667.

*** iteration 4, batch size 60, remaining 989.
sampled in 4.335µs
<: 5.551µs | <: 4.106µs | <: 5.445µs | <: 222.194µs | <: 6.537µs | <: 6.261µs | <: 3.981µs | <: 14.19µs | <: 188.686µs | <: 4.641µs | <: 4.436µs | <: 21.258µs | <: 288.838µs | <: 8.966µs | <: 2.296µs | <: 161.034µs | <: 3.645µs | <: 7.763µs | <: 5.773µs | <: 79.391µs | <: 4.094µs | <: 1.055348ms | <: 8.13µs | <: 4.156µs | <: 3.131µs | <: 1.672444ms | <: 1.371298ms | <: 3.493µs | <: 3.468µs | <: 23.53µs | <: 15.859µs | <: 65.58µs | <: 4.203µs | <: 16.406µs | <: 2.538µs | <: 84.492µs | <: 692.699µs | <: 31.267µs | <: 167.728µs | <: 10.057µs | <: 31.073µs | <: 4.078µs | <: 5.571µs | <: 4.305µs | <: 8.134µs | <: 4.595µs | <: 4.138µs | <: 1.891258ms | <: 4.256µs | <: 127.503µs | <: 579.434µs | <: 26.912µs | <: 5.538µs | <: 5.309µs | <: 3.712µs | <: 3.665µs | <: 3.256µs | <: 5.398µs | <: 2.794827ms | <: 2.738479ms | bfses in 5.571609ms

averages: distance 4.134, diameter 14.000.
average of averages: distance 4.386, diameter 14.500.

*** iteration 5, batch size 60, remaining 929.
sampled in 3.634µs
<: 6.392µs | <: 4.259µs | <: 3.659µs | <: 6.567µs | <: 8.882µs | <: 50.579µs | <: 110.624µs | <: 88.097µs | <: 1.817µs | <: 31.233µs | <: 14.281µs | <: 99.205µs | <: 21.872µs | <: 11.666µs | <: 6.616µs | <: 13.101µs | <: 21.292µs | <: 6.622µs | <: 142.193µs | <: 4.337µs | <: 19.692µs | <: 6.052µs | <: 9.555µs | <: 12.022µs | <: 4.17µs | <: 705.868µs | <: 3.575µs | <: 3.799µs | <: 4.484µs | <: 2.142696ms | <: 1.58565ms | <: 7.962µs | <: 390.912µs | <: 4.584µs | <: 320.702µs | <: 36.195µs | <: 387.479µs | <: 172.994µs | <: 5.484µs | <: 2.552µs | <: 2.524µs | <: 306.94µs | <: 16.823µs | <: 3.515µs | <: 585.788µs | <: 3.432µs | <: 6.834µs | <: 3.916µs | <: 3.384µs | <: 3.537µs | <: 8.15µs | <: 3.253µs | <: 689.399µs | <: 30.325µs | <: 22.939µs | <: 2.821401ms | <: 744.381µs | <: 2.187371ms | <: 747.87µs | <: 2.509155ms | bfses in 5.686036ms

averages: distance 4.280, diameter 15.000.
average of averages: distance 4.365, diameter 14.600.

*** iteration 6, batch size 60, remaining 869.
sampled in 4.865µs
<: 3.728µs | <: 4.69µs | <: 2.656µs | <: 19.241µs | <: 2.546µs | <: 5.052µs | <: 3.233µs | <: 4.124µs | <: 13.29µs | <: 158.562µs | <: 4.777µs | <: 3.262µs | <: 22.365µs | <: 16.219µs | <: 952.843µs | <: 9.908µs | <: 38.243µs | <: 7.947µs | <: 6.729µs | <: 7.105µs | <: 1.312859ms | <: 14.608µs | <: 340.207µs | <: 7.47µs | <: 5.175µs | <: 10.089µs | <: 30.655µs | <: 1.48871ms | <: 1.324015ms | <: 5.614µs | <: 12.112µs | <: 25.843µs | <: 1.870143ms | <: 6.287µs | <: 8.107µs | <: 6.654µs | <: 3.924µs | <: 15.783µs | <: 2.525988ms | <: 3.928µs | <: 7.04µs | <: 7.782µs | <: 4.005µs | <: 361.738µs | <: 31.832µs | <: 48.862µs | <: 7.5µs | <: 19.921µs | <: 9.623µs | <: 1.428475ms | <: 3.364µs | <: 97.969µs | <: 4.065µs | <: 42.294µs | <: 6.344µs | <: 175.895µs | <: 1.13563ms | <: 147.594µs | <: 1.392091ms | <: 1.525206ms | bfses in 7.199566ms

averages: distance 4.314, diameter 16.000.
average of averages: distance 4.356, diameter 14.833.

*** iteration 7, batch size 60, remaining 809.
sampled in 4.206µs
<: 7.057µs | <: 5.215µs | <: 111.488µs | <: 6.355µs | <: 4.541µs | <: 66.22µs | <: 55.783µs | <: 8.021µs | <: 6.596µs | <: 20.773µs | <: 34.895µs | <: 6.978µs | <: 6.338µs | <: 5.702µs | <: 6.138µs | <: 1.230225ms | <: 8.499µs | <: 624.855µs | <: 4.804µs | <: 637.469µs | <: 30.471µs | <: 279.894µs | <: 13.004µs | <: 6.768µs | <: 6.49µs | <: 4.553µs | <: 3.592µs | <: 2.634µs | <: 8.167µs | <: 5.794µs | <: 1.431637ms | <: 5.428µs | <: 1.695481ms | <: 4.575µs | <: 7.213µs | <: 13.55µs | <: 6.861µs | <: 8.259µs | <: 6.565µs | <: 17.725µs | <: 629.759µs | <: 4.29µs | <: 1.822078ms | <: 530.768µs | <: 7.056µs | <: 411.141µs | <: 2.899µs | <: 6.329µs | <: 311.953µs | <: 3.167µs | <: 14.173µs | <: 8.6µs | <: 4.944µs | <: 4.426µs | <: 3.547µs | <: 299.427µs | <: 19.321µs | <: 1.457497ms | <: 2.622003ms | <: 2.818514ms | bfses in 7.012131ms

averages: distance 4.205, diameter 15.000.
average of averages: distance 4.335, diameter 14.857.

*** iteration 8, batch size 60, remaining 749.
sampled in 3.067µs
<: 5.93µs | <: 6.124µs | <: 5.23µs | <: 92.594µs | <: 75.546µs | <: 5.042µs | <: 11.208µs | <: 75.191µs | <: 118.089µs | <: 12.664µs | <: 6.264µs | <: 8.243µs | <: 470.727µs | <: 9.04µs | <: 12.69µs | <: 4.189µs | <: 10.338µs | <: 11.934µs | <: 2.593µs | <: 8.599µs | <: 30.441µs | <: 3.93µs | <: 40.074µs | <: 3.528µs | <: 14.564µs | <: 6.202µs | <: 296.292µs | <: 7.904µs | <: 7.977µs | <: 10.815µs | <: 387.911µs | <: 5.888µs | <: 37.575µs | <: 5.913µs | <: 102.469µs | <: 6.622µs | <: 880.136µs | <: 37.848µs | <: 5.481µs | <: 295.42µs | <: 1.752118ms | <: 15.089µs | <: 3.805µs | <: 5.762µs | <: 404.439µs | <: 1.498834ms | <: 40.013µs | <: 1.345873ms | <: 7.06µs | <: 355.265µs | <: 4.989µs | <: 1.294016ms | <: 39.351µs | <: 626.542µs | <: 600.467µs | <: 94.375µs | <: 1.208269ms | <: 1.572902ms | <: 1.463664ms | <: 1.740646ms | bfses in 5.620934ms

averages: distance 4.890, diameter 15.000.
average of averages: distance 4.404, diameter 14.875.

*** iteration 9, batch size 60, remaining 689.
sampled in 2.503µs
<: 4.516µs | <: 4.365µs | <: 4.237µs | <: 6.203µs | <: 4.622µs | <: 4.3µs | <: 13.211µs | <: 196.399µs | <: 3.122µs | <: 6.932µs | <: 107.771µs | <: 246.036µs | <: 4.774µs | <: 5.857µs | <: 69.946µs | <: 37.968µs | <: 4.058µs | <: 179.469µs | <: 6.9µs | <: 6.956µs | <: 984.14µs | <: 25.46µs | <: 22.607µs | <: 4.601µs | <: 509.603µs | <: 28.962µs | <: 17.486µs | <: 13.623µs | <: 190.53µs | <: 60.999µs | <: 10.355µs | <: 7.688µs | <: 6.238µs | <: 9.533µs | <: 33.335µs | <: 900.938µs | <: 6.95µs | <: 3.454µs | <: 10.715µs | <: 1.824645ms | <: 4.972µs | <: 1.395696ms | <: 1.254617ms | <: 736.928µs | <: 3.448µs | <: 8.372µs | <: 3.717µs | <: 221.565µs | <: 4.19µs | <: 1.866031ms | <: 19.189µs | <: 6.151µs | <: 28.276µs | <: 11.194µs | <: 3.798µs | <: 4.25µs | <: 4.631µs | <: 6.354µs | <: 1.492243ms | <: 2.415175ms | bfses in 5.684063ms

averages: distance 4.669, diameter 15.000.
average of averages: distance 4.434, diameter 14.889.

*** iteration 10, batch size 60, remaining 629.
sampled in 2.507µs
<: 4.043µs | <: 3.498µs | <: 20.141µs | <: 15.583µs | <: 6.314µs | <: 5.384µs | <: 158.089µs | <: 5.634µs | <: 3.72µs | <: 4.211µs | <: 256.543µs | <: 3.636µs | <: 95.254µs | <: 3.431µs | <: 36.265µs | <: 269.375µs | <: 7.597µs | <: 4.298µs | <: 780.822µs | <: 4.759µs | <: 6.834µs | <: 5.734µs | <: 12.039µs | <: 1.265623ms | <: 4.717µs | <: 8.506µs | <: 5.039µs | <: 3.635µs | <: 49.091µs | <: 4.872µs | <: 27.753µs | <: 3.188µs | <: 52.904µs | <: 4.1µs | <: 8.194µs | <: 4.648µs | <: 4.112µs | <: 4.505µs | <: 2.997µs | <: 118.436µs | <: 6.055µs | <: 3.707µs | <: 3.831µs | <: 286.757µs | <: 19.491µs | <: 4.5µs | <: 5.509µs | <: 4.539µs | <: 4.378µs | <: 3.963µs | <: 23.186µs | <: 4.315µs | <: 6.261µs | <: 7.704µs | <: 71.86µs | <: 1.147209ms | <: 448.049µs | <: 139.318µs | <: 395.076µs | <: 2.345789ms | bfses in 4.801936ms

averages: distance 4.748, diameter 16.000.
average of averages: distance 4.465, diameter 15.000.

*** iteration 11, batch size 60, remaining 569.
sampled in 1.814µs
<: 4.013µs | <: 65.865µs | <: 3.444µs | <: 4.341µs | <: 7.999µs | <: 3.973µs | <: 111.326µs | <: 3.021µs | <: 28.92µs | <: 3.362µs | <: 4.399µs | <: 18.076µs | <: 4.432µs | <: 3.689µs | <: 3.863µs | <: 16.793µs | <: 15.33µs | <: 399.011µs | <: 3.187µs | <: 7.313µs | <: 5.209µs | <: 5.682µs | <: 286.543µs | <: 4.844µs | <: 39.397µs | <: 4.755µs | <: 3.67µs | <: 3.956µs | <: 6.45µs | <: 6.886µs | <: 5.858µs | <: 17.214µs | <: 353.891µs | <: 6.378µs | <: 27.99µs | <: 4.649µs | <: 1.714848ms | <: 3.753µs | <: 1.278413ms | <: 5.158µs | <: 7.195µs | <: 6.199µs | <: 12.414µs | <: 275.291µs | <: 5.501µs | <: 124.656µs | <: 6.379µs | <: 8.013µs | <: 547.988µs | <: 1.547703ms | <: 118.669µs | <: 12.786µs | <: 4.552µs | <: 1.047055ms | <: 968.303µs | <: 2.082454ms | <: 1.312737ms | <: 588.921µs | <: 1.663197ms | <: 1.390397ms | bfses in 4.592395ms

averages: distance 5.087, diameter 14.000.
average of averages: distance 4.522, diameter 14.909.

*** iteration 12, batch size 60, remaining 509.
sampled in 1.91µs
<: 5.167µs | <: 6.024µs | <: 19.183µs | <: 4.214µs | <: 7.02µs | <: 5.097µs | <: 4.691µs | <: 4.962µs | <: 202.242µs | <: 21.615µs | <: 11.131µs | <: 12.63µs | <: 4.736µs | <: 3.809µs | <: 17.856µs | <: 13.866µs | <: 326.627µs | <: 5.319µs | <: 16.858µs | <: 4.017µs | <: 5.84µs | <: 3.905µs | <: 6.686µs | <: 693.083µs | <: 3.813µs | <: 15.319µs | <: 279.736µs | <: 4.178µs | <: 21.891µs | <: 4.141µs | <: 75.952µs | <: 153.902µs | <: 3.021µs | <: 430.302µs | <: 11.713µs | <: 4.33µs | <: 289.619µs | <: 591.473µs | <: 3.628µs | <: 4.815µs | <: 1.42143ms | <: 12.271µs | <: 14.531µs | <: 21.184µs | <: 3.383µs | <: 4.42µs | <: 12.049µs | <: 5.353µs | <: 3.407µs | <: 3.605µs | <: 4.992µs | <: 8.461µs | <: 8.358µs | <: 3.88µs | <: 107.922µs | <: 4.494µs | <: 4.909µs | <: 1.149024ms | <: 17.21µs | <: 1.02748ms | bfses in 3.858821ms

averages: distance 5.216, diameter 14.000.
average of averages: distance 4.579, diameter 14.833.

*** iteration 13, batch size 60, remaining 449.
sampled in 1.623µs
<: 3.852µs | <: 3.799µs | <: 4.977µs | <: 5.087µs | <: 4.575µs | <: 3.97µs | <: 5.66µs | <: 5.528µs | <: 3.68µs | <: 3.013µs | <: 3.941µs | <: 5.712µs | <: 4.711µs | <: 5.497µs | <: 13.465µs | <: 134.036µs | <: 6.247µs | <: 716.733µs | <: 4.16µs | <: 205.479µs | <: 3.994µs | <: 132.826µs | <: 3.356µs | <: 3.849µs | <: 411.637µs | <: 67.384µs | <: 4.507µs | <: 86.005µs | <: 20.787µs | <: 4.12µs | <: 6.445µs | <: 5.319µs | <: 3.896µs | <: 11.256µs | <: 897.204µs | <: 3.543µs | <: 3.442µs | <: 17.61µs | <: 19.645µs | <: 487.618µs | <: 3.569µs | <: 16.539µs | <: 7.773µs | <: 614.538µs | <: 242.215µs | <: 35.027µs | <: 5.998µs | <: 5.031µs | <: 2.320437ms | <: 4.414µs | <: 6.53µs | <: 4.941µs | <: 5.127µs | <: 12.319µs | <: 5.521µs | <: 5.165µs | <: 13.378µs | <: 4.852µs | <: 5.83µs | <: 10.505µs | bfses in 3.557505ms

averages: distance 4.905, diameter 15.000.
average of averages: distance 4.604, diameter 14.846.

*** iteration 14, batch size 60, remaining 389.
sampled in 1.62µs
<: 5.202µs | <: 52.638µs | <: 4.084µs | <: 5.045µs | <: 104.877µs | <: 42.198µs | <: 5.609µs | <: 12.302µs | <: 28.096µs | <: 5.18µs | <: 3.56µs | <: 39.371µs | <: 248.501µs | <: 8.916µs | <: 266.882µs | <: 625.57µs | <: 6.195µs | <: 465.536µs | <: 8.748µs | <: 108.032µs | <: 16.118µs | <: 4.112µs | <: 3.861µs | <: 58.847µs | <: 32.886µs | <: 4.638µs | <: 7.844µs | <: 4.466µs | <: 19.361µs | <: 57.528µs | <: 185.147µs | <: 14.136µs | <: 14.554µs | <: 43.956µs | <: 5.634µs | <: 3.542µs | <: 18.9µs | <: 5.3µs | <: 3.799µs | <: 520.705µs | <: 614.326µs | <: 21.019µs | <: 5.128µs | <: 36.072µs | <: 3.717µs | <: 369.975µs | <: 2.794µs | <: 13.044µs | <: 3.568µs | <: 316.756µs | <: 1.92366ms | <: 77.041µs | <: 8.69µs | <: 7.065µs | <: 1.205446ms | <: 23.271µs | <: 1.024316ms | <: 10.839µs | <: 3.941µs | <: 2.391441ms | bfses in 6.009826ms

averages: distance 4.521, diameter 14.000.
average of averages: distance 4.598, diameter 14.786.

*** iteration 15, batch size 60, remaining 329.
sampled in 1.442µs
<: 3.929µs | <: 6.495µs | <: 3.083µs | <: 5.994µs | <: 15.786µs | <: 7.893µs | <: 6.006µs | <: 3.147µs | <: 3.832µs | <: 3.239µs | <: 211.413µs | <: 3.329µs | <: 31.465µs | <: 4.141µs | <: 278.233µs | <: 410.755µs | <: 11.086µs | <: 8.343µs | <: 32.806µs | <: 5.473µs | <: 572.261µs | <: 5.015µs | <: 12.179µs | <: 4.047µs | <: 5.984µs | <: 6.094µs | <: 53.179µs | <: 1.330436ms | <: 10.444µs | <: 20.797µs | <: 444.397µs | <: 3.863µs | <: 26.522µs | <: 3.454µs | <: 144.336µs | <: 1.987645ms | <: 49.378µs | <: 2.546µs | <: 12.454µs | <: 11.667µs | <: 1.009303ms | <: 4.394µs | <: 6.743µs | <: 149.515µs | <: 5.383µs | <: 115.584µs | <: 16.351µs | <: 180.838µs | <: 5.043µs | <: 6.228µs | <: 203.094µs | <: 21.101µs | <: 2.895µs | <: 1.666736ms | <: 125.978µs | <: 1.459638ms | <: 1.416133ms | <: 1.176391ms | <: 3.034949ms | <: 2.533687ms | bfses in 5.493514ms

averages: distance 4.127, diameter 14.000.
average of averages: distance 4.567, diameter 14.733.

*** iteration 16, batch size 60, remaining 269.
sampled in 1.808µs
<: 19.791µs | <: 21.32µs | <: 2.972µs | <: 6.576µs | <: 97.654µs | <: 47.339µs | <: 12.354µs | <: 4.716µs | <: 95.328µs | <: 153.107µs | <: 15.608µs | <: 7.321µs | <: 4.726µs | <: 4.996µs | <: 225.1µs | <: 242.386µs | <: 4.416µs | <: 370.105µs | <: 283.551µs | <: 4.89µs | <: 102.222µs | <: 155.483µs | <: 4.94µs | <: 933.374µs | <: 10.575µs | <: 3.296µs | <: 6.237µs | <: 22.685µs | <: 4.013µs | <: 103.538µs | <: 4.43µs | <: 71.315µs | <: 9.553µs | <: 3.586µs | <: 9.859µs | <: 3.294µs | <: 84.456µs | <: 17.56µs | <: 6.06µs | <: 5.325µs | <: 4.236µs | <: 3.23µs | <: 2.011629ms | <: 3.428µs | <: 3.272µs | <: 157.079µs | <: 3.891µs | <: 8.022µs | <: 7.017µs | <: 8.482µs | <: 7.417µs | <: 1.089789ms | <: 4.378µs | <: 85.67µs | <: 19.603µs | <: 1.419133ms | <: 626.484µs | <: 2.681649ms | <: 1.089839ms | <: 3.093859ms | bfses in 6.592832ms

averages: distance 4.237, diameter 14.000.
average of averages: distance 4.546, diameter 14.688.

*** iteration 17, batch size 60, remaining 209.
sampled in 4.391µs
<: 4.966µs | <: 5.404µs | <: 20.753µs | <: 20.011µs | <: 3.137µs | <: 5.984µs | <: 19.584µs | <: 3.167µs | <: 10.28µs | <: 462.173µs | <: 302.613µs | <: 17.707µs | <: 308.301µs | <: 6.768µs | <: 7.915µs | <: 3.423µs | <: 5.307µs | <: 3.608µs | <: 11.974µs | <: 4.217µs | <: 14.332µs | <: 3.713µs | <: 3.373µs | <: 2.843µs | <: 3.784µs | <: 287.449µs | <: 2.047428ms | <: 2.511µs | <: 4.434µs | <: 41.575µs | <: 149.389µs | <: 4.248µs | <: 296.165µs | <: 18.692µs | <: 17.501µs | <: 2.628368ms | <: 30.381µs | <: 157.833µs | <: 5.975µs | <: 2.725537ms | <: 493.99µs | <: 7.376µs | <: 8.725µs | <: 2.784µs | <: 2.665761ms | <: 2.584µs | <: 3.831µs | <: 12.937µs | <: 4.527µs | <: 2.734µs | <: 5.123µs | <: 26.331µs | <: 12.75µs | <: 1.033873ms | <: 3.084µs | <: 6.094µs | <: 5.537µs | <: 1.96033ms | <: 2.219064ms | <: 2.344497ms | bfses in 7.874052ms

averages: distance 3.708, diameter 14.000.
average of averages: distance 4.497, diameter 14.647.

*** iteration 18, batch size 60, remaining 149.
sampled in 4.027µs
<: 5.64µs | <: 77.116µs | <: 5.915µs | <: 3.978µs | <: 207.146µs | <: 5.044µs | <: 8.631µs | <: 3.41µs | <: 6.116µs | <: 6.353µs | <: 80.688µs | <: 4.006µs | <: 2.993µs | <: 99.32µs | <: 475.064µs | <: 58.639µs | <: 3.774µs | <: 366.007µs | <: 22.252µs | <: 111.641µs | <: 6.128µs | <: 7.297µs | <: 6.211µs | <: 70.485µs | <: 6.17µs | <: 3.997µs | <: 11.789µs | <: 5.873µs | <: 6.794µs | <: 4.48µs | <: 7.588µs | <: 10.549µs | <: 8.094µs | <: 3.871µs | <: 79.751µs | <: 205.751µs | <: 8.043µs | <: 160.637µs | <: 11.583µs | <: 4.868µs | <: 9.898µs | <: 36.121µs | <: 5.119µs | <: 161.749µs | <: 4.165µs | <: 292.584µs | <: 42.583µs | <: 196.739µs | <: 99.075µs | <: 35.944µs | <: 41.817µs | <: 117.518µs | <: 40.887µs | <: 5.332µs | <: 963.453µs | <: 5.303µs | <: 218.613µs | <: 15.781µs | <: 1.923626ms | <: 942.399µs | bfses in 4.670345ms

averages: distance 4.818, diameter 14.000.
average of averages: distance 4.515, diameter 14.611.

*** iteration 19, batch size 60, remaining 89.
sampled in 3.658µs
<: 15.98µs | <: 8.59µs | <: 4.225µs | <: 4.043µs | <: 7.59µs | <: 7.113µs | <: 9.537µs | <: 71.027µs | <: 6.608µs | <: 8.099µs | <: 3.195µs | <: 22.586µs | <: 6.495µs | <: 4.904µs | <: 689.216µs | <: 316.032µs | <: 537.327µs | <: 3.69µs | <: 4.883µs | <: 28.095µs | <: 7.018µs | <: 4.89µs | <: 6.796µs | <: 925.694µs | <: 4.244µs | <: 111.415µs | <: 62.477µs | <: 762.325µs | <: 3.06µs | <: 130.626µs | <: 3.937µs | <: 230.186µs | <: 4.687µs | <: 6.958µs | <: 65.418µs | <: 3.615µs | <: 4.976µs | <: 3.657µs | <: 719.216µs | <: 2.334626ms | <: 6.438µs | <: 4.039µs | <: 5.026µs | <: 5.789µs | <: 4.464µs | <: 10.187µs | <: 4.623µs | <: 4.881µs | <: 4.033µs | <: 11.268µs | <: 3.464µs | <: 5.69µs | <: 3.369µs | <: 919.716µs | <: 642.519µs | <: 5.24µs | <: 11.697µs | <: 2.291075ms | <: 421.983µs | <: 532.02µs | bfses in 4.455717ms

averages: distance 4.814, diameter 16.000.
average of averages: distance 4.531, diameter 14.684.

*** iteration 20, batch size 60, remaining 29.
sampled in 2.885µs
<: 4.15µs | <: 5.927µs | <: 7.618µs | <: 10.074µs | <: 186.612µs | <: 48.236µs | <: 17.067µs | <: 33.675µs | <: 6.242µs | <: 3.517µs | <: 4.085µs | <: 3.136µs | <: 54.275µs | <: 8.896µs | <: 785.025µs | <: 163.788µs | <: 85.829µs | <: 37.903µs | <: 972.392µs | <: 5.773µs | <: 4.043µs | <: 1.199426ms | <: 95.269µs | <: 170.161µs | <: 1.67241ms | <: 3.965µs | <: 120.505µs | <: 4.03µs | <: 4.284µs | <: 600.138µs | <: 2.035683ms | <: 11.101µs | <: 5.356µs | <: 1.865132ms | <: 22.138µs | <: 3.221µs | <: 1.082023ms | <: 343.316µs | <: 9.038µs | <: 4.688µs | <: 3.007µs | <: 3.783µs | <: 4.019µs | <: 2.555µs | <: 371.896µs | <: 89.893µs | <: 89.389µs | <: 5.974µs | <: 29.569µs | <: 2.338µs | <: 7.867µs | <: 675.244µs | <: 2.356µs | <: 4.023µs | <: 5.165µs | <: 950.698µs | <: 935.286µs | <: 3.29µs | <: 2.632849ms | <: 2.155393ms | bfses in 6.03129ms

averages: distance 4.487, diameter 17.000.
average of averages: distance 4.529, diameter 14.800.

*** iteration 21, batch size 29, remaining 0.
sampled in 1.527µs
<: 5.014µs | <: 3.544µs | <: 2.3µs | <: 87.285µs | <: 6.714µs | <: 84.847µs | <: 4.007µs | <: 7.59µs | <: 15.213µs | <: 265.791µs | <: 2.812µs | <: 262.899µs | <: 8.857µs | <: 9.389µs | <: 5.743µs | <: 5.82µs | <: 491.072µs | <: 528.408µs | <: 4.462µs | <: 4.052µs | <: 9.607µs | <: 9.867µs | <: 6.131µs | <: 4.573µs | <: 17.411µs | <: 3.403µs | <: 4.29µs | <: 494.773µs | <: 1.926976ms | bfses in 2.6825ms

averages: distance 4.883, diameter 14.000.
average of averages: distance 4.545, diameter 14.762.

Total time: 116.280283ms
