|V| = 281903, |E| = 2312497, |S| = 10, s = 1.

*** iteration 1, batch size 1, remaining 9.
>: 88.158762ms | sampled in 90.681171ms
<: 110.672869ms | bfses in 110.948282ms

averages: distance 0.000, diameter 142.000.
average of averages: distance 0.000037884 (norm 10.680), std NaN (norm NaN), diameter 142.000 (std NaN).

*** iteration 2, batch size 1, remaining 8.
>: 83.018441ms | sampled in 86.65572ms
<: 101.474559ms | bfses in 101.720742ms

averages: distance 0.000, diameter 141.000.
average of averages: distance 0.000036693 (norm 10.344), std 0.000001685 (norm 0.475), diameter 141.500 (std 0.707).

*** iteration 3, batch size 1, remaining 7.
>: 80.297256ms | sampled in 81.959349ms
<: 102.071821ms | bfses in 102.316999ms

averages: distance 0.000, diameter 141.000.
average of averages: distance 0.000036296 (norm 10.232), std 0.000001376 (norm 0.388), diameter 141.333 (std 0.577).

*** iteration 4, batch size 1, remaining 6.
>: 82.839945ms | sampled in 84.51018ms
<: 103.907338ms | bfses in 104.167746ms

averages: distance 0.000, diameter 144.000.
average of averages: distance 0.000037794 (norm 10.654), std 0.000003200 (norm 0.902), diameter 142.000 (std 1.414).

*** iteration 5, batch size 1, remaining 5.
>: 80.022059ms | sampled in 81.661062ms
<: 103.082299ms | bfses in 103.286477ms

averages: distance 0.000, diameter 146.000.
average of averages: distance 0.000040543 (norm 11.429), std 0.000006743 (norm 1.901), diameter 142.800 (std 2.168).

*** iteration 6, batch size 1, remaining 4.
>: 32.761µs | sampled in 616.065µs
<: 74.44µs | bfses in 354.537µs

averages: distance 0.000, diameter 49.000.
average of averages: distance 0.000047297 (norm 13.333), std 0.000017607 (norm 4.964), diameter 127.167 (std 38.343).

*** iteration 7, batch size 1, remaining 3.
>: 88.618572ms | sampled in 90.281278ms
<: 103.617926ms | bfses in 103.821828ms

averages: distance 0.000, diameter 145.000.
average of averages: distance 0.000046928 (norm 13.229), std 0.000016103 (norm 4.539), diameter 129.714 (std 35.645).

*** iteration 8, batch size 1, remaining 2.
>: 87.384515ms | sampled in 89.061903ms
<: 104.049881ms | bfses in 104.251917ms

averages: distance 0.000, diameter 144.000.
average of averages: distance 0.000046327 (norm 13.060), std 0.000015005 (norm 4.230), diameter 131.500 (std 33.385).

*** iteration 9, batch size 1, remaining 1.
>: 79.861142ms | sampled in 81.510827ms
<: 103.824968ms | bfses in 104.091709ms

averages: distance 0.000, diameter 144.000.
average of averages: distance 0.000046054 (norm 12.983), std 0.000014060 (norm 3.963), diameter 132.889 (std 31.506).

*** iteration 10, batch size 1, remaining 0.
>: 80.481054ms | sampled in 82.144025ms
<: 102.541509ms | bfses in 102.744847ms

averages: distance 0.000, diameter 143.000.
average of averages: distance 0.000045953 (norm 12.954), std 0.000013259 (norm 3.738), diameter 133.900 (std 29.875).

Total time: 1.707430096s
