|V| = 475, |E| = 13289, |S| = 10, s = 10.

*** iteration 1, batch size 10, remaining 9.
>: 993.016µs | >: 983.363µs | >: 986.491µs | >: 988.362µs | >: 1.006129ms | >: 972.604µs | >: 970.549µs | >: 973.17µs | >: 987.584µs | >: 988.28µs | sampled in 2.109036ms
<: 629.9µs | <: 881.331µs | <: 905.707µs | <: 862.679µs | <: 890.272µs | <: 876.988µs | <: 868.35µs | <: 895.96µs | <: 893.48µs | <: 881.905µs | bfses in 1.328427ms

averages: distance 0.005, diameter 5.000.
average of averages: distance 0.004975387 (norm 2.358), std NaN (norm NaN), diameter 5.000 (std NaN).

*** iteration 2, batch size 10, remaining 8.
>: 943.006µs | >: 940.008µs | >: 917.724µs | >: 949.677µs | >: 932.903µs | >: 964.702µs | >: 941.808µs | >: 951.374µs | >: 944.299µs | >: 952.577µs | sampled in 1.29987ms
<: 858.568µs | <: 856.643µs | <: 864.825µs | <: 867.068µs | <: 861.751µs | <: 848.427µs | <: 879.657µs | <: 880.18µs | <: 889.743µs | <: 905.314µs | bfses in 1.355423ms

averages: distance 0.005, diameter 5.000.
average of averages: distance 0.004885228 (norm 2.316), std 0.000127503 (norm 0.060), diameter 5.000 (std 0.000).

*** iteration 3, batch size 10, remaining 7.
>: 940.756µs | >: 955.815µs | >: 928.808µs | >: 961.244µs | >: 938.255µs | >: 930.136µs | >: 970.004µs | >: 955.4µs | >: 965.163µs | >: 959.746µs | sampled in 1.38506ms
<: 852.736µs | <: 845.093µs | <: 850.287µs | <: 845.358µs | <: 855.783µs | <: 849.721µs | <: 858.622µs | <: 858.148µs | <: 854.259µs | <: 885.771µs | bfses in 1.2795ms

averages: distance 0.005, diameter 5.000.
average of averages: distance 0.004930007 (norm 2.337), std 0.000118928 (norm 0.056), diameter 5.000 (std 0.000).

*** iteration 4, batch size 10, remaining 6.
>: 936.113µs | >: 924.207µs | >: 944.615µs | >: 933.175µs | >: 939.87µs | >: 928.317µs | >: 939.036µs | >: 931.763µs | >: 941.488µs | >: 952.521µs | sampled in 1.248559ms
<: 858.016µs | <: 857.843µs | <: 864.74µs | <: 853.277µs | <: 875.285µs | <: 863.288µs | <: 866.276µs | <: 863.361µs | <: 879.383µs | <: 1.091736ms | bfses in 1.367889ms

averages: distance 0.005, diameter 5.000.
average of averages: distance 0.004893005 (norm 2.319), std 0.000122090 (norm 0.058), diameter 5.000 (std 0.000).

*** iteration 5, batch size 10, remaining 5.
>: 527.078µs | >: 508.897µs | >: 517.622µs | >: 915.918µs | >: 930.127µs | >: 926.88µs | >: 921.631µs | >: 934.261µs | >: 944.374µs | >: 937.083µs | sampled in 1.249763ms
<: 469.356µs | <: 476.835µs | <: 469.192µs | <: 868.151µs | <: 859.049µs | <: 857.756µs | <: 878.787µs | <: 865.801µs | <: 876.733µs | <: 850.345µs | bfses in 1.199985ms

averages: distance 0.005, diameter 5.000.
average of averages: distance 0.004916153 (norm 2.330), std 0.000117723 (norm 0.056), diameter 5.000 (std 0.000).

*** iteration 6, batch size 10, remaining 4.
>: 829.886µs | >: 809.813µs | >: 980.878µs | >: 932.731µs | >: 971.598µs | >: 940.516µs | >: 820.137µs | >: 945.611µs | >: 940.041µs | >: 928.478µs | sampled in 1.247046ms
<: 470.293µs | <: 475.912µs | <: 477.94µs | <: 858.085µs | <: 903.104µs | <: 858.488µs | <: 853.267µs | <: 869.224µs | <: 906.78µs | <: 865.945µs | bfses in 1.21819ms

averages: distance 0.005, diameter 4.000.
average of averages: distance 0.004953298 (norm 2.348), std 0.000139160 (norm 0.066), diameter 4.833 (std 0.408).

*** iteration 7, batch size 10, remaining 3.
>: 567.146µs | >: 520.74µs | >: 516.03µs | >: 933.098µs | >: 922.038µs | >: 930.271µs | >: 927.186µs | >: 931.259µs | >: 940.312µs | >: 938.551µs | sampled in 1.240304ms
<: 470.368µs | <: 475.367µs | <: 472.631µs | <: 861.319µs | <: 854.783µs | <: 854.344µs | <: 852.611µs | <: 853.316µs | <: 856.516µs | <: 858.012µs | bfses in 1.20269ms

averages: distance 0.005, diameter 5.000.
average of averages: distance 0.004975580 (norm 2.358), std 0.000140048 (norm 0.066), diameter 4.857 (std 0.378).

*** iteration 8, batch size 10, remaining 2.
>: 932.712µs | >: 924.177µs | >: 967.796µs | >: 888.199µs | >: 952.931µs | >: 839.544µs | >: 922.874µs | >: 985.682µs | >: 954.056µs | >: 1.13025ms | sampled in 1.360414ms
<: 482.456µs | <: 573.478µs | <: 558.334µs | <: 865.216µs | <: 858.188µs | <: 779.633µs | <: 901.905µs | <: 868.299µs | <: 876.12µs | <: 867.71µs | bfses in 1.379492ms

averages: distance 0.005, diameter 5.000.
average of averages: distance 0.004970597 (norm 2.356), std 0.000130423 (norm 0.062), diameter 4.875 (std 0.354).

*** iteration 9, batch size 10, remaining 1.
>: 460.106µs | >: 356.472µs | >: 348.822µs | >: 330.428µs | >: 962.161µs | >: 956.358µs | >: 951.088µs | >: 1.028828ms | >: 948.758µs | >: 953.038µs | sampled in 1.457004ms
<: 312.788µs | <: 319.16µs | <: 401.351µs | <: 486.451µs | <: 881.266µs | <: 884.065µs | <: 924.113µs | <: 878.918µs | <: 924.432µs | <: 867.261µs | bfses in 1.450584ms

averages: distance 0.005, diameter 5.000.
average of averages: distance 0.004968658 (norm 2.355), std 0.000122138 (norm 0.058), diameter 4.889 (std 0.333).

*** iteration 10, batch size 10, remaining 0.
>: 428.169µs | >: 358.239µs | >: 332.997µs | >: 488.819µs | >: 955.335µs | >: 926.082µs | >: 965.163µs | >: 958.752µs | >: 956.722µs | >: 926.472µs | sampled in 1.295825ms
<: 427.144µs | <: 310.02µs | <: 315.436µs | <: 331.029µs | <: 881.158µs | <: 882.55µs | <: 875.785µs | <: 876.111µs | <: 882.76µs | <: 884.887µs | bfses in 1.379589ms

averages: distance 0.005, diameter 4.000.
average of averages: distance 0.004948279 (norm 2.345), std 0.000131959 (norm 0.063), diameter 4.800 (std 0.422).

Total time: 27.383514ms
