|V| = 475, |E| = 13289, |S| = 10, s = 1.

*** iteration 1, batch size 1, remaining 9.
>: 971.572µs | sampled in 1.129344ms
<: 919.146µs | bfses in 1.161128ms

averages: distance 0.005, diameter 5.000.
average of averages: distance 0.005350896 (norm 2.536), std NaN (norm NaN), diameter 5.000 (std NaN).

*** iteration 2, batch size 1, remaining 8.
>: 982.283µs | sampled in 1.142324ms
<: 869.374µs | bfses in 1.113379ms

averages: distance 0.005, diameter 4.000.
average of averages: distance 0.005118739 (norm 2.426), std 0.000328321 (norm 0.156), diameter 4.500 (std 0.707).

*** iteration 3, batch size 1, remaining 7.
>: 961.822µs | sampled in 1.118455ms
<: 890.118µs | bfses in 1.091635ms

averages: distance 0.005, diameter 5.000.
average of averages: distance 0.005059384 (norm 2.398), std 0.000253901 (norm 0.120), diameter 4.667 (std 0.577).

*** iteration 4, batch size 1, remaining 6.
>: 956.101µs | sampled in 1.116703ms
<: 884.541µs | bfses in 1.083817ms

averages: distance 0.004, diameter 5.000.
average of averages: distance 0.004895597 (norm 2.321), std 0.000387663 (norm 0.184), diameter 4.750 (std 0.500).

*** iteration 5, batch size 1, remaining 5.
>: 968.834µs | sampled in 1.103563ms
<: 884.084µs | bfses in 1.081246ms

averages: distance 0.005, diameter 4.000.
average of averages: distance 0.004979444 (norm 2.360), std 0.000384531 (norm 0.182), diameter 4.600 (std 0.548).

*** iteration 6, batch size 1, remaining 4.
>: 934.633µs | sampled in 1.00131ms
<: 870.015µs | bfses in 979.169µs

averages: distance 0.005, diameter 5.000.
average of averages: distance 0.004960210 (norm 2.351), std 0.000347147 (norm 0.165), diameter 4.667 (std 0.516).

*** iteration 7, batch size 1, remaining 3.
>: 928.983µs | sampled in 996.059µs
<: 861.103µs | bfses in 976.478µs

averages: distance 0.005, diameter 5.000.
average of averages: distance 0.004965791 (norm 2.354), std 0.000317244 (norm 0.150), diameter 4.714 (std 0.488).

*** iteration 8, batch size 1, remaining 2.
>: 971.358µs | sampled in 1.116204ms
<: 880.592µs | bfses in 1.09312ms

averages: distance 0.004, diameter 4.000.
average of averages: distance 0.004802057 (norm 2.276), std 0.000548394 (norm 0.260), diameter 4.625 (std 0.518).

*** iteration 9, batch size 1, remaining 1.
>: 945.391µs | sampled in 1.111301ms
<: 846.715µs | bfses in 944.045µs

averages: distance 0.005, diameter 4.000.
average of averages: distance 0.004769375 (norm 2.261), std 0.000522262 (norm 0.248), diameter 4.556 (std 0.527).

*** iteration 10, batch size 1, remaining 0.
>: 920.678µs | sampled in 986.604µs
<: 855.519µs | bfses in 971.349µs

averages: distance 0.005, diameter 4.000.
average of averages: distance 0.004767572 (norm 2.260), std 0.000492426 (norm 0.233), diameter 4.500 (std 0.527).

Total time: 21.558527ms
