|V| = 2001, |E| = 2000, |S| = 1382, s = 32.

*** iteration 1, batch size 32, remaining 1350.
>: 799.544µs | >: 742.105µs | >: 1.189579ms | >: 1.430491ms | >: 1.692647ms | >: 2.028544ms | >: 1.923605ms | >: 1.951106ms | >: 1.793653ms | >: 262.162µs | >: 1.621192ms | >: 2.716007ms | >: 3.04505ms | >: 1.839209ms | >: 209.97µs | >: 925.955µs | >: 4.08705ms | >: 48.493µs | >: 2.109792ms | >: 307.503µs | >: 5.065787ms | >: 5.960279ms | >: 4.883532ms | >: 4.596202ms | >: 7.201016ms | >: 7.434514ms | >: 7.768614ms | >: 6.826138ms | >: 5.312332ms | >: 5.054009ms | >: 9.013899ms | >: 14.023691ms | sampled in 14.28327ms

*** iteration 2, batch size 32, remaining 1318.
>: 624.192µs | >: 1.055385ms | >: 1.703224ms | >: 2.253495ms | >: 2.589231ms | >: 3.064363ms | >: 1.920457ms | >: 1.037451ms | >: 3.432652ms | >: 371.395µs | >: 716.653µs | >: 4.771548ms | >: 1.356614ms | >: 1.664452ms | >: 4.980052ms | >: 2.185859ms | >: 5.501915ms | >: 823.678µs | >: 2.56107ms | >: 5.539491ms | >: 5.623214ms | >: 3.756706ms | >: 5.803224ms | >: 6.249734ms | >: 6.851844ms | >: 7.030922ms | >: 2.278111ms | >: 2.012053ms | >: 7.538984ms | >: 8.587133ms | >: 4.025875ms | >: 3.671308ms | sampled in 9.459277ms

*** iteration 3, batch size 32, remaining 1286.
>: 251.837µs | >: 505.695µs | >: 788.501µs | >: 697.738µs | >: 1.152591ms | >: 2.266107ms | >: 2.298801ms | >: 2.382679ms | >: 2.407234ms | >: 3.517468ms | >: 1.305563ms | >: 4.757481ms | >: 4.921799ms | >: 5.121585ms | >: 2.277958ms | >: 2.250613ms | >: 598.026µs | >: 1.170512ms | >: 95.086µs | >: 4.779414ms | >: 6.11178ms | >: 314.307µs | >: 4.210911ms | >: 3.432515ms | >: 7.457155ms | >: 8.633069ms | >: 8.748433ms | >: 9.08049ms | >: 10.638307ms | >: 7.921051ms | >: 7.743614ms | >: 9.614168ms | sampled in 14.609351ms

*** iteration 4, batch size 32, remaining 1254.
>: 344.507µs | >: 540.928µs | >: 577.871µs | >: 442.277µs | >: 9.277µs | >: 1.154041ms | >: 172.438µs | >: 1.483833ms | >: 400.071µs | >: 2.141632ms | >: 2.268538ms | >: 458.87µs | >: 174.981µs | >: 3.016509ms | >: 3.427319ms | >: 534.732µs | >: 280.994µs | >: 3.987371ms | >: 1.783264ms | >: 190.956µs | >: 1.762677ms | >: 5.802676ms | >: 6.013533ms | >: 6.112191ms | >: 6.113439ms | >: 1.066536ms | >: 2.408983ms | >: 6.604044ms | >: 6.618152ms | >: 4.554586ms | >: 6.700274ms | >: 11.288918ms | sampled in 11.496483ms

*** iteration 5, batch size 32, remaining 1222.
>: 87.363µs | >: 727.035µs | >: 1.504881ms | >: 1.905571ms | >: 770.561µs | >: 2.258293ms | >: 2.386427ms | >: 1.971085ms | >: 3.15451ms | >: 1.400504ms | >: 3.289324ms | >: 1.184839ms | >: 5.301781ms | >: 5.497294ms | >: 2.464695ms | >: 5.643469ms | >: 6.971865ms | >: 7.464158ms | >: 2.780641ms | >: 3.599464ms | >: 4.537751ms | >: 5.773582ms | >: 8.850293ms | >: 9.586056ms | >: 9.732185ms | >: 2.395721ms | >: 6.822305ms | >: 10.693861ms | >: 7.050278ms | >: 9.000001ms | >: 7.164159ms | >: 11.999761ms | sampled in 17.501295ms

*** iteration 6, batch size 32, remaining 1190.
>: 494.494µs | >: 649.345µs | >: 1.452211ms | >: 1.332118ms | >: 2.214399ms | >: 2.101403ms | >: 2.913384ms | >: 2.880485ms | >: 3.502281ms | >: 2.095126ms | >: 3.849503ms | >: 5.422934ms | >: 2.763018ms | >: 3.294577ms | >: 6.456166ms | >: 1.529496ms | >: 7.233975ms | >: 1.938334ms | >: 4.322987ms | >: 447.055µs | >: 4.938925ms | >: 6.576311ms | >: 8.691851ms | >: 8.109366ms | >: 9.42181ms | >: 9.96795ms | >: 10.280691ms | >: 3.370418ms | >: 9.775685ms | >: 11.939382ms | >: 8.529042ms | >: 12.355544ms | sampled in 12.750011ms

*** iteration 7, batch size 32, remaining 1158.
>: 84.94µs | >: 841.257µs | >: 825.327µs | >: 1.40998ms | >: 1.601867ms | >: 1.855888ms | >: 457.694µs | >: 728.772µs | >: 1.042535ms | >: 801.957µs | >: 1.915487ms | >: 2.882419ms | >: 294.734µs | >: 3.473151ms | >: 430.961µs | >: 3.908341ms | >: 468.369µs | >: 1.61793ms | >: 4.813806ms | >: 2.229004ms | >: 3.094479ms | >: 5.158261ms | >: 6.025069ms | >: 2.163337ms | >: 6.848128ms | >: 4.69565ms | >: 8.092329ms | >: 3.489363ms | >: 5.549422ms | >: 5.638635ms | >: 10.595342ms | >: 12.102077ms | sampled in 12.250631ms

*** iteration 8, batch size 32, remaining 1126.
>: 1.681624ms | >: 1.313068ms | >: 2.895456ms | >: 4.20385ms | >: 4.228334ms | >: 4.150671ms | >: 1.533516ms | >: 4.623944ms | >: 620.928µs | >: 5.895257ms | >: 6.581277ms | >: 6.788178ms | >: 7.147281ms | >: 7.318524ms | >: 3.181852ms | >: 8.109786ms | >: 1.633426ms | >: 8.511828ms | >: 1.701804ms | >: 8.681923ms | >: 1.403943ms | >: 9.557835ms | >: 5.125749ms | >: 1.490988ms | >: 2.057133ms | >: 3.312819ms | >: 2.447372ms | >: 6.485663ms | >: 11.004834ms | >: 3.88316ms | >: 12.828318ms | >: 12.064771ms | sampled in 14.127967ms

*** iteration 9, batch size 32, remaining 1094.
>: 90.763µs | >: 1.414573ms | >: 1.44706ms | >: 2.236816ms | >: 2.324826ms | >: 834.367µs | >: 2.714414ms | >: 2.905613ms | >: 3.091951ms | >: 3.218504ms | >: 3.110999ms | >: 3.423125ms | >: 488.199µs | >: 424.831µs | >: 381.605µs | >: 3.80731ms | >: 1.010519ms | >: 4.329773ms | >: 461.886µs | >: 620.424µs | >: 4.751207ms | >: 81.065µs | >: 3.904115ms | >: 3.503728ms | >: 3.318888ms | >: 3.725664ms | >: 2.189569ms | >: 6.109913ms | >: 2.892949ms | >: 7.193394ms | >: 5.792706ms | >: 4.653961ms | sampled in 9.582588ms

*** iteration 10, batch size 32, remaining 1062.
>: 57.034µs | >: 571.185µs | >: 626.619µs | >: 1.490052ms | >: 144.16µs | >: 2.680594ms | >: 3.28785ms | >: 3.611696ms | >: 3.6018ms | >: 3.966768ms | >: 4.044039ms | >: 4.371944ms | >: 4.600644ms | >: 351.102µs | >: 2.045893ms | >: 5.475573ms | >: 5.587141ms | >: 5.994086ms | >: 2.50003ms | >: 6.894643ms | >: 1.483633ms | >: 7.143233ms | >: 1.260484ms | >: 7.716723ms | >: 3.529496ms | >: 7.661ms | >: 5.214982ms | >: 2.499487ms | >: 3.732606ms | >: 2.028187ms | >: 2.972102ms | >: 8.157996ms | sampled in 12.244223ms

*** iteration 11, batch size 32, remaining 1030.
>: 878.202µs | >: 2.062136ms | >: 1.840896ms | >: 2.898631ms | >: 1.113498ms | >: 1.51804ms | >: 3.73857ms | >: 3.483826ms | >: 3.043098ms | >: 524.493µs | >: 1.759404ms | >: 4.519458ms | >: 2.750647ms | >: 4.022486ms | >: 4.956489ms | >: 61.399µs | >: 3.323067ms | >: 868.343µs | >: 913.335µs | >: 1.5715ms | >: 5.763203ms | >: 901.919µs | >: 5.994047ms | >: 6.312595ms | >: 2.386437ms | >: 7.610002ms | >: 4.786968ms | >: 4.098914ms | >: 3.016946ms | >: 3.78881ms | >: 4.436905ms | >: 10.809962ms | sampled in 11.035156ms

*** iteration 12, batch size 32, remaining 998.
>: 180.218µs | >: 439.524µs | >: 1.071413ms | >: 1.060222ms | >: 98.334µs | >: 1.752321ms | >: 1.488814ms | >: 2.851669ms | >: 2.177531ms | >: 2.917785ms | >: 3.318056ms | >: 626.991µs | >: 3.547984ms | >: 4.570122ms | >: 4.893169ms | >: 5.097045ms | >: 5.421171ms | >: 414.856µs | >: 3.260601ms | >: 605.467µs | >: 632.773µs | >: 4.071294ms | >: 7.132073ms | >: 2.170753ms | >: 7.725028ms | >: 7.27562ms | >: 3.122026ms | >: 4.897197ms | >: 4.924796ms | >: 6.520706ms | >: 8.165008ms | >: 4.99995ms | sampled in 10.624482ms

*** iteration 13, batch size 32, remaining 966.
>: 412.731µs | >: 153.534µs | >: 972.035µs | >: 925.201µs | >: 1.894047ms | >: 2.46366ms | >: 1.32847ms | >: 1.731163ms | >: 2.907934ms | >: 745.45µs | >: 983.73µs | >: 3.704333ms | >: 3.70678ms | >: 791.554µs | >: 4.300112ms | >: 3.241019ms | >: 1.029472ms | >: 121.584µs | >: 2.657725ms | >: 1.870857ms | >: 1.084212ms | >: 5.956049ms | >: 6.0198ms | >: 2.36794ms | >: 993.636µs | >: 2.376441ms | >: 7.344985ms | >: 3.894172ms | >: 9.900131ms | >: 10.074289ms | >: 10.682908ms | >: 11.267232ms | sampled in 11.714537ms

*** iteration 14, batch size 32, remaining 934.
>: 483.247µs | >: 638.062µs | >: 891.423µs | >: 176.402µs | >: 1.723456ms | >: 1.870719ms | >: 2.045916ms | >: 2.009003ms | >: 1.477538ms | >: 527.785µs | >: 2.716098ms | >: 2.956166ms | >: 1.378267ms | >: 4.032669ms | >: 4.373403ms | >: 3.094552ms | >: 3.741032ms | >: 4.687635ms | >: 4.579553ms | >: 413.493µs | >: 1.784563ms | >: 1.495789ms | >: 6.193412ms | >: 9.104653ms | >: 5.36715ms | >: 10.194792ms | >: 11.213845ms | >: 4.728406ms | >: 11.823416ms | >: 12.289167ms | >: 15.01236ms | >: 15.554766ms | sampled in 15.733087ms

*** iteration 15, batch size 32, remaining 902.
>: 304.365µs | >: 2.813817ms | >: 3.035713ms | >: 2.954282ms | >: 3.704006ms | >: 3.876873ms | >: 4.520978ms | >: 51.762µs | >: 4.876113ms | >: 1.716057ms | >: 2.059632ms | >: 1.813144ms | >: 344.793µs | >: 3.334751ms | >: 1.265221ms | >: 3.790189ms | >: 6.309885ms | >: 6.56369ms | >: 6.911953ms | >: 7.041353ms | >: 8.584414ms | >: 9.195628ms | >: 7.465626ms | >: 3.611128ms | >: 9.919157ms | >: 5.734013ms | >: 10.249621ms | >: 10.767177ms | >: 11.15654ms | >: 11.417768ms | >: 12.796717ms | >: 17.327055ms | sampled in 23.100057ms

*** iteration 16, batch size 32, remaining 870.
>: 304.436µs | >: 779.84µs | >: 890.029µs | >: 1.140195ms | >: 293.484µs | >: 2.057945ms | >: 1.788403ms | >: 2.240004ms | >: 1.855392ms | >: 1.569334ms | >: 2.831685ms | >: 1.528636ms | >: 3.712307ms | >: 316.776µs | >: 4.190039ms | >: 1.29566ms | >: 4.243088ms | >: 1.056556ms | >: 5.384404ms | >: 2.14414ms | >: 6.233432ms | >: 6.787712ms | >: 6.928087ms | >: 4.18527ms | >: 5.022152ms | >: 5.433481ms | >: 9.920878ms | >: 9.852415ms | >: 10.235737ms | >: 7.862081ms | >: 9.506195ms | >: 15.397507ms | sampled in 15.593812ms

*** iteration 17, batch size 32, remaining 838.
>: 455.799µs | >: 490.307µs | >: 328.112µs | >: 959.883µs | >: 881.973µs | >: 1.790233ms | >: 1.610546ms | >: 1.732148ms | >: 2.25757ms | >: 2.36351ms | >: 893.042µs | >: 1.368134ms | >: 1.203718ms | >: 1.719119ms | >: 3.923014ms | >: 4.184339ms | >: 4.765553ms | >: 2.432788ms | >: 127.779µs | >: 5.913495ms | >: 1.591954ms | >: 1.260633ms | >: 3.122522ms | >: 6.538173ms | >: 6.017185ms | >: 4.805074ms | >: 7.987314ms | >: 8.317398ms | >: 7.030939ms | >: 8.559867ms | >: 5.587135ms | >: 11.227556ms | sampled in 11.391613ms

*** iteration 18, batch size 32, remaining 806.
>: 836.696µs | >: 1.002483ms | >: 892.208µs | >: 291.233µs | >: 2.210613ms | >: 2.113435ms | >: 3.163463ms | >: 133.385µs | >: 4.226517ms | >: 4.890183ms | >: 6.141585ms | >: 6.326826ms | >: 6.587907ms | >: 754.305µs | >: 7.283292ms | >: 7.463259ms | >: 5.539694ms | >: 8.198329ms | >: 4.005495ms | >: 3.113621ms | >: 8.144624ms | >: 4.106907ms | >: 2.942688ms | >: 3.16832ms | >: 9.069396ms | >: 1.771676ms | >: 2.819651ms | >: 5.143297ms | >: 8.654347ms | >: 12.144859ms | >: 13.79274ms | >: 10.88787ms | sampled in 14.369909ms

*** iteration 19, batch size 32, remaining 774.
>: 46.388µs | >: 1.138579ms | >: 1.255078ms | >: 19.137µs | >: 1.838565ms | >: 1.846249ms | >: 2.669375ms | >: 3.53611ms | >: 4.426557ms | >: 4.521358ms | >: 4.947816ms | >: 3.200841ms | >: 5.334139ms | >: 664.089µs | >: 5.784025ms | >: 3.488392ms | >: 642.087µs | >: 6.690482ms | >: 7.005185ms | >: 7.557493ms | >: 795.726µs | >: 7.818334ms | >: 8.019404ms | >: 3.434655ms | >: 8.875167ms | >: 5.037816ms | >: 3.864559ms | >: 6.024434ms | >: 3.582948ms | >: 5.883644ms | >: 13.20032ms | >: 8.972005ms | sampled in 13.692988ms

*** iteration 20, batch size 32, remaining 742.
>: 54.176µs | >: 204.033µs | >: 841.968µs | >: 856.448µs | >: 1.628469ms | >: 1.671403ms | >: 1.838564ms | >: 2.110716ms | >: 684.519µs | >: 2.373321ms | >: 3.087753ms | >: 3.534446ms | >: 1.964816ms | >: 1.746326ms | >: 3.619302ms | >: 3.635888ms | >: 1.415121ms | >: 670.42µs | >: 6.278589ms | >: 1.386674ms | >: 1.592219ms | >: 6.839431ms | >: 2.792517ms | >: 971.496µs | >: 7.793983ms | >: 7.878552ms | >: 3.938707ms | >: 7.779731ms | >: 8.884951ms | >: 5.582709ms | >: 4.925648ms | >: 9.281578ms | sampled in 11.846247ms

*** iteration 21, batch size 32, remaining 710.
>: 311.725µs | >: 952.772µs | >: 1.545154ms | >: 1.617768ms | >: 2.424783ms | >: 3.133639ms | >: 2.844534ms | >: 1.685692ms | >: 232.624µs | >: 3.785082ms | >: 2.235171ms | >: 3.934534ms | >: 1.110572ms | >: 4.739618ms | >: 158.895µs | >: 2.231339ms | >: 2.664104ms | >: 2.587652ms | >: 6.504888ms | >: 7.29628ms | >: 3.343239ms | >: 8.455065ms | >: 9.234038ms | >: 8.945412ms | >: 9.498627ms | >: 9.736085ms | >: 9.452511ms | >: 5.320445ms | >: 4.35999ms | >: 10.426486ms | >: 11.116178ms | >: 6.885002ms | sampled in 13.400769ms

*** iteration 22, batch size 32, remaining 678.
>: 278.657µs | >: 246.548µs | >: 2.023497ms | >: 2.003306ms | >: 863.332µs | >: 2.964238ms | >: 3.316598ms | >: 3.089498ms | >: 3.481902ms | >: 3.547832ms | >: 168.274µs | >: 3.895524ms | >: 3.715124ms | >: 425.579µs | >: 4.253129ms | >: 4.292886ms | >: 4.305824ms | >: 4.234603ms | >: 491.559µs | >: 4.396974ms | >: 2.614071ms | >: 4.772765ms | >: 4.807497ms | >: 899.576µs | >: 2.016194ms | >: 1.182593ms | >: 1.475307ms | >: 5.472477ms | >: 2.189622ms | >: 5.545145ms | >: 6.370393ms | >: 5.090231ms | sampled in 8.21903ms

*** iteration 23, batch size 32, remaining 646.
>: 23.244µs | >: 873.264µs | >: 1.200623ms | >: 1.209219ms | >: 5.649549ms | >: 5.675566ms | >: 77.264µs | >: 1.397974ms | >: 152.537µs | >: 349.042µs | >: 3.830219ms | >: 50.442µs | >: 3.013277ms | >: 5.868963ms | >: 3.653597ms | >: 1.086602ms | >: 4.156044ms | >: 789.947µs | >: 2.841386ms | >: 2.050788ms | >: 3.907731ms | >: 3.464393ms | >: 2.71482ms | >: 2.373733ms | >: 3.480934ms | >: 4.827391ms | >: 6.409666ms | >: 6.468919ms | >: 3.81468ms | >: 6.897002ms | >: 7.504151ms | >: 10.308798ms | sampled in 10.536416ms

*** iteration 24, batch size 32, remaining 614.
>: 206.479µs | >: 1.046787ms | >: 1.726839ms | >: 2.872945ms | >: 2.990172ms | >: 1.418525ms | >: 222.26µs | >: 3.793263ms | >: 5.577049ms | >: 5.731331ms | >: 6.057638ms | >: 5.868779ms | >: 157.702µs | >: 598.211µs | >: 6.938183ms | >: 7.092526ms | >: 3.22166ms | >: 7.198443ms | >: 239.631µs | >: 1.589918ms | >: 8.53836ms | >: 768.096µs | >: 9.110635ms | >: 9.842776ms | >: 2.637939ms | >: 10.360332ms | >: 2.805866ms | >: 9.18647ms | >: 8.726565ms | >: 12.131915ms | >: 13.136026ms | >: 13.696985ms | sampled in 13.918046ms

*** iteration 25, batch size 32, remaining 582.
>: 582.492µs | >: 1.067866ms | >: 1.105944ms | >: 1.367179ms | >: 404.896µs | >: 2.291773ms | >: 1.389576ms | >: 3.444128ms | >: 99.132µs | >: 1.349744ms | >: 3.902829ms | >: 114.659µs | >: 4.158823ms | >: 4.355946ms | >: 4.427732ms | >: 75.381µs | >: 2.709916ms | >: 5.032177ms | >: 526.867µs | >: 5.744724ms | >: 1.15826ms | >: 1.827431ms | >: 6.542308ms | >: 3.105804ms | >: 7.520622ms | >: 4.57047ms | >: 7.386753ms | >: 5.537414ms | >: 9.085855ms | >: 5.52149ms | >: 12.079467ms | >: 17.081573ms | sampled in 17.395987ms

*** iteration 26, batch size 32, remaining 550.
>: 1.293472ms | >: 1.768123ms | >: 1.661381ms | >: 1.889201ms | >: 2.429039ms | >: 908.44µs | >: 3.67329ms | >: 1.652636ms | >: 4.440514ms | >: 4.844923ms | >: 1.888748ms | >: 4.071381ms | >: 5.979871ms | >: 7.195649ms | >: 5.629761ms | >: 3.577252ms | >: 195.468µs | >: 5.422252ms | >: 372.26µs | >: 1.454791ms | >: 7.727676ms | >: 4.041767ms | >: 4.71403ms | >: 10.348365ms | >: 6.917005ms | >: 10.542801ms | >: 11.275272ms | >: 7.412923ms | >: 13.230464ms | >: 13.612516ms | >: 14.334713ms | >: 15.068611ms | sampled in 15.290979ms

*** iteration 27, batch size 32, remaining 518.
>: 112.334µs | >: 555.639µs | >: 982.852µs | >: 1.075214ms | >: 2.906655ms | >: 2.977888ms | >: 2.822471ms | >: 1.680289ms | >: 420.975µs | >: 4.237159ms | >: 3.265396ms | >: 4.307855ms | >: 4.793619ms | >: 1.827065ms | >: 846.522µs | >: 5.052488ms | >: 2.251477ms | >: 1.844127ms | >: 1.377201ms | >: 4.35112ms | >: 494.654µs | >: 2.780326ms | >: 3.309536ms | >: 7.679574ms | >: 3.401624ms | >: 8.802571ms | >: 4.469238ms | >: 9.310495ms | >: 4.024224ms | >: 7.148739ms | >: 12.73701ms | >: 13.233742ms | sampled in 13.312012ms

*** iteration 28, batch size 32, remaining 486.
>: 247.863µs | >: 882.282µs | >: 297.906µs | >: 1.099472ms | >: 1.174117ms | >: 1.702815ms | >: 618.902µs | >: 1.271986ms | >: 2.977882ms | >: 3.133029ms | >: 1.317256ms | >: 3.095069ms | >: 3.390225ms | >: 539.987µs | >: 316.615µs | >: 2.297672ms | >: 841.368µs | >: 722.747µs | >: 4.422618ms | >: 5.217801ms | >: 5.596463ms | >: 4.459111ms | >: 366.45µs | >: 6.328885ms | >: 2.801141ms | >: 2.861914ms | >: 7.666172ms | >: 6.045566ms | >: 8.44918ms | >: 5.675521ms | >: 10.033696ms | >: 10.071543ms | sampled in 10.294713ms

*** iteration 29, batch size 32, remaining 454.
>: 89.946µs | >: 236.098µs | >: 135.744µs | >: 430.487µs | >: 894.282µs | >: 121.615µs | >: 1.895635ms | >: 1.831789ms | >: 1.471263ms | >: 1.506981ms | >: 1.169909ms | >: 3.840798ms | >: 3.955451ms | >: 4.184032ms | >: 4.643119ms | >: 1.02856ms | >: 5.187365ms | >: 5.5662ms | >: 5.791442ms | >: 1.957535ms | >: 6.001461ms | >: 3.623862ms | >: 3.479006ms | >: 2.786644ms | >: 2.388738ms | >: 5.051642ms | >: 7.527039ms | >: 4.521129ms | >: 3.902044ms | >: 3.760189ms | >: 6.914339ms | >: 9.859693ms | sampled in 9.970717ms

*** iteration 30, batch size 32, remaining 422.
>: 335.795µs | >: 443.724µs | >: 865.542µs | >: 732.328µs | >: 1.81067ms | >: 1.420436ms | >: 3.164981ms | >: 1.969488ms | >: 3.913728ms | >: 4.217194ms | >: 4.511595ms | >: 4.820898ms | >: 799.503µs | >: 5.382818ms | >: 89.109µs | >: 1.99126ms | >: 6.37627ms | >: 3.394194ms | >: 6.703016ms | >: 6.98031ms | >: 548.629µs | >: 1.603465ms | >: 6.944294ms | >: 7.281413ms | >: 4.879852ms | >: 1.519632ms | >: 8.575695ms | >: 9.41719ms | >: 5.101607ms | >: 9.970152ms | >: 8.298057ms | >: 13.688102ms | sampled in 13.87615ms

*** iteration 31, batch size 32, remaining 390.
>: 102.171µs | >: 428.538µs | >: 508.442µs | >: 791.062µs | >: 1.217219ms | >: 1.302349ms | >: 470.027µs | >: 1.926085ms | >: 1.304619ms | >: 3.057666ms | >: 2.562095ms | >: 1.103347ms | >: 171.56µs | >: 1.187666ms | >: 3.550307ms | >: 5.266889ms | >: 6.296214ms | >: 819.688µs | >: 2.548197ms | >: 3.857365ms | >: 1.357798ms | >: 2.863627ms | >: 7.119563ms | >: 7.830497ms | >: 3.15603ms | >: 7.348787ms | >: 6.694414ms | >: 3.664885ms | >: 3.775413ms | >: 10.654505ms | >: 12.381942ms | >: 15.196104ms | sampled in 15.286192ms

*** iteration 32, batch size 32, remaining 358.
>: 216.251µs | >: 457.445µs | >: 1.011316ms | >: 1.15901ms | >: 935.138µs | >: 1.665181ms | >: 180.925µs | >: 2.409753ms | >: 1.909688ms | >: 2.456108ms | >: 2.527701ms | >: 1.916169ms | >: 788.115µs | >: 3.632199ms | >: 3.895279ms | >: 99.766µs | >: 83.485µs | >: 370.615µs | >: 3.067794ms | >: 5.945428ms | >: 2.542629ms | >: 6.212148ms | >: 7.942236ms | >: 8.220347ms | >: 4.87645ms | >: 8.59417ms | >: 6.423473ms | >: 8.953277ms | >: 10.027451ms | >: 10.680133ms | >: 8.508253ms | >: 6.28946ms | sampled in 11.808002ms

*** iteration 33, batch size 32, remaining 326.
>: 90.219µs | >: 540.957µs | >: 414.604µs | >: 698.271µs | >: 895.603µs | >: 923.378µs | >: 1.122224ms | >: 31.767µs | >: 2.314784ms | >: 2.82508ms | >: 93.207µs | >: 2.866833ms | >: 540.658µs | >: 57.454µs | >: 3.23096ms | >: 4.783118ms | >: 4.818185ms | >: 5.646368ms | >: 299.525µs | >: 6.294885ms | >: 1.763759ms | >: 6.687747ms | >: 6.870483ms | >: 6.53956ms | >: 2.402166ms | >: 3.589509ms | >: 8.438963ms | >: 4.867723ms | >: 4.989048ms | >: 8.585618ms | >: 10.527585ms | >: 8.652361ms | sampled in 11.877799ms

*** iteration 34, batch size 32, remaining 294.
>: 127.847µs | >: 221.712µs | >: 302.997µs | >: 597.979µs | >: 864.726µs | >: 1.001866ms | >: 1.071191ms | >: 894.774µs | >: 1.057677ms | >: 483.764µs | >: 2.475729ms | >: 2.383923ms | >: 2.946379ms | >: 3.007431ms | >: 3.325311ms | >: 1.749503ms | >: 672.512µs | >: 1.26211ms | >: 533.624µs | >: 2.595774ms | >: 1.026955ms | >: 5.010985ms | >: 1.48075ms | >: 4.49316ms | >: 1.767621ms | >: 4.768422ms | >: 6.344258ms | >: 4.431049ms | >: 5.814475ms | >: 8.541699ms | >: 8.323999ms | >: 5.956613ms | sampled in 9.216926ms

*** iteration 35, batch size 32, remaining 262.
>: 310.927µs | >: 598.148µs | >: 1.156594ms | >: 1.395374ms | >: 1.621059ms | >: 1.886571ms | >: 2.894357ms | >: 2.90056ms | >: 378.61µs | >: 3.795043ms | >: 3.97089ms | >: 1.995941ms | >: 4.233165ms | >: 4.516194ms | >: 1.011135ms | >: 5.173095ms | >: 2.46181ms | >: 1.976356ms | >: 4.694329ms | >: 7.247852ms | >: 7.193427ms | >: 7.402266ms | >: 3.658054ms | >: 1.969505ms | >: 8.398149ms | >: 2.205325ms | >: 5.769299ms | >: 9.261042ms | >: 9.350062ms | >: 9.626371ms | >: 4.977101ms | >: 11.224351ms | sampled in 12.557837ms

*** iteration 36, batch size 32, remaining 230.
>: 34.264µs | >: 248.415µs | >: 785.772µs | >: 35.456µs | >: 277.679µs | >: 1.393131ms | >: 2.196906ms | >: 223.865µs | >: 2.330304ms | >: 2.591583ms | >: 707.754µs | >: 515.286µs | >: 89.645µs | >: 862.102µs | >: 1.411419ms | >: 4.237928ms | >: 4.507645ms | >: 2.581687ms | >: 2.085158ms | >: 4.014376ms | >: 2.127477ms | >: 3.097169ms | >: 3.021395ms | >: 5.774208ms | >: 6.032087ms | >: 5.827393ms | >: 6.889168ms | >: 7.225504ms | >: 6.283078ms | >: 3.816046ms | >: 8.815832ms | >: 12.930215ms | sampled in 13.074151ms

*** iteration 37, batch size 32, remaining 198.
>: 53.563µs | >: 255.03µs | >: 427.224µs | >: 532.483µs | >: 754.826µs | >: 1.338924ms | >: 1.199611ms | >: 1.952714ms | >: 2.286203ms | >: 1.662986ms | >: 573.183µs | >: 2.403977ms | >: 22.401µs | >: 2.903365ms | >: 3.113816ms | >: 3.60401ms | >: 4.178109ms | >: 4.540696ms | >: 4.365335ms | >: 4.276406ms | >: 650.567µs | >: 6.12827ms | >: 1.65397ms | >: 2.95986ms | >: 4.330761ms | >: 6.406602ms | >: 3.193622ms | >: 5.657646ms | >: 5.030171ms | >: 5.960973ms | >: 9.750963ms | >: 10.792456ms | sampled in 11.016733ms

*** iteration 38, batch size 32, remaining 166.
>: 33.503µs | >: 78.332µs | >: 143.66µs | >: 1.163963ms | >: 1.375144ms | >: 1.421399ms | >: 1.635844ms | >: 1.595158ms | >: 2.250644ms | >: 663.838µs | >: 2.203699ms | >: 2.574515ms | >: 2.490175ms | >: 3.037576ms | >: 3.126069ms | >: 2.985952ms | >: 951.826µs | >: 1.880174ms | >: 2.166278ms | >: 185.361µs | >: 3.236848ms | >: 2.382005ms | >: 5.132747ms | >: 2.973303ms | >: 1.682863ms | >: 2.000689ms | >: 3.155166ms | >: 5.341818ms | >: 4.311539ms | >: 6.999667ms | >: 3.866898ms | >: 11.592172ms | sampled in 11.759964ms

*** iteration 39, batch size 32, remaining 134.
>: 101.997µs | >: 96.315µs | >: 414.225µs | >: 1.088728ms | >: 1.704368ms | >: 1.819888ms | >: 187.074µs | >: 2.343103ms | >: 2.316027ms | >: 3.884651ms | >: 4.253813ms | >: 777.918µs | >: 5.202725ms | >: 2.775766ms | >: 3.004677ms | >: 5.052662ms | >: 5.829378ms | >: 4.212805ms | >: 804.193µs | >: 6.976466ms | >: 1.759971ms | >: 2.573559ms | >: 1.514245ms | >: 1.83113ms | >: 7.573359ms | >: 8.710873ms | >: 9.885003ms | >: 5.36505ms | >: 4.562604ms | >: 10.708354ms | >: 6.972597ms | >: 13.082684ms | sampled in 13.983651ms

*** iteration 40, batch size 32, remaining 102.
>: 287.864µs | >: 244.94µs | >: 293.223µs | >: 805.892µs | >: 744.321µs | >: 1.112022ms | >: 1.231289ms | >: 220.337µs | >: 1.908321ms | >: 1.484638ms | >: 2.6831ms | >: 3.103097ms | >: 3.424084ms | >: 5.045623ms | >: 5.298887ms | >: 5.465409ms | >: 488.731µs | >: 3.380266ms | >: 6.56933ms | >: 7.06021ms | >: 5.188925ms | >: 1.961613ms | >: 7.477381ms | >: 2.536892ms | >: 2.339922ms | >: 8.014258ms | >: 5.746862ms | >: 6.790212ms | >: 6.972737ms | >: 12.296465ms | >: 13.902533ms | >: 14.24691ms | sampled in 14.572444ms

*** iteration 41, batch size 32, remaining 70.
>: 321.643µs | >: 84.431µs | >: 701.953µs | >: 689.223µs | >: 823.084µs | >: 1.050211ms | >: 79.44µs | >: 1.854927ms | >: 899.783µs | >: 1.384254ms | >: 2.322175ms | >: 2.504433ms | >: 2.998518ms | >: 3.324648ms | >: 1.678126ms | >: 3.670718ms | >: 3.87897ms | >: 3.280013ms | >: 3.638954ms | >: 537.889µs | >: 1.054735ms | >: 4.614677ms | >: 485.933µs | >: 4.902806ms | >: 6.215949ms | >: 2.592621ms | >: 3.920282ms | >: 3.820185ms | >: 4.761278ms | >: 7.601061ms | >: 7.181705ms | >: 7.094578ms | sampled in 11.585393ms

*** iteration 42, batch size 32, remaining 38.
>: 78.819µs | >: 85.221µs | >: 254.539µs | >: 747.476µs | >: 1.00176ms | >: 759.709µs | >: 1.156471ms | >: 1.656668ms | >: 2.861338ms | >: 2.933738ms | >: 3.367773ms | >: 2.314058ms | >: 482.974µs | >: 1.987951ms | >: 562.692µs | >: 4.555132ms | >: 4.688045ms | >: 2.870696ms | >: 1.768712ms | >: 444.871µs | >: 111.912µs | >: 6.345388ms | >: 6.322472ms | >: 3.041071ms | >: 6.603319ms | >: 4.541787ms | >: 3.00775ms | >: 8.979624ms | >: 9.214784ms | >: 9.395703ms | >: 10.419254ms | >: 7.12566ms | sampled in 11.909004ms

*** iteration 43, batch size 32, remaining 6.
>: 51.15µs | >: 190.559µs | >: 355.81µs | >: 545.352µs | >: 520.059µs | >: 1.380511ms | >: 1.325299ms | >: 1.728256ms | >: 1.655075ms | >: 2.683656ms | >: 2.545359ms | >: 3.002886ms | >: 3.439978ms | >: 2.01006ms | >: 4.153922ms | >: 3.20814ms | >: 4.736081ms | >: 2.167208ms | >: 750.955µs | >: 5.743138ms | >: 860.13µs | >: 2.085304ms | >: 3.381037ms | >: 4.922536ms | >: 6.83627ms | >: 3.230049ms | >: 8.084017ms | >: 3.193439ms | >: 8.490304ms | >: 9.719166ms | >: 5.35374ms | >: 8.580286ms | sampled in 11.773334ms

*** iteration 44, batch size 6, remaining 0.
>: 711.929µs | >: 1.292035ms | >: 1.298627ms | >: 1.392262ms | >: 2.633259ms | >: 2.836607ms | sampled in 2.96248ms

Grouped centralities (bucketed by 0.000000):
0.601916: 1 nodes [0]
0.003618: 3 nodes [95, 195, 273]
0.002894: 13 nodes [15, 32, 182, 202, 341, 489, 494, 587, 647, 673, 745, 933, 976]
0.002171: 43 nodes [29, 84, 113, 115, 117, 121, 137, 172, 196, 200, 240, 283, 285, 290, 307, 368, 416, 448, 451, 463, 480, 501, 538, 542, 546, 613, 693, 698, 708, 713, 730, 750, 756, 757, 821, 838, 871, 872, 920, 929, 960, 968, 994]
0.001447: 171 nodes [4, 20, 22, 23, 26, 27, 38, 39, 51, 59, 69, 71, 79, 83, 85, 89, 90, 97, 102, 107, 110, 111, 116, 120, 133, 136, 142, 147, 149, 152, 160, 163, 168, 173, 174, 176, 178, 183, 188, 225, 232, 243, 253, 266, 275, 278, 284, 286, 298, 313, 314, 315, 316, 338, 339, 348, 351, 358, 384, 391, 396, 400, 401, 407, 411, 418, 419, 434, 447, 450, 455, 461, 467, 468, 475, 476, 500, 509, 512, 523, 536, 544, 548, 549, 550, 555, 559, 565, 575, 576, 578, 579, 583, 590, 591, 595, 600, 601, 621, 622, 628, 634, 653, 654, 660, 663, 676, 677, 680, 682, 684, 688, 689, 691, 695, 705, 706, 720, 723, 725, 728, 738, 740, 741, 747, 749, 754, 759, 763, 767, 774, 796, 797, 798, 802, 804, 810, 811, 815, 819, 824, 827, 828, 834, 846, 848, 850, 857, 859, 861, 869, 880, 883, 884, 887, 891, 892, 912, 914, 918, 931, 940, 947, 951, 959, 961, 964, 970, 975, 982, 993]
0.000724: 376 nodes [1, 3, 10, 11, 14, 17, 21, 24, 25, 28, 30, 33, 34, 36, 37, 40, 41, 42, 43, 45, 47, 50, 53, 55, 57, 58, 60, 61, 63, 64, 67, 68, 70, 72, 75, 76, 78, 80, 81, 82, 86, 87, 88, 94, 96, 106, 118, 123, 126, 129, 130, 141, 144, 155, 157, 158, 162, 164, 166, 169, 170, 175, 180, 184, 187, 193, 194, 199, 201, 204, 205, 206, 207, 212, 213, 214, 217, 218, 219, 221, 222, 223, 226, 228, 231, 234, 235, 236, 238, 239, 241, 245, 247, 248, 252, 254, 255, 256, 258, 260, 261, 263, 270, 274, 276, 280, 281, 282, 287, 291, 292, 295, 297, 300, 303, 304, 306, 311, 317, 320, 321, 326, 329, 334, 335, 336, 337, 340, 342, 343, 353, 354, 355, 356, 359, 363, 364, 365, 366, 372, 373, 375, 376, 377, 379, 382, 388, 392, 394, 398, 403, 404, 405, 406, 410, 415, 420, 424, 425, 426, 430, 431, 432, 433, 438, 439, 441, 442, 445, 446, 452, 453, 454, 456, 457, 458, 464, 465, 466, 470, 473, 485, 488, 491, 492, 493, 495, 498, 499, 503, 504, 505, 506, 508, 510, 511, 513, 517, 518, 520, 524, 527, 530, 533, 534, 535, 540, 547, 551, 553, 556, 558, 562, 564, 566, 567, 568, 570, 571, 572, 577, 580, 582, 588, 596, 598, 599, 603, 607, 612, 614, 616, 617, 618, 619, 623, 626, 627, 629, 631, 632, 633, 636, 637, 639, 642, 643, 644, 649, 650, 651, 656, 657, 659, 666, 667, 668, 669, 670, 675, 678, 683, 685, 686, 687, 690, 694, 699, 700, 701, 704, 707, 710, 712, 714, 716, 718, 721, 724, 726, 727, 732, 733, 734, 739, 742, 746, 748, 753, 760, 764, 768, 772, 773, 776, 781, 786, 789, 794, 795, 799, 801, 803, 808, 809, 812, 813, 814, 816, 818, 822, 823, 825, 829, 830, 832, 833, 836, 837, 840, 843, 845, 853, 854, 855, 858, 863, 865, 866, 867, 868, 873, 874, 876, 879, 881, 890, 894, 896, 897, 902, 905, 906, 908, 909, 910, 913, 916, 917, 921, 925, 930, 935, 937, 938, 939, 942, 943, 944, 946, 953, 954, 956, 966, 972, 974, 978, 980, 983, 985, 988, 990, 991, 992, 997, 999]

Histogram of centralities (bucketed by 0.000001):
0.601916 - 0.601917: 1
0.003617 - 0.003618: 3
0.002894 - 0.002895: 13
0.002170 - 0.002171: 43
0.001447 - 0.001448: 171
0.000723 - 0.000724: 376

Closeness centrality (node, centrality) ordered by most central vertices:
0, 0.601916
95, 0.003618
195, 0.003618
273, 0.003618
15, 0.002894
32, 0.002894
182, 0.002894
202, 0.002894
341, 0.002894
489, 0.002894
494, 0.002894
587, 0.002894
647, 0.002894
673, 0.002894
745, 0.002894
933, 0.002894
976, 0.002894
29, 0.002171
84, 0.002171
113, 0.002171
115, 0.002171
117, 0.002171
121, 0.002171
137, 0.002171
172, 0.002171
196, 0.002171
200, 0.002171
240, 0.002171
283, 0.002171
285, 0.002171
290, 0.002171
307, 0.002171
368, 0.002171
416, 0.002171
448, 0.002171
451, 0.002171
463, 0.002171
480, 0.002171
501, 0.002171
538, 0.002171
542, 0.002171
546, 0.002171
613, 0.002171
693, 0.002171
698, 0.002171
708, 0.002171
713, 0.002171
730, 0.002171
750, 0.002171
756, 0.002171
757, 0.002171
821, 0.002171
838, 0.002171
871, 0.002171
872, 0.002171
920, 0.002171
929, 0.002171
960, 0.002171
968, 0.002171
994, 0.002171
4, 0.001447
20, 0.001447
22, 0.001447
23, 0.001447
26, 0.001447
27, 0.001447
38, 0.001447
39, 0.001447
51, 0.001447
59, 0.001447
69, 0.001447
71, 0.001447
79, 0.001447
83, 0.001447
85, 0.001447
89, 0.001447
90, 0.001447
97, 0.001447
102, 0.001447
107, 0.001447
110, 0.001447
111, 0.001447
116, 0.001447
120, 0.001447
133, 0.001447
136, 0.001447
142, 0.001447
147, 0.001447
149, 0.001447
152, 0.001447
160, 0.001447
163, 0.001447
168, 0.001447
173, 0.001447
174, 0.001447
176, 0.001447
178, 0.001447
183, 0.001447
188, 0.001447
225, 0.001447
232, 0.001447
243, 0.001447
253, 0.001447
266, 0.001447
275, 0.001447
278, 0.001447
284, 0.001447
286, 0.001447
298, 0.001447
313, 0.001447
314, 0.001447
315, 0.001447
316, 0.001447
338, 0.001447
339, 0.001447
348, 0.001447
351, 0.001447
358, 0.001447
384, 0.001447
391, 0.001447
396, 0.001447
400, 0.001447
401, 0.001447
407, 0.001447
411, 0.001447
418, 0.001447
419, 0.001447
434, 0.001447
447, 0.001447
450, 0.001447
455, 0.001447
461, 0.001447
467, 0.001447
468, 0.001447
475, 0.001447
476, 0.001447
500, 0.001447
509, 0.001447
512, 0.001447
523, 0.001447
536, 0.001447
544, 0.001447
548, 0.001447
549, 0.001447
550, 0.001447
555, 0.001447
559, 0.001447
565, 0.001447
575, 0.001447
576, 0.001447
578, 0.001447
579, 0.001447
583, 0.001447
590, 0.001447
591, 0.001447
595, 0.001447
600, 0.001447
601, 0.001447
621, 0.001447
622, 0.001447
628, 0.001447
634, 0.001447
653, 0.001447
654, 0.001447
660, 0.001447
663, 0.001447
676, 0.001447
677, 0.001447
680, 0.001447
682, 0.001447
684, 0.001447
688, 0.001447
689, 0.001447
691, 0.001447
695, 0.001447
705, 0.001447
706, 0.001447
720, 0.001447
723, 0.001447
725, 0.001447
728, 0.001447
738, 0.001447
740, 0.001447
741, 0.001447
747, 0.001447
749, 0.001447
754, 0.001447
759, 0.001447
763, 0.001447
767, 0.001447
774, 0.001447
796, 0.001447
797, 0.001447
798, 0.001447
802, 0.001447
804, 0.001447
810, 0.001447
811, 0.001447
815, 0.001447
819, 0.001447
824, 0.001447
827, 0.001447
828, 0.001447
834, 0.001447
846, 0.001447
848, 0.001447
850, 0.001447
857, 0.001447
859, 0.001447
861, 0.001447
869, 0.001447
880, 0.001447
883, 0.001447
884, 0.001447
887, 0.001447
891, 0.001447
892, 0.001447
912, 0.001447
914, 0.001447
918, 0.001447
931, 0.001447
940, 0.001447
947, 0.001447
951, 0.001447
959, 0.001447
961, 0.001447
964, 0.001447
970, 0.001447
975, 0.001447
982, 0.001447
993, 0.001447
1, 0.000724
3, 0.000724
10, 0.000724
11, 0.000724
14, 0.000724
17, 0.000724
21, 0.000724
24, 0.000724
25, 0.000724
28, 0.000724
30, 0.000724
33, 0.000724
34, 0.000724
36, 0.000724
37, 0.000724
40, 0.000724
41, 0.000724
42, 0.000724
43, 0.000724
45, 0.000724
47, 0.000724
50, 0.000724
53, 0.000724
55, 0.000724
57, 0.000724
58, 0.000724
60, 0.000724
61, 0.000724
63, 0.000724
64, 0.000724
67, 0.000724
68, 0.000724
70, 0.000724
72, 0.000724
75, 0.000724
76, 0.000724
78, 0.000724
80, 0.000724
81, 0.000724
82, 0.000724
86, 0.000724
87, 0.000724
88, 0.000724
94, 0.000724
96, 0.000724
106, 0.000724
118, 0.000724
123, 0.000724
126, 0.000724
129, 0.000724
130, 0.000724
141, 0.000724
144, 0.000724
155, 0.000724
157, 0.000724
158, 0.000724
162, 0.000724
164, 0.000724
166, 0.000724
169, 0.000724
170, 0.000724
175, 0.000724
180, 0.000724
184, 0.000724
187, 0.000724
193, 0.000724
194, 0.000724
199, 0.000724
201, 0.000724
204, 0.000724
205, 0.000724
206, 0.000724
207, 0.000724
212, 0.000724
213, 0.000724
214, 0.000724
217, 0.000724
218, 0.000724
219, 0.000724
221, 0.000724
222, 0.000724
223, 0.000724
226, 0.000724
228, 0.000724
231, 0.000724
234, 0.000724
235, 0.000724
236, 0.000724
238, 0.000724
239, 0.000724
241, 0.000724
245, 0.000724
247, 0.000724
248, 0.000724
252, 0.000724
254, 0.000724
255, 0.000724
256, 0.000724
258, 0.000724
260, 0.000724
261, 0.000724
263, 0.000724
270, 0.000724
274, 0.000724
276, 0.000724
280, 0.000724
281, 0.000724
282, 0.000724
287, 0.000724
291, 0.000724
292, 0.000724
295, 0.000724
297, 0.000724
300, 0.000724
303, 0.000724
304, 0.000724
306, 0.000724
311, 0.000724
317, 0.000724
320, 0.000724
321, 0.000724
326, 0.000724
329, 0.000724
334, 0.000724
335, 0.000724
336, 0.000724
337, 0.000724
340, 0.000724
342, 0.000724
343, 0.000724
353, 0.000724
354, 0.000724
355, 0.000724
356, 0.000724
359, 0.000724
363, 0.000724
364, 0.000724
365, 0.000724
366, 0.000724
372, 0.000724
373, 0.000724
375, 0.000724
376, 0.000724
377, 0.000724
379, 0.000724
382, 0.000724
388, 0.000724
392, 0.000724
394, 0.000724
398, 0.000724
403, 0.000724
404, 0.000724
405, 0.000724
406, 0.000724
410, 0.000724
415, 0.000724
420, 0.000724
424, 0.000724
425, 0.000724
426, 0.000724
430, 0.000724
431, 0.000724
432, 0.000724
433, 0.000724
438, 0.000724
439, 0.000724
441, 0.000724
442, 0.000724
445, 0.000724
446, 0.000724
452, 0.000724
453, 0.000724
454, 0.000724
456, 0.000724
457, 0.000724
458, 0.000724
464, 0.000724
465, 0.000724
466, 0.000724
470, 0.000724
473, 0.000724
485, 0.000724
488, 0.000724
491, 0.000724
492, 0.000724
493, 0.000724
495, 0.000724
498, 0.000724
499, 0.000724
503, 0.000724
504, 0.000724
505, 0.000724
506, 0.000724
508, 0.000724
510, 0.000724
511, 0.000724
513, 0.000724
517, 0.000724
518, 0.000724
520, 0.000724
524, 0.000724
527, 0.000724
530, 0.000724
533, 0.000724
534, 0.000724
535, 0.000724
540, 0.000724
547, 0.000724
551, 0.000724
553, 0.000724
556, 0.000724
558, 0.000724
562, 0.000724
564, 0.000724
566, 0.000724
567, 0.000724
568, 0.000724
570, 0.000724
571, 0.000724
572, 0.000724
577, 0.000724
580, 0.000724
582, 0.000724
588, 0.000724
596, 0.000724
598, 0.000724
599, 0.000724
603, 0.000724
607, 0.000724
612, 0.000724
614, 0.000724
616, 0.000724
617, 0.000724
618, 0.000724
619, 0.000724
623, 0.000724
626, 0.000724
627, 0.000724
629, 0.000724
631, 0.000724
632, 0.000724
633, 0.000724
636, 0.000724
637, 0.000724
639, 0.000724
642, 0.000724
643, 0.000724
644, 0.000724
649, 0.000724
650, 0.000724
651, 0.000724
656, 0.000724
657, 0.000724
659, 0.000724
666, 0.000724
667, 0.000724
668, 0.000724
669, 0.000724
670, 0.000724
675, 0.000724
678, 0.000724
683, 0.000724
685, 0.000724
686, 0.000724
687, 0.000724
690, 0.000724
694, 0.000724
699, 0.000724
700, 0.000724
701, 0.000724
704, 0.000724
707, 0.000724
710, 0.000724
712, 0.000724
714, 0.000724
716, 0.000724
718, 0.000724
721, 0.000724
724, 0.000724
726, 0.000724
727, 0.000724
732, 0.000724
733, 0.000724
734, 0.000724
739, 0.000724
742, 0.000724
746, 0.000724
748, 0.000724
753, 0.000724
760, 0.000724
764, 0.000724
768, 0.000724
772, 0.000724
773, 0.000724
776, 0.000724
781, 0.000724
786, 0.000724
789, 0.000724
794, 0.000724
795, 0.000724
799, 0.000724
801, 0.000724
803, 0.000724
808, 0.000724
809, 0.000724
812, 0.000724
813, 0.000724
814, 0.000724
816, 0.000724
818, 0.000724
822, 0.000724
823, 0.000724
825, 0.000724
829, 0.000724
830, 0.000724
832, 0.000724
833, 0.000724
836, 0.000724
837, 0.000724
840, 0.000724
843, 0.000724
845, 0.000724
853, 0.000724
854, 0.000724
855, 0.000724
858, 0.000724
863, 0.000724
865, 0.000724
866, 0.000724
867, 0.000724
868, 0.000724
873, 0.000724
874, 0.000724
876, 0.000724
879, 0.000724
881, 0.000724
890, 0.000724
894, 0.000724
896, 0.000724
897, 0.000724
902, 0.000724
905, 0.000724
906, 0.000724
908, 0.000724
909, 0.000724
910, 0.000724
913, 0.000724
916, 0.000724
917, 0.000724
921, 0.000724
925, 0.000724
930, 0.000724
935, 0.000724
937, 0.000724
938, 0.000724
939, 0.000724
942, 0.000724
943, 0.000724
944, 0.000724
946, 0.000724
953, 0.000724
954, 0.000724
956, 0.000724
966, 0.000724
972, 0.000724
974, 0.000724
978, 0.000724
980, 0.000724
983, 0.000724
985, 0.000724
988, 0.000724
990, 0.000724
991, 0.000724
992, 0.000724
997, 0.000724
999, 0.000724

Total time: 560.434448ms
