|V| = 2001, |E| = 2000, |S| = 1097, s = 60.

*** iteration 1, batch size 60, remaining 1037.
sampled in 1.139µs
<: 10.788µs | <: 6.415µs | <: 5.914µs | <: 9.639µs | <: 7.989µs | <: 9.676µs | <: 7.648µs | <: 8.644µs | <: 19.754µs | <: 15.003µs | <: 7.155µs | <: 6.986µs | <: 4.231µs | <: 7.083µs | <: 3.758µs | <: 5.115µs | <: 2.958µs | <: 4.159µs | <: 2.956µs | <: 10.956µs | <: 2.728µs | <: 4.531µs | <: 2.597µs | <: 2.13µs | <: 4.527µs | <: 2.578µs | <: 2.709µs | <: 5.078µs | <: 2.451µs | <: 3.286µs | <: 4.85µs | <: 6.672µs | <: 7.738µs | <: 2.462µs | <: 8.267µs | <: 3.652µs | <: 3.563µs | <: 6.174µs | <: 4.862µs | <: 4.406µs | <: 5.828µs | <: 5.152µs | <: 4.998µs | <: 6.286µs | <: 6.354µs | <: 8.251µs | <: 3.765µs | <: 10.22µs | <: 7.171µs | <: 3.431µs | <: 7.373µs | <: 6.395µs | <: 5.588µs | <: 6.605µs | <: 4.298µs | <: 4.334µs | <: 5.206µs | <: 4.631µs | <: 16.343µs | <: 9.042µs | bfses in 4.657233ms

averages: distance 1.000, diameter 1.000.
average of averages: distance 1.000, diameter 1.000.

*** iteration 2, batch size 60, remaining 977.
sampled in 1.025µs
<: 4.805µs | <: 3.782µs | <: 3.981µs | <: 4.117µs | <: 3.275µs | <: 8.295µs | <: 5.659µs | <: 6.726µs | <: 2.517µs | <: 15.767µs | <: 4.181µs | <: 5.694µs | <: 5.176µs | <: 6.5µs | <: 4.039µs | <: 7.99µs | <: 8.54µs | <: 7.639µs | <: 8.781µs | <: 7.507µs | <: 7.858µs | <: 7.092µs | <: 3.929µs | <: 4.996µs | <: 2.907µs | <: 4.316µs | <: 3.334µs | <: 4.598µs | <: 3.281µs | <: 2.41µs | <: 4.374µs | <: 2.852µs | <: 3.212µs | <: 4.464µs | <: 4.544µs | <: 5.062µs | <: 4.476µs | <: 3.007µs | <: 5.595µs | <: 4.179µs | <: 3.85µs | <: 5.649µs | <: 3.007µs | <: 3.87µs | <: 5.027µs | <: 4.037µs | <: 3.367µs | <: 3.511µs | <: 4.543µs | <: 4.477µs | <: 4.005µs | <: 9.889µs | <: 4.606µs | <: 5.032µs | <: 4.394µs | <: 4.069µs | <: 4.375µs | <: 3.991µs | <: 3.354µs | <: 3.221µs | bfses in 4.808612ms

averages: distance 1.000, diameter 1.000.
average of averages: distance 1.000, diameter 1.000.

*** iteration 3, batch size 60, remaining 917.
sampled in 1.148µs
<: 4.054µs | <: 3.969µs | <: 4.611µs | <: 4.304µs | <: 4.067µs | <: 3.546µs | <: 7.551µs | <: 4.246µs | <: 4.254µs | <: 3.729µs | <: 5.436µs | <: 3.757µs | <: 11.097µs | <: 3.908µs | <: 4.857µs | <: 2.113µs | <: 2.938µs | <: 3.954µs | <: 5.948µs | <: 6.886µs | <: 2.472µs | <: 4.437µs | <: 5.577µs | <: 4.648µs | <: 4.11µs | <: 5.412µs | <: 4.284µs | <: 4.902µs | <: 3.127µs | <: 4.054µs | <: 7.119µs | <: 4.902µs | <: 3.113µs | <: 5.569µs | <: 4.464µs | <: 4.08µs | <: 4.519µs | <: 4.224µs | <: 5.718µs | <: 3.729µs | <: 3.47µs | <: 4.194µs | <: 4.439µs | <: 4.193µs | <: 4.444µs | <: 3.693µs | <: 4.892µs | <: 4.163µs | <: 9.334µs | <: 3.975µs | <: 4.882µs | <: 4.074µs | <: 3.412µs | <: 3.308µs | <: 6.775µs | <: 4.31µs | <: 4.053µs | <: 3.731µs | <: 5.005µs | <: 4.231µs | bfses in 3.529856ms

averages: distance 1.000, diameter 1.000.
average of averages: distance 1.000, diameter 1.000.

*** iteration 4, batch size 60, remaining 857.
sampled in 1.003µs
<: 5.191µs | <: 4.51µs | <: 3.258µs | <: 4.073µs | <: 3.42µs | <: 4.96µs | <: 3.884µs | <: 3.293µs | <: 4.593µs | <: 6.07µs | <: 3.965µs | <: 4.637µs | <: 4.349µs | <: 3.338µs | <: 6.195µs | <: 3.561µs | <: 4.313µs | <: 5.303µs | <: 3.859µs | <: 4.321µs | <: 4.35µs | <: 10.31µs | <: 3.928µs | <: 2.356µs | <: 2.199µs | <: 3.284µs | <: 2.881µs | <: 4.314µs | <: 4.948µs | <: 3.272µs | <: 5.02µs | <: 3.167µs | <: 4.11µs | <: 4.58µs | <: 5.241µs | <: 4.169µs | <: 4.516µs | <: 3.21µs | <: 4.36µs | <: 3.286µs | <: 4.22µs | <: 3.964µs | <: 3.456µs | <: 3.002µs | <: 4.07µs | <: 2.907µs | <: 4.158µs | <: 5.043µs | <: 2µs | <: 9.461µs | <: 4.711µs | <: 4.832µs | <: 4.11µs | <: 3.909µs | <: 3.305µs | <: 4.981µs | <: 3.859µs | <: 4.28µs | <: 3.605µs | <: 9.23µs | bfses in 3.401512ms

averages: distance 1.000, diameter 1.000.
average of averages: distance 1.000, diameter 1.000.

*** iteration 5, batch size 60, remaining 797.
sampled in 1.058µs
<: 4.642µs | <: 11.341µs | <: 3.698µs | <: 3.887µs | <: 3.241µs | <: 4.206µs | <: 3.338µs | <: 5.09µs | <: 4.315µs | <: 3.864µs | <: 6.29µs | <: 3.715µs | <: 3.222µs | <: 4.761µs | <: 3.829µs | <: 5.078µs | <: 5.446µs | <: 3.729µs | <: 3.59µs | <: 11.3µs | <: 4.446µs | <: 3.142µs | <: 15.027µs | <: 3.394µs | <: 3.02µs | <: 2.753µs | <: 3.683µs | <: 3.159µs | <: 2.818µs | <: 3.568µs | <: 9.718µs | <: 2.154µs | <: 2.581µs | <: 3.772µs | <: 2.586µs | <: 3.704µs | <: 4.499µs | <: 3.482µs | <: 3.971µs | <: 3.153µs | <: 3.183µs | <: 2.812µs | <: 3.38µs | <: 5.633µs | <: 4.211µs | <: 3.408µs | <: 4.501µs | <: 1.431µs | <: 3.046µs | <: 10.348µs | <: 4.454µs | <: 3.007µs | <: 3.165µs | <: 2.204µs | <: 3.779µs | <: 3.266µs | <: 3.654µs | <: 2.59µs | <: 3.281µs | <: 2.823µs | bfses in 4.719845ms

averages: distance 1.000, diameter 1.000.
average of averages: distance 1.000, diameter 1.000.

*** iteration 6, batch size 60, remaining 737.
sampled in 2.982µs
<: 3.624µs | <: 3.955µs | <: 4.617µs | <: 4.584µs | <: 2.92µs | <: 4.001µs | <: 4.245µs | <: 8.333µs | <: 4.571µs | <: 2.967µs | <: 3.709µs | <: 3.608µs | <: 4.321µs | <: 4.155µs | <: 3.047µs | <: 3.697µs | <: 3.28µs | <: 4.956µs | <: 2.42µs | <: 2.005µs | <: 3.632µs | <: 4.584µs | <: 3.622µs | <: 3.577µs | <: 3.307µs | <: 3.413µs | <: 3.904µs | <: 3.634µs | <: 4.104µs | <: 2.79µs | <: 2.402µs | <: 3.064µs | <: 4.835µs | <: 2.912µs | <: 3.769µs | <: 1.976µs | <: 4.366µs | <: 8.204µs | <: 3.708µs | <: 2.471µs | <: 3.898µs | <: 4.26µs | <: 4.053µs | <: 3.62µs | <: 2.803µs | <: 2.817µs | <: 2.666µs | <: 2.574µs | <: 3.438µs | <: 3.634µs | <: 2.586µs | <: 2.586µs | <: 8.167µs | <: 2.801µs | <: 3.099µs | <: 4.467µs | <: 2.922µs | <: 2.832µs | <: 3.657µs | <: 5.263µs | bfses in 4.478884ms

averages: distance 1.000, diameter 1.000.
average of averages: distance 1.000, diameter 1.000.

*** iteration 7, batch size 60, remaining 677.
sampled in 2.178µs
<: 2.568µs | <: 3.359µs | <: 3.022µs | <: 7.232µs | <: 5.05µs | <: 3.019µs | <: 3.848µs | <: 4.129µs | <: 3.639µs | <: 5.789µs | <: 5.518µs | <: 3.232µs | <: 3.2µs | <: 4.937µs | <: 4.541µs | <: 3.232µs | <: 3.454µs | <: 3.371µs | <: 4.254µs | <: 4.142µs | <: 4.205µs | <: 5.112µs | <: 5.624µs | <: 4.434µs | <: 4.3µs | <: 4.361µs | <: 3.83µs | <: 3.728µs | <: 3.639µs | <: 4.265µs | <: 5.456µs | <: 3.611µs | <: 4.24µs | <: 3.984µs | <: 3.503µs | <: 3.849µs | <: 3.674µs | <: 3.94µs | <: 3.361µs | <: 7.889µs | <: 5.034µs | <: 3.217µs | <: 3.659µs | <: 4.154µs | <: 4.553µs | <: 4.778µs | <: 2.778µs | <: 3.919µs | <: 2.983µs | <: 4.43µs | <: 3.09µs | <: 2.965µs | <: 3.445µs | <: 3.801µs | <: 2.356µs | <: 4.621µs | <: 3.859µs | <: 4.099µs | <: 3.204µs | <: 3.768µs | bfses in 3.360457ms

averages: distance 1.000, diameter 1.000.
average of averages: distance 1.000, diameter 1.000.

*** iteration 8, batch size 60, remaining 617.
sampled in 1.432µs
<: 4.818µs | <: 4.286µs | <: 4.38µs | <: 3.353µs | <: 4.023µs | <: 3.654µs | <: 5.012µs | <: 3.837µs | <: 3.464µs | <: 7.528µs | <: 4.41µs | <: 3.829µs | <: 4.384µs | <: 4.975µs | <: 6.924µs | <: 8.873µs | <: 4.972µs | <: 5.285µs | <: 5.729µs | <: 4.442µs | <: 3.703µs | <: 3.959µs | <: 3.749µs | <: 5.72µs | <: 3.494µs | <: 3.984µs | <: 3.348µs | <: 4.79µs | <: 4.44µs | <: 4.482µs | <: 4.805µs | <: 4.917µs | <: 3.703µs | <: 3.177µs | <: 4.05µs | <: 5.114µs | <: 3.995µs | <: 2.951µs | <: 3.379µs | <: 6.221µs | <: 4.434µs | <: 3.156µs | <: 4.59µs | <: 3.885µs | <: 4.542µs | <: 4.663µs | <: 4.25µs | <: 3.993µs | <: 4.96µs | <: 3.801µs | <: 3.203µs | <: 3.844µs | <: 3.142µs | <: 3.118µs | <: 3.729µs | <: 3.187µs | <: 3.117µs | <: 4.27µs | <: 2.632µs | <: 7.454µs | bfses in 3.610517ms

averages: distance 1.000, diameter 1.000.
average of averages: distance 1.000, diameter 1.000.

*** iteration 9, batch size 60, remaining 557.
sampled in 1.046µs
<: 3.246µs | <: 3.063µs | <: 3.266µs | <: 3.274µs | <: 4.045µs | <: 3.898µs | <: 3.491µs | <: 2.898µs | <: 6.582µs | <: 4.66µs | <: 3.215µs | <: 3.799µs | <: 3.769µs | <: 4.415µs | <: 2.957µs | <: 4.865µs | <: 4.895µs | <: 8.506µs | <: 4.722µs | <: 2.956µs | <: 5.363µs | <: 4.624µs | <: 2.816µs | <: 4.203µs | <: 4.374µs | <: 4.044µs | <: 11.006µs | <: 3.529µs | <: 4.701µs | <: 3.244µs | <: 4.89µs | <: 4.036µs | <: 4.487µs | <: 3.724µs | <: 4.698µs | <: 3.751µs | <: 3.637µs | <: 3.495µs | <: 3.793µs | <: 3.412µs | <: 4.505µs | <: 3.468µs | <: 4.199µs | <: 3.703µs | <: 5.028µs | <: 3.438µs | <: 3.705µs | <: 4.705µs | <: 4.35µs | <: 3.905µs | <: 4.004µs | <: 4.225µs | <: 4.556µs | <: 2.984µs | <: 3.119µs | <: 2.736µs | <: 3.391µs | <: 3.698µs | <: 3.057µs | <: 5.254µs | bfses in 3.314779ms

averages: distance 1.000, diameter 1.000.
average of averages: distance 1.000, diameter 1.000.

*** iteration 10, batch size 60, remaining 497.
sampled in 989ns
<: 3.067µs | <: 3.241µs | <: 3.312µs | <: 3.739µs | <: 4.967µs | <: 4.605µs | <: 3.605µs | <: 3.871µs | <: 3.605µs | <: 3.804µs | <: 3.483µs | <: 4.165µs | <: 3.109µs | <: 3.379µs | <: 4.535µs | <: 6.943µs | <: 5.172µs | <: 4.076µs | <: 6.154µs | <: 4.296µs | <: 3.073µs | <: 4.875µs | <: 3.276µs | <: 2.967µs | <: 6.298µs | <: 4.537µs | <: 2.89µs | <: 4.08µs | <: 3.065µs | <: 3.075µs | <: 4.566µs | <: 3.661µs | <: 4.435µs | <: 4.855µs | <: 3.488µs | <: 4.013µs | <: 2.767µs | <: 8.694µs | <: 3.319µs | <: 3.59µs | <: 3.341µs | <: 3.805µs | <: 3.096µs | <: 2.77µs | <: 3.804µs | <: 6.509µs | <: 3.522µs | <: 3.697µs | <: 4.23µs | <: 4.158µs | <: 3.875µs | <: 3.97µs | <: 3.218µs | <: 4.02µs | <: 3.231µs | <: 3.91µs | <: 3.394µs | <: 9.381µs | <: 3.152µs | <: 4.345µs | bfses in 4.155231ms

averages: distance 1.000, diameter 1.000.
average of averages: distance 1.000, diameter 1.000.

*** iteration 11, batch size 60, remaining 437.
sampled in 3.448µs
<: 3.645µs | <: 3.384µs | <: 3.458µs | <: 4.118µs | <: 4.584µs | <: 3.927µs | <: 6.915µs | <: 3.629µs | <: 3.892µs | <: 4.111µs | <: 4.485µs | <: 4.42µs | <: 4.615µs | <: 4.982µs | <: 3.101µs | <: 3.839µs | <: 5.503µs | <: 3.959µs | <: 4.715µs | <: 3.418µs | <: 4.791µs | <: 3.057µs | <: 3.389µs | <: 4.075µs | <: 4.23µs | <: 2.671µs | <: 2.875µs | <: 3.053µs | <: 2.865µs | <: 4.386µs | <: 4.995µs | <: 3.441µs | <: 2.773µs | <: 3.408µs | <: 3.286µs | <: 3.638µs | <: 3.004µs | <: 2.814µs | <: 2.69µs | <: 2.752µs | <: 4.196µs | <: 3.855µs | <: 4.043µs | <: 8.37µs | <: 3.618µs | <: 2.934µs | <: 3.124µs | <: 3.902µs | <: 3.713µs | <: 2.996µs | <: 2.953µs | <: 2.806µs | <: 3.72µs | <: 4.076µs | <: 4.286µs | <: 9.192µs | <: 6.646µs | <: 4.58µs | <: 3.042µs | <: 3.573µs | bfses in 4.239514ms

averages: distance 1.000, diameter 1.000.
average of averages: distance 1.000, diameter 1.000.

*** iteration 12, batch size 60, remaining 377.
sampled in 1.41µs
<: 5.667µs | <: 3.909µs | <: 3.044µs | <: 4.356µs | <: 3.505µs | <: 3.747µs | <: 3.073µs | <: 7.026µs | <: 3.886µs | <: 3.384µs | <: 3.444µs | <: 4.21µs | <: 6.593µs | <: 5.28µs | <: 5.217µs | <: 3.999µs | <: 3.338µs | <: 3.813µs | <: 4.356µs | <: 5.849µs | <: 3.413µs | <: 3.795µs | <: 5.509µs | <: 2.457µs | <: 3.113µs | <: 4.302µs | <: 3.259µs | <: 4.388µs | <: 4.825µs | <: 3.883µs | <: 4.751µs | <: 4.392µs | <: 3.763µs | <: 3.348µs | <: 3.518µs | <: 2.762µs | <: 2.786µs | <: 2.847µs | <: 2.909µs | <: 3.704µs | <: 4.17µs | <: 5.332µs | <: 4µs | <: 3.855µs | <: 3.905µs | <: 4.249µs | <: 4.649µs | <: 3.97µs | <: 3.894µs | <: 3.596µs | <: 3.009µs | <: 3.769µs | <: 3.316µs | <: 3.281µs | <: 3.223µs | <: 4.777µs | <: 10.561µs | <: 3.171µs | <: 3.876µs | <: 7.277µs | bfses in 3.462857ms

averages: distance 1.000, diameter 1.000.
average of averages: distance 1.000, diameter 1.000.

*** iteration 13, batch size 60, remaining 317.
sampled in 1.279µs
<: 4.714µs | <: 4.023µs | <: 4.289µs | <: 3.074µs | <: 3.653µs | <: 3.516µs | <: 4.121µs | <: 4.255µs | <: 4.2µs | <: 3.875µs | <: 4.521µs | <: 4.295µs | <: 4.47µs | <: 3.877µs | <: 3.727µs | <: 11.886µs | <: 3.548µs | <: 4.027µs | <: 3.283µs | <: 4.822µs | <: 4.396µs | <: 3.889µs | <: 4.284µs | <: 4.688µs | <: 4.494µs | <: 3.153µs | <: 3.709µs | <: 4.341µs | <: 3.172µs | <: 3.393µs | <: 4.051µs | <: 3.755µs | <: 2.709µs | <: 3.172µs | <: 4.147µs | <: 4.281µs | <: 3.982µs | <: 2.901µs | <: 3.5µs | <: 3.021µs | <: 3.263µs | <: 4.394µs | <: 3.809µs | <: 4.096µs | <: 4.036µs | <: 4.214µs | <: 4.254µs | <: 5.279µs | <: 3.931µs | <: 3.293µs | <: 4.238µs | <: 3.847µs | <: 4.247µs | <: 4.571µs | <: 4.461µs | <: 4.066µs | <: 4.129µs | <: 4.126µs | <: 3.645µs | <: 3.426µs | bfses in 3.362799ms

averages: distance 1.000, diameter 1.000.
average of averages: distance 1.000, diameter 1.000.

*** iteration 14, batch size 60, remaining 257.
sampled in 1.377µs
<: 4.699µs | <: 3.923µs | <: 3.89µs | <: 4.354µs | <: 4.258µs | <: 4.744µs | <: 4.905µs | <: 3.602µs | <: 3.258µs | <: 4.43µs | <: 4.3µs | <: 3.596µs | <: 3.895µs | <: 9.149µs | <: 6.01µs | <: 2.003µs | <: 7.968µs | <: 6.397µs | <: 4.903µs | <: 5.108µs | <: 2.896µs | <: 3.274µs | <: 4.508µs | <: 4.895µs | <: 3.899µs | <: 2.702µs | <: 4.108µs | <: 3.147µs | <: 7.391µs | <: 4.631µs | <: 5.493µs | <: 3.084µs | <: 4.044µs | <: 3.546µs | <: 4.464µs | <: 3.982µs | <: 4.021µs | <: 3.119µs | <: 3.568µs | <: 3.809µs | <: 4.31µs | <: 3.615µs | <: 1.643µs | <: 3.06µs | <: 4.507µs | <: 3.827µs | <: 5.204µs | <: 4.002µs | <: 5.228µs | <: 3.913µs | <: 4.504µs | <: 4.632µs | <: 3.598µs | <: 4.15µs | <: 4.2µs | <: 4.324µs | <: 3.74µs | <: 3.953µs | <: 3.448µs | <: 3.103µs | bfses in 3.777158ms

averages: distance 1.000, diameter 1.000.
average of averages: distance 1.000, diameter 1.000.

*** iteration 15, batch size 60, remaining 197.
sampled in 1.666µs
<: 13.266µs | <: 2.892µs | <: 3.774µs | <: 3.288µs | <: 3.368µs | <: 3.172µs | <: 3.127µs | <: 4.133µs | <: 3.026µs | <: 3.628µs | <: 3.107µs | <: 6.641µs | <: 3.398µs | <: 4.06µs | <: 3.688µs | <: 4.246µs | <: 2.956µs | <: 7.437µs | <: 4.16µs | <: 4.385µs | <: 4.683µs | <: 3.208µs | <: 4.945µs | <: 3.304µs | <: 4.059µs | <: 3.63µs | <: 4.407µs | <: 3.679µs | <: 3.293µs | <: 4.504µs | <: 6.038µs | <: 4.112µs | <: 3.494µs | <: 3.265µs | <: 3.149µs | <: 3.266µs | <: 3.59µs | <: 4.021µs | <: 3.549µs | <: 3.454µs | <: 3.803µs | <: 3.954µs | <: 2.801µs | <: 3.795µs | <: 3.187µs | <: 3.697µs | <: 3.728µs | <: 3.183µs | <: 3.516µs | <: 3.835µs | <: 3.248µs | <: 4.071µs | <: 4.019µs | <: 3.108µs | <: 4.474µs | <: 3.879µs | <: 4.027µs | <: 3.511µs | <: 3.905µs | <: 4.711µs | bfses in 3.252258ms

averages: distance 1.000, diameter 1.000.
average of averages: distance 1.000, diameter 1.000.

*** iteration 16, batch size 60, remaining 137.
sampled in 1.085µs
<: 4.952µs | <: 3.047µs | <: 4.032µs | <: 4.307µs | <: 4.308µs | <: 3.413µs | <: 3.275µs | <: 4.347µs | <: 3.594µs | <: 3.105µs | <: 3.141µs | <: 3.709µs | <: 4.554µs | <: 3.162µs | <: 4.415µs | <: 2.369µs | <: 4.517µs | <: 3.807µs | <: 5.283µs | <: 7.848µs | <: 5.434µs | <: 2.785µs | <: 3.855µs | <: 4.892µs | <: 4.551µs | <: 3.823µs | <: 3.823µs | <: 3.593µs | <: 4.049µs | <: 3.111µs | <: 3.933µs | <: 3.769µs | <: 4.561µs | <: 2.969µs | <: 2.927µs | <: 2.917µs | <: 4.104µs | <: 3.137µs | <: 4.48µs | <: 3.738µs | <: 3.624µs | <: 3.311µs | <: 4.006µs | <: 3.763µs | <: 2.806µs | <: 3.662µs | <: 3.362µs | <: 2.666µs | <: 3.642µs | <: 3.334µs | <: 8.984µs | <: 3.571µs | <: 3.231µs | <: 4.06µs | <: 2.918µs | <: 3.097µs | <: 3.564µs | <: 2.601µs | <: 2.65µs | <: 3.812µs | bfses in 3.606238ms

averages: distance 1.000, diameter 1.000.
average of averages: distance 1.000, diameter 1.000.

*** iteration 17, batch size 60, remaining 77.
sampled in 2.058µs
<: 3.281µs | <: 3.861µs | <: 3.192µs | <: 3.224µs | <: 4.315µs | <: 4.271µs | <: 3.14µs | <: 11.03µs | <: 3.052µs | <: 4.055µs | <: 3.167µs | <: 3.52µs | <: 3.699µs | <: 3.137µs | <: 2.782µs | <: 2.266µs | <: 3.71µs | <: 3.887µs | <: 2.843µs | <: 2.923µs | <: 3.849µs | <: 3.941µs | <: 3.52µs | <: 2.57µs | <: 448.14µs | <: 3.181µs | <: 16.599µs | <: 3.866µs | <: 4.143µs | <: 3.186µs | <: 3.52µs | <: 3.144µs | <: 4.276µs | <: 3.722µs | <: 2.897µs | <: 3.512µs | <: 2.807µs | <: 4.731µs | <: 4.123µs | <: 2.877µs | <: 4.353µs | <: 3.933µs | <: 3.897µs | <: 4.184µs | <: 3.6µs | <: 5.768µs | <: 3.556µs | <: 4.004µs | <: 3.087µs | <: 3.765µs | <: 3.725µs | <: 4.543µs | <: 4.557µs | <: 4.457µs | <: 3.364µs | <: 2.207µs | <: 2.864µs | <: 4.21µs | <: 3.065µs | <: 4.26µs | bfses in 3.846342ms

averages: distance 1.493, diameter 2.000.
average of averages: distance 1.029, diameter 1.059.

*** iteration 18, batch size 60, remaining 17.
sampled in 1.863µs
<: 4.275µs | <: 3.124µs | <: 3.127µs | <: 3.771µs | <: 4.371µs | <: 4.557µs | <: 3.977µs | <: 2.855µs | <: 2.948µs | <: 3.689µs | <: 3.889µs | <: 8.321µs | <: 3.172µs | <: 3.343µs | <: 3.175µs | <: 7.654µs | <: 5.972µs | <: 4.53µs | <: 4.156µs | <: 3.454µs | <: 3.745µs | <: 2.825µs | <: 3.484µs | <: 4.591µs | <: 3.655µs | <: 3.894µs | <: 3.871µs | <: 3.146µs | <: 4.046µs | <: 3.844µs | <: 4.709µs | <: 4.504µs | <: 3.546µs | <: 3.708µs | <: 2.698µs | <: 3.493µs | <: 3.269µs | <: 3.799µs | <: 3.631µs | <: 4.277µs | <: 4.505µs | <: 2.961µs | <: 3.559µs | <: 3.964µs | <: 2.822µs | <: 3.525µs | <: 4.101µs | <: 3.156µs | <: 4.559µs | <: 3.127µs | <: 3.542µs | <: 4.918µs | <: 3.574µs | <: 3.661µs | <: 3.073µs | <: 3.458µs | <: 3.276µs | <: 2.855µs | <: 4.461µs | <: 2.008µs | bfses in 3.490208ms

averages: distance 1.000, diameter 1.000.
average of averages: distance 1.027, diameter 1.056.

*** iteration 19, batch size 17, remaining 0.
sampled in 414ns
<: 3.512µs | <: 4.72µs | <: 2.931µs | <: 4.703µs | <: 3.979µs | <: 2.789µs | <: 4.683µs | <: 4.009µs | <: 3.909µs | <: 7.534µs | <: 4.03µs | <: 4.436µs | <: 3.384µs | <: 4.751µs | <: 3.862µs | <: 3.638µs | <: 3.805µs | bfses in 740.376µs

averages: distance 1.000, diameter 1.000.
average of averages: distance 1.026, diameter 1.053.

Total time: 70.431787ms
