|V| = 20001, |E| = 20000, |S| = 2858, s = 32.

*** iteration 1, batch size 32, remaining 2826.
>: 19.125µs | >: 10.914µs | >: 10.381µs | >: 8.093µs | >: 5.205µs | >: 7.163µs | >: 7.651µs | >: 5.081µs | >: 3.919µs | >: 6.658µs | >: 4.194µs | >: 7.322µs | >: 5.655µs | >: 4.67µs | >: 7.388µs | >: 5.153µs | >: 4.767µs | >: 4.885µs | >: 5.188µs | >: 5.406µs | >: 4.709µs | >: 4.637µs | >: 13.585µs | >: 7.673µs | >: 5.234µs | >: 7.384µs | >: 27.423µs | >: 6.593µs | >: 10.164µs | >: 4.222µs | >: 6.927µs | >: 5.502µs | sampled in 1.279555ms

*** iteration 2, batch size 32, remaining 2794.
>: 6.747µs | >: 3.261µs | >: 5.682µs | >: 4.223µs | >: 4.689µs | >: 4.841µs | >: 4.713µs | >: 4.291µs | >: 3.71µs | >: 5.011µs | >: 5.85µs | >: 4.166µs | >: 3.709µs | >: 3.965µs | >: 5.936µs | >: 3.223µs | >: 4.978µs | >: 4.986µs | >: 4.719µs | >: 4.748µs | >: 2.992µs | >: 4.699µs | >: 3.238µs | >: 3.607µs | >: 3.578µs | >: 4.446µs | >: 5.372µs | >: 5.666µs | >: 4.23µs | >: 4.908µs | >: 8.1µs | >: 11.679µs | sampled in 856.804µs

*** iteration 3, batch size 32, remaining 2762.
>: 3.704µs | >: 3.911µs | >: 4.249µs | >: 4.769µs | >: 4.379µs | >: 3.942µs | >: 4.534µs | >: 8.623µs | >: 4.165µs | >: 4.736µs | >: 3.891µs | >: 4.564µs | >: 4.579µs | >: 4.584µs | >: 4.018µs | >: 4.884µs | >: 5.69µs | >: 3.774µs | >: 4.054µs | >: 5.625µs | >: 7.176µs | >: 4.344µs | >: 5.008µs | >: 5.235µs | >: 3.142µs | >: 27.641µs | >: 5.555µs | >: 6.77µs | >: 7.527µs | >: 6.068µs | >: 6.914µs | >: 10.439µs | sampled in 915.128µs

*** iteration 4, batch size 32, remaining 2730.
>: 3.502µs | >: 5.053µs | >: 4.774µs | >: 5.022µs | >: 5.128µs | >: 5.031µs | >: 5.057µs | >: 5.592µs | >: 5.936µs | >: 3.207µs | >: 6.543µs | >: 4.973µs | >: 3.687µs | >: 4.977µs | >: 5.72µs | >: 5.547µs | >: 5.987µs | >: 4.562µs | >: 3.639µs | >: 4.643µs | >: 4.837µs | >: 10.729µs | >: 5.637µs | >: 6.543µs | >: 6.088µs | >: 8.316µs | >: 9.787µs | >: 10.518µs | >: 7.053µs | >: 24.904µs | >: 10.696µs | >: 22.394µs | sampled in 1.464477ms

*** iteration 5, batch size 32, remaining 2698.
>: 5.989µs | >: 4.798µs | >: 5.584µs | >: 6.223µs | >: 5.046µs | >: 4.735µs | >: 5.282µs | >: 4.27µs | >: 5.63µs | >: 3.792µs | >: 4.751µs | >: 4.242µs | >: 4.331µs | >: 4.645µs | >: 5.509µs | >: 4.994µs | >: 4.812µs | >: 6.083µs | >: 5.763µs | >: 5.521µs | >: 4.434µs | >: 14.261µs | >: 4.89µs | >: 4.978µs | >: 4.696µs | >: 5.761µs | >: 7.457µs | >: 9.282µs | >: 6.626µs | >: 7.821µs | >: 7.836µs | >: 7.28µs | sampled in 978.78µs

*** iteration 6, batch size 32, remaining 2666.
>: 5.739µs | >: 4.056µs | >: 6.056µs | >: 6.264µs | >: 5.796µs | >: 4.907µs | >: 6.225µs | >: 6.592µs | >: 5.326µs | >: 3.235µs | >: 3.979µs | >: 4.774µs | >: 4.518µs | >: 4.564µs | >: 4.595µs | >: 4.981µs | >: 5.302µs | >: 5.338µs | >: 3.834µs | >: 5.089µs | >: 4.688µs | >: 9.758µs | >: 4.419µs | >: 5.706µs | >: 4.982µs | >: 4.546µs | >: 4.795µs | >: 4.975µs | >: 5.571µs | >: 8.795µs | >: 5.618µs | >: 7.1µs | sampled in 799.656µs

*** iteration 7, batch size 32, remaining 2634.
>: 6.1µs | >: 5.045µs | >: 4.809µs | >: 5.102µs | >: 5.75µs | >: 4.95µs | >: 4.953µs | >: 5.901µs | >: 4.688µs | >: 4.935µs | >: 3.886µs | >: 4.468µs | >: 4.375µs | >: 6.002µs | >: 4.355µs | >: 4.412µs | >: 5.462µs | >: 5.205µs | >: 5.303µs | >: 2.984µs | >: 5.031µs | >: 3.912µs | >: 4.78µs | >: 5.658µs | >: 4.25µs | >: 4.979µs | >: 3.815µs | >: 5.443µs | >: 5.692µs | >: 6.087µs | >: 16.802µs | >: 4.132µs | sampled in 719.252µs

*** iteration 8, batch size 32, remaining 2602.
>: 11.6µs | >: 5.271µs | >: 5.315µs | >: 5.227µs | >: 5.808µs | >: 4.332µs | >: 5.185µs | >: 4.753µs | >: 4.323µs | >: 3.649µs | >: 5.911µs | >: 4.474µs | >: 4.27µs | >: 4.034µs | >: 4.929µs | >: 3.708µs | >: 4.597µs | >: 3.601µs | >: 4.451µs | >: 4.504µs | >: 5.363µs | >: 3.707µs | >: 4.155µs | >: 4.586µs | >: 4.447µs | >: 10.136µs | >: 8.273µs | >: 7.316µs | >: 7.753µs | >: 11.782µs | >: 7.226µs | >: 7.186µs | sampled in 1.295492ms

*** iteration 9, batch size 32, remaining 2570.
>: 7.109µs | >: 4.91µs | >: 5.858µs | >: 4.374µs | >: 4.512µs | >: 5.162µs | >: 3.824µs | >: 5.302µs | >: 3.587µs | >: 5.441µs | >: 4.785µs | >: 4.497µs | >: 4.478µs | >: 5.701µs | >: 3.957µs | >: 5.774µs | >: 4.555µs | >: 3.796µs | >: 6.627µs | >: 4.497µs | >: 3.994µs | >: 4.891µs | >: 6.586µs | >: 4.481µs | >: 9.451µs | >: 5.245µs | >: 5.466µs | >: 7.474µs | >: 7.028µs | >: 6.824µs | >: 13.287µs | >: 5.616µs | sampled in 1.083722ms

*** iteration 10, batch size 32, remaining 2538.
>: 2.938µs | >: 5.114µs | >: 5.464µs | >: 4.331µs | >: 3.882µs | >: 4.232µs | >: 6.128µs | >: 5.397µs | >: 4.23µs | >: 3.467µs | >: 5.489µs | >: 4.556µs | >: 4.261µs | >: 5.335µs | >: 5.096µs | >: 5.513µs | >: 5.367µs | >: 5.154µs | >: 5.006µs | >: 4.282µs | >: 3.246µs | >: 4.529µs | >: 4.488µs | >: 4.855µs | >: 5.107µs | >: 4.585µs | >: 4.046µs | >: 5.788µs | >: 5.685µs | >: 6.861µs | >: 5.863µs | >: 6.316µs | sampled in 840.257µs

*** iteration 11, batch size 32, remaining 2506.
>: 5.428µs | >: 4.923µs | >: 5.892µs | >: 6.653µs | >: 5.697µs | >: 6.897µs | >: 3.715µs | >: 5.219µs | >: 4.096µs | >: 4.385µs | >: 4.623µs | >: 5.841µs | >: 3.309µs | >: 5.493µs | >: 6.018µs | >: 3.708µs | >: 4.707µs | >: 5.101µs | >: 4.618µs | >: 4.482µs | >: 6.223µs | >: 6.168µs | >: 11.008µs | >: 6.541µs | >: 7.435µs | >: 6.975µs | >: 8.472µs | >: 6.425µs | >: 5.615µs | >: 13.13µs | >: 5.764µs | >: 8.931µs | sampled in 2.059432ms

*** iteration 12, batch size 32, remaining 2474.
>: 4.19µs | >: 3.936µs | >: 5.602µs | >: 5.77µs | >: 6.932µs | >: 3.672µs | >: 5.431µs | >: 4.595µs | >: 5.661µs | >: 6.666µs | >: 4.149µs | >: 5.715µs | >: 4.513µs | >: 3.983µs | >: 4.374µs | >: 6.46µs | >: 4.989µs | >: 3.542µs | >: 5.811µs | >: 2.612µs | >: 4.778µs | >: 4.473µs | >: 5.641µs | >: 4.635µs | >: 4.403µs | >: 6.181µs | >: 5.984µs | >: 4.794µs | >: 5.778µs | >: 6.827µs | >: 6.082µs | >: 5.142µs | sampled in 917.555µs

*** iteration 13, batch size 32, remaining 2442.
>: 3.936µs | >: 4.884µs | >: 4.68µs | >: 5.497µs | >: 4.746µs | >: 4.396µs | >: 4.913µs | >: 8.527µs | >: 4.399µs | >: 3.581µs | >: 4.494µs | >: 4.155µs | >: 4.844µs | >: 5.372µs | >: 10.872µs | >: 4.692µs | >: 4.885µs | >: 4.808µs | >: 3.255µs | >: 4.603µs | >: 4.031µs | >: 4.964µs | >: 3.804µs | >: 4.312µs | >: 7.999µs | >: 4.58µs | >: 5.657µs | >: 4.589µs | >: 6.443µs | >: 4.508µs | >: 8.332µs | >: 6.47µs | sampled in 903.634µs

*** iteration 14, batch size 32, remaining 2410.
>: 4.569µs | >: 5.428µs | >: 4.799µs | >: 4.841µs | >: 4.372µs | >: 4.996µs | >: 4.504µs | >: 5.281µs | >: 3.883µs | >: 5.226µs | >: 5.264µs | >: 4.965µs | >: 5.393µs | >: 5.557µs | >: 10.646µs | >: 7.639µs | >: 10.399µs | >: 9.771µs | >: 8.167µs | >: 10.763µs | >: 8.222µs | >: 5.349µs | >: 7.273µs | >: 8.286µs | >: 19.258µs | >: 8.027µs | >: 6.637µs | >: 17.437µs | >: 4.269µs | >: 5.902µs | >: 12.33µs | >: 11.042µs | sampled in 1.835074ms

*** iteration 15, batch size 32, remaining 2378.
>: 6.93µs | >: 10.536µs | >: 7.988µs | >: 8.268µs | >: 4.912µs | >: 7.88µs | >: 7.44µs | >: 9.033µs | >: 7.596µs | >: 8.936µs | >: 11.068µs | >: 5.551µs | >: 5.689µs | >: 10.195µs | >: 3.1µs | >: 4.684µs | >: 5.21µs | >: 4.611µs | >: 4.715µs | >: 4.909µs | >: 3.791µs | >: 4.167µs | >: 4.464µs | >: 4.038µs | >: 4.058µs | >: 11.553µs | >: 4.805µs | >: 5.665µs | >: 6.903µs | >: 4.476µs | >: 6.618µs | >: 5.371µs | sampled in 1.083312ms

*** iteration 16, batch size 32, remaining 2346.
>: 7.431µs | >: 4.307µs | >: 4.298µs | >: 5.106µs | >: 4.915µs | >: 4.804µs | >: 5.037µs | >: 5.186µs | >: 5.217µs | >: 4.761µs | >: 5.809µs | >: 5.228µs | >: 3.122µs | >: 4.918µs | >: 4.981µs | >: 4.533µs | >: 4.963µs | >: 3.849µs | >: 3.95µs | >: 3.89µs | >: 4.453µs | >: 8.13µs | >: 3.648µs | >: 5.243µs | >: 5.961µs | >: 5.877µs | >: 6.653µs | >: 5.523µs | >: 6.305µs | >: 5.948µs | >: 5.324µs | >: 5.687µs | sampled in 901.531µs

*** iteration 17, batch size 32, remaining 2314.
>: 4.157µs | >: 4.596µs | >: 5.329µs | >: 4.536µs | >: 4.16µs | >: 5.034µs | >: 2.858µs | >: 3.445µs | >: 4.435µs | >: 3.942µs | >: 4.041µs | >: 5.03µs | >: 4.94µs | >: 4.766µs | >: 3.668µs | >: 5.4µs | >: 4.287µs | >: 5.819µs | >: 3.106µs | >: 5.024µs | >: 4.831µs | >: 4.754µs | >: 4.362µs | >: 5.002µs | >: 5.503µs | >: 4.235µs | >: 8.635µs | >: 4.956µs | >: 6.113µs | >: 7.844µs | >: 10.115µs | >: 8.661µs | sampled in 1.020696ms

*** iteration 18, batch size 32, remaining 2282.
>: 6.176µs | >: 4.472µs | >: 4.461µs | >: 3.398µs | >: 4.07µs | >: 5.17µs | >: 4.973µs | >: 3.334µs | >: 3.28µs | >: 4.469µs | >: 3.757µs | >: 5.477µs | >: 5.336µs | >: 4.648µs | >: 4.437µs | >: 4.134µs | >: 3.685µs | >: 4.189µs | >: 3.814µs | >: 4.59µs | >: 3.77µs | >: 4.561µs | >: 5.244µs | >: 4.324µs | >: 4.623µs | >: 3.622µs | >: 5.369µs | >: 5.411µs | >: 6.711µs | >: 9.335µs | >: 9.017µs | >: 7.618µs | sampled in 914.716µs

*** iteration 19, batch size 32, remaining 2250.
>: 3.63µs | >: 3.341µs | >: 4.412µs | >: 4.947µs | >: 4.081µs | >: 4.803µs | >: 4.833µs | >: 4.941µs | >: 3.954µs | >: 4.965µs | >: 5.077µs | >: 4.24µs | >: 4.355µs | >: 4.414µs | >: 4.732µs | >: 3.514µs | >: 3.759µs | >: 4.22µs | >: 5.139µs | >: 2.786µs | >: 3.305µs | >: 4.582µs | >: 4.483µs | >: 4.838µs | >: 4.163µs | >: 3.36µs | >: 6.764µs | >: 4.387µs | >: 6.84µs | >: 6.05µs | >: 9.633µs | >: 3.376µs | sampled in 945.289µs

*** iteration 20, batch size 32, remaining 2218.
>: 3.655µs | >: 3.27µs | >: 4.346µs | >: 4.899µs | >: 5.297µs | >: 5.566µs | >: 3.557µs | >: 4.115µs | >: 4.566µs | >: 5.073µs | >: 4.244µs | >: 4.455µs | >: 5.505µs | >: 4.651µs | >: 4.025µs | >: 4.538µs | >: 2.585µs | >: 3.493µs | >: 3.608µs | >: 3.928µs | >: 3.156µs | >: 4.783µs | >: 4.898µs | >: 4.824µs | >: 4.357µs | >: 5.397µs | >: 5.544µs | >: 3.986µs | >: 4.162µs | >: 5.402µs | >: 6.727µs | >: 5.991µs | sampled in 708.483µs

*** iteration 21, batch size 32, remaining 2186.
>: 4.175µs | >: 5.038µs | >: 5.224µs | >: 5.09µs | >: 4.63µs | >: 5.239µs | >: 5.472µs | >: 4.146µs | >: 5.181µs | >: 4.147µs | >: 4.644µs | >: 4.679µs | >: 4.84µs | >: 4.539µs | >: 5.885µs | >: 5.04µs | >: 4.326µs | >: 4.493µs | >: 4.879µs | >: 48.763µs | >: 10.771µs | >: 4.571µs | >: 5.412µs | >: 5.387µs | >: 5.476µs | >: 8.482µs | >: 12.062µs | >: 5.085µs | >: 6.811µs | >: 4.047µs | >: 7.659µs | >: 5.537µs | sampled in 1.421293ms

*** iteration 22, batch size 32, remaining 2154.
>: 5.387µs | >: 4.816µs | >: 4.723µs | >: 5.119µs | >: 6.115µs | >: 6.175µs | >: 5.837µs | >: 5.35µs | >: 6.735µs | >: 4.183µs | >: 4.896µs | >: 4.789µs | >: 5.114µs | >: 2.812µs | >: 5.141µs | >: 4.449µs | >: 4.828µs | >: 5.122µs | >: 12.468µs | >: 8.185µs | >: 14.988µs | >: 6.272µs | >: 7.37µs | >: 6.439µs | >: 5.531µs | >: 5.931µs | >: 7.614µs | >: 7.698µs | >: 11.011µs | >: 9.051µs | >: 12.685µs | >: 7.915µs | sampled in 1.439424ms

*** iteration 23, batch size 32, remaining 2122.
>: 9.793µs | >: 4.229µs | >: 4.681µs | >: 6.242µs | >: 4.703µs | >: 4.782µs | >: 58.526µs | >: 4.689µs | >: 6.233µs | >: 4.838µs | >: 3.75µs | >: 5.281µs | >: 5.19µs | >: 3.92µs | >: 4.915µs | >: 4.57µs | >: 4.522µs | >: 5.587µs | >: 5.669µs | >: 6.162µs | >: 7.37µs | >: 4.189µs | >: 5.408µs | >: 3.748µs | >: 12.377µs | >: 7.511µs | >: 8.858µs | >: 5.898µs | >: 4.215µs | >: 7.003µs | >: 11.666µs | >: 4.812µs | sampled in 1.064063ms

*** iteration 24, batch size 32, remaining 2090.
>: 6.467µs | >: 5.989µs | >: 5.847µs | >: 2.85µs | >: 5.426µs | >: 4.522µs | >: 4.783µs | >: 5.498µs | >: 5.757µs | >: 5.684µs | >: 4.61µs | >: 5.363µs | >: 4.609µs | >: 6.291µs | >: 5.052µs | >: 5.161µs | >: 5.994µs | >: 6.949µs | >: 5.047µs | >: 4.869µs | >: 4.506µs | >: 5.74µs | >: 6.895µs | >: 4.831µs | >: 4.592µs | >: 4.846µs | >: 8.164µs | >: 4.973µs | >: 7.931µs | >: 18.714µs | >: 7.215µs | >: 7.131µs | sampled in 1.431337ms

*** iteration 25, batch size 32, remaining 2058.
>: 4.923µs | >: 5.384µs | >: 6.228µs | >: 5.979µs | >: 5.368µs | >: 4.962µs | >: 4.838µs | >: 6.395µs | >: 6.084µs | >: 6.507µs | >: 6.636µs | >: 6.735µs | >: 7.546µs | >: 5.333µs | >: 12.977µs | >: 4.969µs | >: 5.59µs | >: 5.719µs | >: 4.751µs | >: 4.313µs | >: 5.567µs | >: 5.481µs | >: 4.829µs | >: 4.561µs | >: 7.73µs | >: 10.815µs | >: 7.126µs | >: 16.016µs | >: 13.104µs | >: 6.423µs | >: 8.134µs | >: 10.814µs | sampled in 1.331709ms

*** iteration 26, batch size 32, remaining 2026.
>: 7.559µs | >: 4.66µs | >: 4.983µs | >: 4.6µs | >: 6.136µs | >: 3.823µs | >: 5.179µs | >: 5.505µs | >: 5.698µs | >: 8.476µs | >: 4.743µs | >: 4.788µs | >: 4.383µs | >: 4.058µs | >: 4.513µs | >: 4.11µs | >: 5.987µs | >: 3.991µs | >: 4.56µs | >: 6.203µs | >: 5.613µs | >: 4.285µs | >: 8.844µs | >: 6.836µs | >: 5.242µs | >: 5.601µs | >: 9.561µs | >: 6.007µs | >: 7.467µs | >: 6.282µs | >: 8.646µs | >: 5.88µs | sampled in 1.245416ms

*** iteration 27, batch size 32, remaining 1994.
>: 4.489µs | >: 4.381µs | >: 5.533µs | >: 5.419µs | >: 4.007µs | >: 5.397µs | >: 5.702µs | >: 5.081µs | >: 6.237µs | >: 5.186µs | >: 3.932µs | >: 5.381µs | >: 5.236µs | >: 5.422µs | >: 4.711µs | >: 4.194µs | >: 5.67µs | >: 3.86µs | >: 5.294µs | >: 4.613µs | >: 5.494µs | >: 5.686µs | >: 3.975µs | >: 3.874µs | >: 4.623µs | >: 4.132µs | >: 3.689µs | >: 7.308µs | >: 5.654µs | >: 4.796µs | >: 6.101µs | >: 8.402µs | sampled in 1.046518ms

*** iteration 28, batch size 32, remaining 1962.
>: 6.139µs | >: 3.848µs | >: 6.474µs | >: 5.427µs | >: 5.996µs | >: 6.458µs | >: 2.901µs | >: 5.252µs | >: 5.612µs | >: 5.663µs | >: 4.717µs | >: 4.156µs | >: 5.086µs | >: 5.344µs | >: 4.819µs | >: 5.149µs | >: 7.696µs | >: 6.024µs | >: 5.128µs | >: 3.972µs | >: 4.609µs | >: 5.625µs | >: 4.994µs | >: 5.458µs | >: 4.406µs | >: 7.981µs | >: 5.91µs | >: 5.251µs | >: 14.064µs | >: 7.403µs | >: 9.752µs | >: 6.008µs | sampled in 1.370384ms

*** iteration 29, batch size 32, remaining 1930.
>: 7.23µs | >: 3.778µs | >: 6.617µs | >: 4.504µs | >: 5.833µs | >: 4.605µs | >: 5.638µs | >: 5.248µs | >: 5.483µs | >: 4.824µs | >: 6.349µs | >: 4.147µs | >: 3.581µs | >: 5.898µs | >: 5.337µs | >: 4.769µs | >: 3.72µs | >: 3.531µs | >: 4.658µs | >: 6.959µs | >: 5.868µs | >: 4.505µs | >: 4.238µs | >: 5.747µs | >: 7.425µs | >: 6.311µs | >: 11.638µs | >: 6.829µs | >: 3.747µs | >: 81.453µs | >: 9.22µs | >: 7.316µs | sampled in 1.166456ms

*** iteration 30, batch size 32, remaining 1898.
>: 6.629µs | >: 5.51µs | >: 6.692µs | >: 6.542µs | >: 3.636µs | >: 5.697µs | >: 5.488µs | >: 5.278µs | >: 3.426µs | >: 3.649µs | >: 6.809µs | >: 5.883µs | >: 4.807µs | >: 6.137µs | >: 6.488µs | >: 6.647µs | >: 4.688µs | >: 4.083µs | >: 5.287µs | >: 6.586µs | >: 4.77µs | >: 5.28µs | >: 4.438µs | >: 5.175µs | >: 6.233µs | >: 4.477µs | >: 6.106µs | >: 5.044µs | >: 7.212µs | >: 4.239µs | >: 7.047µs | >: 5.747µs | sampled in 910.054µs

*** iteration 31, batch size 32, remaining 1866.
>: 4.219µs | >: 8.179µs | >: 6.353µs | >: 5.516µs | >: 5.041µs | >: 3.805µs | >: 3.343µs | >: 4.088µs | >: 6.378µs | >: 6.177µs | >: 5.466µs | >: 4.927µs | >: 4.738µs | >: 6.731µs | >: 5.879µs | >: 4.321µs | >: 5.608µs | >: 5.764µs | >: 5.702µs | >: 5.834µs | >: 5.161µs | >: 5.028µs | >: 4.937µs | >: 4.588µs | >: 4.954µs | >: 4.584µs | >: 4.188µs | >: 5.822µs | >: 4.829µs | >: 4.809µs | >: 6.521µs | >: 11.057µs | sampled in 680.423µs

*** iteration 32, batch size 32, remaining 1834.
>: 5.16µs | >: 4.959µs | >: 5.938µs | >: 5.378µs | >: 5.049µs | >: 3.744µs | >: 5.318µs | >: 4.19µs | >: 6.448µs | >: 4.031µs | >: 4.467µs | >: 4.516µs | >: 5.357µs | >: 5.658µs | >: 4.925µs | >: 5.686µs | >: 4.749µs | >: 4.737µs | >: 3.979µs | >: 4.821µs | >: 2.534µs | >: 5.286µs | >: 10.155µs | >: 8.438µs | >: 8.876µs | >: 5.986µs | >: 11.683µs | >: 5.87µs | >: 13.224µs | >: 5.745µs | >: 6.913µs | >: 8.061µs | sampled in 1.383549ms

*** iteration 33, batch size 32, remaining 1802.
>: 4.708µs | >: 5.132µs | >: 3.537µs | >: 4.999µs | >: 5.945µs | >: 5.886µs | >: 4.254µs | >: 4.007µs | >: 5.435µs | >: 4.292µs | >: 4.194µs | >: 3.928µs | >: 5.037µs | >: 5.254µs | >: 3.295µs | >: 3.623µs | >: 4.022µs | >: 4.309µs | >: 4.501µs | >: 4.247µs | >: 4.28µs | >: 4.424µs | >: 5.359µs | >: 3.591µs | >: 3.923µs | >: 4.351µs | >: 5.94µs | >: 4.437µs | >: 4.906µs | >: 9.545µs | >: 7.086µs | >: 6.1µs | sampled in 920.604µs

*** iteration 34, batch size 32, remaining 1770.
>: 4.209µs | >: 3.665µs | >: 5.472µs | >: 4.016µs | >: 3.821µs | >: 2.56µs | >: 5.076µs | >: 3.101µs | >: 4.492µs | >: 5.088µs | >: 3.935µs | >: 5.377µs | >: 4.114µs | >: 5.892µs | >: 3.165µs | >: 5.193µs | >: 3.58µs | >: 4.656µs | >: 3.86µs | >: 5.429µs | >: 3.709µs | >: 5.36µs | >: 4.277µs | >: 3.836µs | >: 6.044µs | >: 4.816µs | >: 4.165µs | >: 4.165µs | >: 4.48µs | >: 6.023µs | >: 6.142µs | >: 6.3µs | sampled in 633.586µs

*** iteration 35, batch size 32, remaining 1738.
>: 3.651µs | >: 4.476µs | >: 3.656µs | >: 3.763µs | >: 4.512µs | >: 4.529µs | >: 5.082µs | >: 5.696µs | >: 4.002µs | >: 4.489µs | >: 4.77µs | >: 5.161µs | >: 5.193µs | >: 4.229µs | >: 4.415µs | >: 4.272µs | >: 3.031µs | >: 5.275µs | >: 4.873µs | >: 5.338µs | >: 4.897µs | >: 3.373µs | >: 3.746µs | >: 4.405µs | >: 3.501µs | >: 4.169µs | >: 3.034µs | >: 3.884µs | >: 5.155µs | >: 6.793µs | >: 5.506µs | >: 7.847µs | sampled in 606.142µs

*** iteration 36, batch size 32, remaining 1706.
>: 3.535µs | >: 3.034µs | >: 4.897µs | >: 5.458µs | >: 3.501µs | >: 4.014µs | >: 4.724µs | >: 4.049µs | >: 4.546µs | >: 3.637µs | >: 4.156µs | >: 3.35µs | >: 5.569µs | >: 5.333µs | >: 4.757µs | >: 4.175µs | >: 4.792µs | >: 3.968µs | >: 5.605µs | >: 4.815µs | >: 5.306µs | >: 5.683µs | >: 4.729µs | >: 5.721µs | >: 6.605µs | >: 7.307µs | >: 6.007µs | >: 5.64µs | >: 6.326µs | >: 4.188µs | >: 4.965µs | >: 6.412µs | sampled in 753.247µs

*** iteration 37, batch size 32, remaining 1674.
>: 3.855µs | >: 3.23µs | >: 4.947µs | >: 3.25µs | >: 4.735µs | >: 4.915µs | >: 4.797µs | >: 2.189µs | >: 4.516µs | >: 4.618µs | >: 4.546µs | >: 4.36µs | >: 2.858µs | >: 5.814µs | >: 4.209µs | >: 4.513µs | >: 4.066µs | >: 2.618µs | >: 4.537µs | >: 4.849µs | >: 4.566µs | >: 4.625µs | >: 4.558µs | >: 3.271µs | >: 3.163µs | >: 8.787µs | >: 5.786µs | >: 7.546µs | >: 8.223µs | >: 6.833µs | >: 7.439µs | >: 7.199µs | sampled in 720.179µs

*** iteration 38, batch size 32, remaining 1642.
>: 3.186µs | >: 3.234µs | >: 2.962µs | >: 4.783µs | >: 4.768µs | >: 4.634µs | >: 5.132µs | >: 3.565µs | >: 4.282µs | >: 4.863µs | >: 5.307µs | >: 4.441µs | >: 4.445µs | >: 4.462µs | >: 4.573µs | >: 5.432µs | >: 4.72µs | >: 3.878µs | >: 4.978µs | >: 3.944µs | >: 5.69µs | >: 5.244µs | >: 4.927µs | >: 3.658µs | >: 5.286µs | >: 6.531µs | >: 3.51µs | >: 15.482µs | >: 8.592µs | >: 10.64µs | >: 10.958µs | >: 11.588µs | sampled in 746.775µs

*** iteration 39, batch size 32, remaining 1610.
>: 8.194µs | >: 8.46µs | >: 10.143µs | >: 9.095µs | >: 7.829µs | >: 7.044µs | >: 6.197µs | >: 39.464µs | >: 10.617µs | >: 19.258µs | >: 8.453µs | >: 8.233µs | >: 10.696µs | >: 8.499µs | >: 11.099µs | >: 8.435µs | >: 13.009µs | >: 5.156µs | >: 11.164µs | >: 9.821µs | >: 9.573µs | >: 12.031µs | >: 4.456µs | >: 8.618µs | >: 6.61µs | >: 4.743µs | >: 6.249µs | >: 4.934µs | >: 4.812µs | >: 4.138µs | >: 20.794µs | >: 6.926µs | sampled in 1.626133ms

*** iteration 40, batch size 32, remaining 1578.
>: 4.096µs | >: 3.884µs | >: 4.474µs | >: 5.548µs | >: 5.984µs | >: 9.513µs | >: 4.304µs | >: 4.173µs | >: 5.627µs | >: 5.166µs | >: 4.08µs | >: 5.75µs | >: 5.78µs | >: 3.93µs | >: 4.524µs | >: 7.883µs | >: 5.723µs | >: 5.17µs | >: 6.315µs | >: 6.238µs | >: 5.185µs | >: 3.905µs | >: 5.312µs | >: 4.334µs | >: 4.938µs | >: 4.182µs | >: 7.027µs | >: 5.45µs | >: 6.209µs | >: 4.981µs | >: 10.756µs | >: 3.622µs | sampled in 774.91µs

*** iteration 41, batch size 32, remaining 1546.
>: 7.737µs | >: 3.167µs | >: 5.049µs | >: 5.53µs | >: 4.995µs | >: 5.174µs | >: 3.37µs | >: 4.307µs | >: 5.238µs | >: 4.677µs | >: 8.128µs | >: 6.577µs | >: 6.27µs | >: 6.922µs | >: 5.816µs | >: 5.419µs | >: 5.89µs | >: 4.76µs | >: 4.527µs | >: 7.013µs | >: 11.112µs | >: 6.983µs | >: 4.348µs | >: 6.234µs | >: 4.242µs | >: 4.087µs | >: 7.973µs | >: 3.855µs | >: 7.523µs | >: 4.392µs | >: 6.572µs | >: 5.364µs | sampled in 1.581251ms

*** iteration 42, batch size 32, remaining 1514.
>: 9.1µs | >: 4.29µs | >: 4.627µs | >: 6.459µs | >: 4.795µs | >: 4.848µs | >: 5.172µs | >: 5.725µs | >: 6.021µs | >: 5.514µs | >: 4.447µs | >: 5.956µs | >: 5.735µs | >: 4.669µs | >: 4.988µs | >: 5.15µs | >: 5.367µs | >: 4.648µs | >: 5.948µs | >: 6.217µs | >: 4.21µs | >: 4.514µs | >: 9.149µs | >: 3.763µs | >: 5.272µs | >: 3.836µs | >: 5.009µs | >: 3.91µs | >: 4.852µs | >: 5.074µs | >: 5.935µs | >: 5.853µs | sampled in 816.023µs

*** iteration 43, batch size 32, remaining 1482.
>: 4.498µs | >: 5.252µs | >: 5.745µs | >: 4.216µs | >: 5.326µs | >: 4.295µs | >: 5.403µs | >: 4.78µs | >: 5.797µs | >: 5.684µs | >: 4.32µs | >: 4.013µs | >: 4.587µs | >: 5.794µs | >: 6.038µs | >: 2.75µs | >: 5.285µs | >: 5.039µs | >: 2.749µs | >: 5.06µs | >: 5.731µs | >: 3.521µs | >: 4.21µs | >: 4.605µs | >: 3.295µs | >: 3.793µs | >: 5.171µs | >: 3.659µs | >: 5.127µs | >: 5.31µs | >: 3.124µs | >: 5.69µs | sampled in 637.898µs

*** iteration 44, batch size 32, remaining 1450.
>: 4.072µs | >: 5.998µs | >: 5.103µs | >: 3.475µs | >: 3.38µs | >: 5.022µs | >: 3.971µs | >: 5.282µs | >: 4.679µs | >: 4.864µs | >: 4.906µs | >: 5.133µs | >: 3.71µs | >: 4.783µs | >: 3.836µs | >: 5µs | >: 4.118µs | >: 3.416µs | >: 4.034µs | >: 4.659µs | >: 4.377µs | >: 2.86µs | >: 4.939µs | >: 5.493µs | >: 9.036µs | >: 4.447µs | >: 6.413µs | >: 7.282µs | >: 3.449µs | >: 6.729µs | >: 5.324µs | >: 4.871µs | sampled in 840.098µs

*** iteration 45, batch size 32, remaining 1418.
>: 3.447µs | >: 3.353µs | >: 11.045µs | >: 3.786µs | >: 6.496µs | >: 5.104µs | >: 4.304µs | >: 5.585µs | >: 4.586µs | >: 4.625µs | >: 4.795µs | >: 4.928µs | >: 4.163µs | >: 4.737µs | >: 4.653µs | >: 3.582µs | >: 5.345µs | >: 4.122µs | >: 4.79µs | >: 3.885µs | >: 4.002µs | >: 3.939µs | >: 3.45µs | >: 6.078µs | >: 7.557µs | >: 5.503µs | >: 4.919µs | >: 3.195µs | >: 4.063µs | >: 5.065µs | >: 3.939µs | >: 5.45µs | sampled in 698.983µs

*** iteration 46, batch size 32, remaining 1386.
>: 3.845µs | >: 4.338µs | >: 3.001µs | >: 4.317µs | >: 4.81µs | >: 3.639µs | >: 4.576µs | >: 4.597µs | >: 5.472µs | >: 4.847µs | >: 5.155µs | >: 3.99µs | >: 3.754µs | >: 4.031µs | >: 4.487µs | >: 2.765µs | >: 4.674µs | >: 9.412µs | >: 4.976µs | >: 4.112µs | >: 4.411µs | >: 4.161µs | >: 5.048µs | >: 4.105µs | >: 3.77µs | >: 6.289µs | >: 4.042µs | >: 5.589µs | >: 5.228µs | >: 4.312µs | >: 7.648µs | >: 5.69µs | sampled in 751.957µs

*** iteration 47, batch size 32, remaining 1354.
>: 3.178µs | >: 3.738µs | >: 5.298µs | >: 4.653µs | >: 3.491µs | >: 4.91µs | >: 2.569µs | >: 3.886µs | >: 3.453µs | >: 4.326µs | >: 3.234µs | >: 4.831µs | >: 4.244µs | >: 4.802µs | >: 4.138µs | >: 3.996µs | >: 3.981µs | >: 4.423µs | >: 4.981µs | >: 4.412µs | >: 3.468µs | >: 3.339µs | >: 4.207µs | >: 4.244µs | >: 4.594µs | >: 4.125µs | >: 3.371µs | >: 4.021µs | >: 7.696µs | >: 4.073µs | >: 4.74µs | >: 5.954µs | sampled in 610.725µs

*** iteration 48, batch size 32, remaining 1322.
>: 3.288µs | >: 3.442µs | >: 5.765µs | >: 3.817µs | >: 4.695µs | >: 3.378µs | >: 4.183µs | >: 4.314µs | >: 5.427µs | >: 3.956µs | >: 4.361µs | >: 4.788µs | >: 4.395µs | >: 4.487µs | >: 4.069µs | >: 4.027µs | >: 4.462µs | >: 5.209µs | >: 4.465µs | >: 3.527µs | >: 4.746µs | >: 4.957µs | >: 5.488µs | >: 4.725µs | >: 3.743µs | >: 3.413µs | >: 3.42µs | >: 7.61µs | >: 5.269µs | >: 4.886µs | >: 5.398µs | >: 4.809µs | sampled in 587.325µs

*** iteration 49, batch size 32, remaining 1290.
>: 3.007µs | >: 3.878µs | >: 3.776µs | >: 4.826µs | >: 3.383µs | >: 3.821µs | >: 4.837µs | >: 4.927µs | >: 3.85µs | >: 4.655µs | >: 3.38µs | >: 4.307µs | >: 3.557µs | >: 4.445µs | >: 4.944µs | >: 5.103µs | >: 5.443µs | >: 4.365µs | >: 3.974µs | >: 3.831µs | >: 6.021µs | >: 6.583µs | >: 4.206µs | >: 4.119µs | >: 4.978µs | >: 4.545µs | >: 7.744µs | >: 6.83µs | >: 7.934µs | >: 5.814µs | >: 5.695µs | >: 4.679µs | sampled in 644.162µs

*** iteration 50, batch size 32, remaining 1258.
>: 3.937µs | >: 3.46µs | >: 5.077µs | >: 3.648µs | >: 4.024µs | >: 4.89µs | >: 2.458µs | >: 3.819µs | >: 3.884µs | >: 4.068µs | >: 4.182µs | >: 4.438µs | >: 4.513µs | >: 3.347µs | >: 4.703µs | >: 4.667µs | >: 4.394µs | >: 4µs | >: 5.087µs | >: 2.577µs | >: 3.558µs | >: 3.8µs | >: 4.787µs | >: 4.78µs | >: 3.462µs | >: 4.885µs | >: 4.927µs | >: 13.741µs | >: 4.728µs | >: 7.412µs | >: 4.625µs | >: 4.967µs | sampled in 708.466µs

*** iteration 51, batch size 32, remaining 1226.
>: 3.78µs | >: 3.233µs | >: 3.957µs | >: 3.406µs | >: 3.964µs | >: 4.15µs | >: 4.392µs | >: 3.731µs | >: 4.448µs | >: 3.871µs | >: 4.339µs | >: 4.178µs | >: 4.56µs | >: 3.524µs | >: 4.865µs | >: 3.795µs | >: 2.925µs | >: 4.647µs | >: 2.559µs | >: 4.877µs | >: 3.522µs | >: 4.144µs | >: 3.885µs | >: 4.295µs | >: 3.757µs | >: 4.436µs | >: 3.569µs | >: 4.525µs | >: 6.717µs | >: 7.49µs | >: 6.306µs | >: 4.052µs | sampled in 639.596µs

*** iteration 52, batch size 32, remaining 1194.
>: 3.618µs | >: 2.925µs | >: 5.069µs | >: 2.416µs | >: 10.534µs | >: 5.105µs | >: 5.548µs | >: 4.344µs | >: 3.637µs | >: 3.977µs | >: 4.971µs | >: 3.789µs | >: 4.256µs | >: 5.178µs | >: 4.765µs | >: 5.481µs | >: 3.845µs | >: 4.553µs | >: 4.023µs | >: 4.297µs | >: 4.287µs | >: 4.385µs | >: 4.17µs | >: 4.944µs | >: 3.546µs | >: 4.212µs | >: 4.599µs | >: 4.728µs | >: 4.57µs | >: 4.874µs | >: 4.844µs | >: 6.303µs | sampled in 624.132µs

*** iteration 53, batch size 32, remaining 1162.
>: 4.207µs | >: 2.699µs | >: 5.484µs | >: 4.746µs | >: 3.222µs | >: 4.926µs | >: 4.975µs | >: 5.331µs | >: 5.069µs | >: 4.832µs | >: 4.691µs | >: 4.741µs | >: 4.967µs | >: 4.767µs | >: 3.673µs | >: 4.221µs | >: 3.192µs | >: 3.581µs | >: 5.708µs | >: 5.057µs | >: 3.773µs | >: 3.923µs | >: 4.106µs | >: 4.18µs | >: 4.164µs | >: 4.555µs | >: 3.445µs | >: 3.321µs | >: 6.849µs | >: 4.508µs | >: 6.13µs | >: 3.008µs | sampled in 585.495µs

*** iteration 54, batch size 32, remaining 1130.
>: 3.606µs | >: 3.44µs | >: 4.495µs | >: 5.129µs | >: 4.322µs | >: 4.635µs | >: 3.868µs | >: 3.989µs | >: 4.622µs | >: 4.732µs | >: 4.288µs | >: 4.35µs | >: 4.05µs | >: 4.542µs | >: 3.924µs | >: 3.398µs | >: 4.262µs | >: 4.992µs | >: 3.822µs | >: 3.845µs | >: 5.497µs | >: 5.568µs | >: 3.585µs | >: 5.509µs | >: 4.523µs | >: 5.466µs | >: 4.82µs | >: 3.76µs | >: 5.57µs | >: 5.046µs | >: 4.18µs | >: 4.946µs | sampled in 580.343µs

*** iteration 55, batch size 32, remaining 1098.
>: 4.164µs | >: 3.143µs | >: 4.034µs | >: 5.09µs | >: 5.271µs | >: 4.845µs | >: 4.224µs | >: 2.885µs | >: 4.686µs | >: 4.839µs | >: 4.98µs | >: 5.279µs | >: 3.195µs | >: 4.401µs | >: 3.867µs | >: 4.375µs | >: 4.553µs | >: 5.2µs | >: 4.706µs | >: 5.593µs | >: 3.067µs | >: 3.844µs | >: 4.074µs | >: 3.32µs | >: 4.206µs | >: 5.446µs | >: 5.147µs | >: 4.966µs | >: 8.564µs | >: 4.455µs | >: 4.083µs | >: 3.687µs | sampled in 666.047µs

*** iteration 56, batch size 32, remaining 1066.
>: 3.869µs | >: 4.577µs | >: 4.465µs | >: 3.98µs | >: 4.89µs | >: 5.326µs | >: 4.208µs | >: 4.822µs | >: 4.201µs | >: 4.722µs | >: 3.852µs | >: 4.927µs | >: 3.573µs | >: 4.525µs | >: 5.212µs | >: 4.68µs | >: 4.172µs | >: 3.685µs | >: 4.451µs | >: 4.902µs | >: 4.569µs | >: 4.95µs | >: 4.473µs | >: 3.743µs | >: 4.709µs | >: 3.06µs | >: 7.218µs | >: 8.129µs | >: 6.357µs | >: 6.562µs | >: 8.674µs | >: 7.255µs | sampled in 804.493µs

*** iteration 57, batch size 32, remaining 1034.
>: 4.375µs | >: 3.909µs | >: 5.837µs | >: 4.845µs | >: 4.747µs | >: 4.372µs | >: 4.474µs | >: 5.752µs | >: 4.504µs | >: 5.406µs | >: 5.454µs | >: 5.265µs | >: 4.327µs | >: 3.369µs | >: 6.603µs | >: 4.724µs | >: 5.095µs | >: 4.39µs | >: 5.134µs | >: 5.057µs | >: 3.445µs | >: 5.36µs | >: 4.978µs | >: 2.989µs | >: 4.823µs | >: 4.246µs | >: 3.773µs | >: 3.785µs | >: 128.036µs | >: 84.527µs | >: 86.844µs | >: 80.626µs | sampled in 749.837µs

*** iteration 58, batch size 32, remaining 1002.
>: 3.939µs | >: 3.412µs | >: 4.56µs | >: 2.913µs | >: 2.529µs | >: 3.958µs | >: 5.387µs | >: 3.899µs | >: 4.326µs | >: 4.258µs | >: 4.46µs | >: 4.685µs | >: 4.726µs | >: 4.238µs | >: 3.176µs | >: 3.484µs | >: 4.251µs | >: 4.397µs | >: 4.903µs | >: 4.685µs | >: 3.685µs | >: 4.331µs | >: 4.911µs | >: 3.913µs | >: 7.315µs | >: 5.999µs | >: 9.076µs | >: 9.937µs | >: 11.331µs | >: 9.332µs | >: 13.59µs | >: 10.924µs | sampled in 1.375231ms

*** iteration 59, batch size 32, remaining 970.
>: 7.13µs | >: 4.428µs | >: 4.821µs | >: 8.623µs | >: 9.935µs | >: 6.245µs | >: 17.555µs | >: 9.424µs | >: 6.564µs | >: 4.623µs | >: 9.183µs | >: 9.685µs | >: 7.2µs | >: 6.948µs | >: 5.945µs | >: 9.174µs | >: 9.051µs | >: 6.317µs | >: 5.461µs | >: 8.314µs | >: 10.165µs | >: 9.991µs | >: 9.388µs | >: 7.075µs | >: 5.26µs | >: 8.791µs | >: 7.412µs | >: 6.849µs | >: 4.883µs | >: 7.322µs | >: 6.696µs | >: 4.265µs | sampled in 1.106691ms

*** iteration 60, batch size 32, remaining 938.
>: 4.121µs | >: 3.942µs | >: 4.793µs | >: 4.257µs | >: 4.358µs | >: 4.905µs | >: 3.467µs | >: 3.174µs | >: 5.478µs | >: 3.507µs | >: 4.612µs | >: 1.862µs | >: 4.621µs | >: 4.22µs | >: 3.245µs | >: 5.394µs | >: 3.058µs | >: 4.297µs | >: 5.078µs | >: 2.414µs | >: 4.066µs | >: 2.697µs | >: 1.779µs | >: 4.551µs | >: 5.347µs | >: 5.39µs | >: 5.072µs | >: 5.945µs | >: 6.192µs | >: 5.465µs | >: 5.583µs | >: 4.938µs | sampled in 794.784µs

*** iteration 61, batch size 32, remaining 906.
>: 4.37µs | >: 3.696µs | >: 4.892µs | >: 5.046µs | >: 4.143µs | >: 4.386µs | >: 5.048µs | >: 4.393µs | >: 4.872µs | >: 4.529µs | >: 5.212µs | >: 3.292µs | >: 5.073µs | >: 4.613µs | >: 4.663µs | >: 7.188µs | >: 4.92µs | >: 6.784µs | >: 6.386µs | >: 6.389µs | >: 5.738µs | >: 6.171µs | >: 4.918µs | >: 5.104µs | >: 7.196µs | >: 6.115µs | >: 5.136µs | >: 6.198µs | >: 5.1µs | >: 4.889µs | >: 5.714µs | >: 5.951µs | sampled in 910.208µs

*** iteration 62, batch size 32, remaining 874.
>: 3.423µs | >: 3.672µs | >: 4.099µs | >: 5.549µs | >: 4.143µs | >: 3.616µs | >: 5.404µs | >: 5.21µs | >: 5.616µs | >: 3.72µs | >: 4.537µs | >: 3.095µs | >: 4.408µs | >: 4.401µs | >: 3.896µs | >: 4.744µs | >: 4.86µs | >: 4.423µs | >: 3.495µs | >: 3.68µs | >: 4.341µs | >: 4.031µs | >: 5.037µs | >: 3.621µs | >: 5.461µs | >: 5.528µs | >: 5.335µs | >: 4.735µs | >: 4.467µs | >: 8.912µs | >: 4.217µs | >: 6.046µs | sampled in 679.334µs

*** iteration 63, batch size 32, remaining 842.
>: 3.386µs | >: 3.179µs | >: 5.544µs | >: 3.88µs | >: 2.072µs | >: 4.911µs | >: 4.169µs | >: 4.82µs | >: 4.957µs | >: 4.118µs | >: 3.899µs | >: 4.077µs | >: 3.937µs | >: 5.485µs | >: 4.233µs | >: 3.406µs | >: 3.79µs | >: 4.833µs | >: 5.182µs | >: 3.787µs | >: 4.125µs | >: 3.873µs | >: 5.807µs | >: 4.919µs | >: 4.454µs | >: 3.519µs | >: 4.362µs | >: 9.191µs | >: 6.135µs | >: 3.675µs | >: 3.545µs | >: 5.351µs | sampled in 631.708µs

*** iteration 64, batch size 32, remaining 810.
>: 4.474µs | >: 3.99µs | >: 3.09µs | >: 5.261µs | >: 3.89µs | >: 5.271µs | >: 3.934µs | >: 2.904µs | >: 4.65µs | >: 5.306µs | >: 4.817µs | >: 4.37µs | >: 4.84µs | >: 5.279µs | >: 4.366µs | >: 6.594µs | >: 4.705µs | >: 5.9µs | >: 8.774µs | >: 5.217µs | >: 6.457µs | >: 4.15µs | >: 5.305µs | >: 4.544µs | >: 4.88µs | >: 6.335µs | >: 6.058µs | >: 5.503µs | >: 4.542µs | >: 5.35µs | >: 4.777µs | >: 4.728µs | sampled in 806.647µs

*** iteration 65, batch size 32, remaining 778.
>: 4.317µs | >: 4.335µs | >: 5.872µs | >: 4.28µs | >: 5.486µs | >: 5.029µs | >: 4.121µs | >: 5.161µs | >: 3.156µs | >: 5.502µs | >: 2.786µs | >: 4.124µs | >: 4.429µs | >: 3.815µs | >: 4.706µs | >: 3.236µs | >: 5.038µs | >: 4.018µs | >: 3.033µs | >: 4.723µs | >: 5.729µs | >: 5.128µs | >: 5.74µs | >: 4.377µs | >: 4.667µs | >: 5.346µs | >: 3.48µs | >: 4.689µs | >: 5.12µs | >: 8.746µs | >: 5.765µs | >: 6.889µs | sampled in 626.928µs

*** iteration 66, batch size 32, remaining 746.
>: 3.398µs | >: 3.559µs | >: 5.225µs | >: 3.669µs | >: 2.096µs | >: 4.667µs | >: 4.096µs | >: 5.074µs | >: 4.089µs | >: 3.855µs | >: 4.65µs | >: 4.062µs | >: 3.603µs | >: 5.024µs | >: 4.928µs | >: 3.646µs | >: 3.558µs | >: 5.185µs | >: 3.722µs | >: 5.366µs | >: 4.96µs | >: 3.743µs | >: 2.701µs | >: 4.195µs | >: 5.111µs | >: 5.207µs | >: 4.128µs | >: 5.058µs | >: 4.015µs | >: 4.436µs | >: 7.401µs | >: 5.696µs | sampled in 703.735µs

*** iteration 67, batch size 32, remaining 714.
>: 4.008µs | >: 3.625µs | >: 5.383µs | >: 3.368µs | >: 4.643µs | >: 4.552µs | >: 3.809µs | >: 4.081µs | >: 4.396µs | >: 5.239µs | >: 5.519µs | >: 5.458µs | >: 4.219µs | >: 4.174µs | >: 4.333µs | >: 4.347µs | >: 4.009µs | >: 3.746µs | >: 4.419µs | >: 4.575µs | >: 4.969µs | >: 4.047µs | >: 4.959µs | >: 3.976µs | >: 5.674µs | >: 5.212µs | >: 4.964µs | >: 6.485µs | >: 3.891µs | >: 2.871µs | >: 7.196µs | >: 6.847µs | sampled in 639.365µs

*** iteration 68, batch size 32, remaining 682.
>: 4.383µs | >: 3.222µs | >: 3.83µs | >: 3.143µs | >: 3.076µs | >: 3.141µs | >: 5.186µs | >: 2.098µs | >: 3.637µs | >: 5.572µs | >: 4.836µs | >: 4.207µs | >: 5.534µs | >: 5.075µs | >: 4.086µs | >: 4.389µs | >: 3.524µs | >: 4.112µs | >: 3.573µs | >: 3.645µs | >: 4.524µs | >: 5.467µs | >: 3.808µs | >: 4.471µs | >: 3.988µs | >: 4.464µs | >: 4.305µs | >: 3.723µs | >: 5.003µs | >: 8.182µs | >: 6.1µs | >: 5.329µs | sampled in 670.914µs

*** iteration 69, batch size 32, remaining 650.
>: 3.794µs | >: 4.327µs | >: 4.221µs | >: 3.564µs | >: 4.674µs | >: 2.355µs | >: 3.628µs | >: 3.506µs | >: 3.207µs | >: 4.084µs | >: 4.908µs | >: 3.962µs | >: 5.553µs | >: 4.015µs | >: 4.321µs | >: 4.556µs | >: 3.011µs | >: 3.781µs | >: 4.339µs | >: 4.7µs | >: 3.876µs | >: 5.485µs | >: 5.041µs | >: 4.884µs | >: 4.68µs | >: 4.948µs | >: 3.873µs | >: 2.021µs | >: 3.337µs | >: 4.25µs | >: 6.772µs | >: 5.572µs | sampled in 679.941µs

*** iteration 70, batch size 32, remaining 618.
>: 3.046µs | >: 3.197µs | >: 5.656µs | >: 3.61µs | >: 4.977µs | >: 4.423µs | >: 3.312µs | >: 5.759µs | >: 4.338µs | >: 3.649µs | >: 3.942µs | >: 4.561µs | >: 5.212µs | >: 4.788µs | >: 3.711µs | >: 3.58µs | >: 3.484µs | >: 3.522µs | >: 4.965µs | >: 3.741µs | >: 4.123µs | >: 5.441µs | >: 5.194µs | >: 3.604µs | >: 4.13µs | >: 3.611µs | >: 6.744µs | >: 8.834µs | >: 5.565µs | >: 6.809µs | >: 5.781µs | >: 4.798µs | sampled in 676.616µs

*** iteration 71, batch size 32, remaining 586.
>: 4.009µs | >: 3.037µs | >: 4.175µs | >: 4.433µs | >: 4.125µs | >: 3.41µs | >: 2.983µs | >: 5.303µs | >: 3.799µs | >: 4.529µs | >: 3.067µs | >: 3.797µs | >: 2.837µs | >: 4.107µs | >: 3.625µs | >: 2.109µs | >: 3.657µs | >: 3.316µs | >: 3.531µs | >: 2.256µs | >: 2.842µs | >: 3.939µs | >: 3.744µs | >: 4.862µs | >: 3.755µs | >: 3.877µs | >: 3.526µs | >: 3.68µs | >: 6.966µs | >: 5.353µs | >: 5.211µs | >: 7.373µs | sampled in 600.041µs

*** iteration 72, batch size 32, remaining 554.
>: 3.19µs | >: 5.236µs | >: 3.975µs | >: 4.995µs | >: 5.084µs | >: 4.552µs | >: 3.877µs | >: 4.254µs | >: 6.131µs | >: 5.451µs | >: 4.803µs | >: 5.241µs | >: 2.838µs | >: 3.69µs | >: 3.854µs | >: 3.972µs | >: 3.666µs | >: 4.022µs | >: 3.448µs | >: 4.705µs | >: 4.7µs | >: 3.548µs | >: 3.707µs | >: 5.258µs | >: 3.894µs | >: 3.637µs | >: 2.933µs | >: 4.493µs | >: 7.334µs | >: 4.625µs | >: 5.686µs | >: 5.3µs | sampled in 634.424µs

*** iteration 73, batch size 32, remaining 522.
>: 3.886µs | >: 4.129µs | >: 4.769µs | >: 4.133µs | >: 4.709µs | >: 4.203µs | >: 4.321µs | >: 4.27µs | >: 4.867µs | >: 4.282µs | >: 3.493µs | >: 4.858µs | >: 5.018µs | >: 3.497µs | >: 5.218µs | >: 3.853µs | >: 5.642µs | >: 5.217µs | >: 5.278µs | >: 4.682µs | >: 5.171µs | >: 3.629µs | >: 6.153µs | >: 5.026µs | >: 4.734µs | >: 3.471µs | >: 5.155µs | >: 4.477µs | >: 3.969µs | >: 2.835µs | >: 6.113µs | >: 5.697µs | sampled in 657.525µs

*** iteration 74, batch size 32, remaining 490.
>: 3.643µs | >: 2.883µs | >: 3.748µs | >: 4.367µs | >: 4.856µs | >: 3.48µs | >: 3.093µs | >: 4.338µs | >: 4.188µs | >: 4.747µs | >: 4.859µs | >: 3.617µs | >: 4.279µs | >: 5.41µs | >: 3.973µs | >: 5.439µs | >: 4.323µs | >: 4.156µs | >: 3.377µs | >: 3.612µs | >: 4.06µs | >: 3.983µs | >: 4.151µs | >: 4.21µs | >: 3.258µs | >: 3.73µs | >: 4.519µs | >: 4.037µs | >: 6.234µs | >: 6.509µs | >: 6.017µs | >: 6.711µs | sampled in 578.819µs

*** iteration 75, batch size 32, remaining 458.
>: 3.125µs | >: 3.477µs | >: 3.841µs | >: 3.493µs | >: 4.365µs | >: 5.817µs | >: 3.182µs | >: 3.037µs | >: 5.282µs | >: 4.408µs | >: 4.34µs | >: 3.889µs | >: 4.313µs | >: 4.453µs | >: 4.847µs | >: 4.232µs | >: 5.578µs | >: 3.73µs | >: 4.094µs | >: 5.142µs | >: 3.666µs | >: 2.994µs | >: 4.603µs | >: 3.465µs | >: 3.676µs | >: 3.251µs | >: 5.654µs | >: 4.963µs | >: 4.587µs | >: 3.794µs | >: 7.691µs | >: 5.349µs | sampled in 675.13µs

*** iteration 76, batch size 32, remaining 426.
>: 3.522µs | >: 3.046µs | >: 4.025µs | >: 4.682µs | >: 2.935µs | >: 3.883µs | >: 3.603µs | >: 2.644µs | >: 3.633µs | >: 3.033µs | >: 3.583µs | >: 3.914µs | >: 3.856µs | >: 3.934µs | >: 4.773µs | >: 4.888µs | >: 2.487µs | >: 3.857µs | >: 3.722µs | >: 4.897µs | >: 3.838µs | >: 4.94µs | >: 5.429µs | >: 3.985µs | >: 4.098µs | >: 4.397µs | >: 4.763µs | >: 5.05µs | >: 6.071µs | >: 6.042µs | >: 4.681µs | >: 6.068µs | sampled in 717.846µs

*** iteration 77, batch size 32, remaining 394.
>: 3.727µs | >: 2.644µs | >: 5.112µs | >: 2.295µs | >: 4.181µs | >: 4.619µs | >: 3.911µs | >: 5.508µs | >: 3.67µs | >: 4.397µs | >: 4.209µs | >: 4.607µs | >: 5.284µs | >: 3.237µs | >: 4.309µs | >: 5.163µs | >: 3.466µs | >: 5.059µs | >: 4.961µs | >: 3.731µs | >: 4.63µs | >: 3.612µs | >: 4.612µs | >: 3.368µs | >: 4.824µs | >: 6.327µs | >: 5.416µs | >: 6.581µs | >: 5.145µs | >: 5.167µs | >: 6.186µs | >: 6.808µs | sampled in 763.027µs

*** iteration 78, batch size 32, remaining 362.
>: 4.717µs | >: 3.625µs | >: 3.809µs | >: 3.786µs | >: 4.561µs | >: 4.045µs | >: 3.871µs | >: 4.534µs | >: 4.671µs | >: 3.369µs | >: 4.593µs | >: 5.345µs | >: 3.698µs | >: 3.11µs | >: 5.311µs | >: 4.001µs | >: 3.365µs | >: 4.54µs | >: 4.452µs | >: 4.421µs | >: 3.152µs | >: 3.712µs | >: 4.225µs | >: 4.277µs | >: 3.832µs | >: 5.107µs | >: 4.109µs | >: 3.132µs | >: 4.564µs | >: 3.522µs | >: 23.345µs | >: 6.037µs | sampled in 600.726µs

*** iteration 79, batch size 32, remaining 330.
>: 4.408µs | >: 4.326µs | >: 4.237µs | >: 5.097µs | >: 4.105µs | >: 4.428µs | >: 3.179µs | >: 5.325µs | >: 5.4µs | >: 3.148µs | >: 4.457µs | >: 4.337µs | >: 4.2µs | >: 2.64µs | >: 4.025µs | >: 4.224µs | >: 4.797µs | >: 3.627µs | >: 5.559µs | >: 4.267µs | >: 4.185µs | >: 4.828µs | >: 3.721µs | >: 3.101µs | >: 4.618µs | >: 3.159µs | >: 4.391µs | >: 4.619µs | >: 4.865µs | >: 9.219µs | >: 5.853µs | >: 5.339µs | sampled in 578.948µs

*** iteration 80, batch size 32, remaining 298.
>: 3.732µs | >: 3.285µs | >: 4.068µs | >: 3.813µs | >: 2.781µs | >: 3.072µs | >: 4.275µs | >: 3.975µs | >: 3.848µs | >: 3.269µs | >: 3.625µs | >: 3.483µs | >: 3.079µs | >: 4.122µs | >: 4.853µs | >: 4.661µs | >: 3.859µs | >: 3.539µs | >: 4.109µs | >: 5.321µs | >: 4.2µs | >: 4.625µs | >: 4.457µs | >: 5.023µs | >: 3.799µs | >: 6.115µs | >: 5.276µs | >: 7.877µs | >: 5.73µs | >: 3.488µs | >: 7.236µs | >: 5.569µs | sampled in 649.439µs

*** iteration 81, batch size 32, remaining 266.
>: 2.988µs | >: 2.615µs | >: 4.783µs | >: 5.407µs | >: 2.744µs | >: 3.693µs | >: 5.133µs | >: 4.255µs | >: 3.856µs | >: 5.201µs | >: 3.406µs | >: 3.712µs | >: 4.441µs | >: 3.41µs | >: 5.044µs | >: 4.568µs | >: 3.203µs | >: 4.732µs | >: 2.892µs | >: 3.683µs | >: 4.875µs | >: 4.962µs | >: 4.33µs | >: 4.609µs | >: 4.97µs | >: 7.662µs | >: 4.004µs | >: 3.656µs | >: 4.038µs | >: 4.956µs | >: 5.423µs | >: 5.828µs | sampled in 613.394µs

*** iteration 82, batch size 32, remaining 234.
>: 4.357µs | >: 4.837µs | >: 4.131µs | >: 3.696µs | >: 5.284µs | >: 5.067µs | >: 3.523µs | >: 3.914µs | >: 3.893µs | >: 4.919µs | >: 4.808µs | >: 4.604µs | >: 4.264µs | >: 4.165µs | >: 5.44µs | >: 4.907µs | >: 4.955µs | >: 2.772µs | >: 2.328µs | >: 2.871µs | >: 4.143µs | >: 3.333µs | >: 3.697µs | >: 3.968µs | >: 4.606µs | >: 6.998µs | >: 5.228µs | >: 4.068µs | >: 5.218µs | >: 4.522µs | >: 7.199µs | >: 3.243µs | sampled in 589.18µs

*** iteration 83, batch size 32, remaining 202.
>: 2.953µs | >: 3.207µs | >: 5.7µs | >: 4.605µs | >: 3.675µs | >: 4.621µs | >: 3.498µs | >: 4.492µs | >: 3.676µs | >: 4.767µs | >: 3.904µs | >: 4.933µs | >: 3.997µs | >: 3.813µs | >: 4.049µs | >: 5.152µs | >: 3.728µs | >: 4.736µs | >: 8.327µs | >: 4.097µs | >: 4.586µs | >: 4.726µs | >: 4.914µs | >: 5.865µs | >: 4.252µs | >: 3.868µs | >: 4.139µs | >: 3.414µs | >: 7.711µs | >: 5.273µs | >: 3.671µs | >: 4.968µs | sampled in 750.812µs

*** iteration 84, batch size 32, remaining 170.
>: 2.964µs | >: 3.209µs | >: 5.139µs | >: 4.755µs | >: 3.862µs | >: 4.273µs | >: 4.585µs | >: 4.76µs | >: 2.98µs | >: 4.123µs | >: 4.539µs | >: 4.505µs | >: 3.734µs | >: 5.045µs | >: 4.634µs | >: 2.425µs | >: 2.782µs | >: 5.368µs | >: 4.616µs | >: 4.394µs | >: 4.963µs | >: 4.844µs | >: 4.058µs | >: 4.044µs | >: 4.567µs | >: 3.782µs | >: 4.43µs | >: 4.543µs | >: 4.561µs | >: 5.67µs | >: 5.734µs | >: 4.803µs | sampled in 719.2µs

*** iteration 85, batch size 32, remaining 138.
>: 4.042µs | >: 3.205µs | >: 4.263µs | >: 4.89µs | >: 3.118µs | >: 2.533µs | >: 4.953µs | >: 4.329µs | >: 3.816µs | >: 4.038µs | >: 4.536µs | >: 3.501µs | >: 5.189µs | >: 3.305µs | >: 3.932µs | >: 4.823µs | >: 3.7µs | >: 4.318µs | >: 4.366µs | >: 5.091µs | >: 4.819µs | >: 5.667µs | >: 3.278µs | >: 4.563µs | >: 4.011µs | >: 4.887µs | >: 6.869µs | >: 3.837µs | >: 5.858µs | >: 6.956µs | >: 6.703µs | >: 5.63µs | sampled in 600.458µs

*** iteration 86, batch size 32, remaining 106.
>: 3.421µs | >: 2.676µs | >: 5.723µs | >: 4.798µs | >: 4.09µs | >: 4.457µs | >: 3.82µs | >: 5.418µs | >: 3.331µs | >: 3.593µs | >: 4.804µs | >: 4.851µs | >: 4.009µs | >: 3.984µs | >: 3.84µs | >: 3.199µs | >: 4.236µs | >: 4.796µs | >: 5.385µs | >: 4.991µs | >: 3.326µs | >: 3.409µs | >: 3.684µs | >: 7.133µs | >: 3.33µs | >: 4.418µs | >: 5.071µs | >: 6.364µs | >: 4.297µs | >: 6.782µs | >: 5.756µs | >: 4.389µs | sampled in 740.032µs

*** iteration 87, batch size 32, remaining 74.
>: 4.106µs | >: 3.576µs | >: 5.447µs | >: 4.702µs | >: 3.813µs | >: 4.953µs | >: 3.566µs | >: 3.572µs | >: 4.798µs | >: 4.038µs | >: 4.856µs | >: 4.336µs | >: 4.355µs | >: 3.402µs | >: 3.444µs | >: 4.539µs | >: 4.827µs | >: 4.176µs | >: 3.523µs | >: 4.464µs | >: 4.229µs | >: 4.427µs | >: 4.121µs | >: 4.845µs | >: 3.242µs | >: 4.245µs | >: 3.423µs | >: 4.049µs | >: 4.377µs | >: 4.928µs | >: 4.761µs | >: 2.995µs | sampled in 658.219µs

*** iteration 88, batch size 32, remaining 42.
>: 3.561µs | >: 3.002µs | >: 5.172µs | >: 5.235µs | >: 3.659µs | >: 3.801µs | >: 3.634µs | >: 5.217µs | >: 4.806µs | >: 3.969µs | >: 5.541µs | >: 3.676µs | >: 4.186µs | >: 3.904µs | >: 4.22µs | >: 3.97µs | >: 4.249µs | >: 3.732µs | >: 5.366µs | >: 4.473µs | >: 4.669µs | >: 3.444µs | >: 4.445µs | >: 3.292µs | >: 4.359µs | >: 3.594µs | >: 4.066µs | >: 3.096µs | >: 6.176µs | >: 6.606µs | >: 3.47µs | >: 5.682µs | sampled in 587.978µs

*** iteration 89, batch size 32, remaining 10.
>: 3.845µs | >: 4.412µs | >: 5.04µs | >: 4.692µs | >: 3.166µs | >: 5.343µs | >: 4.519µs | >: 4.013µs | >: 5.167µs | >: 3.411µs | >: 4.213µs | >: 4.473µs | >: 4.754µs | >: 3.537µs | >: 3.828µs | >: 4.64µs | >: 6.097µs | >: 4.012µs | >: 4.678µs | >: 3.458µs | >: 4.275µs | >: 2.962µs | >: 4.75µs | >: 3.512µs | >: 3.673µs | >: 3.853µs | >: 4.142µs | >: 14.16µs | >: 5.024µs | >: 4.62µs | >: 5.905µs | >: 25.52µs | sampled in 792.264µs

*** iteration 90, batch size 10, remaining 0.
>: 2.978µs | >: 6.55µs | >: 5.787µs | >: 4.71µs | >: 3.497µs | >: 4.547µs | >: 4.712µs | >: 4.651µs | >: 5.915µs | >: 4.346µs | sampled in 208.41µs

Histogram of centralities (bucketed by 0.000000001):
0.418124562 - 0.418124563: 1
0.000524842 - 0.000524843: 6
0.000349895 - 0.000349896: 80
0.000174947 - 0.000174948: 1226

Closeness centrality (node, centrality) ordered by most central vertices:
0	0.4181245626312108
1695	0.0005248425472358292
4137	0.0005248425472358292
5292	0.0005248425472358292
6361	0.0005248425472358292
9208	0.0005248425472358292
9415	0.0005248425472358292
64	0.0003498950314905528
410	0.0003498950314905528
639	0.0003498950314905528
722	0.0003498950314905528
729	0.0003498950314905528
1040	0.0003498950314905528
1175	0.0003498950314905528
1277	0.0003498950314905528
1282	0.0003498950314905528
1375	0.0003498950314905528
1411	0.0003498950314905528
1689	0.0003498950314905528
2004	0.0003498950314905528
2343	0.0003498950314905528
2369	0.0003498950314905528
2423	0.0003498950314905528
2440	0.0003498950314905528
2619	0.0003498950314905528
2623	0.0003498950314905528
2732	0.0003498950314905528
2922	0.0003498950314905528
2982	0.0003498950314905528
3054	0.0003498950314905528
3144	0.0003498950314905528
3264	0.0003498950314905528
3597	0.0003498950314905528
3664	0.0003498950314905528
3825	0.0003498950314905528
3928	0.0003498950314905528
3957	0.0003498950314905528
4033	0.0003498950314905528
4100	0.0003498950314905528
4207	0.0003498950314905528
4317	0.0003498950314905528
4442	0.0003498950314905528
4497	0.0003498950314905528
4591	0.0003498950314905528
4741	0.0003498950314905528
4815	0.0003498950314905528
4909	0.0003498950314905528
4947	0.0003498950314905528
5050	0.0003498950314905528
5386	0.0003498950314905528
5476	0.0003498950314905528
5557	0.0003498950314905528
5594	0.0003498950314905528
5753	0.0003498950314905528
5986	0.0003498950314905528
6065	0.0003498950314905528
6112	0.0003498950314905528
6280	0.0003498950314905528
6357	0.0003498950314905528
6481	0.0003498950314905528
6506	0.0003498950314905528
6592	0.0003498950314905528
6607	0.0003498950314905528
6631	0.0003498950314905528
6754	0.0003498950314905528
6804	0.0003498950314905528
6825	0.0003498950314905528
7009	0.0003498950314905528
7031	0.0003498950314905528
7072	0.0003498950314905528
7164	0.0003498950314905528
7502	0.0003498950314905528
7527	0.0003498950314905528
7557	0.0003498950314905528
7676	0.0003498950314905528
7733	0.0003498950314905528
7787	0.0003498950314905528
7947	0.0003498950314905528
8135	0.0003498950314905528
8972	0.0003498950314905528
9197	0.0003498950314905528
9223	0.0003498950314905528
9284	0.0003498950314905528
9456	0.0003498950314905528
9834	0.0003498950314905528
9972	0.0003498950314905528
9989	0.0003498950314905528
2	0.0001749475157452764
8	0.0001749475157452764
25	0.0001749475157452764
29	0.0001749475157452764
33	0.0001749475157452764
53	0.0001749475157452764
57	0.0001749475157452764
69	0.0001749475157452764
76	0.0001749475157452764
77	0.0001749475157452764
84	0.0001749475157452764
90	0.0001749475157452764
92	0.0001749475157452764
95	0.0001749475157452764
98	0.0001749475157452764
99	0.0001749475157452764
108	0.0001749475157452764
113	0.0001749475157452764
123	0.0001749475157452764
125	0.0001749475157452764
128	0.0001749475157452764
145	0.0001749475157452764
147	0.0001749475157452764
150	0.0001749475157452764
163	0.0001749475157452764
165	0.0001749475157452764
168	0.0001749475157452764
171	0.0001749475157452764
181	0.0001749475157452764
182	0.0001749475157452764
183	0.0001749475157452764
184	0.0001749475157452764
187	0.0001749475157452764
195	0.0001749475157452764
196	0.0001749475157452764
202	0.0001749475157452764
206	0.0001749475157452764
207	0.0001749475157452764
209	0.0001749475157452764
227	0.0001749475157452764
228	0.0001749475157452764
232	0.0001749475157452764
237	0.0001749475157452764
246	0.0001749475157452764
256	0.0001749475157452764
258	0.0001749475157452764
261	0.0001749475157452764
266	0.0001749475157452764
272	0.0001749475157452764
303	0.0001749475157452764
311	0.0001749475157452764
337	0.0001749475157452764
339	0.0001749475157452764
350	0.0001749475157452764
362	0.0001749475157452764
367	0.0001749475157452764
372	0.0001749475157452764
376	0.0001749475157452764
392	0.0001749475157452764
394	0.0001749475157452764
408	0.0001749475157452764
419	0.0001749475157452764
423	0.0001749475157452764
428	0.0001749475157452764
458	0.0001749475157452764
460	0.0001749475157452764
462	0.0001749475157452764
464	0.0001749475157452764
470	0.0001749475157452764
484	0.0001749475157452764
485	0.0001749475157452764
501	0.0001749475157452764
510	0.0001749475157452764
511	0.0001749475157452764
514	0.0001749475157452764
515	0.0001749475157452764
517	0.0001749475157452764
519	0.0001749475157452764
527	0.0001749475157452764
532	0.0001749475157452764
535	0.0001749475157452764
539	0.0001749475157452764
556	0.0001749475157452764
559	0.0001749475157452764
564	0.0001749475157452764
569	0.0001749475157452764
576	0.0001749475157452764
577	0.0001749475157452764
579	0.0001749475157452764
580	0.0001749475157452764
586	0.0001749475157452764
591	0.0001749475157452764
620	0.0001749475157452764
624	0.0001749475157452764
632	0.0001749475157452764
633	0.0001749475157452764
645	0.0001749475157452764
651	0.0001749475157452764
658	0.0001749475157452764
667	0.0001749475157452764
669	0.0001749475157452764
670	0.0001749475157452764
672	0.0001749475157452764
682	0.0001749475157452764
687	0.0001749475157452764
696	0.0001749475157452764
704	0.0001749475157452764
708	0.0001749475157452764
710	0.0001749475157452764
715	0.0001749475157452764
723	0.0001749475157452764
727	0.0001749475157452764
743	0.0001749475157452764
750	0.0001749475157452764
752	0.0001749475157452764
766	0.0001749475157452764
777	0.0001749475157452764
784	0.0001749475157452764
786	0.0001749475157452764
824	0.0001749475157452764
832	0.0001749475157452764
834	0.0001749475157452764
844	0.0001749475157452764
852	0.0001749475157452764
853	0.0001749475157452764
883	0.0001749475157452764
913	0.0001749475157452764
918	0.0001749475157452764
929	0.0001749475157452764
932	0.0001749475157452764
938	0.0001749475157452764
951	0.0001749475157452764
953	0.0001749475157452764
959	0.0001749475157452764
978	0.0001749475157452764
983	0.0001749475157452764
985	0.0001749475157452764
1002	0.0001749475157452764
1008	0.0001749475157452764
1011	0.0001749475157452764
1012	0.0001749475157452764
1013	0.0001749475157452764
1026	0.0001749475157452764
1027	0.0001749475157452764
1048	0.0001749475157452764
1053	0.0001749475157452764
1085	0.0001749475157452764
1087	0.0001749475157452764
1092	0.0001749475157452764
1101	0.0001749475157452764
1112	0.0001749475157452764
1113	0.0001749475157452764
1127	0.0001749475157452764
1134	0.0001749475157452764
1137	0.0001749475157452764
1153	0.0001749475157452764
1154	0.0001749475157452764
1168	0.0001749475157452764
1178	0.0001749475157452764
1181	0.0001749475157452764
1183	0.0001749475157452764
1189	0.0001749475157452764
1192	0.0001749475157452764
1208	0.0001749475157452764
1212	0.0001749475157452764
1224	0.0001749475157452764
1238	0.0001749475157452764
1243	0.0001749475157452764
1244	0.0001749475157452764
1264	0.0001749475157452764
1268	0.0001749475157452764
1289	0.0001749475157452764
1304	0.0001749475157452764
1312	0.0001749475157452764
1313	0.0001749475157452764
1328	0.0001749475157452764
1332	0.0001749475157452764
1335	0.0001749475157452764
1355	0.0001749475157452764
1370	0.0001749475157452764
1376	0.0001749475157452764
1387	0.0001749475157452764
1399	0.0001749475157452764
1403	0.0001749475157452764
1409	0.0001749475157452764
1420	0.0001749475157452764
1441	0.0001749475157452764
1448	0.0001749475157452764
1450	0.0001749475157452764
1454	0.0001749475157452764
1470	0.0001749475157452764
1483	0.0001749475157452764
1484	0.0001749475157452764
1495	0.0001749475157452764
1500	0.0001749475157452764
1510	0.0001749475157452764
1515	0.0001749475157452764
1517	0.0001749475157452764
1521	0.0001749475157452764
1522	0.0001749475157452764
1533	0.0001749475157452764
1567	0.0001749475157452764
1582	0.0001749475157452764
1586	0.0001749475157452764
1595	0.0001749475157452764
1597	0.0001749475157452764
1611	0.0001749475157452764
1617	0.0001749475157452764
1622	0.0001749475157452764
1634	0.0001749475157452764
1636	0.0001749475157452764
1641	0.0001749475157452764
1673	0.0001749475157452764
1674	0.0001749475157452764
1735	0.0001749475157452764
1739	0.0001749475157452764
1751	0.0001749475157452764
1753	0.0001749475157452764
1757	0.0001749475157452764
1758	0.0001749475157452764
1767	0.0001749475157452764
1768	0.0001749475157452764
1771	0.0001749475157452764
1782	0.0001749475157452764
1793	0.0001749475157452764
1810	0.0001749475157452764
1818	0.0001749475157452764
1838	0.0001749475157452764
1844	0.0001749475157452764
1851	0.0001749475157452764
1863	0.0001749475157452764
1866	0.0001749475157452764
1886	0.0001749475157452764
1896	0.0001749475157452764
1904	0.0001749475157452764
1927	0.0001749475157452764
1955	0.0001749475157452764
1956	0.0001749475157452764
1957	0.0001749475157452764
1969	0.0001749475157452764
1971	0.0001749475157452764
1974	0.0001749475157452764
1977	0.0001749475157452764
1997	0.0001749475157452764
1998	0.0001749475157452764
2002	0.0001749475157452764
2007	0.0001749475157452764
2030	0.0001749475157452764
2033	0.0001749475157452764
2040	0.0001749475157452764
2042	0.0001749475157452764
2064	0.0001749475157452764
2067	0.0001749475157452764
2073	0.0001749475157452764
2080	0.0001749475157452764
2084	0.0001749475157452764
2085	0.0001749475157452764
2087	0.0001749475157452764
2095	0.0001749475157452764
2096	0.0001749475157452764
2100	0.0001749475157452764
2124	0.0001749475157452764
2141	0.0001749475157452764
2153	0.0001749475157452764
2173	0.0001749475157452764
2178	0.0001749475157452764
2179	0.0001749475157452764
2182	0.0001749475157452764
2193	0.0001749475157452764
2198	0.0001749475157452764
2207	0.0001749475157452764
2209	0.0001749475157452764
2215	0.0001749475157452764
2218	0.0001749475157452764
2247	0.0001749475157452764
2251	0.0001749475157452764
2262	0.0001749475157452764
2269	0.0001749475157452764
2286	0.0001749475157452764
2320	0.0001749475157452764
2322	0.0001749475157452764
2327	0.0001749475157452764
2334	0.0001749475157452764
2339	0.0001749475157452764
2352	0.0001749475157452764
2353	0.0001749475157452764
2376	0.0001749475157452764
2378	0.0001749475157452764
2383	0.0001749475157452764
2384	0.0001749475157452764
2411	0.0001749475157452764
2417	0.0001749475157452764
2444	0.0001749475157452764
2447	0.0001749475157452764
2465	0.0001749475157452764
2475	0.0001749475157452764
2490	0.0001749475157452764
2491	0.0001749475157452764
2502	0.0001749475157452764
2503	0.0001749475157452764
2508	0.0001749475157452764
2513	0.0001749475157452764
2514	0.0001749475157452764
2519	0.0001749475157452764
2539	0.0001749475157452764
2545	0.0001749475157452764
2549	0.0001749475157452764
2550	0.0001749475157452764
2555	0.0001749475157452764
2556	0.0001749475157452764
2572	0.0001749475157452764
2574	0.0001749475157452764
2578	0.0001749475157452764
2580	0.0001749475157452764
2598	0.0001749475157452764
2602	0.0001749475157452764
2614	0.0001749475157452764
2618	0.0001749475157452764
2620	0.0001749475157452764
2635	0.0001749475157452764
2640	0.0001749475157452764
2642	0.0001749475157452764
2645	0.0001749475157452764
2653	0.0001749475157452764
2658	0.0001749475157452764
2663	0.0001749475157452764
2664	0.0001749475157452764
2674	0.0001749475157452764
2678	0.0001749475157452764
2684	0.0001749475157452764
2686	0.0001749475157452764
2699	0.0001749475157452764
2700	0.0001749475157452764
2701	0.0001749475157452764
2729	0.0001749475157452764
2738	0.0001749475157452764
2740	0.0001749475157452764
2755	0.0001749475157452764
2758	0.0001749475157452764
2766	0.0001749475157452764
2779	0.0001749475157452764
2795	0.0001749475157452764
2813	0.0001749475157452764
2815	0.0001749475157452764
2817	0.0001749475157452764
2822	0.0001749475157452764
2826	0.0001749475157452764
2827	0.0001749475157452764
2848	0.0001749475157452764
2850	0.0001749475157452764
2852	0.0001749475157452764
2854	0.0001749475157452764
2867	0.0001749475157452764
2868	0.0001749475157452764
2877	0.0001749475157452764
2880	0.0001749475157452764
2907	0.0001749475157452764
2908	0.0001749475157452764
2918	0.0001749475157452764
2932	0.0001749475157452764
2940	0.0001749475157452764
2941	0.0001749475157452764
2942	0.0001749475157452764
2949	0.0001749475157452764
2963	0.0001749475157452764
2969	0.0001749475157452764
2971	0.0001749475157452764
2991	0.0001749475157452764
3000	0.0001749475157452764
3008	0.0001749475157452764
3019	0.0001749475157452764
3036	0.0001749475157452764
3041	0.0001749475157452764
3042	0.0001749475157452764
3043	0.0001749475157452764
3048	0.0001749475157452764
3071	0.0001749475157452764
3072	0.0001749475157452764
3082	0.0001749475157452764
3090	0.0001749475157452764
3092	0.0001749475157452764
3093	0.0001749475157452764
3107	0.0001749475157452764
3111	0.0001749475157452764
3112	0.0001749475157452764
3115	0.0001749475157452764
3133	0.0001749475157452764
3149	0.0001749475157452764
3151	0.0001749475157452764
3154	0.0001749475157452764
3155	0.0001749475157452764
3171	0.0001749475157452764
3172	0.0001749475157452764
3178	0.0001749475157452764
3184	0.0001749475157452764
3196	0.0001749475157452764
3208	0.0001749475157452764
3217	0.0001749475157452764
3230	0.0001749475157452764
3231	0.0001749475157452764
3234	0.0001749475157452764
3247	0.0001749475157452764
3250	0.0001749475157452764
3273	0.0001749475157452764
3284	0.0001749475157452764
3292	0.0001749475157452764
3299	0.0001749475157452764
3305	0.0001749475157452764
3307	0.0001749475157452764
3325	0.0001749475157452764
3331	0.0001749475157452764
3345	0.0001749475157452764
3351	0.0001749475157452764
3356	0.0001749475157452764
3359	0.0001749475157452764
3377	0.0001749475157452764
3416	0.0001749475157452764
3439	0.0001749475157452764
3440	0.0001749475157452764
3451	0.0001749475157452764
3455	0.0001749475157452764
3458	0.0001749475157452764
3461	0.0001749475157452764
3464	0.0001749475157452764
3465	0.0001749475157452764
3472	0.0001749475157452764
3474	0.0001749475157452764
3485	0.0001749475157452764
3496	0.0001749475157452764
3506	0.0001749475157452764
3507	0.0001749475157452764
3517	0.0001749475157452764
3528	0.0001749475157452764
3536	0.0001749475157452764
3556	0.0001749475157452764
3559	0.0001749475157452764
3562	0.0001749475157452764
3569	0.0001749475157452764
3574	0.0001749475157452764
3579	0.0001749475157452764
3581	0.0001749475157452764
3584	0.0001749475157452764
3591	0.0001749475157452764
3592	0.0001749475157452764
3598	0.0001749475157452764
3613	0.0001749475157452764
3616	0.0001749475157452764
3626	0.0001749475157452764
3627	0.0001749475157452764
3639	0.0001749475157452764
3652	0.0001749475157452764
3688	0.0001749475157452764
3690	0.0001749475157452764
3693	0.0001749475157452764
3700	0.0001749475157452764
3701	0.0001749475157452764
3709	0.0001749475157452764
3721	0.0001749475157452764
3739	0.0001749475157452764
3740	0.0001749475157452764
3743	0.0001749475157452764
3746	0.0001749475157452764
3747	0.0001749475157452764
3752	0.0001749475157452764
3777	0.0001749475157452764
3783	0.0001749475157452764
3785	0.0001749475157452764
3794	0.0001749475157452764
3809	0.0001749475157452764
3823	0.0001749475157452764
3846	0.0001749475157452764
3855	0.0001749475157452764
3857	0.0001749475157452764
3862	0.0001749475157452764
3867	0.0001749475157452764
3868	0.0001749475157452764
3873	0.0001749475157452764
3874	0.0001749475157452764
3879	0.0001749475157452764
3881	0.0001749475157452764
3889	0.0001749475157452764
3890	0.0001749475157452764
3899	0.0001749475157452764
3900	0.0001749475157452764
3923	0.0001749475157452764
3934	0.0001749475157452764
3959	0.0001749475157452764
3975	0.0001749475157452764
3976	0.0001749475157452764
3978	0.0001749475157452764
3983	0.0001749475157452764
3998	0.0001749475157452764
4003	0.0001749475157452764
4004	0.0001749475157452764
4007	0.0001749475157452764
4009	0.0001749475157452764
4019	0.0001749475157452764
4023	0.0001749475157452764
4052	0.0001749475157452764
4057	0.0001749475157452764
4076	0.0001749475157452764
4081	0.0001749475157452764
4084	0.0001749475157452764
4096	0.0001749475157452764
4116	0.0001749475157452764
4127	0.0001749475157452764
4128	0.0001749475157452764
4131	0.0001749475157452764
4136	0.0001749475157452764
4149	0.0001749475157452764
4162	0.0001749475157452764
4170	0.0001749475157452764
4174	0.0001749475157452764
4185	0.0001749475157452764
4191	0.0001749475157452764
4205	0.0001749475157452764
4215	0.0001749475157452764
4224	0.0001749475157452764
4225	0.0001749475157452764
4234	0.0001749475157452764
4243	0.0001749475157452764
4249	0.0001749475157452764
4254	0.0001749475157452764
4256	0.0001749475157452764
4257	0.0001749475157452764
4261	0.0001749475157452764
4274	0.0001749475157452764
4275	0.0001749475157452764
4284	0.0001749475157452764
4289	0.0001749475157452764
4290	0.0001749475157452764
4300	0.0001749475157452764
4301	0.0001749475157452764
4318	0.0001749475157452764
4324	0.0001749475157452764
4340	0.0001749475157452764
4345	0.0001749475157452764
4354	0.0001749475157452764
4355	0.0001749475157452764
4357	0.0001749475157452764
4361	0.0001749475157452764
4375	0.0001749475157452764
4380	0.0001749475157452764
4389	0.0001749475157452764
4390	0.0001749475157452764
4398	0.0001749475157452764
4410	0.0001749475157452764
4429	0.0001749475157452764
4433	0.0001749475157452764
4436	0.0001749475157452764
4440	0.0001749475157452764
4447	0.0001749475157452764
4450	0.0001749475157452764
4453	0.0001749475157452764
4461	0.0001749475157452764
4467	0.0001749475157452764
4471	0.0001749475157452764
4480	0.0001749475157452764
4494	0.0001749475157452764
4504	0.0001749475157452764
4514	0.0001749475157452764
4535	0.0001749475157452764
4545	0.0001749475157452764
4552	0.0001749475157452764
4556	0.0001749475157452764
4559	0.0001749475157452764
4565	0.0001749475157452764
4574	0.0001749475157452764
4579	0.0001749475157452764
4588	0.0001749475157452764
4594	0.0001749475157452764
4603	0.0001749475157452764
4613	0.0001749475157452764
4615	0.0001749475157452764
4616	0.0001749475157452764
4620	0.0001749475157452764
4632	0.0001749475157452764
4636	0.0001749475157452764
4640	0.0001749475157452764
4643	0.0001749475157452764
4646	0.0001749475157452764
4652	0.0001749475157452764
4667	0.0001749475157452764
4669	0.0001749475157452764
4672	0.0001749475157452764
4689	0.0001749475157452764
4690	0.0001749475157452764
4698	0.0001749475157452764
4701	0.0001749475157452764
4702	0.0001749475157452764
4715	0.0001749475157452764
4720	0.0001749475157452764
4738	0.0001749475157452764
4745	0.0001749475157452764
4750	0.0001749475157452764
4751	0.0001749475157452764
4771	0.0001749475157452764
4773	0.0001749475157452764
4785	0.0001749475157452764
4786	0.0001749475157452764
4788	0.0001749475157452764
4792	0.0001749475157452764
4799	0.0001749475157452764
4806	0.0001749475157452764
4807	0.0001749475157452764
4820	0.0001749475157452764
4827	0.0001749475157452764
4834	0.0001749475157452764
4854	0.0001749475157452764
4861	0.0001749475157452764
4864	0.0001749475157452764
4865	0.0001749475157452764
4874	0.0001749475157452764
4879	0.0001749475157452764
4900	0.0001749475157452764
4901	0.0001749475157452764
4922	0.0001749475157452764
4924	0.0001749475157452764
4926	0.0001749475157452764
4934	0.0001749475157452764
4938	0.0001749475157452764
4958	0.0001749475157452764
4963	0.0001749475157452764
4968	0.0001749475157452764
4969	0.0001749475157452764
4974	0.0001749475157452764
4982	0.0001749475157452764
4993	0.0001749475157452764
5016	0.0001749475157452764
5030	0.0001749475157452764
5034	0.0001749475157452764
5036	0.0001749475157452764
5038	0.0001749475157452764
5040	0.0001749475157452764
5048	0.0001749475157452764
5051	0.0001749475157452764
5055	0.0001749475157452764
5064	0.0001749475157452764
5067	0.0001749475157452764
5098	0.0001749475157452764
5100	0.0001749475157452764
5133	0.0001749475157452764
5147	0.0001749475157452764
5152	0.0001749475157452764
5159	0.0001749475157452764
5194	0.0001749475157452764
5199	0.0001749475157452764
5241	0.0001749475157452764
5248	0.0001749475157452764
5250	0.0001749475157452764
5252	0.0001749475157452764
5253	0.0001749475157452764
5264	0.0001749475157452764
5276	0.0001749475157452764
5281	0.0001749475157452764
5288	0.0001749475157452764
5294	0.0001749475157452764
5295	0.0001749475157452764
5300	0.0001749475157452764
5303	0.0001749475157452764
5313	0.0001749475157452764
5320	0.0001749475157452764
5325	0.0001749475157452764
5350	0.0001749475157452764
5361	0.0001749475157452764
5362	0.0001749475157452764
5372	0.0001749475157452764
5418	0.0001749475157452764
5448	0.0001749475157452764
5468	0.0001749475157452764
5469	0.0001749475157452764
5484	0.0001749475157452764
5496	0.0001749475157452764
5512	0.0001749475157452764
5513	0.0001749475157452764
5515	0.0001749475157452764
5529	0.0001749475157452764
5540	0.0001749475157452764
5541	0.0001749475157452764
5553	0.0001749475157452764
5561	0.0001749475157452764
5573	0.0001749475157452764
5574	0.0001749475157452764
5578	0.0001749475157452764
5596	0.0001749475157452764
5600	0.0001749475157452764
5602	0.0001749475157452764
5603	0.0001749475157452764
5610	0.0001749475157452764
5616	0.0001749475157452764
5617	0.0001749475157452764
5622	0.0001749475157452764
5627	0.0001749475157452764
5633	0.0001749475157452764
5634	0.0001749475157452764
5649	0.0001749475157452764
5650	0.0001749475157452764
5665	0.0001749475157452764
5668	0.0001749475157452764
5670	0.0001749475157452764
5672	0.0001749475157452764
5674	0.0001749475157452764
5681	0.0001749475157452764
5685	0.0001749475157452764
5702	0.0001749475157452764
5703	0.0001749475157452764
5717	0.0001749475157452764
5721	0.0001749475157452764
5730	0.0001749475157452764
5737	0.0001749475157452764
5745	0.0001749475157452764
5747	0.0001749475157452764
5767	0.0001749475157452764
5781	0.0001749475157452764
5809	0.0001749475157452764
5813	0.0001749475157452764
5815	0.0001749475157452764
5825	0.0001749475157452764
5827	0.0001749475157452764
5830	0.0001749475157452764
5867	0.0001749475157452764
5872	0.0001749475157452764
5873	0.0001749475157452764
5882	0.0001749475157452764
5888	0.0001749475157452764
5924	0.0001749475157452764
5925	0.0001749475157452764
5927	0.0001749475157452764
5928	0.0001749475157452764
5935	0.0001749475157452764
5943	0.0001749475157452764
5957	0.0001749475157452764
5960	0.0001749475157452764
5971	0.0001749475157452764
5972	0.0001749475157452764
5984	0.0001749475157452764
5989	0.0001749475157452764
5991	0.0001749475157452764
5993	0.0001749475157452764
5995	0.0001749475157452764
6000	0.0001749475157452764
6001	0.0001749475157452764
6025	0.0001749475157452764
6048	0.0001749475157452764
6052	0.0001749475157452764
6072	0.0001749475157452764
6073	0.0001749475157452764
6086	0.0001749475157452764
6097	0.0001749475157452764
6100	0.0001749475157452764
6101	0.0001749475157452764
6104	0.0001749475157452764
6137	0.0001749475157452764
6158	0.0001749475157452764
6163	0.0001749475157452764
6164	0.0001749475157452764
6166	0.0001749475157452764
6170	0.0001749475157452764
6186	0.0001749475157452764
6189	0.0001749475157452764
6193	0.0001749475157452764
6195	0.0001749475157452764
6201	0.0001749475157452764
6206	0.0001749475157452764
6231	0.0001749475157452764
6244	0.0001749475157452764
6252	0.0001749475157452764
6274	0.0001749475157452764
6284	0.0001749475157452764
6293	0.0001749475157452764
6310	0.0001749475157452764
6311	0.0001749475157452764
6317	0.0001749475157452764
6334	0.0001749475157452764
6342	0.0001749475157452764
6343	0.0001749475157452764
6348	0.0001749475157452764
6364	0.0001749475157452764
6365	0.0001749475157452764
6370	0.0001749475157452764
6374	0.0001749475157452764
6379	0.0001749475157452764
6389	0.0001749475157452764
6396	0.0001749475157452764
6398	0.0001749475157452764
6409	0.0001749475157452764
6422	0.0001749475157452764
6423	0.0001749475157452764
6428	0.0001749475157452764
6429	0.0001749475157452764
6441	0.0001749475157452764
6445	0.0001749475157452764
6457	0.0001749475157452764
6462	0.0001749475157452764
6463	0.0001749475157452764
6488	0.0001749475157452764
6491	0.0001749475157452764
6497	0.0001749475157452764
6501	0.0001749475157452764
6513	0.0001749475157452764
6535	0.0001749475157452764
6536	0.0001749475157452764
6537	0.0001749475157452764
6541	0.0001749475157452764
6547	0.0001749475157452764
6548	0.0001749475157452764
6556	0.0001749475157452764
6575	0.0001749475157452764
6579	0.0001749475157452764
6581	0.0001749475157452764
6582	0.0001749475157452764
6583	0.0001749475157452764
6588	0.0001749475157452764
6596	0.0001749475157452764
6600	0.0001749475157452764
6608	0.0001749475157452764
6613	0.0001749475157452764
6622	0.0001749475157452764
6629	0.0001749475157452764
6630	0.0001749475157452764
6637	0.0001749475157452764
6639	0.0001749475157452764
6640	0.0001749475157452764
6643	0.0001749475157452764
6644	0.0001749475157452764
6652	0.0001749475157452764
6658	0.0001749475157452764
6668	0.0001749475157452764
6673	0.0001749475157452764
6677	0.0001749475157452764
6681	0.0001749475157452764
6689	0.0001749475157452764
6690	0.0001749475157452764
6706	0.0001749475157452764
6710	0.0001749475157452764
6718	0.0001749475157452764
6722	0.0001749475157452764
6723	0.0001749475157452764
6725	0.0001749475157452764
6733	0.0001749475157452764
6744	0.0001749475157452764
6756	0.0001749475157452764
6759	0.0001749475157452764
6769	0.0001749475157452764
6770	0.0001749475157452764
6778	0.0001749475157452764
6785	0.0001749475157452764
6793	0.0001749475157452764
6810	0.0001749475157452764
6819	0.0001749475157452764
6829	0.0001749475157452764
6839	0.0001749475157452764
6852	0.0001749475157452764
6853	0.0001749475157452764
6865	0.0001749475157452764
6867	0.0001749475157452764
6874	0.0001749475157452764
6888	0.0001749475157452764
6890	0.0001749475157452764
6891	0.0001749475157452764
6903	0.0001749475157452764
6916	0.0001749475157452764
6929	0.0001749475157452764
6932	0.0001749475157452764
6937	0.0001749475157452764
6942	0.0001749475157452764
6949	0.0001749475157452764
6950	0.0001749475157452764
6956	0.0001749475157452764
6965	0.0001749475157452764
6974	0.0001749475157452764
6976	0.0001749475157452764
6989	0.0001749475157452764
6995	0.0001749475157452764
6996	0.0001749475157452764
6999	0.0001749475157452764
7013	0.0001749475157452764
7035	0.0001749475157452764
7052	0.0001749475157452764
7078	0.0001749475157452764
7082	0.0001749475157452764
7098	0.0001749475157452764
7106	0.0001749475157452764
7121	0.0001749475157452764
7124	0.0001749475157452764
7152	0.0001749475157452764
7158	0.0001749475157452764
7166	0.0001749475157452764
7173	0.0001749475157452764
7183	0.0001749475157452764
7188	0.0001749475157452764
7192	0.0001749475157452764
7200	0.0001749475157452764
7214	0.0001749475157452764
7223	0.0001749475157452764
7228	0.0001749475157452764
7232	0.0001749475157452764
7234	0.0001749475157452764
7236	0.0001749475157452764
7245	0.0001749475157452764
7251	0.0001749475157452764
7263	0.0001749475157452764
7265	0.0001749475157452764
7272	0.0001749475157452764
7276	0.0001749475157452764
7301	0.0001749475157452764
7303	0.0001749475157452764
7309	0.0001749475157452764
7317	0.0001749475157452764
7329	0.0001749475157452764
7332	0.0001749475157452764
7337	0.0001749475157452764
7341	0.0001749475157452764
7342	0.0001749475157452764
7369	0.0001749475157452764
7370	0.0001749475157452764
7376	0.0001749475157452764
7393	0.0001749475157452764
7402	0.0001749475157452764
7409	0.0001749475157452764
7418	0.0001749475157452764
7420	0.0001749475157452764
7422	0.0001749475157452764
7430	0.0001749475157452764
7435	0.0001749475157452764
7447	0.0001749475157452764
7454	0.0001749475157452764
7457	0.0001749475157452764
7464	0.0001749475157452764
7475	0.0001749475157452764
7482	0.0001749475157452764
7499	0.0001749475157452764
7514	0.0001749475157452764
7528	0.0001749475157452764
7529	0.0001749475157452764
7534	0.0001749475157452764
7547	0.0001749475157452764
7558	0.0001749475157452764
7573	0.0001749475157452764
7585	0.0001749475157452764
7601	0.0001749475157452764
7606	0.0001749475157452764
7607	0.0001749475157452764
7615	0.0001749475157452764
7627	0.0001749475157452764
7639	0.0001749475157452764
7649	0.0001749475157452764
7659	0.0001749475157452764
7666	0.0001749475157452764
7673	0.0001749475157452764
7698	0.0001749475157452764
7702	0.0001749475157452764
7704	0.0001749475157452764
7706	0.0001749475157452764
7710	0.0001749475157452764
7714	0.0001749475157452764
7721	0.0001749475157452764
7732	0.0001749475157452764
7736	0.0001749475157452764
7741	0.0001749475157452764
7744	0.0001749475157452764
7747	0.0001749475157452764
7757	0.0001749475157452764
7759	0.0001749475157452764
7765	0.0001749475157452764
7779	0.0001749475157452764
7782	0.0001749475157452764
7783	0.0001749475157452764
7791	0.0001749475157452764
7823	0.0001749475157452764
7839	0.0001749475157452764
7845	0.0001749475157452764
7848	0.0001749475157452764
7857	0.0001749475157452764
7862	0.0001749475157452764
7868	0.0001749475157452764
7887	0.0001749475157452764
7892	0.0001749475157452764
7897	0.0001749475157452764
7902	0.0001749475157452764
7913	0.0001749475157452764
7930	0.0001749475157452764
7949	0.0001749475157452764
7952	0.0001749475157452764
7956	0.0001749475157452764
7957	0.0001749475157452764
7958	0.0001749475157452764
7973	0.0001749475157452764
7974	0.0001749475157452764
8006	0.0001749475157452764
8015	0.0001749475157452764
8019	0.0001749475157452764
8023	0.0001749475157452764
8045	0.0001749475157452764
8054	0.0001749475157452764
8062	0.0001749475157452764
8068	0.0001749475157452764
8077	0.0001749475157452764
8103	0.0001749475157452764
8119	0.0001749475157452764
8125	0.0001749475157452764
8133	0.0001749475157452764
8148	0.0001749475157452764
8157	0.0001749475157452764
8181	0.0001749475157452764
8189	0.0001749475157452764
8190	0.0001749475157452764
8193	0.0001749475157452764
8203	0.0001749475157452764
8207	0.0001749475157452764
8210	0.0001749475157452764
8218	0.0001749475157452764
8225	0.0001749475157452764
8240	0.0001749475157452764
8247	0.0001749475157452764
8258	0.0001749475157452764
8270	0.0001749475157452764
8272	0.0001749475157452764
8275	0.0001749475157452764
8283	0.0001749475157452764
8300	0.0001749475157452764
8302	0.0001749475157452764
8306	0.0001749475157452764
8313	0.0001749475157452764
8315	0.0001749475157452764
8318	0.0001749475157452764
8322	0.0001749475157452764
8328	0.0001749475157452764
8329	0.0001749475157452764
8332	0.0001749475157452764
8342	0.0001749475157452764
8362	0.0001749475157452764
8372	0.0001749475157452764
8377	0.0001749475157452764
8381	0.0001749475157452764
8382	0.0001749475157452764
8388	0.0001749475157452764
8394	0.0001749475157452764
8417	0.0001749475157452764
8424	0.0001749475157452764
8431	0.0001749475157452764
8451	0.0001749475157452764
8453	0.0001749475157452764
8454	0.0001749475157452764
8472	0.0001749475157452764
8496	0.0001749475157452764
8537	0.0001749475157452764
8538	0.0001749475157452764
8544	0.0001749475157452764
8550	0.0001749475157452764
8555	0.0001749475157452764
8556	0.0001749475157452764
8557	0.0001749475157452764
8560	0.0001749475157452764
8573	0.0001749475157452764
8586	0.0001749475157452764
8592	0.0001749475157452764
8604	0.0001749475157452764
8608	0.0001749475157452764
8614	0.0001749475157452764
8655	0.0001749475157452764
8681	0.0001749475157452764
8685	0.0001749475157452764
8697	0.0001749475157452764
8754	0.0001749475157452764
8777	0.0001749475157452764
8781	0.0001749475157452764
8785	0.0001749475157452764
8789	0.0001749475157452764
8793	0.0001749475157452764
8794	0.0001749475157452764
8799	0.0001749475157452764
8802	0.0001749475157452764
8805	0.0001749475157452764
8813	0.0001749475157452764
8830	0.0001749475157452764
8850	0.0001749475157452764
8851	0.0001749475157452764
8855	0.0001749475157452764
8856	0.0001749475157452764
8868	0.0001749475157452764
8871	0.0001749475157452764
8877	0.0001749475157452764
8894	0.0001749475157452764
8898	0.0001749475157452764
8899	0.0001749475157452764
8905	0.0001749475157452764
8907	0.0001749475157452764
8923	0.0001749475157452764
8924	0.0001749475157452764
8937	0.0001749475157452764
8948	0.0001749475157452764
8969	0.0001749475157452764
8977	0.0001749475157452764
8979	0.0001749475157452764
8999	0.0001749475157452764
9001	0.0001749475157452764
9013	0.0001749475157452764
9017	0.0001749475157452764
9021	0.0001749475157452764
9022	0.0001749475157452764
9027	0.0001749475157452764
9039	0.0001749475157452764
9047	0.0001749475157452764
9048	0.0001749475157452764
9069	0.0001749475157452764
9071	0.0001749475157452764
9072	0.0001749475157452764
9084	0.0001749475157452764
9087	0.0001749475157452764
9089	0.0001749475157452764
9103	0.0001749475157452764
9135	0.0001749475157452764
9142	0.0001749475157452764
9150	0.0001749475157452764
9155	0.0001749475157452764
9161	0.0001749475157452764
9164	0.0001749475157452764
9166	0.0001749475157452764
9178	0.0001749475157452764
9182	0.0001749475157452764
9187	0.0001749475157452764
9192	0.0001749475157452764
9198	0.0001749475157452764
9203	0.0001749475157452764
9209	0.0001749475157452764
9220	0.0001749475157452764
9237	0.0001749475157452764
9248	0.0001749475157452764
9255	0.0001749475157452764
9264	0.0001749475157452764
9272	0.0001749475157452764
9293	0.0001749475157452764
9294	0.0001749475157452764
9296	0.0001749475157452764
9298	0.0001749475157452764
9310	0.0001749475157452764
9321	0.0001749475157452764
9336	0.0001749475157452764
9345	0.0001749475157452764
9355	0.0001749475157452764
9378	0.0001749475157452764
9393	0.0001749475157452764
9399	0.0001749475157452764
9412	0.0001749475157452764
9414	0.0001749475157452764
9424	0.0001749475157452764
9436	0.0001749475157452764
9453	0.0001749475157452764
9455	0.0001749475157452764
9459	0.0001749475157452764
9462	0.0001749475157452764
9467	0.0001749475157452764
9472	0.0001749475157452764
9483	0.0001749475157452764
9494	0.0001749475157452764
9504	0.0001749475157452764
9507	0.0001749475157452764
9513	0.0001749475157452764
9519	0.0001749475157452764
9523	0.0001749475157452764
9524	0.0001749475157452764
9528	0.0001749475157452764
9531	0.0001749475157452764
9541	0.0001749475157452764
9542	0.0001749475157452764
9550	0.0001749475157452764
9559	0.0001749475157452764
9563	0.0001749475157452764
9565	0.0001749475157452764
9571	0.0001749475157452764
9598	0.0001749475157452764
9605	0.0001749475157452764
9606	0.0001749475157452764
9618	0.0001749475157452764
9620	0.0001749475157452764
9621	0.0001749475157452764
9622	0.0001749475157452764
9637	0.0001749475157452764
9644	0.0001749475157452764
9648	0.0001749475157452764
9678	0.0001749475157452764
9684	0.0001749475157452764
9699	0.0001749475157452764
9701	0.0001749475157452764
9703	0.0001749475157452764
9711	0.0001749475157452764
9716	0.0001749475157452764
9726	0.0001749475157452764
9732	0.0001749475157452764
9734	0.0001749475157452764
9743	0.0001749475157452764
9745	0.0001749475157452764
9756	0.0001749475157452764
9760	0.0001749475157452764
9776	0.0001749475157452764
9781	0.0001749475157452764
9794	0.0001749475157452764
9823	0.0001749475157452764
9829	0.0001749475157452764
9833	0.0001749475157452764
9837	0.0001749475157452764
9839	0.0001749475157452764
9840	0.0001749475157452764
9845	0.0001749475157452764
9853	0.0001749475157452764
9854	0.0001749475157452764
9867	0.0001749475157452764
9874	0.0001749475157452764
9877	0.0001749475157452764
9882	0.0001749475157452764
9884	0.0001749475157452764
9899	0.0001749475157452764
9900	0.0001749475157452764
9909	0.0001749475157452764
9916	0.0001749475157452764
9936	0.0001749475157452764
9939	0.0001749475157452764
9940	0.0001749475157452764
9945	0.0001749475157452764
9946	0.0001749475157452764
9955	0.0001749475157452764
9963	0.0001749475157452764
9964	0.0001749475157452764
9965	0.0001749475157452764
9977	0.0001749475157452764

Total time: 86.857003ms
