|V| = 2001, |E| = 2000, |S| = 10, s = 10.

*** iteration 1, batch size 10, remaining 9.
>: 23.589µs | >: 29.376µs | >: 20µs | >: 26.967µs | >: 24.257µs | >: 8.64µs | >: 18.619µs | >: 10.982µs | >: 15.34µs | >: 15.156µs | sampled in 1.050499ms
<: 13.088µs | <: 8.692µs | <: 5.713µs | <: 7.858µs | <: 5.744µs | <: 6.752µs | <: 7.352µs | <: 11.395µs | <: 6.761µs | <: 7.418µs | bfses in 651.254µs

averages: distance 0.001, diameter 1.000.
average of averages: distance 0.000500000 (norm 1.000), std NaN (norm NaN), diameter 1.000 (std NaN).

*** iteration 2, batch size 10, remaining 8.
>: 18.92µs | >: 20.196µs | >: 9.525µs | >: 9.738µs | >: 14.171µs | >: 14.034µs | >: 20.115µs | >: 22.015µs | >: 11.148µs | >: 16.755µs | sampled in 611.956µs
<: 5.593µs | <: 6.539µs | <: 4.587µs | <: 7.792µs | <: 3.944µs | <: 8.361µs | <: 6.83µs | <: 6.421µs | <: 7.468µs | <: 5.968µs | bfses in 688.616µs

averages: distance 0.001, diameter 1.000.
average of averages: distance 0.000500000 (norm 1.000), std 0.000000000 (norm 0.000), diameter 1.000 (std 0.000).

*** iteration 3, batch size 10, remaining 7.
>: 10.167µs | >: 8.089µs | >: 35.687µs | >: 26.847µs | >: 9.139µs | >: 16.753µs | >: 20.139µs | >: 12.022µs | >: 12.549µs | >: 13.225µs | sampled in 729.256µs
<: 6.479µs | <: 4.097µs | <: 4.005µs | <: 8.46µs | <: 6.916µs | <: 4.283µs | <: 6.223µs | <: 7.768µs | <: 5.152µs | <: 488.93µs | bfses in 1.037451ms

averages: distance 0.001, diameter 2.000.
average of averages: distance 0.000583043 (norm 1.166), std 0.000143834 (norm 0.288), diameter 1.333 (std 0.577).

*** iteration 4, batch size 10, remaining 6.
>: 8.273µs | >: 6.651µs | >: 6.952µs | >: 9.392µs | >: 9.117µs | >: 8.695µs | >: 12.555µs | >: 12.573µs | >: 11.3µs | >: 8.939µs | sampled in 346.965µs
<: 5.354µs | <: 6.151µs | <: 5.006µs | <: 4.39µs | <: 4.41µs | <: 4.286µs | <: 4.55µs | <: 2.02µs | <: 5.046µs | <: 4.066µs | bfses in 581.536µs

averages: distance 0.001, diameter 1.000.
average of averages: distance 0.000562282 (norm 1.125), std 0.000124564 (norm 0.249), diameter 1.250 (std 0.500).

*** iteration 5, batch size 10, remaining 5.
>: 10.852µs | >: 9.636µs | >: 8.134µs | >: 8.153µs | >: 9.695µs | >: 6.967µs | >: 8.373µs | >: 10.711µs | >: 4.825µs | >: 14.835µs | sampled in 580.264µs
<: 6.752µs | <: 4.457µs | <: 4.014µs | <: 6.89µs | <: 5.52µs | <: 3.686µs | <: 5.518µs | <: 4.619µs | <: 448.165µs | <: 440.033µs | bfses in 1.084417ms

averages: distance 0.001, diameter 2.000.
average of averages: distance 0.000599738 (norm 1.199), std 0.000136572 (norm 0.273), diameter 1.400 (std 0.548).

*** iteration 6, batch size 10, remaining 4.
>: 9.076µs | >: 11.149µs | >: 3.695µs | >: 9.166µs | >: 5.599µs | >: 6.793µs | >: 7.155µs | >: 6.493µs | >: 13.201µs | >: 13.119µs | sampled in 565.074µs
<: 6.284µs | <: 2.796µs | <: 2.045µs | <: 1.488µs | <: 987ns | <: 692ns | <: 3.038µs | <: 141.003µs | <: 412.383µs | <: 422.278µs | bfses in 910.678µs

averages: distance 0.001, diameter 2.000.
average of averages: distance 0.000624754 (norm 1.250), std 0.000136661 (norm 0.273), diameter 1.500 (std 0.548).

*** iteration 7, batch size 10, remaining 3.
>: 4.106µs | >: 6.431µs | >: 8.836µs | >: 10.449µs | >: 7.503µs | >: 6.885µs | >: 5.035µs | >: 8.589µs | >: 6.308µs | >: 11.47µs | sampled in 527.154µs
<: 4.196µs | <: 3.889µs | <: 3.569µs | <: 5.314µs | <: 5.068µs | <: 3.979µs | <: 4.205µs | <: 5.927µs | <: 416.001µs | <: 400.617µs | bfses in 769.954µs

averages: distance 0.001, diameter 2.000.
average of averages: distance 0.000642602 (norm 1.285), std 0.000133392 (norm 0.267), diameter 1.571 (std 0.535).

*** iteration 8, batch size 10, remaining 2.
>: 8.836µs | >: 7.267µs | >: 5.391µs | >: 5.519µs | >: 9.231µs | >: 11.333µs | >: 8.426µs | >: 7.961µs | >: 7.924µs | >: 12.232µs | sampled in 569.349µs
<: 5.415µs | <: 3.547µs | <: 3.193µs | <: 6.064µs | <: 3.355µs | <: 3.187µs | <: 4.12µs | <: 3.195µs | <: 439.683µs | <: 405.362µs | bfses in 619.973µs

averages: distance 0.001, diameter 2.000.
average of averages: distance 0.000656011 (norm 1.312), std 0.000129190 (norm 0.258), diameter 1.625 (std 0.518).

*** iteration 9, batch size 10, remaining 1.
>: 8.514µs | >: 7.227µs | >: 7.331µs | >: 7.041µs | >: 7.805µs | >: 5.877µs | >: 6.745µs | >: 8.25µs | >: 6.108µs | >: 12.162µs | sampled in 580.851µs
<: 4.885µs | <: 4.34µs | <: 3.524µs | <: 2.822µs | <: 2.987µs | <: 2.865µs | <: 2.447µs | <: 3.988µs | <: 3.034µs | <: 416.813µs | bfses in 797.443µs

averages: distance 0.001, diameter 2.000.
average of averages: distance 0.000666413 (norm 1.333), std 0.000124810 (norm 0.250), diameter 1.667 (std 0.500).

*** iteration 10, batch size 10, remaining 0.
>: 8.309µs | >: 7.889µs | >: 5.698µs | >: 3.907µs | >: 3.588µs | >: 5.212µs | >: 5.865µs | >: 5.564µs | >: 5.99µs | >: 9.727µs | sampled in 519.703µs
<: 3.644µs | <: 2.827µs | <: 3.362µs | <: 4.768µs | <: 4.784µs | <: 3.689µs | <: 5.36µs | <: 4.035µs | <: 4.136µs | <: 4.904µs | bfses in 558.738µs

averages: distance 0.001, diameter 1.000.
average of averages: distance 0.000649771 (norm 1.300), std 0.000128903 (norm 0.258), diameter 1.600 (std 0.516).

Total time: 14.157594ms
