|V| = 2001, |E| = 2000, |S| = 10, s = 1.

*** iteration 1, batch size 1, remaining 9.
>: 20.447µs | sampled in 199.537µs
<: 14.069µs | bfses in 239.772µs
average of averages: distance NaN (norm NaN), std 0.000000000 (norm 0.000), diameter NaN (std 0.000).

*** iteration 2, batch size 1, remaining 8.
>: 14.448µs | sampled in 150.015µs
<: 6.206µs | bfses in 93.713µs

averages: distance 0.001, diameter 1.000.
average of averages: distance 0.000500000 (norm 1.000), std NaN (norm NaN), diameter 1.000 (std NaN).

*** iteration 3, batch size 1, remaining 7.
>: 16.609µs | sampled in 148.844µs
<: 449.838µs | bfses in 649.468µs

averages: distance 0.001, diameter 2.000.
average of averages: distance 0.000625000 (norm 1.250), std 0.000176777 (norm 0.354), diameter 1.500 (std 0.707).

*** iteration 4, batch size 1, remaining 6.
>: 23.61µs | sampled in 79.954µs
<: 6.038µs | bfses in 91.744µs

averages: distance 0.001, diameter 1.000.
average of averages: distance 0.000583333 (norm 1.167), std 0.000144338 (norm 0.289), diameter 1.333 (std 0.577).

*** iteration 5, batch size 1, remaining 5.
>: 17.379µs | sampled in 175.483µs
<: 409.013µs | bfses in 586.309µs

averages: distance 0.001, diameter 2.000.
average of averages: distance 0.000625000 (norm 1.250), std 0.000144338 (norm 0.289), diameter 1.500 (std 0.577).

*** iteration 6, batch size 1, remaining 4.
>: 10.592µs | sampled in 69.55µs
<: 409.356µs | bfses in 586.87µs

averages: distance 0.001, diameter 2.000.
average of averages: distance 0.000650000 (norm 1.300), std 0.000136931 (norm 0.274), diameter 1.600 (std 0.548).

*** iteration 7, batch size 1, remaining 3.
>: 14.285µs | sampled in 145.936µs
<: 8.236µs | bfses in 204.166µs

averages: distance 0.001, diameter 1.000.
average of averages: distance 0.000625000 (norm 1.250), std 0.000136931 (norm 0.274), diameter 1.500 (std 0.548).

*** iteration 8, batch size 1, remaining 2.
>: 8.246µs | sampled in 65.539µs
<: 409.323µs | bfses in 590.39µs

averages: distance 0.001, diameter 2.000.
average of averages: distance 0.000642857 (norm 1.286), std 0.000133631 (norm 0.267), diameter 1.571 (std 0.535).

*** iteration 9, batch size 1, remaining 1.
>: 14.019µs | sampled in 145.638µs
<: 408.616µs | bfses in 616.161µs

averages: distance 0.001, diameter 2.000.
average of averages: distance 0.000656250 (norm 1.312), std 0.000129387 (norm 0.259), diameter 1.625 (std 0.518).

*** iteration 10, batch size 1, remaining 0.
>: 11.797µs | sampled in 63.083µs
<: 414.762µs | bfses in 512.081µs

averages: distance 0.001, diameter 2.000.
average of averages: distance 0.000666667 (norm 1.333), std 0.000125000 (norm 0.250), diameter 1.667 (std 0.500).

Total time: 5.579334ms
