|V| = 2001, |E| = 2000, |S| = 2001, s = 32.

*** iteration 1, batch size 2001, remaining 0.
>: 10.566µs | >: 1.915µs | >: 8.074µs | >: 3.62µs | >: 7.486µs | >: 9.237µs | >: 12.211µs | >: 5.764µs | >: 2.77µs | >: 8.392µs | >: 2.218µs | >: 3.096µs | >: 3.109µs | >: 2.572µs | >: 3.65µs | >: 7.784µs | >: 8.547µs | >: 4.026µs | >: 3.19µs | >: 2.817µs | >: 1.51µs | >: 2.564µs | >: 2.712µs | >: 3µs | >: 2.826µs | >: 7.32µs | >: 6.599µs | >: 1.493µs | >: 2.235µs | >: 5.481µs | >: 3.484µs | >: 2.381µs | >: 2.888µs | >: 2.597µs | >: 1.801µs | >: 2.44µs | >: 2.306µs | >: 2.676µs | >: 2.61µs | >: 3.338µs | >: 3.501µs | >: 2.627µs | >: 2.044µs | >: 3.859µs | >: 2.733µs | >: 1.972µs | >: 1.828µs | >: 2.924µs | >: 2.795µs | >: 2.09µs | >: 2.832µs | >: 4.637µs | >: 1.524µs | >: 2.496µs | >: 2.326µs | >: 2.292µs | >: 2.774µs | >: 2.523µs | >: 2.953µs | >: 2.147µs | >: 6.494µs | >: 3.094µs | >: 2.314µs | >: 3.088µs | >: 1.625µs | >: 2.54µs | >: 4.069µs | >: 2.784µs | >: 2.005µs | >: 3.086µs | >: 1.459µs | >: 2.477µs | >: 2.655µs | >: 3.154µs | >: 2.654µs | >: 1.865µs | >: 2.437µs | >: 3.145µs | >: 915ns | >: 2.338µs | >: 1.523µs | >: 2.715µs | >: 2.326µs | >: 2.646µs | >: 2.418µs | >: 2.626µs | >: 2.876µs | >: 1.456µs | >: 1.968µs | >: 4.42µs | >: 1.363µs | >: 2.39µs | >: 6.354µs | >: 2.94µs | >: 18.641µs | >: 2.401µs | >: 2.777µs | >: 3.419µs | >: 2.519µs | >: 1.691µs | >: 2.768µs | >: 2.838µs | >: 2.84µs | >: 2.513µs | >: 2.234µs | >: 2.852µs | >: 2.692µs | >: 1.352µs | >: 5.718µs | >: 2.632µs | >: 7.447µs | >: 3.242µs | >: 2.679µs | >: 4.788µs | >: 3.679µs | >: 2.617µs | >: 1.415µs | >: 2.875µs | >: 2.458µs | >: 5.515µs | >: 4.25µs | >: 5.714µs | >: 1.262µs | >: 3.561µs | >: 1.912µs | >: 2.633µs | >: 2.267µs | >: 2.037µs | >: 2.523µs | >: 2.609µs | >: 2.647µs | >: 1.843µs | >: 3.006µs | >: 2.26µs | >: 3.019µs | >: 2.804µs | >: 2.819µs | >: 2.828µs | >: 3.299µs | >: 1.471µs | >: 2.538µs | >: 2.466µs | >: 2.537µs | >: 1.542µs | >: 2.439µs | >: 2.394µs | >: 6.441µs | >: 2.523µs | >: 2.622µs | >: 3.322µs | >: 3.337µs | >: 1.946µs | >: 1.393µs | >: 2.383µs | >: 6.03µs | >: 2.679µs | >: 2.628µs | >: 2.925µs | >: 2.697µs | >: 3.048µs | >: 1.564µs | >: 2.724µs | >: 2.988µs | >: 2.467µs | >: 3.205µs | >: 2.285µs | >: 1.677µs | >: 3.303µs | >: 1.827µs | >: 3.117µs | >: 2.326µs | >: 2.489µs | >: 2.657µs | >: 2.796µs | >: 5.363µs | >: 2.706µs | >: 2.635µs | >: 2.642µs | >: 3.284µs | >: 2.198µs | >: 1.299µs | >: 2.529µs | >: 2.317µs | >: 2.6µs | >: 5.518µs | >: 11.599µs | >: 3.821µs | >: 4.177µs | >: 3.732µs | >: 2.815µs | >: 1.652µs | >: 2.533µs | >: 2.71µs | >: 3.728µs | >: 4.465µs | >: 3.653µs | >: 4.059µs | >: 1.023µs | >: 2.366µs | >: 5.573µs | >: 6.835µs | >: 3.278µs | >: 3.373µs | >: 3.436µs | >: 6.714µs | >: 1.684µs | >: 2.807µs | >: 1.997µs | >: 2.586µs | >: 2.227µs | >: 1.376µs | >: 2.196µs | >: 2.784µs | >: 1.895µs | >: 1.842µs | >: 2.408µs | >: 3.175µs | >: 2.52µs | >: 2.748µs | >: 2.257µs | >: 2.213µs | >: 2.368µs | >: 2.665µs | >: 5.531µs | >: 2.678µs | >: 1.772µs | >: 2.521µs | >: 3.433µs | >: 1.875µs | >: 3.217µs | >: 6.56µs | >: 3.048µs | >: 2.364µs | >: 3.457µs | >: 2.899µs | >: 1.347µs | >: 2.466µs | >: 2.709µs | >: 2.863µs | >: 2.211µs | >: 3.284µs | >: 2.358µs | >: 2.47µs | >: 2.218µs | >: 2.455µs | >: 3.09µs | >: 967ns | >: 1.584µs | >: 2.084µs | >: 1.553µs | >: 2.101µs | >: 2.59µs | >: 3.035µs | >: 2.624µs | >: 2.244µs | >: 2.959µs | >: 2.961µs | >: 1.98µs | >: 2.365µs | >: 1.867µs | >: 2.377µs | >: 2.834µs | >: 7.4µs | >: 2.659µs | >: 2.466µs | >: 3.042µs | >: 1.846µs | >: 1.548µs | >: 6.47µs | >: 2.556µs | >: 2.753µs | >: 3.034µs | >: 2.478µs | >: 2.507µs | >: 2.795µs | >: 1.589µs | >: 2.098µs | >: 1.976µs | >: 2.42µs | >: 1.91µs | >: 2.664µs | >: 2.512µs | >: 2.214µs | >: 2.793µs | >: 2.895µs | >: 3.421µs | >: 2.567µs | >: 2.618µs | >: 2.527µs | >: 2.661µs | >: 2.75µs | >: 2.177µs | >: 2.362µs | >: 1.823µs | >: 3.058µs | >: 2.746µs | >: 2.96µs | >: 2.456µs | >: 2.567µs | >: 1.387µs | >: 2.43µs | >: 2.685µs | >: 4.187µs | >: 1.699µs | >: 1.899µs | >: 2.007µs | >: 2.277µs | >: 2.515µs | >: 2.635µs | >: 2.648µs | >: 3.133µs | >: 2.64µs | >: 6.501µs | >: 2.43µs | >: 2.313µs | >: 2.929µs | >: 2.705µs | >: 1.346µs | >: 2.396µs | >: 1.975µs | >: 2.587µs | >: 2.894µs | >: 2.806µs | >: 2.266µs | >: 2.601µs | >: 2.328µs | >: 2.487µs | >: 2.965µs | >: 3.254µs | >: 2.06µs | >: 2.424µs | >: 1.35µs | >: 2.094µs | >: 2.357µs | >: 2.34µs | >: 1.857µs | >: 2.057µs | >: 2.137µs | >: 2.494µs | >: 3.199µs | >: 7.174µs | >: 2.291µs | >: 3.321µs | >: 1.855µs | >: 2.09µs | >: 2.106µs | >: 1.448µs | >: 2.254µs | >: 1.933µs | >: 2.37µs | >: 2.504µs | >: 2.006µs | >: 2.429µs | >: 2.737µs | >: 5.374µs | >: 2.928µs | >: 2.676µs | >: 2.29µs | >: 2.985µs | >: 5.322µs | >: 1.73µs | >: 2.636µs | >: 2.717µs | >: 2.388µs | >: 2.362µs | >: 2.419µs | >: 2.306µs | >: 2.044µs | >: 2.506µs | >: 2.966µs | >: 1.449µs | >: 3.215µs | >: 2.693µs | >: 2.693µs | >: 3.709µs | >: 3.919µs | >: 1.501µs | >: 1.757µs | >: 5.45µs | >: 5.393µs | >: 7.679µs | >: 1.958µs | >: 2.143µs | >: 2.904µs | >: 6.53µs | >: 2.955µs | >: 2.915µs | >: 2.386µs | >: 1.736µs | >: 2.69µs | >: 2.657µs | >: 2.325µs | >: 6.579µs | >: 1.966µs | >: 2.183µs | >: 2.008µs | >: 2.755µs | >: 2.848µs | >: 2.468µs | >: 2.591µs | >: 2.443µs | >: 2.354µs | >: 3.276µs | >: 1.506µs | >: 2.059µs | >: 1.878µs | >: 2.415µs | >: 2.674µs | >: 2.265µs | >: 2.273µs | >: 1.934µs | >: 1.669µs | >: 3.059µs | >: 1.739µs | >: 3.581µs | >: 3.215µs | >: 6.919µs | >: 3.142µs | >: 2.394µs | >: 1.521µs | >: 2.601µs | >: 1.884µs | >: 2.148µs | >: 2.489µs | >: 2.458µs | >: 2.406µs | >: 2.678µs | >: 2.757µs | >: 2.109µs | >: 1.416µs | >: 1.979µs | >: 3.005µs | >: 2.107µs | >: 6.392µs | >: 6.76µs | >: 2.96µs | >: 3.393µs | >: 2.115µs | >: 2.45µs | >: 3.386µs | >: 2.031µs | >: 3.15µs | >: 1.424µs | >: 1.592µs | >: 2.963µs | >: 3.248µs | >: 3.117µs | >: 1.841µs | >: 3.088µs | >: 133.994µs | >: 2.006µs | >: 4.156µs | >: 3.667µs | >: 2.876µs | >: 4.22µs | >: 5.084µs | >: 10.995µs | >: 3.753µs | >: 3.856µs | >: 2.561µs | >: 2.94µs | >: 3.875µs | >: 6.731µs | >: 4.238µs | >: 3.788µs | >: 4.3µs | >: 3.494µs | >: 3.624µs | >: 2.41µs | >: 3.537µs | >: 10.361µs | >: 5.634µs | >: 10.633µs | >: 2.678µs | >: 2.425µs | >: 3.464µs | >: 2.789µs | >: 2.738µs | >: 3.024µs | >: 3.382µs | >: 2.435µs | >: 4.552µs | >: 4.834µs | >: 10.857µs | >: 3.311µs | >: 3.808µs | >: 5.788µs | >: 5.097µs | >: 6.3µs | >: 9.95µs | >: 2.479µs | >: 3.994µs | >: 3.28µs | >: 5.68µs | >: 6.008µs | >: 4.463µs | >: 2.786µs | >: 3.422µs | >: 3.586µs | >: 4.779µs | >: 4.431µs | >: 4.878µs | >: 4.207µs | >: 5.371µs | >: 2.079µs | >: 2.701µs | >: 3.614µs | >: 5.205µs | >: 4.476µs | >: 3.996µs | >: 11.96µs | >: 4.509µs | >: 6.236µs | >: 4.822µs | >: 2.119µs | >: 3.185µs | >: 3.739µs | >: 5.312µs | >: 4.972µs | >: 3.771µs | >: 3.915µs | >: 3.578µs | >: 2.697µs | >: 2.439µs | >: 3.03µs | >: 3.236µs | >: 4.284µs | >: 3.221µs | >: 3.384µs | >: 4.3µs | >: 3.454µs | >: 8.429µs | >: 2.634µs | >: 2.997µs | >: 2.724µs | >: 4.029µs | >: 4.051µs | >: 4.033µs | >: 2.623µs | >: 3.406µs | >: 1.967µs | >: 2.843µs | >: 2.301µs | >: 3.614µs | >: 5.026µs | >: 3.292µs | >: 5.145µs | >: 2.107µs | >: 2.902µs | >: 2.638µs | >: 1.89µs | >: 2.874µs | >: 6.562µs | >: 4.184µs | >: 3.868µs | >: 2.817µs | >: 3.229µs | >: 6.234µs | >: 2.913µs | >: 2.668µs | >: 4.272µs | >: 3.141µs | >: 4.697µs | >: 2.947µs | >: 1.482µs | >: 2.945µs | >: 3.073µs | >: 4.986µs | >: 2.989µs | >: 4.047µs | >: 3.065µs | >: 1.869µs | >: 3.383µs | >: 3.509µs | >: 3.016µs | >: 3.086µs | >: 2.621µs | >: 2.015µs | >: 2.204µs | >: 7.733µs | >: 2.687µs | >: 1.739µs | >: 2.724µs | >: 3.086µs | >: 3.528µs | >: 2.819µs | >: 2.434µs | >: 3.14µs | >: 2.547µs | >: 3.172µs | >: 3.021µs | >: 2.184µs | >: 3.538µs | >: 2.07µs | >: 2.58µs | >: 2.818µs | >: 2.46µs | >: 3.102µs | >: 2.68µs | >: 3.142µs | >: 1.944µs | >: 5.755µs | >: 3.456µs | >: 3.251µs | >: 5.255µs | >: 2.39µs | >: 6.507µs | >: 5.995µs | >: 3.997µs | >: 3.571µs | >: 3.885µs | >: 3.1µs | >: 2.068µs | >: 2.17µs | >: 2.39µs | >: 3.309µs | >: 2.159µs | >: 3.181µs | >: 2.39µs | >: 2.09µs | >: 2.398µs | >: 3.191µs | >: 2.813µs | >: 2.585µs | >: 2.579µs | >: 2.491µs | >: 2.338µs | >: 3.254µs | >: 2.487µs | >: 4.575µs | >: 3.536µs | >: 2.337µs | >: 2.079µs | >: 3.077µs | >: 3.393µs | >: 1.694µs | >: 1.972µs | >: 2.394µs | >: 3.092µs | >: 3.049µs | >: 2.963µs | >: 2.16µs | >: 4.252µs | >: 2.694µs | >: 3.526µs | >: 1.446µs | >: 4.448µs | >: 2.459µs | >: 3.326µs | >: 2.928µs | >: 2.548µs | >: 3.704µs | >: 2.956µs | >: 3.003µs | >: 3.112µs | >: 2.084µs | >: 3.318µs | >: 2.957µs | >: 2.76µs | >: 1.306µs | >: 3.737µs | >: 3.033µs | >: 3.991µs | >: 3.393µs | >: 3.682µs | >: 2.782µs | >: 2.904µs | >: 2.045µs | >: 4.745µs | >: 3.572µs | >: 4.389µs | >: 3.582µs | >: 2.729µs | >: 3.191µs | >: 2.915µs | >: 2.086µs | >: 1.589µs | >: 2.118µs | >: 2.42µs | >: 2.861µs | >: 2.742µs | >: 8.052µs | >: 2.26µs | >: 2.861µs | >: 2.083µs | >: 2.927µs | >: 2.827µs | >: 3.031µs | >: 2.579µs | >: 2.531µs | >: 2.502µs | >: 2.022µs | >: 2.51µs | >: 2.795µs | >: 3.95µs | >: 2.352µs | >: 3.485µs | >: 1.962µs | >: 2.566µs | >: 1.531µs | >: 2.518µs | >: 2.776µs | >: 2.815µs | >: 3.462µs | >: 2.462µs | >: 3.29µs | >: 3.585µs | >: 2.409µs | >: 3.768µs | >: 2.572µs | >: 4.943µs | >: 3.089µs | >: 2.583µs | >: 2.792µs | >: 2.81µs | >: 2.891µs | >: 2.668µs | >: 1.93µs | >: 2.805µs | >: 2.388µs | >: 3.301µs | >: 3.107µs | >: 6.462µs | >: 2.203µs | >: 2.886µs | >: 1.554µs | >: 2.446µs | >: 5.985µs | >: 2.748µs | >: 2.438µs | >: 1.753µs | >: 2.145µs | >: 2.593µs | >: 2.511µs | >: 3.109µs | >: 1.761µs | >: 2.327µs | >: 2.718µs | >: 1.624µs | >: 2.001µs | >: 2.558µs | >: 2.765µs | >: 2.443µs | >: 6.685µs | >: 2.779µs | >: 2.421µs | >: 3.373µs | >: 8.492µs | >: 1.371µs | >: 2.441µs | >: 2.203µs | >: 3.343µs | >: 2.904µs | >: 2.549µs | >: 3.125µs | >: 2.338µs | >: 2.463µs | >: 2.862µs | >: 2.486µs | >: 2.225µs | >: 2.7µs | >: 3.295µs | >: 1.544µs | >: 1.921µs | >: 2.468µs | >: 2.455µs | >: 2.472µs | >: 2.881µs | >: 2.101µs | >: 1.552µs | >: 2.409µs | >: 2.755µs | >: 6.16µs | >: 1.792µs | >: 6.912µs | >: 2.117µs | >: 2.757µs | >: 3.196µs | >: 2.347µs | >: 2.375µs | >: 1.658µs | >: 1.938µs | >: 2.552µs | >: 2.403µs | >: 3.497µs | >: 2.436µs | >: 2.586µs | >: 1.823µs | >: 2.395µs | >: 1.656µs | >: 3.255µs | >: 2.04µs | >: 3.175µs | >: 3.652µs | >: 4.026µs | >: 3.445µs | >: 2.973µs | >: 3.123µs | >: 2.982µs | >: 1.963µs | >: 2.423µs | >: 2.529µs | >: 2.63µs | >: 3.067µs | >: 3.209µs | >: 3.188µs | >: 4.652µs | >: 3.222µs | >: 2.949µs | >: 3.116µs | >: 1.856µs | >: 1.938µs | >: 2.564µs | >: 2.779µs | >: 7.261µs | >: 3.842µs | >: 2.175µs | >: 1.592µs | >: 2.537µs | >: 2.146µs | >: 2.736µs | >: 2.831µs | >: 2.278µs | >: 2.385µs | >: 2.768µs | >: 1.332µs | >: 2.016µs | >: 1.374µs | >: 2.396µs | >: 2.077µs | >: 2.557µs | >: 6.644µs | >: 2.186µs | >: 2.726µs | >: 2.879µs | >: 3.112µs | >: 3.84µs | >: 3.104µs | >: 2.539µs | >: 2.39µs | >: 2.513µs | >: 1.493µs | >: 2.478µs | >: 2.601µs | >: 3.283µs | >: 2.518µs | >: 3.184µs | >: 2.343µs | >: 1.165µs | >: 2.992µs | >: 2.745µs | >: 1.913µs | >: 2.258µs | >: 2.715µs | >: 3.091µs | >: 2.802µs | >: 1.644µs | >: 2.718µs | >: 1.749µs | >: 2.445µs | >: 1.715µs | >: 6.195µs | >: 2.671µs | >: 2.934µs | >: 2.967µs | >: 2.309µs | >: 2.457µs | >: 3.593µs | >: 3.109µs | >: 2.617µs | >: 2.138µs | >: 1.3µs | >: 1.708µs | >: 1.828µs | >: 2.221µs | >: 6.246µs | >: 2.594µs | >: 1.764µs | >: 3.423µs | >: 2.449µs | >: 2.94µs | >: 2.8µs | >: 2.961µs | >: 2.167µs | >: 2.875µs | >: 2.876µs | >: 1.364µs | >: 2.538µs | >: 5.554µs | >: 3.268µs | >: 1.947µs | >: 2.314µs | >: 1.29µs | >: 2.222µs | >: 3.007µs | >: 2.241µs | >: 2.573µs | >: 3.295µs | >: 2.739µs | >: 3.081µs | >: 987ns | >: 1.956µs | >: 2.259µs | >: 2.958µs | >: 2.627µs | >: 1.659µs | >: 2.802µs | >: 2.763µs | >: 1.426µs | >: 1.963µs | >: 2.223µs | >: 6.313µs | >: 2.55µs | >: 2.173µs | >: 2.714µs | >: 2.299µs | >: 2.406µs | >: 2.23µs | >: 2.256µs | >: 2.541µs | >: 2.158µs | >: 2.278µs | >: 3.196µs | >: 3.778µs | >: 3.185µs | >: 2.929µs | >: 2.267µs | >: 2.677µs | >: 3.163µs | >: 7.257µs | >: 1.528µs | >: 1.48µs | >: 1.913µs | >: 2.043µs | >: 1.802µs | >: 2.694µs | >: 1.886µs | >: 2.365µs | >: 2.921µs | >: 2.35µs | >: 2.216µs | >: 2.619µs | >: 1.969µs | >: 7.051µs | >: 2.747µs | >: 2.58µs | >: 1.937µs | >: 2.163µs | >: 2.552µs | >: 2.752µs | >: 2.745µs | >: 2.62µs | >: 2.531µs | >: 2.353µs | >: 1.431µs | >: 2.178µs | >: 1.749µs | >: 2.422µs | >: 1.916µs | >: 2.708µs | >: 2.751µs | >: 2.561µs | >: 1.988µs | >: 2.625µs | >: 1.323µs | >: 1.992µs | >: 2.628µs | >: 2.105µs | >: 6.305µs | >: 2.067µs | >: 2.419µs | >: 2.343µs | >: 1.253µs | >: 2.127µs | >: 2.664µs | >: 2.444µs | >: 3.249µs | >: 3.187µs | >: 2.701µs | >: 2.063µs | >: 1.464µs | >: 1.667µs | >: 2.231µs | >: 2.866µs | >: 1.668µs | >: 1.503µs | >: 2.087µs | >: 2.024µs | >: 2.439µs | >: 2.626µs | >: 2.39µs | >: 6.365µs | >: 2.426µs | >: 2.197µs | >: 2.762µs | >: 7.937µs | >: 2.832µs | >: 6.74µs | >: 2.892µs | >: 1.977µs | >: 2.562µs | >: 2.101µs | >: 2.593µs | >: 1.779µs | >: 1.958µs | >: 2.502µs | >: 2.264µs | >: 2.027µs | >: 2.809µs | >: 2.127µs | >: 2.86µs | >: 2.872µs | >: 5.934µs | >: 10.498µs | >: 5.672µs | >: 2.535µs | >: 2.54µs | >: 1.892µs | >: 1.923µs | >: 2.15µs | >: 2.357µs | >: 3.122µs | >: 3.496µs | >: 5.535µs | >: 1.639µs | >: 4.168µs | >: 3.479µs | >: 3.859µs | >: 4.575µs | >: 3.913µs | >: 3.54µs | >: 3.474µs | >: 4.449µs | >: 3.328µs | >: 4.518µs | >: 4.189µs | >: 3.412µs | >: 3.98µs | >: 1.761µs | >: 4.683µs | >: 3.152µs | >: 4.335µs | >: 4.506µs | >: 3.087µs | >: 10.692µs | >: 1.941µs | >: 1.967µs | >: 3.977µs | >: 2.919µs | >: 2.665µs | >: 2.186µs | >: 4.585µs | >: 2.911µs | >: 3.343µs | >: 3.379µs | >: 3.083µs | >: 5.056µs | >: 2.954µs | >: 3.362µs | >: 2.876µs | >: 4.362µs | >: 3.76µs | >: 3.567µs | >: 5.08µs | >: 2.44µs | >: 3.071µs | >: 3.484µs | >: 3.572µs | >: 1.703µs | >: 4.118µs | >: 5.881µs | >: 4.605µs | >: 3.537µs | >: 4.187µs | >: 3.287µs | >: 3.59µs | >: 3.714µs | >: 4.205µs | >: 5.342µs | >: 3.694µs | >: 2.038µs | >: 3.624µs | >: 4.078µs | >: 4.299µs | >: 6.526µs | >: 5.24µs | >: 4.112µs | >: 4.187µs | >: 3.446µs | >: 7.005µs | >: 4.193µs | >: 6.639µs | >: 3.814µs | >: 11.181µs | >: 3.935µs | >: 3.94µs | >: 4.569µs | >: 4.795µs | >: 3.449µs | >: 2.226µs | >: 2.744µs | >: 3.094µs | >: 3.1µs | >: 3.694µs | >: 3.971µs | >: 3.28µs | >: 3.935µs | >: 2.54µs | >: 2.718µs | >: 3.087µs | >: 2.566µs | >: 7.399µs | >: 9.231µs | >: 4.094µs | >: 3.706µs | >: 9.033µs | >: 3.465µs | >: 3.684µs | >: 2.956µs | >: 4.137µs | >: 4.363µs | >: 3.134µs | >: 3.246µs | >: 3.916µs | >: 3.855µs | >: 2.822µs | >: 2.47µs | >: 4.205µs | >: 2.275µs | >: 3.758µs | >: 4.371µs | >: 2.982µs | >: 4.155µs | >: 3.822µs | >: 4.764µs | >: 7.098µs | >: 2.593µs | >: 3.334µs | >: 2.717µs | >: 7.751µs | >: 2.677µs | >: 2.946µs | >: 1.744µs | >: 3.075µs | >: 8.485µs | >: 2.321µs | >: 3.338µs | >: 2.758µs | >: 3.094µs | >: 2.536µs | >: 2.732µs | >: 3.11µs | >: 2.259µs | >: 3.092µs | >: 3.213µs | >: 2.976µs | >: 3.175µs | >: 3.229µs | >: 3.323µs | >: 1.609µs | >: 2.991µs | >: 3.132µs | >: 3.307µs | >: 3.124µs | >: 3.271µs | >: 3.335µs | >: 3.635µs | >: 2.101µs | >: 1.961µs | >: 2.787µs | >: 3.209µs | >: 3.346µs | >: 2.924µs | >: 2.407µs | >: 2.203µs | >: 2.628µs | >: 2.287µs | >: 2.329µs | >: 2.224µs | >: 2.814µs | >: 1.298µs | >: 2.299µs | >: 2.878µs | >: 2.395µs | >: 2.473µs | >: 2.421µs | >: 2.264µs | >: 2.573µs | >: 2.197µs | >: 2.336µs | >: 1.445µs | >: 2.046µs | >: 1.891µs | >: 11.42µs | >: 2.178µs | >: 2.55µs | >: 3.253µs | >: 2.222µs | >: 1.585µs | >: 2.389µs | >: 74.386µs | >: 3.226µs | >: 2.836µs | >: 3.282µs | >: 2.679µs | >: 2.288µs | >: 2.338µs | >: 1.557µs | >: 2.527µs | >: 1.961µs | >: 2.48µs | >: 6.338µs | >: 2.225µs | >: 2.389µs | >: 2.109µs | >: 1.795µs | >: 1.761µs | >: 1.834µs | >: 2.364µs | >: 2.139µs | >: 2.014µs | >: 2.014µs | >: 2.293µs | >: 2.681µs | >: 2.328µs | >: 1.533µs | >: 1.704µs | >: 2.259µs | >: 2.79µs | >: 2.375µs | >: 3.033µs | >: 2.383µs | >: 201.517µs | >: 2.371µs | >: 2.142µs | >: 8.093µs | >: 3.079µs | >: 2.995µs | >: 2.485µs | >: 3.538µs | >: 4.208µs | >: 7.81µs | >: 1.588µs | >: 2.008µs | >: 241.168µs | >: 9.726µs | >: 3.192µs | >: 3.564µs | >: 2.682µs | >: 3.479µs | >: 2.726µs | >: 1.823µs | >: 3.658µs | >: 3.701µs | >: 5.537µs | >: 3.198µs | >: 3.841µs | >: 2.195µs | >: 7.629µs | >: 2.355µs | >: 3.423µs | >: 3.417µs | >: 8.982µs | >: 3.173µs | >: 4.22µs | >: 7.668µs | >: 2.357µs | >: 1.122µs | >: 1.932µs | >: 2.432µs | >: 2.46µs | >: 3.077µs | >: 3.346µs | >: 2.648µs | >: 3.203µs | >: 2.077µs | >: 3.749µs | >: 2.357µs | >: 3.005µs | >: 3.242µs | >: 2.743µs | >: 3.146µs | >: 2.847µs | >: 2.838µs | >: 1.333µs | >: 3.203µs | >: 2.115µs | >: 3.282µs | >: 2.035µs | >: 2.62µs | >: 3.109µs | >: 3.434µs | >: 3.024µs | >: 2.054µs | >: 3.006µs | >: 2.345µs | >: 1.935µs | >: 3.507µs | >: 2.477µs | >: 2.454µs | >: 2.77µs | >: 7.53µs | >: 2.554µs | >: 2.059µs | >: 2.661µs | >: 2.826µs | >: 2.859µs | >: 2.626µs | >: 2.807µs | >: 2.945µs | >: 1.846µs | >: 2.791µs | >: 7.866µs | >: 2.022µs | >: 2.49µs | >: 2.623µs | >: 3.31µs | >: 2.333µs | >: 3.153µs | >: 2.866µs | >: 3.167µs | >: 2.928µs | >: 2.849µs | >: 1.978µs | >: 2.54µs | >: 2.607µs | >: 3.099µs | >: 2.683µs | >: 1.496µs | >: 2.558µs | >: 2.532µs | >: 2.261µs | >: 6.844µs | >: 2.832µs | >: 2.831µs | >: 2.831µs | >: 2.868µs | >: 1.367µs | >: 66.776µs | >: 2.406µs | >: 3.903µs | >: 3.338µs | >: 2.427µs | >: 2.388µs | >: 2.137µs | >: 2.888µs | >: 2.02µs | >: 1.997µs | >: 1.706µs | >: 1.714µs | >: 1.536µs | >: 3.215µs | >: 2.198µs | >: 2.163µs | >: 1.784µs | >: 2.833µs | >: 1.806µs | >: 2.041µs | >: 2.835µs | >: 2.323µs | >: 2.523µs | >: 2.656µs | >: 1.738µs | >: 2.037µs | >: 1.605µs | >: 1.676µs | >: 2.708µs | >: 2.634µs | >: 2.981µs | >: 2.701µs | >: 2.884µs | >: 3.714µs | >: 2.703µs | >: 2.928µs | >: 2.668µs | >: 1.892µs | >: 3.009µs | >: 6.704µs | >: 2.577µs | >: 31.62µs | >: 2µs | >: 2.378µs | >: 2.566µs | >: 2.8µs | >: 2.753µs | >: 1.868µs | >: 2.73µs | >: 1.413µs | >: 2.477µs | >: 2.44µs | >: 2.725µs | >: 2.941µs | >: 3.453µs | >: 2.486µs | >: 6.056µs | >: 1.852µs | >: 2.001µs | >: 2.138µs | >: 1.836µs | >: 2.027µs | >: 2.67µs | >: 2.389µs | >: 1.83µs | >: 3.413µs | >: 2.553µs | >: 3.23µs | >: 3.096µs | >: 2.085µs | >: 1.421µs | >: 2.982µs | >: 2.436µs | >: 2.819µs | >: 2.496µs | >: 2.401µs | >: 2.86µs | >: 2.115µs | >: 2.567µs | >: 1.515µs | >: 2.614µs | >: 2.522µs | >: 2.469µs | >: 2.693µs | >: 2.628µs | >: 1.955µs | >: 2.337µs | >: 2.948µs | >: 1.668µs | >: 3.341µs | >: 3.12µs | >: 5.814µs | >: 2.237µs | >: 3.215µs | >: 1.31µs | >: 2.332µs | >: 1.602µs | >: 2.885µs | >: 1.881µs | >: 2.377µs | >: 2.151µs | >: 2.6µs | >: 2.75µs | >: 2.438µs | >: 3.811µs | >: 2.471µs | >: 2.249µs | >: 2.247µs | >: 3.099µs | >: 6.43µs | >: 2.749µs | >: 2.304µs | >: 3.098µs | >: 2.689µs | >: 1.716µs | >: 2.806µs | >: 2.592µs | >: 3.48µs | >: 6.058µs | >: 2.513µs | >: 2.835µs | >: 2.345µs | >: 1.81µs | >: 1.915µs | >: 2.456µs | >: 2.8µs | >: 2.516µs | >: 2.621µs | >: 3.554µs | >: 2.523µs | >: 2.272µs | >: 3.082µs | >: 2.686µs | >: 2.638µs | >: 3.131µs | >: 2.346µs | >: 1.421µs | >: 2.202µs | >: 2.464µs | >: 1.573µs | >: 3.178µs | >: 2.739µs | >: 2.622µs | >: 5.863µs | >: 2.907µs | >: 2.261µs | >: 2.946µs | >: 2.872µs | >: 6.444µs | >: 2.924µs | >: 3.028µs | >: 2.942µs | >: 2.521µs | >: 3.17µs | >: 2.734µs | >: 2.212µs | >: 2.7µs | >: 3.097µs | >: 2.649µs | >: 2.822µs | >: 1.764µs | >: 1.951µs | >: 2.227µs | >: 1.804µs | >: 2.55µs | >: 2.537µs | >: 1.811µs | >: 1.699µs | >: 2.766µs | >: 1.802µs | >: 3.008µs | >: 3.183µs | >: 2.562µs | >: 2.145µs | >: 2.714µs | >: 2.265µs | >: 2.28µs | >: 2.497µs | >: 2.988µs | >: 3.115µs | >: 2.649µs | >: 2.875µs | >: 2.677µs | >: 1.637µs | >: 1.859µs | >: 2.092µs | >: 2.378µs | >: 2.493µs | >: 3.006µs | >: 2.414µs | >: 2.775µs | >: 2.759µs | >: 2.41µs | >: 2.418µs | >: 3.58µs | >: 2.387µs | >: 2.753µs | >: 3.201µs | >: 1.826µs | >: 3.681µs | >: 6.01µs | >: 2.934µs | >: 1.767µs | >: 2.026µs | >: 2.406µs | >: 2.229µs | >: 2.703µs | >: 3.606µs | >: 2.941µs | >: 2.388µs | >: 2.343µs | >: 2.978µs | >: 1.332µs | >: 2.362µs | >: 2.728µs | >: 2.221µs | >: 2.258µs | >: 2.396µs | >: 3.375µs | >: 1.844µs | >: 5.752µs | >: 1.887µs | >: 2.28µs | >: 2.275µs | >: 3.065µs | >: 2.917µs | >: 2.897µs | >: 2.039µs | >: 1.763µs | >: 2.515µs | >: 2.097µs | >: 2.45µs | >: 2.818µs | >: 2.795µs | >: 2.622µs | >: 2.283µs | >: 2.664µs | >: 1.632µs | >: 2.112µs | >: 6.406µs | >: 2.518µs | >: 2.395µs | >: 3.552µs | >: 1.838µs | >: 2.849µs | >: 2.504µs | >: 2.405µs | >: 2.905µs | >: 2.515µs | >: 2.871µs | >: 1.517µs | >: 2.596µs | >: 2.796µs | >: 2.931µs | >: 2.508µs | >: 2.836µs | >: 6.568µs | >: 2.563µs | >: 2.925µs | >: 2.849µs | >: 2.373µs | >: 2.709µs | >: 1.268µs | >: 3.385µs | >: 2.113µs | >: 2.674µs | >: 2.25µs | >: 7.32µs | >: 2.822µs | >: 1.933µs | >: 5.503µs | >: 2.59µs | >: 3.226µs | >: 2.495µs | >: 2.387µs | >: 2.31µs | >: 2.778µs | >: 3.209µs | >: 3.123µs | >: 3.218µs | >: 3.42µs | >: 2.332µs | >: 2.051µs | >: 2.733µs | >: 2.289µs | >: 2.825µs | >: 2.941µs | >: 2.021µs | >: 1.636µs | >: 2.32µs | >: 3.412µs | >: 2.924µs | >: 3.13µs | >: 2.952µs | >: 2.499µs | >: 2.897µs | >: 1.604µs | >: 2.26µs | >: 2.634µs | >: 2.38µs | >: 2.164µs | >: 2.523µs | >: 2.851µs | >: 2.774µs | >: 3.235µs | >: 3µs | >: 1.638µs | >: 1.9µs | >: 2.574µs | >: 2.8µs | >: 1.885µs | >: 3.121µs | >: 2.095µs | >: 2.986µs | >: 3.544µs | >: 3.217µs | >: 3.373µs | >: 2.983µs | >: 3.173µs | >: 2.438µs | >: 1.513µs | >: 2.542µs | >: 2.682µs | >: 3.155µs | >: 3.399µs | >: 2.357µs | >: 2.182µs | >: 2.83µs | >: 1.318µs | >: 1.749µs | >: 1.939µs | >: 4.844µs | >: 5.404µs | >: 5.327µs | >: 4.923µs | >: 5.042µs | >: 3.246µs | >: 5.252µs | >: 5.534µs | >: 3.259µs | >: 4.396µs | >: 2.974µs | >: 2.414µs | >: 2.553µs | >: 6.357µs | >: 4.453µs | >: 4.393µs | >: 3.318µs | >: 4.086µs | >: 7.278µs | >: 2.7µs | >: 3.822µs | >: 3.806µs | >: 2.665µs | >: 2.813µs | >: 1.922µs | >: 2.351µs | >: 2.124µs | >: 4.779µs | >: 9.66µs | >: 3.897µs | >: 3.839µs | >: 4.997µs | >: 4.592µs | >: 5.152µs | >: 3.005µs | >: 16.732µs | >: 4.375µs | >: 20.797µs | >: 3.07µs | >: 1.959µs | >: 1.75µs | >: 2.84µs | >: 3.041µs | >: 2.197µs | >: 2.873µs | >: 2.561µs | >: 2.601µs | >: 2.93µs | >: 1.72µs | >: 2.305µs | >: 1.921µs | >: 2.809µs | >: 3.836µs | >: 7.756µs | >: 3.048µs | >: 8.322µs | >: 3.277µs | >: 6.817µs | >: 2.582µs | >: 4.191µs | >: 3.704µs | >: 1.879µs | >: 2.702µs | >: 4.943µs | >: 9.822µs | >: 3.325µs | >: 8.107µs | >: 4.188µs | >: 2.028µs | >: 2.672µs | >: 3.815µs | >: 5.906µs | >: 3.191µs | >: 4.158µs | >: 4.142µs | >: 3.808µs | >: 2.458µs | >: 3.105µs | >: 4.053µs | >: 2.19µs | >: 2.599µs | >: 2.38µs | >: 3.25µs | >: 3.078µs | >: 3.616µs | >: 1.147µs | >: 2.142µs | >: 2.986µs | >: 1.742µs | >: 2.723µs | >: 3.758µs | >: 3.117µs | >: 3.277µs | >: 1.098µs | >: 1.804µs | >: 2.865µs | >: 2.961µs | >: 3.413µs | >: 17.267µs | >: 4.286µs | >: 2.054µs | >: 2.732µs | >: 2.443µs | >: 3.246µs | >: 3.489µs | >: 4.467µs | >: 2.687µs | >: 3.702µs | >: 7.106µs | >: 3.925µs | >: 2.466µs | >: 2.662µs | >: 1.978µs | >: 3.304µs | >: 3.033µs | >: 1.514µs | >: 1.73µs | >: 2.988µs | >: 2.962µs | >: 4.669µs | >: 3.613µs | >: 2.258µs | >: 6.648µs | >: 1.734µs | >: 2.116µs | >: 1.901µs | >: 1.959µs | >: 3.216µs | >: 2.141µs | >: 2.4µs | >: 3.168µs | >: 2.633µs | >: 2.19µs | >: 1.36µs | >: 2.307µs | >: 2.281µs | >: 5.96µs | >: 2.999µs | >: 2.183µs | >: 2.912µs | >: 2.773µs | >: 1.799µs | >: 2.725µs | >: 2.231µs | >: 3.197µs | >: 2.868µs | >: 3.452µs | >: 1.888µs | >: 2.162µs | >: 3.229µs | >: 3.055µs | >: 7.737µs | >: 3.168µs | >: 3.06µs | >: 3.164µs | >: 1.522µs | >: 2.847µs | >: 2.797µs | >: 2.75µs | >: 2.509µs | >: 3.374µs | >: 2.626µs | >: 3.242µs | >: 1.713µs | >: 2.333µs | >: 3.042µs | >: 2.386µs | >: 3.219µs | >: 2.042µs | >: 2.23µs | >: 2.465µs | >: 2.501µs | >: 1.435µs | >: 1.764µs | >: 2.012µs | >: 3.683µs | >: 2.967µs | >: 1.953µs | >: 2.352µs | >: 3.509µs | >: 2.741µs | >: 3.014µs | >: 2.092µs | >: 3.763µs | >: 2.236µs | >: 2.384µs | >: 4.225µs | >: 2.442µs | >: 2.684µs | >: 1.886µs | >: 1.858µs | >: 18.197µs | >: 6.804µs | >: 1.719µs | >: 2.6µs | >: 1.869µs | >: 2.391µs | >: 3.337µs | >: 2.594µs | >: 2.55µs | >: 3.335µs | >: 2.284µs | >: 2.277µs | >: 3.269µs | >: 1.985µs | >: 3.701µs | >: 2.321µs | >: 1.989µs | >: 2.864µs | >: 2.212µs | >: 2.333µs | >: 2.72µs | >: 2.469µs | >: 2.322µs | >: 2.41µs | >: 1.411µs | >: 2.733µs | >: 3.235µs | >: 3.712µs | >: 3.419µs | >: 2.96µs | >: 17.826µs | >: 1.695µs | >: 6.475µs | >: 2.942µs | >: 2.492µs | >: 2.277µs | >: 3.593µs | >: 2.858µs | >: 3.401µs | >: 3.943µs | >: 1.755µs | >: 2.813µs | >: 3.045µs | >: 3.376µs | >: 2.761µs | >: 3.054µs | >: 3.307µs | >: 1.792µs | >: 3.05µs | >: 1.473µs | >: 3.125µs | >: 2.526µs | >: 2.887µs | >: 2.401µs | >: 2.67µs | >: 3.002µs | >: 2.671µs | >: 2.768µs | >: 4.482µs | >: 2.161µs | >: 1.645µs | >: 8.282µs | >: 2.641µs | >: 3.682µs | >: 3.249µs | >: 2.032µs | >: 2.699µs | >: 3.946µs | >: 3.378µs | >: 2.623µs | >: 3.09µs | >: 2.647µs | >: 2.546µs | >: 2.716µs | >: 3.837µs | >: 3.484µs | >: 1.473µs | >: 2.651µs | >: 2.049µs | >: 2.851µs | >: 2.862µs | >: 3.137µs | >: 2.387µs | >: 2.987µs | >: 3.224µs | >: 2.964µs | >: 1.905µs | >: 1.944µs | >: 2.426µs | >: 3.062µs | >: 2.348µs | >: 3.522µs | >: 3.228µs | >: 1.694µs | >: 2.037µs | >: 2.544µs | >: 2.448µs | >: 2.264µs | >: 3.201µs | >: 2.719µs | >: 3.62µs | >: 2.576µs | >: 2.283µs | >: 2.782µs | >: 3.428µs | >: 2.425µs | >: 2.738µs | >: 1.893µs | >: 1.885µs | >: 2.138µs | >: 1.453µs | >: 2.116µs | >: 2.73µs | >: 7.344µs | >: 2.299µs | >: 2.074µs | >: 2.921µs | >: 1.739µs | >: 2.866µs | >: 3.875µs | >: 3.032µs | >: 1.772µs | >: 2.481µs | >: 7.462µs | >: 2.746µs | >: 3.025µs | >: 2.847µs | >: 2.716µs | >: 2.771µs | >: 2.481µs | >: 1.816µs | >: 2.74µs | >: 2.075µs | >: 2.119µs | >: 2.438µs | >: 1.941µs | >: 2.009µs | >: 3.299µs | >: 42.825µs | >: 1.646µs | >: 6.348µs | sampled in 55.750629ms

Histogram of centralities (bucketed by 0.000000001):
0.00049975 - 0.000499751: 1000
0.000000166 - 0.000000167: 1

Closeness centrality (node, centrality) ordered by most central vertices:
0	0.00000016658337497917709
1	0.0004997501249375312
2	0.0004997501249375312
3	0.0004997501249375312
4	0.0004997501249375312
5	0.0004997501249375312
6	0.0004997501249375312
7	0.0004997501249375312
8	0.0004997501249375312
9	0.0004997501249375312
10	0.0004997501249375312
11	0.0004997501249375312
12	0.0004997501249375312
13	0.0004997501249375312
14	0.0004997501249375312
15	0.0004997501249375312
16	0.0004997501249375312
17	0.0004997501249375312
18	0.0004997501249375312
19	0.0004997501249375312
20	0.0004997501249375312
21	0.0004997501249375312
22	0.0004997501249375312
23	0.0004997501249375312
24	0.0004997501249375312
25	0.0004997501249375312
26	0.0004997501249375312
27	0.0004997501249375312
28	0.0004997501249375312
29	0.0004997501249375312
30	0.0004997501249375312
31	0.0004997501249375312
32	0.0004997501249375312
33	0.0004997501249375312
34	0.0004997501249375312
35	0.0004997501249375312
36	0.0004997501249375312
37	0.0004997501249375312
38	0.0004997501249375312
39	0.0004997501249375312
40	0.0004997501249375312
41	0.0004997501249375312
42	0.0004997501249375312
43	0.0004997501249375312
44	0.0004997501249375312
45	0.0004997501249375312
46	0.0004997501249375312
47	0.0004997501249375312
48	0.0004997501249375312
49	0.0004997501249375312
50	0.0004997501249375312
51	0.0004997501249375312
52	0.0004997501249375312
53	0.0004997501249375312
54	0.0004997501249375312
55	0.0004997501249375312
56	0.0004997501249375312
57	0.0004997501249375312
58	0.0004997501249375312
59	0.0004997501249375312
60	0.0004997501249375312
61	0.0004997501249375312
62	0.0004997501249375312
63	0.0004997501249375312
64	0.0004997501249375312
65	0.0004997501249375312
66	0.0004997501249375312
67	0.0004997501249375312
68	0.0004997501249375312
69	0.0004997501249375312
70	0.0004997501249375312
71	0.0004997501249375312
72	0.0004997501249375312
73	0.0004997501249375312
74	0.0004997501249375312
75	0.0004997501249375312
76	0.0004997501249375312
77	0.0004997501249375312
78	0.0004997501249375312
79	0.0004997501249375312
80	0.0004997501249375312
81	0.0004997501249375312
82	0.0004997501249375312
83	0.0004997501249375312
84	0.0004997501249375312
85	0.0004997501249375312
86	0.0004997501249375312
87	0.0004997501249375312
88	0.0004997501249375312
89	0.0004997501249375312
90	0.0004997501249375312
91	0.0004997501249375312
92	0.0004997501249375312
93	0.0004997501249375312
94	0.0004997501249375312
95	0.0004997501249375312
96	0.0004997501249375312
97	0.0004997501249375312
98	0.0004997501249375312
99	0.0004997501249375312
100	0.0004997501249375312
101	0.0004997501249375312
102	0.0004997501249375312
103	0.0004997501249375312
104	0.0004997501249375312
105	0.0004997501249375312
106	0.0004997501249375312
107	0.0004997501249375312
108	0.0004997501249375312
109	0.0004997501249375312
110	0.0004997501249375312
111	0.0004997501249375312
112	0.0004997501249375312
113	0.0004997501249375312
114	0.0004997501249375312
115	0.0004997501249375312
116	0.0004997501249375312
117	0.0004997501249375312
118	0.0004997501249375312
119	0.0004997501249375312
120	0.0004997501249375312
121	0.0004997501249375312
122	0.0004997501249375312
123	0.0004997501249375312
124	0.0004997501249375312
125	0.0004997501249375312
126	0.0004997501249375312
127	0.0004997501249375312
128	0.0004997501249375312
129	0.0004997501249375312
130	0.0004997501249375312
131	0.0004997501249375312
132	0.0004997501249375312
133	0.0004997501249375312
134	0.0004997501249375312
135	0.0004997501249375312
136	0.0004997501249375312
137	0.0004997501249375312
138	0.0004997501249375312
139	0.0004997501249375312
140	0.0004997501249375312
141	0.0004997501249375312
142	0.0004997501249375312
143	0.0004997501249375312
144	0.0004997501249375312
145	0.0004997501249375312
146	0.0004997501249375312
147	0.0004997501249375312
148	0.0004997501249375312
149	0.0004997501249375312
150	0.0004997501249375312
151	0.0004997501249375312
152	0.0004997501249375312
153	0.0004997501249375312
154	0.0004997501249375312
155	0.0004997501249375312
156	0.0004997501249375312
157	0.0004997501249375312
158	0.0004997501249375312
159	0.0004997501249375312
160	0.0004997501249375312
161	0.0004997501249375312
162	0.0004997501249375312
163	0.0004997501249375312
164	0.0004997501249375312
165	0.0004997501249375312
166	0.0004997501249375312
167	0.0004997501249375312
168	0.0004997501249375312
169	0.0004997501249375312
170	0.0004997501249375312
171	0.0004997501249375312
172	0.0004997501249375312
173	0.0004997501249375312
174	0.0004997501249375312
175	0.0004997501249375312
176	0.0004997501249375312
177	0.0004997501249375312
178	0.0004997501249375312
179	0.0004997501249375312
180	0.0004997501249375312
181	0.0004997501249375312
182	0.0004997501249375312
183	0.0004997501249375312
184	0.0004997501249375312
185	0.0004997501249375312
186	0.0004997501249375312
187	0.0004997501249375312
188	0.0004997501249375312
189	0.0004997501249375312
190	0.0004997501249375312
191	0.0004997501249375312
192	0.0004997501249375312
193	0.0004997501249375312
194	0.0004997501249375312
195	0.0004997501249375312
196	0.0004997501249375312
197	0.0004997501249375312
198	0.0004997501249375312
199	0.0004997501249375312
200	0.0004997501249375312
201	0.0004997501249375312
202	0.0004997501249375312
203	0.0004997501249375312
204	0.0004997501249375312
205	0.0004997501249375312
206	0.0004997501249375312
207	0.0004997501249375312
208	0.0004997501249375312
209	0.0004997501249375312
210	0.0004997501249375312
211	0.0004997501249375312
212	0.0004997501249375312
213	0.0004997501249375312
214	0.0004997501249375312
215	0.0004997501249375312
216	0.0004997501249375312
217	0.0004997501249375312
218	0.0004997501249375312
219	0.0004997501249375312
220	0.0004997501249375312
221	0.0004997501249375312
222	0.0004997501249375312
223	0.0004997501249375312
224	0.0004997501249375312
225	0.0004997501249375312
226	0.0004997501249375312
227	0.0004997501249375312
228	0.0004997501249375312
229	0.0004997501249375312
230	0.0004997501249375312
231	0.0004997501249375312
232	0.0004997501249375312
233	0.0004997501249375312
234	0.0004997501249375312
235	0.0004997501249375312
236	0.0004997501249375312
237	0.0004997501249375312
238	0.0004997501249375312
239	0.0004997501249375312
240	0.0004997501249375312
241	0.0004997501249375312
242	0.0004997501249375312
243	0.0004997501249375312
244	0.0004997501249375312
245	0.0004997501249375312
246	0.0004997501249375312
247	0.0004997501249375312
248	0.0004997501249375312
249	0.0004997501249375312
250	0.0004997501249375312
251	0.0004997501249375312
252	0.0004997501249375312
253	0.0004997501249375312
254	0.0004997501249375312
255	0.0004997501249375312
256	0.0004997501249375312
257	0.0004997501249375312
258	0.0004997501249375312
259	0.0004997501249375312
260	0.0004997501249375312
261	0.0004997501249375312
262	0.0004997501249375312
263	0.0004997501249375312
264	0.0004997501249375312
265	0.0004997501249375312
266	0.0004997501249375312
267	0.0004997501249375312
268	0.0004997501249375312
269	0.0004997501249375312
270	0.0004997501249375312
271	0.0004997501249375312
272	0.0004997501249375312
273	0.0004997501249375312
274	0.0004997501249375312
275	0.0004997501249375312
276	0.0004997501249375312
277	0.0004997501249375312
278	0.0004997501249375312
279	0.0004997501249375312
280	0.0004997501249375312
281	0.0004997501249375312
282	0.0004997501249375312
283	0.0004997501249375312
284	0.0004997501249375312
285	0.0004997501249375312
286	0.0004997501249375312
287	0.0004997501249375312
288	0.0004997501249375312
289	0.0004997501249375312
290	0.0004997501249375312
291	0.0004997501249375312
292	0.0004997501249375312
293	0.0004997501249375312
294	0.0004997501249375312
295	0.0004997501249375312
296	0.0004997501249375312
297	0.0004997501249375312
298	0.0004997501249375312
299	0.0004997501249375312
300	0.0004997501249375312
301	0.0004997501249375312
302	0.0004997501249375312
303	0.0004997501249375312
304	0.0004997501249375312
305	0.0004997501249375312
306	0.0004997501249375312
307	0.0004997501249375312
308	0.0004997501249375312
309	0.0004997501249375312
310	0.0004997501249375312
311	0.0004997501249375312
312	0.0004997501249375312
313	0.0004997501249375312
314	0.0004997501249375312
315	0.0004997501249375312
316	0.0004997501249375312
317	0.0004997501249375312
318	0.0004997501249375312
319	0.0004997501249375312
320	0.0004997501249375312
321	0.0004997501249375312
322	0.0004997501249375312
323	0.0004997501249375312
324	0.0004997501249375312
325	0.0004997501249375312
326	0.0004997501249375312
327	0.0004997501249375312
328	0.0004997501249375312
329	0.0004997501249375312
330	0.0004997501249375312
331	0.0004997501249375312
332	0.0004997501249375312
333	0.0004997501249375312
334	0.0004997501249375312
335	0.0004997501249375312
336	0.0004997501249375312
337	0.0004997501249375312
338	0.0004997501249375312
339	0.0004997501249375312
340	0.0004997501249375312
341	0.0004997501249375312
342	0.0004997501249375312
343	0.0004997501249375312
344	0.0004997501249375312
345	0.0004997501249375312
346	0.0004997501249375312
347	0.0004997501249375312
348	0.0004997501249375312
349	0.0004997501249375312
350	0.0004997501249375312
351	0.0004997501249375312
352	0.0004997501249375312
353	0.0004997501249375312
354	0.0004997501249375312
355	0.0004997501249375312
356	0.0004997501249375312
357	0.0004997501249375312
358	0.0004997501249375312
359	0.0004997501249375312
360	0.0004997501249375312
361	0.0004997501249375312
362	0.0004997501249375312
363	0.0004997501249375312
364	0.0004997501249375312
365	0.0004997501249375312
366	0.0004997501249375312
367	0.0004997501249375312
368	0.0004997501249375312
369	0.0004997501249375312
370	0.0004997501249375312
371	0.0004997501249375312
372	0.0004997501249375312
373	0.0004997501249375312
374	0.0004997501249375312
375	0.0004997501249375312
376	0.0004997501249375312
377	0.0004997501249375312
378	0.0004997501249375312
379	0.0004997501249375312
380	0.0004997501249375312
381	0.0004997501249375312
382	0.0004997501249375312
383	0.0004997501249375312
384	0.0004997501249375312
385	0.0004997501249375312
386	0.0004997501249375312
387	0.0004997501249375312
388	0.0004997501249375312
389	0.0004997501249375312
390	0.0004997501249375312
391	0.0004997501249375312
392	0.0004997501249375312
393	0.0004997501249375312
394	0.0004997501249375312
395	0.0004997501249375312
396	0.0004997501249375312
397	0.0004997501249375312
398	0.0004997501249375312
399	0.0004997501249375312
400	0.0004997501249375312
401	0.0004997501249375312
402	0.0004997501249375312
403	0.0004997501249375312
404	0.0004997501249375312
405	0.0004997501249375312
406	0.0004997501249375312
407	0.0004997501249375312
408	0.0004997501249375312
409	0.0004997501249375312
410	0.0004997501249375312
411	0.0004997501249375312
412	0.0004997501249375312
413	0.0004997501249375312
414	0.0004997501249375312
415	0.0004997501249375312
416	0.0004997501249375312
417	0.0004997501249375312
418	0.0004997501249375312
419	0.0004997501249375312
420	0.0004997501249375312
421	0.0004997501249375312
422	0.0004997501249375312
423	0.0004997501249375312
424	0.0004997501249375312
425	0.0004997501249375312
426	0.0004997501249375312
427	0.0004997501249375312
428	0.0004997501249375312
429	0.0004997501249375312
430	0.0004997501249375312
431	0.0004997501249375312
432	0.0004997501249375312
433	0.0004997501249375312
434	0.0004997501249375312
435	0.0004997501249375312
436	0.0004997501249375312
437	0.0004997501249375312
438	0.0004997501249375312
439	0.0004997501249375312
440	0.0004997501249375312
441	0.0004997501249375312
442	0.0004997501249375312
443	0.0004997501249375312
444	0.0004997501249375312
445	0.0004997501249375312
446	0.0004997501249375312
447	0.0004997501249375312
448	0.0004997501249375312
449	0.0004997501249375312
450	0.0004997501249375312
451	0.0004997501249375312
452	0.0004997501249375312
453	0.0004997501249375312
454	0.0004997501249375312
455	0.0004997501249375312
456	0.0004997501249375312
457	0.0004997501249375312
458	0.0004997501249375312
459	0.0004997501249375312
460	0.0004997501249375312
461	0.0004997501249375312
462	0.0004997501249375312
463	0.0004997501249375312
464	0.0004997501249375312
465	0.0004997501249375312
466	0.0004997501249375312
467	0.0004997501249375312
468	0.0004997501249375312
469	0.0004997501249375312
470	0.0004997501249375312
471	0.0004997501249375312
472	0.0004997501249375312
473	0.0004997501249375312
474	0.0004997501249375312
475	0.0004997501249375312
476	0.0004997501249375312
477	0.0004997501249375312
478	0.0004997501249375312
479	0.0004997501249375312
480	0.0004997501249375312
481	0.0004997501249375312
482	0.0004997501249375312
483	0.0004997501249375312
484	0.0004997501249375312
485	0.0004997501249375312
486	0.0004997501249375312
487	0.0004997501249375312
488	0.0004997501249375312
489	0.0004997501249375312
490	0.0004997501249375312
491	0.0004997501249375312
492	0.0004997501249375312
493	0.0004997501249375312
494	0.0004997501249375312
495	0.0004997501249375312
496	0.0004997501249375312
497	0.0004997501249375312
498	0.0004997501249375312
499	0.0004997501249375312
500	0.0004997501249375312
501	0.0004997501249375312
502	0.0004997501249375312
503	0.0004997501249375312
504	0.0004997501249375312
505	0.0004997501249375312
506	0.0004997501249375312
507	0.0004997501249375312
508	0.0004997501249375312
509	0.0004997501249375312
510	0.0004997501249375312
511	0.0004997501249375312
512	0.0004997501249375312
513	0.0004997501249375312
514	0.0004997501249375312
515	0.0004997501249375312
516	0.0004997501249375312
517	0.0004997501249375312
518	0.0004997501249375312
519	0.0004997501249375312
520	0.0004997501249375312
521	0.0004997501249375312
522	0.0004997501249375312
523	0.0004997501249375312
524	0.0004997501249375312
525	0.0004997501249375312
526	0.0004997501249375312
527	0.0004997501249375312
528	0.0004997501249375312
529	0.0004997501249375312
530	0.0004997501249375312
531	0.0004997501249375312
532	0.0004997501249375312
533	0.0004997501249375312
534	0.0004997501249375312
535	0.0004997501249375312
536	0.0004997501249375312
537	0.0004997501249375312
538	0.0004997501249375312
539	0.0004997501249375312
540	0.0004997501249375312
541	0.0004997501249375312
542	0.0004997501249375312
543	0.0004997501249375312
544	0.0004997501249375312
545	0.0004997501249375312
546	0.0004997501249375312
547	0.0004997501249375312
548	0.0004997501249375312
549	0.0004997501249375312
550	0.0004997501249375312
551	0.0004997501249375312
552	0.0004997501249375312
553	0.0004997501249375312
554	0.0004997501249375312
555	0.0004997501249375312
556	0.0004997501249375312
557	0.0004997501249375312
558	0.0004997501249375312
559	0.0004997501249375312
560	0.0004997501249375312
561	0.0004997501249375312
562	0.0004997501249375312
563	0.0004997501249375312
564	0.0004997501249375312
565	0.0004997501249375312
566	0.0004997501249375312
567	0.0004997501249375312
568	0.0004997501249375312
569	0.0004997501249375312
570	0.0004997501249375312
571	0.0004997501249375312
572	0.0004997501249375312
573	0.0004997501249375312
574	0.0004997501249375312
575	0.0004997501249375312
576	0.0004997501249375312
577	0.0004997501249375312
578	0.0004997501249375312
579	0.0004997501249375312
580	0.0004997501249375312
581	0.0004997501249375312
582	0.0004997501249375312
583	0.0004997501249375312
584	0.0004997501249375312
585	0.0004997501249375312
586	0.0004997501249375312
587	0.0004997501249375312
588	0.0004997501249375312
589	0.0004997501249375312
590	0.0004997501249375312
591	0.0004997501249375312
592	0.0004997501249375312
593	0.0004997501249375312
594	0.0004997501249375312
595	0.0004997501249375312
596	0.0004997501249375312
597	0.0004997501249375312
598	0.0004997501249375312
599	0.0004997501249375312
600	0.0004997501249375312
601	0.0004997501249375312
602	0.0004997501249375312
603	0.0004997501249375312
604	0.0004997501249375312
605	0.0004997501249375312
606	0.0004997501249375312
607	0.0004997501249375312
608	0.0004997501249375312
609	0.0004997501249375312
610	0.0004997501249375312
611	0.0004997501249375312
612	0.0004997501249375312
613	0.0004997501249375312
614	0.0004997501249375312
615	0.0004997501249375312
616	0.0004997501249375312
617	0.0004997501249375312
618	0.0004997501249375312
619	0.0004997501249375312
620	0.0004997501249375312
621	0.0004997501249375312
622	0.0004997501249375312
623	0.0004997501249375312
624	0.0004997501249375312
625	0.0004997501249375312
626	0.0004997501249375312
627	0.0004997501249375312
628	0.0004997501249375312
629	0.0004997501249375312
630	0.0004997501249375312
631	0.0004997501249375312
632	0.0004997501249375312
633	0.0004997501249375312
634	0.0004997501249375312
635	0.0004997501249375312
636	0.0004997501249375312
637	0.0004997501249375312
638	0.0004997501249375312
639	0.0004997501249375312
640	0.0004997501249375312
641	0.0004997501249375312
642	0.0004997501249375312
643	0.0004997501249375312
644	0.0004997501249375312
645	0.0004997501249375312
646	0.0004997501249375312
647	0.0004997501249375312
648	0.0004997501249375312
649	0.0004997501249375312
650	0.0004997501249375312
651	0.0004997501249375312
652	0.0004997501249375312
653	0.0004997501249375312
654	0.0004997501249375312
655	0.0004997501249375312
656	0.0004997501249375312
657	0.0004997501249375312
658	0.0004997501249375312
659	0.0004997501249375312
660	0.0004997501249375312
661	0.0004997501249375312
662	0.0004997501249375312
663	0.0004997501249375312
664	0.0004997501249375312
665	0.0004997501249375312
666	0.0004997501249375312
667	0.0004997501249375312
668	0.0004997501249375312
669	0.0004997501249375312
670	0.0004997501249375312
671	0.0004997501249375312
672	0.0004997501249375312
673	0.0004997501249375312
674	0.0004997501249375312
675	0.0004997501249375312
676	0.0004997501249375312
677	0.0004997501249375312
678	0.0004997501249375312
679	0.0004997501249375312
680	0.0004997501249375312
681	0.0004997501249375312
682	0.0004997501249375312
683	0.0004997501249375312
684	0.0004997501249375312
685	0.0004997501249375312
686	0.0004997501249375312
687	0.0004997501249375312
688	0.0004997501249375312
689	0.0004997501249375312
690	0.0004997501249375312
691	0.0004997501249375312
692	0.0004997501249375312
693	0.0004997501249375312
694	0.0004997501249375312
695	0.0004997501249375312
696	0.0004997501249375312
697	0.0004997501249375312
698	0.0004997501249375312
699	0.0004997501249375312
700	0.0004997501249375312
701	0.0004997501249375312
702	0.0004997501249375312
703	0.0004997501249375312
704	0.0004997501249375312
705	0.0004997501249375312
706	0.0004997501249375312
707	0.0004997501249375312
708	0.0004997501249375312
709	0.0004997501249375312
710	0.0004997501249375312
711	0.0004997501249375312
712	0.0004997501249375312
713	0.0004997501249375312
714	0.0004997501249375312
715	0.0004997501249375312
716	0.0004997501249375312
717	0.0004997501249375312
718	0.0004997501249375312
719	0.0004997501249375312
720	0.0004997501249375312
721	0.0004997501249375312
722	0.0004997501249375312
723	0.0004997501249375312
724	0.0004997501249375312
725	0.0004997501249375312
726	0.0004997501249375312
727	0.0004997501249375312
728	0.0004997501249375312
729	0.0004997501249375312
730	0.0004997501249375312
731	0.0004997501249375312
732	0.0004997501249375312
733	0.0004997501249375312
734	0.0004997501249375312
735	0.0004997501249375312
736	0.0004997501249375312
737	0.0004997501249375312
738	0.0004997501249375312
739	0.0004997501249375312
740	0.0004997501249375312
741	0.0004997501249375312
742	0.0004997501249375312
743	0.0004997501249375312
744	0.0004997501249375312
745	0.0004997501249375312
746	0.0004997501249375312
747	0.0004997501249375312
748	0.0004997501249375312
749	0.0004997501249375312
750	0.0004997501249375312
751	0.0004997501249375312
752	0.0004997501249375312
753	0.0004997501249375312
754	0.0004997501249375312
755	0.0004997501249375312
756	0.0004997501249375312
757	0.0004997501249375312
758	0.0004997501249375312
759	0.0004997501249375312
760	0.0004997501249375312
761	0.0004997501249375312
762	0.0004997501249375312
763	0.0004997501249375312
764	0.0004997501249375312
765	0.0004997501249375312
766	0.0004997501249375312
767	0.0004997501249375312
768	0.0004997501249375312
769	0.0004997501249375312
770	0.0004997501249375312
771	0.0004997501249375312
772	0.0004997501249375312
773	0.0004997501249375312
774	0.0004997501249375312
775	0.0004997501249375312
776	0.0004997501249375312
777	0.0004997501249375312
778	0.0004997501249375312
779	0.0004997501249375312
780	0.0004997501249375312
781	0.0004997501249375312
782	0.0004997501249375312
783	0.0004997501249375312
784	0.0004997501249375312
785	0.0004997501249375312
786	0.0004997501249375312
787	0.0004997501249375312
788	0.0004997501249375312
789	0.0004997501249375312
790	0.0004997501249375312
791	0.0004997501249375312
792	0.0004997501249375312
793	0.0004997501249375312
794	0.0004997501249375312
795	0.0004997501249375312
796	0.0004997501249375312
797	0.0004997501249375312
798	0.0004997501249375312
799	0.0004997501249375312
800	0.0004997501249375312
801	0.0004997501249375312
802	0.0004997501249375312
803	0.0004997501249375312
804	0.0004997501249375312
805	0.0004997501249375312
806	0.0004997501249375312
807	0.0004997501249375312
808	0.0004997501249375312
809	0.0004997501249375312
810	0.0004997501249375312
811	0.0004997501249375312
812	0.0004997501249375312
813	0.0004997501249375312
814	0.0004997501249375312
815	0.0004997501249375312
816	0.0004997501249375312
817	0.0004997501249375312
818	0.0004997501249375312
819	0.0004997501249375312
820	0.0004997501249375312
821	0.0004997501249375312
822	0.0004997501249375312
823	0.0004997501249375312
824	0.0004997501249375312
825	0.0004997501249375312
826	0.0004997501249375312
827	0.0004997501249375312
828	0.0004997501249375312
829	0.0004997501249375312
830	0.0004997501249375312
831	0.0004997501249375312
832	0.0004997501249375312
833	0.0004997501249375312
834	0.0004997501249375312
835	0.0004997501249375312
836	0.0004997501249375312
837	0.0004997501249375312
838	0.0004997501249375312
839	0.0004997501249375312
840	0.0004997501249375312
841	0.0004997501249375312
842	0.0004997501249375312
843	0.0004997501249375312
844	0.0004997501249375312
845	0.0004997501249375312
846	0.0004997501249375312
847	0.0004997501249375312
848	0.0004997501249375312
849	0.0004997501249375312
850	0.0004997501249375312
851	0.0004997501249375312
852	0.0004997501249375312
853	0.0004997501249375312
854	0.0004997501249375312
855	0.0004997501249375312
856	0.0004997501249375312
857	0.0004997501249375312
858	0.0004997501249375312
859	0.0004997501249375312
860	0.0004997501249375312
861	0.0004997501249375312
862	0.0004997501249375312
863	0.0004997501249375312
864	0.0004997501249375312
865	0.0004997501249375312
866	0.0004997501249375312
867	0.0004997501249375312
868	0.0004997501249375312
869	0.0004997501249375312
870	0.0004997501249375312
871	0.0004997501249375312
872	0.0004997501249375312
873	0.0004997501249375312
874	0.0004997501249375312
875	0.0004997501249375312
876	0.0004997501249375312
877	0.0004997501249375312
878	0.0004997501249375312
879	0.0004997501249375312
880	0.0004997501249375312
881	0.0004997501249375312
882	0.0004997501249375312
883	0.0004997501249375312
884	0.0004997501249375312
885	0.0004997501249375312
886	0.0004997501249375312
887	0.0004997501249375312
888	0.0004997501249375312
889	0.0004997501249375312
890	0.0004997501249375312
891	0.0004997501249375312
892	0.0004997501249375312
893	0.0004997501249375312
894	0.0004997501249375312
895	0.0004997501249375312
896	0.0004997501249375312
897	0.0004997501249375312
898	0.0004997501249375312
899	0.0004997501249375312
900	0.0004997501249375312
901	0.0004997501249375312
902	0.0004997501249375312
903	0.0004997501249375312
904	0.0004997501249375312
905	0.0004997501249375312
906	0.0004997501249375312
907	0.0004997501249375312
908	0.0004997501249375312
909	0.0004997501249375312
910	0.0004997501249375312
911	0.0004997501249375312
912	0.0004997501249375312
913	0.0004997501249375312
914	0.0004997501249375312
915	0.0004997501249375312
916	0.0004997501249375312
917	0.0004997501249375312
918	0.0004997501249375312
919	0.0004997501249375312
920	0.0004997501249375312
921	0.0004997501249375312
922	0.0004997501249375312
923	0.0004997501249375312
924	0.0004997501249375312
925	0.0004997501249375312
926	0.0004997501249375312
927	0.0004997501249375312
928	0.0004997501249375312
929	0.0004997501249375312
930	0.0004997501249375312
931	0.0004997501249375312
932	0.0004997501249375312
933	0.0004997501249375312
934	0.0004997501249375312
935	0.0004997501249375312
936	0.0004997501249375312
937	0.0004997501249375312
938	0.0004997501249375312
939	0.0004997501249375312
940	0.0004997501249375312
941	0.0004997501249375312
942	0.0004997501249375312
943	0.0004997501249375312
944	0.0004997501249375312
945	0.0004997501249375312
946	0.0004997501249375312
947	0.0004997501249375312
948	0.0004997501249375312
949	0.0004997501249375312
950	0.0004997501249375312
951	0.0004997501249375312
952	0.0004997501249375312
953	0.0004997501249375312
954	0.0004997501249375312
955	0.0004997501249375312
956	0.0004997501249375312
957	0.0004997501249375312
958	0.0004997501249375312
959	0.0004997501249375312
960	0.0004997501249375312
961	0.0004997501249375312
962	0.0004997501249375312
963	0.0004997501249375312
964	0.0004997501249375312
965	0.0004997501249375312
966	0.0004997501249375312
967	0.0004997501249375312
968	0.0004997501249375312
969	0.0004997501249375312
970	0.0004997501249375312
971	0.0004997501249375312
972	0.0004997501249375312
973	0.0004997501249375312
974	0.0004997501249375312
975	0.0004997501249375312
976	0.0004997501249375312
977	0.0004997501249375312
978	0.0004997501249375312
979	0.0004997501249375312
980	0.0004997501249375312
981	0.0004997501249375312
982	0.0004997501249375312
983	0.0004997501249375312
984	0.0004997501249375312
985	0.0004997501249375312
986	0.0004997501249375312
987	0.0004997501249375312
988	0.0004997501249375312
989	0.0004997501249375312
990	0.0004997501249375312
991	0.0004997501249375312
992	0.0004997501249375312
993	0.0004997501249375312
994	0.0004997501249375312
995	0.0004997501249375312
996	0.0004997501249375312
997	0.0004997501249375312
998	0.0004997501249375312
999	0.0004997501249375312
1000	0.0004997501249375312

Total time: 57.873917ms
