|V| = 36692, |E| = 367662, |S| = 10, s = 10.

*** iteration 1, batch size 10, remaining 9.
>: 30.336µs | >: 26.31µs | >: 29.655µs | >: 22.989888ms | >: 26.412406ms | >: 26.375837ms | >: 26.517843ms | >: 28.637362ms | >: 31.185931ms | >: 31.140922ms | sampled in 32.0334ms
<: 19.950486ms | <: 19.973459ms | <: 20.452994ms | <: 20.403803ms | <: 21.862973ms | <: 30.5509ms | <: 31.529249ms | <: 31.509148ms | <: 31.495359ms | <: 31.449863ms | bfses in 32.105024ms

averages: distance 0.000, diameter 9.000.
average of averages: distance 0.000104410 (norm 3.831), std NaN (norm NaN), diameter 9.000 (std NaN).

*** iteration 2, batch size 10, remaining 8.
>: 19.542234ms | >: 19.624569ms | >: 19.590056ms | >: 21.795443ms | >: 22.098672ms | >: 22.091986ms | >: 22.052196ms | >: 22.418796ms | >: 31.22026ms | >: 31.329504ms | sampled in 32.370114ms
<: 20.051764ms | <: 19.960914ms | <: 19.967418ms | <: 25.445048ms | <: 27.96992ms | <: 28.349597ms | <: 29.140279ms | <: 31.07131ms | <: 31.242891ms | <: 31.149985ms | bfses in 31.687935ms

averages: distance 0.000, diameter 9.000.
average of averages: distance 0.000104132 (norm 3.821), std 0.000000394 (norm 0.014), diameter 9.000 (std 0.000).

*** iteration 3, batch size 10, remaining 7.
>: 19.582049ms | >: 19.569327ms | >: 19.808668ms | >: 19.742014ms | >: 20.397294ms | >: 20.647664ms | >: 20.747844ms | >: 23.75644ms | >: 26.474623ms | >: 27.471718ms | sampled in 28.308552ms
<: 19.932789ms | <: 21.923199ms | <: 22.141091ms | <: 24.381799ms | <: 24.407952ms | <: 27.713975ms | <: 27.957151ms | <: 27.869642ms | <: 28.053722ms | <: 30.65111ms | bfses in 31.042946ms

averages: distance 0.000, diameter 9.000.
average of averages: distance 0.000105464 (norm 3.870), std 0.000002325 (norm 0.085), diameter 9.000 (std 0.000).

*** iteration 4, batch size 10, remaining 6.
>: 19.614037ms | >: 19.583365ms | >: 19.812407ms | >: 19.90076ms | >: 19.531144ms | >: 19.882753ms | >: 19.840501ms | >: 21.304649ms | >: 25.123209ms | >: 25.028319ms | sampled in 26.079881ms
<: 19.984443ms | <: 19.925618ms | <: 20.043285ms | <: 20.080011ms | <: 25.082539ms | <: 25.217577ms | <: 25.181872ms | <: 27.275852ms | <: 30.384037ms | <: 31.310524ms | bfses in 32.000425ms

averages: distance 0.000, diameter 9.000.
average of averages: distance 0.000104638 (norm 3.839), std 0.000002517 (norm 0.092), diameter 9.000 (std 0.000).

*** iteration 5, batch size 10, remaining 5.
>: 10.073µs | >: 19.651114ms | >: 22.073989ms | >: 22.09789ms | >: 22.265327ms | >: 23.826445ms | >: 24.60374ms | >: 29.262148ms | >: 29.490538ms | >: 31.309983ms | sampled in 32.08225ms
<: 20.017814ms | <: 24.317553ms | <: 26.239895ms | <: 27.753544ms | <: 27.733626ms | <: 29.830154ms | <: 30.112117ms | <: 30.714665ms | <: 30.762396ms | <: 31.454792ms | bfses in 31.751353ms

averages: distance 0.000, diameter 10.000.
average of averages: distance 0.000104839 (norm 3.847), std 0.000002226 (norm 0.082), diameter 9.200 (std 0.447).

*** iteration 6, batch size 10, remaining 4.
>: 19.825135ms | >: 19.761284ms | >: 19.692689ms | >: 19.745944ms | >: 19.667655ms | >: 19.961935ms | >: 22.846355ms | >: 24.697567ms | >: 30.626817ms | >: 30.81758ms | sampled in 31.684648ms
<: 19.901432ms | <: 19.913015ms | <: 19.911938ms | <: 21.577647ms | <: 25.746328ms | <: 28.183072ms | <: 29.723364ms | <: 30.198982ms | <: 30.881355ms | <: 31.592853ms | bfses in 32.094749ms

averages: distance 0.000, diameter 10.000.
average of averages: distance 0.000106584 (norm 3.911), std 0.000004715 (norm 0.173), diameter 9.333 (std 0.516).

*** iteration 7, batch size 10, remaining 3.
>: 17.289µs | >: 8.64µs | >: 19.231108ms | >: 19.286071ms | >: 19.287219ms | >: 19.358404ms | >: 20.31404ms | >: 24.582928ms | >: 24.898664ms | >: 32.585826ms | sampled in 33.131058ms
<: 19.829031ms | <: 22.529305ms | <: 22.644387ms | <: 22.739926ms | <: 25.29834ms | <: 31.056405ms | <: 31.103686ms | <: 31.406743ms | <: 31.748453ms | <: 31.511998ms | bfses in 32.123299ms

averages: distance 0.000, diameter 9.000.
average of averages: distance 0.000106107 (norm 3.893), std 0.000004485 (norm 0.165), diameter 9.286 (std 0.488).

*** iteration 8, batch size 10, remaining 2.
>: 15.207µs | >: 5.48µs | >: 19.34484ms | >: 19.34312ms | >: 19.277098ms | >: 23.1551ms | >: 23.02033ms | >: 23.582803ms | >: 30.616537ms | >: 30.959095ms | sampled in 31.699969ms
<: 19.954853ms | <: 20.741207ms | <: 22.189776ms | <: 22.358959ms | <: 23.874652ms | <: 30.7184ms | <: 30.827494ms | <: 30.942838ms | <: 31.223139ms | <: 31.029377ms | bfses in 31.669491ms

averages: distance 0.000, diameter 10.000.
average of averages: distance 0.000107145 (norm 3.931), std 0.000005086 (norm 0.187), diameter 9.375 (std 0.518).

*** iteration 9, batch size 10, remaining 1.
>: 16.91µs | >: 17.129µs | >: 19.787374ms | >: 20.059672ms | >: 20.20654ms | >: 20.1022ms | >: 20.035653ms | >: 22.130567ms | >: 27.568277ms | >: 32.146896ms | sampled in 33.098459ms
<: 20.109801ms | <: 20.117189ms | <: 22.016893ms | <: 22.164563ms | <: 22.585062ms | <: 23.338883ms | <: 26.728357ms | <: 27.35814ms | <: 28.647697ms | <: 33.853297ms | bfses in 34.554801ms

averages: distance 0.000, diameter 10.000.
average of averages: distance 0.000107301 (norm 3.937), std 0.000004781 (norm 0.175), diameter 9.444 (std 0.527).

*** iteration 10, batch size 10, remaining 0.
>: 24.009771ms | >: 30.920986ms | >: 31.061559ms | >: 31.309633ms | >: 31.162922ms | >: 31.260038ms | >: 31.323593ms | >: 31.236507ms | >: 31.313606ms | >: 32.199832ms | sampled in 32.93247ms
<: 19.827737ms | <: 19.766885ms | <: 19.680077ms | <: 20.022006ms | <: 19.812387ms | <: 19.864281ms | <: 19.729225ms | <: 30.980595ms | <: 31.294036ms | <: 31.289968ms | bfses in 31.95039ms

averages: distance 0.000, diameter 9.000.
average of averages: distance 0.000107613 (norm 3.948), std 0.000004613 (norm 0.169), diameter 9.400 (std 0.516).

Total time: 635.191226ms
