|V| = 36692, |E| = 367662, |S| = 10, s = 1.

*** iteration 1, batch size 1, remaining 9.
>: 31.856291ms | sampled in 32.26332ms
<: 25.867942ms | bfses in 26.070376ms

averages: distance 0.000, diameter 9.000.
average of averages: distance 0.000113010 (norm 4.146), std NaN (norm NaN), diameter 9.000 (std NaN).

*** iteration 2, batch size 1, remaining 8.
>: 27.498875ms | sampled in 27.8656ms
<: 21.219096ms | bfses in 21.450665ms

averages: distance 0.000, diameter 9.000.
average of averages: distance 0.000113294 (norm 4.157), std 0.000000401 (norm 0.015), diameter 9.000 (std 0.000).

*** iteration 3, batch size 1, remaining 7.
>: 25.216227ms | sampled in 25.675ms
<: 18.578782ms | bfses in 18.750424ms

averages: distance 0.000, diameter 8.000.
average of averages: distance 0.000111230 (norm 4.081), std 0.000003586 (norm 0.132), diameter 8.667 (std 0.577).

*** iteration 4, batch size 1, remaining 6.
>: 18.5395ms | sampled in 18.949835ms
<: 18.683655ms | bfses in 18.859511ms

averages: distance 0.000, diameter 8.000.
average of averages: distance 0.000107847 (norm 3.957), std 0.000007372 (norm 0.270), diameter 8.500 (std 0.577).

*** iteration 5, batch size 1, remaining 5.
>: 18.540384ms | sampled in 18.943595ms
<: 23.051342ms | bfses in 23.301801ms

averages: distance 0.000, diameter 9.000.
average of averages: distance 0.000106550 (norm 3.909), std 0.000007013 (norm 0.257), diameter 8.600 (std 0.548).

*** iteration 6, batch size 1, remaining 4.
>: 8.372µs | sampled in 227.935µs
<: 5.709µs | bfses in 173.549µs

averages: distance 0.000, diameter 2.000.
average of averages: distance 0.000094848 (norm 3.480), std 0.000029341 (norm 1.077), diameter 7.500 (std 2.739).

*** iteration 7, batch size 1, remaining 3.
>: 16.821µs | sampled in 234.194µs
<: 26.536214ms | bfses in 26.761203ms

averages: distance 0.000, diameter 9.000.
average of averages: distance 0.000098194 (norm 3.603), std 0.000028210 (norm 1.035), diameter 7.714 (std 2.563).

*** iteration 8, batch size 1, remaining 2.
>: 25.462085ms | sampled in 25.90922ms
<: 29.524472ms | bfses in 29.795872ms

averages: distance 0.000, diameter 8.000.
average of averages: distance 0.000099318 (norm 3.644), std 0.000026310 (norm 0.965), diameter 7.750 (std 2.375).

*** iteration 9, batch size 1, remaining 1.
>: 24.979863ms | sampled in 25.453663ms
<: 32.796907ms | bfses in 33.12966ms

averages: distance 0.000, diameter 9.000.
average of averages: distance 0.000099578 (norm 3.654), std 0.000024623 (norm 0.903), diameter 7.889 (std 2.261).

*** iteration 10, batch size 1, remaining 0.
>: 27.096003ms | sampled in 27.539034ms
<: 25.317166ms | bfses in 25.563392ms

averages: distance 0.000, diameter 8.000.
average of averages: distance 0.000099963 (norm 3.668), std 0.000023247 (norm 0.853), diameter 7.900 (std 2.132).

Total time: 427.493335ms
