|V| = 12008, |E| = 237010, |S| = 10, s = 1.

*** iteration 1, batch size 1, remaining 9.
>: 20.553444ms | sampled in 20.87411ms
<: 20.750867ms | bfses in 21.032176ms

averages: distance 0.001, diameter 12.000.
average of averages: distance 0.000586435 (norm 7.041), std NaN (norm NaN), diameter 12.000 (std NaN).

*** iteration 2, batch size 1, remaining 8.
>: 17.604515ms | sampled in 17.918183ms
<: 20.812962ms | bfses in 21.117664ms

averages: distance 0.000, diameter 9.000.
average of averages: distance 0.000456561 (norm 5.482), std 0.000183670 (norm 2.205), diameter 10.500 (std 2.121).

*** iteration 3, batch size 1, remaining 7.
>: 13.720783ms | sampled in 14.026395ms
<: 12.498291ms | bfses in 12.745724ms

averages: distance 0.000, diameter 10.000.
average of averages: distance 0.000430291 (norm 5.167), std 0.000137614 (norm 1.652), diameter 10.333 (std 1.528).

*** iteration 4, batch size 1, remaining 6.
>: 10.159991ms | sampled in 10.482469ms
<: 20.77585ms | bfses in 21.065223ms

averages: distance 0.000, diameter 10.000.
average of averages: distance 0.000427369 (norm 5.131), std 0.000112514 (norm 1.351), diameter 10.250 (std 1.258).

*** iteration 5, batch size 1, remaining 5.
>: 10.915522ms | sampled in 11.191127ms
<: 8.359266ms | bfses in 8.611916ms

averages: distance 0.000, diameter 9.000.
average of averages: distance 0.000420857 (norm 5.053), std 0.000098521 (norm 1.183), diameter 10.000 (std 1.225).

*** iteration 6, batch size 1, remaining 4.
>: 18.525947ms | sampled in 18.868186ms
<: 10.159361ms | bfses in 10.417318ms

averages: distance 0.000, diameter 11.000.
average of averages: distance 0.000433216 (norm 5.202), std 0.000093175 (norm 1.119), diameter 10.167 (std 1.169).

*** iteration 7, batch size 1, remaining 3.
>: 9.356931ms | sampled in 9.676194ms
<: 12.465939ms | bfses in 12.716707ms

averages: distance 0.000, diameter 9.000.
average of averages: distance 0.000430995 (norm 5.175), std 0.000085260 (norm 1.024), diameter 10.000 (std 1.155).

*** iteration 8, batch size 1, remaining 2.
>: 15.376785ms | sampled in 15.71571ms
<: 12.651057ms | bfses in 12.896698ms

averages: distance 0.000, diameter 9.000.
average of averages: distance 0.000421638 (norm 5.063), std 0.000083254 (norm 1.000), diameter 9.875 (std 1.126).

*** iteration 9, batch size 1, remaining 1.
>: 13.543877ms | sampled in 13.871107ms
<: 13.739944ms | bfses in 13.995436ms

averages: distance 0.000, diameter 9.000.
average of averages: distance 0.000421712 (norm 5.063), std 0.000077877 (norm 0.935), diameter 9.778 (std 1.093).

*** iteration 10, batch size 1, remaining 0.
>: 10.815289ms | sampled in 11.1287ms
<: 15.145855ms | bfses in 15.423947ms

averages: distance 0.000, diameter 9.000.
average of averages: distance 0.000413938 (norm 4.970), std 0.000077429 (norm 0.930), diameter 9.700 (std 1.059).

Total time: 294.332078ms
