|V| = 539208251, |E| = 1150075706, |S| = 1451, s = 32.

*** iteration 1, batch size 32, remaining 1419.
>: 273.699436112s | >: 273.864050598s | >: 274.596217231s | >: 275.99525099s | >: 277.34114454s | >: 277.399600526s | >: 277.606257645s | >: 277.653058094s | >: 277.659777502s | >: 277.667808197s | >: 277.667417416s | >: 277.673728758s | >: 278.689450359s | >: 278.689393892s | >: 279.483608785s | >: 279.547093993s | >: 279.548476493s | >: 280.618893941s | >: 281.127451274s | >: 281.270386298s | >: 281.848333978s | >: 282.282191s | >: 282.500456108s | >: 282.845359661s | >: 284.121866102s | >: 284.694280608s | >: 284.804909049s | >: 285.422626953s | >: 285.428637645s | >: 285.586435033s | >: 286.750061333s | >: 288.347664946s | sampled in 828.640819396s

averages: distance 61.329, diameter 50706.000.
average of averages: distance 61.328533820, std NaN, diameter 50706.000 (std NaN).

*** iteration 2, batch size 32, remaining 1387.
>: 277.745529996s | >: 278.955853753s | >: 279.270133712s | >: 279.275471762s | >: 279.280402083s | >: 279.285946336s | >: 279.290546302s | >: 279.294017451s | >: 279.883829748s | >: 279.96111719s | >: 280.366213512s | >: 280.739162351s | >: 281.143559931s | >: 282.140402795s | >: 282.415458334s | >: 282.923759185s | >: 283.290790545s | >: 283.508025692s | >: 284.140136616s | >: 284.533527875s | >: 284.61172513s | >: 284.651549204s | >: 285.176803953s | >: 285.186232994s | >: 285.501030091s | >: 286.13622346s | >: 286.325804163s | >: 286.330241835s | >: 286.831602276s | >: 286.835665268s | >: 287.911784285s | >: 288.306779187s | sampled in 809.141188629s

averages: distance 61.297, diameter 50706.000.
average of averages: distance 61.312958707, std 0.022026536, diameter 50706.000 (std 0.000).

*** iteration 3, batch size 32, remaining 1355.
>: 276.716521348s | >: 276.718587164s | >: 277.13699761s | >: 277.143168033s | >: 278.038698632s | >: 278.643229132s | >: 278.646766937s | >: 278.652044065s | >: 278.659080336s | >: 278.755526495s | >: 279.574730395s | >: 279.744072505s | >: 279.892458746s | >: 280.37535149s | >: 281.10037858s | >: 282.674553498s | >: 282.678229042s | >: 282.684125348s | >: 282.692194113s | >: 282.694988786s | >: 282.701156494s | >: 283.629942001s | >: 283.824301792s | >: 284.241844308s | >: 284.292724408s | >: 284.374985266s | >: 284.429458245s | >: 285.963082173s | >: 285.966243269s | >: 287.311202532s | >: 288.035297401s | >: 291.474710563s | sampled in 803.937415433s

averages: distance 60.704, diameter 50706.000.
average of averages: distance 61.109890144, std 0.352069750, diameter 50706.000 (std 0.000).

*** iteration 4, batch size 32, remaining 1323.
>: 272.073113285s | >: 272.229175203s | >: 273.119231339s | >: 273.150950371s | >: 273.156362534s | >: 274.203786982s | >: 274.738226912s | >: 275.660030531s | >: 275.866611942s | >: 276.136260197s | >: 276.137338122s | >: 276.766864554s | >: 277.607531498s | >: 277.811148582s | >: 277.99855932s | >: 277.997537896s | >: 278.479001995s | >: 278.872191671s | >: 279.029143647s | >: 279.032994376s | >: 279.034796519s | >: 279.048676203s | >: 279.125879116s | >: 280.651040484s | >: 280.66996296s | >: 280.745241553s | >: 281.117727138s | >: 282.323241636s | >: 282.887736053s | >: 284.111070794s | >: 286.370665041s | >: 287.050585506s | sampled in 797.120051754s

averages: distance 61.728, diameter 50704.000.
average of averages: distance 61.264296007, std 0.421900568, diameter 50705.500 (std 1.000).

*** iteration 5, batch size 32, remaining 1291.
>: 274.594132521s | >: 275.222763571s | >: 275.838666644s | >: 275.971088781s | >: 276.169502746s | >: 277.224828586s | >: 277.230322391s | >: 277.235722911s | >: 278.231846778s | >: 279.046792384s | >: 279.05244033s | >: 279.345449938s | >: 279.706936206s | >: 279.742817275s | >: 279.74785776s | >: 279.749335895s | >: 279.756931699s | >: 279.765558705s | >: 280.020019383s | >: 280.023399997s | >: 280.026998021s | >: 280.812098084s | >: 280.986552061s | >: 280.994987073s | >: 280.999666726s | >: 281.006551539s | >: 282.072708263s | >: 282.323130275s | >: 283.214714865s | >: 284.532880659s | >: 286.720465067s | >: 287.004602683s | sampled in 810.336309844s

averages: distance 61.469, diameter 50705.000.
average of averages: distance 61.305219335, std 0.376661201, diameter 50705.400 (std 0.894).

*** iteration 6, batch size 32, remaining 1259.
>: 273.003296585s | >: 273.011075369s | >: 274.620223991s | >: 275.507450265s | >: 276.517042606s | >: 276.525978542s | >: 277.502630361s | >: 277.911788552s | >: 278.02894642s | >: 278.561890088s | >: 278.733784064s | >: 278.788288659s | >: 278.794721426s | >: 279.378505701s | >: 280.379966174s | >: 280.50732523s | >: 281.316699947s | >: 281.948824407s | >: 282.089072325s | >: 282.092582899s | >: 282.096958606s | >: 282.686451405s | >: 282.841200345s | >: 283.133029216s | >: 283.718013149s | >: 283.927824475s | >: 284.11381332s | >: 284.798183073s | >: 285.008353566s | >: 285.646830429s | >: 285.651545229s | >: 286.559251939s | sampled in 797.851767607s

averages: distance 62.169, diameter 50716.000.
average of averages: distance 61.449220121, std 0.487766630, diameter 50707.167 (std 4.401).

*** iteration 7, batch size 32, remaining 1227.
>: 274.351374737s | >: 274.3578856s | >: 274.36739375s | >: 276.425101591s | >: 277.417744399s | >: 277.420546271s | >: 277.87562072s | >: 277.881699651s | >: 278.468246182s | >: 278.475057561s | >: 278.570488714s | >: 279.07170568s | >: 279.077435231s | >: 279.129830507s | >: 279.470283149s | >: 279.474294351s | >: 279.480819523s | >: 280.530050432s | >: 281.069889453s | >: 281.497423829s | >: 281.721029167s | >: 281.984279985s | >: 281.990347405s | >: 281.997691172s | >: 284.071559748s | >: 284.075065629s | >: 284.083781089s | >: 284.531114119s | >: 284.534742564s | >: 285.726546979s | >: 286.105541957s | >: 286.109957194s | sampled in 807.413263628s

averages: distance 61.900, diameter 50707.000.
average of averages: distance 61.513564629, std 0.476702298, diameter 50707.143 (std 4.018).

*** iteration 8, batch size 32, remaining 1195.
>: 275.225362352s | >: 275.227986918s | >: 275.230069245s | >: 276.792802019s | >: 276.941971583s | >: 276.979866454s | >: 277.01481418s | >: 277.672091731s | >: 277.761345242s | >: 277.766727357s | >: 277.775555023s | >: 277.93350078s | >: 278.509759883s | >: 278.671199616s | >: 278.881554686s | >: 279.044077246s | >: 279.851319046s | >: 280.389946203s | >: 280.864697814s | >: 281.055445493s | >: 281.487696235s | >: 281.958652951s | >: 281.963141173s | >: 281.971025954s | >: 282.282017891s | >: 282.367426417s | >: 283.314273428s | >: 283.315232464s | >: 284.069863343s | >: 284.675784091s | >: 285.876625234s | >: 285.889123076s | sampled in 808.947024213s

averages: distance 61.744, diameter 50707.000.
average of averages: distance 61.542334210, std 0.448779466, diameter 50707.125 (std 3.720).

*** iteration 9, batch size 32, remaining 1163.
>: 273.894760314s | >: 274.674379015s | >: 274.753883788s | >: 276.182478257s | >: 276.333878269s | >: 276.978346137s | >: 276.980711853s | >: 277.151452567s | >: 277.151779066s | >: 277.929142432s | >: 278.275303579s | >: 278.619377998s | >: 278.668039127s | >: 279.053072595s | >: 279.197304788s | >: 279.199046405s | >: 279.205020919s | >: 279.640081421s | >: 280.120055987s | >: 280.262966937s | >: 280.267051529s | >: 280.273858343s | >: 280.278444871s | >: 280.282861577s | >: 280.290319848s | >: 280.509097356s | >: 281.152642833s | >: 281.514846531s | >: 281.515044505s | >: 281.798457474s | >: 283.641131082s | >: 283.845201316s | sampled in 800.604174972s

averages: distance 61.451, diameter 50707.000.
average of averages: distance 61.532132887, std 0.420908821, diameter 50707.111 (std 3.480).

*** iteration 10, batch size 32, remaining 1131.
>: 272.356577923s | >: 272.360138625s | >: 272.968858027s | >: 273.273847123s | >: 275.296568562s | >: 276.293136732s | >: 276.302526705s | >: 276.774328787s | >: 278.312608534s | >: 278.503845022s | >: 278.511056383s | >: 278.776741839s | >: 278.785657616s | >: 279.012802214s | >: 279.016851571s | >: 279.620825923s | >: 281.313735836s | >: 281.325904013s | >: 281.755239348s | >: 281.90205939s | >: 282.960563683s | >: 282.994414228s | >: 283.003172972s | >: 283.008337302s | >: 283.750223395s | >: 283.986511218s | >: 283.995794316s | >: 284.314894785s | >: 285.315825045s | >: 286.120782323s | >: 287.29919328s | >: 288.397285616s | sampled in 802.805956896s

averages: distance 61.041, diameter 50709.000.
average of averages: distance 61.483050258, std 0.426110743, diameter 50707.300 (std 3.335).

*** iteration 11, batch size 32, remaining 1099.
>: 268.284747491s | >: 268.292452332s | >: 268.298362029s | >: 269.704511762s | >: 271.494615652s | >: 271.694454635s | >: 271.697387549s | >: 272.196012839s | >: 272.845123274s | >: 273.751023692s | >: 274.631717367s | >: 274.896637725s | >: 275.403213576s | >: 275.631188622s | >: 275.633727291s | >: 275.641052954s | >: 275.639651658s | >: 275.740185353s | >: 276.448483592s | >: 276.450111813s | >: 276.843762397s | >: 276.844986146s | >: 277.733645893s | >: 278.489613901s | >: 280.900693292s | >: 281.111491066s | >: 281.237851056s | >: 281.923892412s | >: 282.085199057s | >: 283.833434349s | >: 284.279614535s | >: 286.074335155s | sampled in 792.230618348s

averages: distance 61.241, diameter 50708.000.
average of averages: distance 61.461075256, std 0.410761776, diameter 50707.364 (std 3.171).

*** iteration 12, batch size 32, remaining 1067.
>: 272.655505056s | >: 272.774422882s | >: 272.896347509s | >: 272.965749638s | >: 272.971270485s | >: 272.972866948s | >: 274.417056691s | >: 275.022858944s | >: 275.442773943s | >: 276.097166025s | >: 276.581063053s | >: 276.581332903s | >: 277.212466485s | >: 277.477767413s | >: 277.876257964s | >: 278.32222458s | >: 278.328903175s | >: 278.94010309s | >: 279.266188354s | >: 279.268521366s | >: 279.277608541s | >: 280.081787263s | >: 280.087568558s | >: 280.092925299s | >: 280.871779612s | >: 281.908680442s | >: 282.317124761s | >: 282.768710836s | >: 284.112049976s | >: 284.290612232s | >: 284.777265966s | >: 285.848094469s | sampled in 798.86299124s

averages: distance 61.069, diameter 50707.000.
average of averages: distance 61.428432426, std 0.407643509, diameter 50707.333 (std 3.025).

*** iteration 13, batch size 32, remaining 1035.
>: 271.379468147s | >: 271.775465784s | >: 272.81806738s | >: 273.103247583s | >: 273.496480299s | >: 274.457327967s | >: 275.680664127s | >: 276.227066314s | >: 276.476030295s | >: 276.756719262s | >: 276.96272548s | >: 276.967552749s | >: 277.064236971s | >: 277.067936801s | >: 277.207516856s | >: 278.205558665s | >: 278.207501063s | >: 278.330323528s | >: 278.411326408s | >: 279.213111423s | >: 279.486126699s | >: 279.784461784s | >: 279.944643803s | >: 281.124433525s | >: 281.124463114s | >: 281.240834859s | >: 282.338826052s | >: 282.482878057s | >: 282.48553891s | >: 283.441359116s | >: 283.562624284s | >: 285.626449358s | sampled in 800.521527367s

averages: distance 62.138, diameter 50736.000.
average of averages: distance 61.483022761, std 0.437111910, diameter 50709.538 (std 8.462).

*** iteration 14, batch size 32, remaining 1003.
>: 270.696942116s | >: 271.076357708s | >: 271.639728684s | >: 272.268650815s | >: 272.319558827s | >: 272.325069141s | >: 272.329691615s | >: 275.839712538s | >: 275.847437618s | >: 276.411035848s | >: 276.741007149s | >: 277.120259615s | >: 278.208648798s | >: 279.33290363s | >: 279.33965336s | >: 279.340585811s | >: 280.312689982s | >: 280.313360327s | >: 280.730902609s | >: 280.731788781s | >: 281.361891301s | >: 281.366520263s | >: 281.374283956s | >: 281.453896516s | >: 283.016314772s | >: 283.295088754s | >: 283.540106135s | >: 284.149132819s | >: 284.220252141s | >: 284.519179976s | >: 285.44936924s | >: 287.459247431s | sampled in 797.59859858s

averages: distance 63.514, diameter 50730.000.
average of averages: distance 61.628089374, std 0.686287028, diameter 50711.000 (std 9.798).

*** iteration 15, batch size 32, remaining 971.
>: 274.015922622s | >: 274.019622853s | >: 274.619760334s | >: 274.625946417s | >: 274.629120919s | >: 275.444928654s | >: 275.509364784s | >: 275.887744294s | >: 276.081860057s | >: 277.171685867s | >: 277.646439491s | >: 277.650337444s | >: 277.781836119s | >: 277.786409808s | >: 278.533151188s | >: 278.538381946s | >: 278.719975831s | >: 278.721238954s | >: 278.725954808s | >: 278.769439952s | >: 279.521877482s | >: 280.226199824s | >: 280.479383538s | >: 281.284240465s | >: 281.933667325s | >: 282.230046153s | >: 283.209571163s | >: 285.116969195s | >: 285.182967523s | >: 285.674929743s | >: 287.609098607s | >: 288.748596453s | sampled in 802.254526961s

averages: distance 61.839, diameter 50708.000.
average of averages: distance 61.642170656, std 0.663567621, diameter 50710.800 (std 9.473).

*** iteration 16, batch size 32, remaining 939.
>: 270.558718115s | >: 270.56285383s | >: 270.564339261s | >: 270.56908783s | >: 270.579012882s | >: 270.581795265s | >: 271.576497069s | >: 271.581979046s | >: 274.36820044s | >: 274.612813663s | >: 274.98969638s | >: 274.995565498s | >: 275.826097165s | >: 276.013317959s | >: 276.448840006s | >: 276.877586381s | >: 276.966636509s | >: 277.084787156s | >: 277.093383194s | >: 277.108838044s | >: 277.128962856s | >: 277.135612302s | >: 277.356798634s | >: 279.186733789s | >: 279.967837556s | >: 280.263514081s | >: 281.516017383s | >: 281.928526431s | >: 284.169869776s | >: 284.179828933s | >: 285.506283914s | >: 285.782906088s | sampled in 795.647764273s

averages: distance 61.347, diameter 50710.000.
average of averages: distance 61.623745818, std 0.645289689, diameter 50710.750 (std 9.154).

*** iteration 17, batch size 32, remaining 907.
>: 274.025433765s | >: 274.030135389s | >: 276.004829656s | >: 276.21521484s | >: 276.21990634s | >: 276.767086376s | >: 277.488296128s | >: 277.807700882s | >: 277.808153037s | >: 277.814877223s | >: 277.977245027s | >: 278.269069754s | >: 278.321636409s | >: 278.323389693s | >: 278.71743679s | >: 278.89375878s | >: 278.903528038s | >: 279.633709742s | >: 279.710988673s | >: 280.0095832s | >: 280.235676541s | >: 280.243396053s | >: 280.388198249s | >: 280.39153772s | >: 280.97241922s | >: 280.979153984s | >: 281.391157463s | >: 281.64100584s | >: 282.067148454s | >: 283.334351734s | >: 284.079218441s | >: 284.170878467s | sampled in 799.048052481s

averages: distance 61.552, diameter 50708.000.
average of averages: distance 61.619538755, std 0.625039797, diameter 50710.588 (std 8.889).

*** iteration 18, batch size 32, remaining 875.
>: 271.634650881s | >: 271.639355404s | >: 271.890006884s | >: 272.530662173s | >: 273.772823747s | >: 274.865764909s | >: 276.236440724s | >: 276.241193696s | >: 276.246274253s | >: 277.300903722s | >: 277.301874782s | >: 277.367564509s | >: 277.709291517s | >: 278.615225746s | >: 278.616761329s | >: 278.620185843s | >: 278.627425315s | >: 278.630973019s | >: 278.805898138s | >: 279.118569635s | >: 279.595489673s | >: 280.490338136s | >: 281.035289745s | >: 282.222021419s | >: 282.311547904s | >: 282.478421435s | >: 282.892411727s | >: 282.959498194s | >: 283.31531363s | >: 283.560145522s | >: 285.151560922s | >: 286.660745311s | sampled in 793.064274164s

averages: distance 61.088, diameter 50704.000.
average of averages: distance 61.590015584, std 0.619179294, diameter 50710.222 (std 8.762).

*** iteration 19, batch size 32, remaining 843.
>: 273.493828375s | >: 273.668211114s | >: 274.499231034s | >: 274.935923693s | >: 275.945282126s | >: 276.464621677s | >: 276.468710324s | >: 276.47191588s | >: 276.484311734s | >: 277.381035911s | >: 277.615286315s | >: 277.618872899s | >: 277.807995838s | >: 278.723296854s | >: 278.720058734s | >: 278.724298279s | >: 278.736175859s | >: 278.851630841s | >: 279.167747996s | >: 280.11720981s | >: 280.263496083s | >: 280.370324768s | >: 281.254218765s | >: 281.470989355s | >: 281.741918622s | >: 282.10887888s | >: 282.96517125s | >: 282.962870155s | >: 284.011101103s | >: 284.117307064s | >: 284.906886238s | >: 285.066220326s | sampled in 798.264253273s

averages: distance 62.150, diameter 50704.000.
average of averages: distance 61.619474290, std 0.615282401, diameter 50709.895 (std 8.634).

*** iteration 20, batch size 32, remaining 811.
>: 274.040601116s | >: 274.281238126s | >: 275.35985918s | >: 275.362987149s | >: 276.308474296s | >: 276.309056276s | >: 276.928512678s | >: 277.431315047s | >: 277.591518731s | >: 277.97504548s | >: 277.974076911s | >: 279.308928748s | >: 279.316264864s | >: 279.322592778s | >: 279.783514467s | >: 279.874272996s | >: 279.977017682s | >: 280.728885903s | >: 280.780091439s | >: 281.010269431s | >: 281.162679565s | >: 281.164403337s | >: 281.474691224s | >: 281.994729099s | >: 282.27972536s | >: 282.84234858s | >: 283.310163836s | >: 283.683923659s | >: 284.256874051s | >: 285.212645239s | >: 285.820820582s | >: 546.366892697s | sampled in 831.766955367s

averages: distance 61.425, diameter 50705.000.
average of averages: distance 61.609752960, std 0.600447877, diameter 50709.650 (std 8.475).

*** iteration 21, batch size 32, remaining 779.
>: 275.302520837s | >: 275.302578779s | >: 275.307099764s | >: 275.311145302s | >: 275.316685569s | >: 275.320156533s | >: 276.019167684s | >: 276.018831386s | >: 276.40092191s | >: 277.528562108s | >: 277.843098461s | >: 278.747879491s | >: 279.125768988s | >: 279.307928221s | >: 279.543444092s | >: 279.632210247s | >: 279.638115875s | >: 279.880382886s | >: 280.083622156s | >: 280.686932683s | >: 280.989885524s | >: 281.199007422s | >: 281.786679592s | >: 282.158757684s | >: 282.399715698s | >: 282.594606904s | >: 282.622854906s | >: 282.625901877s | >: 283.499970323s | >: 285.068324339s | >: 285.245534831s | >: 286.181143137s | sampled in 795.987225555s

averages: distance 61.155, diameter 50709.000.
average of averages: distance 61.588111706, std 0.593587392, diameter 50709.619 (std 8.261).

*** iteration 22, batch size 32, remaining 747.
>: 267.615973596s | >: 268.027999871s | >: 269.872464681s | >: 269.923086169s | >: 269.927819535s | >: 269.935050201s | >: 270.500202751s | >: 272.373746641s | >: 272.375406469s | >: 272.381952758s | >: 272.450281863s | >: 274.459288751s | >: 275.962988361s | >: 277.088401783s | >: 278.016681319s | >: 278.020472272s | >: 278.113703726s | >: 279.12346272s | >: 279.748486153s | >: 279.767832806s | >: 279.772986532s | >: 280.657344482s | >: 281.077815075s | >: 281.167616224s | >: 281.580840472s | >: 281.853907937s | >: 282.516124027s | >: 282.700222315s | >: 283.029386423s | >: 284.221349845s | >: 284.431705914s | >: 286.527042217s | sampled in 789.381685542s

averages: distance 61.900, diameter 50707.000.
average of averages: distance 61.602279075, std 0.583080893, diameter 50709.500 (std 8.081).

*** iteration 23, batch size 32, remaining 715.
>: 274.61296019s | >: 275.682174356s | >: 276.677583345s | >: 277.071285135s | >: 277.459362424s | >: 277.647066969s | >: 278.454102277s | >: 278.454145329s | >: 278.816116714s | >: 279.277135999s | >: 279.333675827s | >: 279.339686136s | >: 279.348281511s | >: 279.834131426s | >: 279.93211902s | >: 279.983081428s | >: 279.989554519s | >: 280.528655854s | >: 280.830641192s | >: 280.986944911s | >: 281.380190036s | >: 281.643672093s | >: 281.647155214s | >: 282.719811115s | >: 282.779557209s | >: 283.353090917s | >: 283.424556941s | >: 283.434748278s | >: 284.245205581s | >: 286.031889548s | >: 287.430500491s | >: 287.507752107s | sampled in 795.494308662s

averages: distance 60.784, diameter 50704.000.
average of averages: distance 61.566711955, std 0.594663771, diameter 50709.261 (std 7.978).

*** iteration 24, batch size 32, remaining 683.
>: 274.246375619s | >: 274.24569298s | >: 275.489517193s | >: 275.692025722s | >: 276.075392588s | >: 276.989356224s | >: 277.645754241s | >: 277.915637975s | >: 278.16526954s | >: 278.481059311s | >: 278.482941061s | >: 278.610949501s | >: 278.672030879s | >: 278.958863411s | >: 279.747537212s | >: 279.74891129s | >: 279.750333402s | >: 279.759554361s | >: 279.918259811s | >: 280.46698607s | >: 280.568156137s | >: 280.634817375s | >: 280.831114489s | >: 281.080085351s | >: 281.317028327s | >: 282.378037787s | >: 282.383435344s | >: 282.966269419s | >: 283.05643201s | >: 283.582907733s | >: 283.910030133s | >: 554.114116545s | sampled in 843.504635286s

averages: distance 61.335, diameter 50719.000.
average of averages: distance 61.557051393, std 0.583515069, diameter 50709.667 (std 8.052).

*** iteration 25, batch size 32, remaining 651.
>: 272.156546591s | >: 273.017654497s | >: 273.720517067s | >: 273.927223618s | >: 274.865829668s | >: 275.40282934s | >: 276.016075335s | >: 276.024611573s | >: 276.23875372s | >: 276.244473382s | >: 277.259332706s | >: 277.470413588s | >: 278.051906719s | >: 278.564220457s | >: 278.579995227s | >: 278.847404625s | >: 278.853453925s | >: 279.422041906s | >: 279.845442966s | >: 280.073846024s | >: 281.127836239s | >: 281.332264987s | >: 281.336850124s | >: 281.61409847s | >: 282.421220324s | >: 282.619635895s | >: 282.802595059s | >: 283.638134598s | >: 284.246321273s | >: 284.253187261s | >: 284.716073576s | >: 284.997916352s | sampled in 805.970649444s

averages: distance 63.122, diameter 50740.000.
average of averages: distance 61.619656960, std 0.651374841, diameter 50710.880 (std 9.947).

*** iteration 26, batch size 32, remaining 619.
>: 272.37651761s | >: 272.38565207s | >: 274.05091165s | >: 274.272968234s | >: 275.282953324s | >: 275.283434387s | >: 275.292081688s | >: 276.30662584s | >: 276.914302256s | >: 277.042345864s | >: 277.194406704s | >: 277.195711744s | >: 277.720306229s | >: 278.081280625s | >: 278.23407787s | >: 278.389162293s | >: 278.61985292s | >: 278.935472839s | >: 278.939109204s | >: 280.413689744s | >: 280.417452192s | >: 280.785277867s | >: 281.194493975s | >: 281.196792098s | >: 281.916503929s | >: 282.877738166s | >: 282.884193166s | >: 282.883840585s | >: 283.214522948s | >: 284.558808716s | >: 285.060133724s | >: 285.892463388s | sampled in 805.684432075s

averages: distance 61.896, diameter 50712.000.
average of averages: distance 61.630268454, std 0.640503954, diameter 50710.923 (std 9.749).

*** iteration 27, batch size 32, remaining 587.
>: 272.754402314s | >: 274.29001265s | >: 274.796932269s | >: 275.110012024s | >: 275.524395759s | >: 276.494455571s | >: 276.505302672s | >: 276.685408864s | >: 276.688918064s | >: 277.161899009s | >: 277.681769281s | >: 277.847327121s | >: 278.279508782s | >: 278.836753274s | >: 278.845706315s | >: 279.394514025s | >: 279.69110395s | >: 279.699425913s | >: 280.148100192s | >: 280.259780118s | >: 280.266661468s | >: 280.357709196s | >: 280.357169098s | >: 280.361019757s | >: 280.496987459s | >: 280.992256694s | >: 281.605598847s | >: 281.889456594s | >: 283.884896324s | >: 284.368416807s | >: 284.733653271s | >: 285.580745778s | sampled in 808.184292764s

averages: distance 61.961, diameter 50705.000.
average of averages: distance 61.642518350, std 0.631283033, diameter 50710.704 (std 9.627).

*** iteration 28, batch size 32, remaining 555.
>: 271.66835327s | >: 271.673946707s | >: 272.302958856s | >: 273.573800737s | >: 274.148734771s | >: 274.35181529s | >: 275.723112012s | >: 276.011001913s | >: 276.829085872s | >: 276.992591407s | >: 277.699371388s | >: 277.701036813s | >: 277.709584132s | >: 277.71320862s | >: 277.711761055s | >: 277.924221128s | >: 278.470958892s | >: 278.527607694s | >: 278.528903862s | >: 279.16274141s | >: 279.170814402s | >: 279.96304884s | >: 279.967339772s | >: 280.331765375s | >: 280.740026861s | >: 280.960891133s | >: 280.958879552s | >: 281.139733787s | >: 282.379997122s | >: 283.584986119s | >: 284.265545395s | >: 284.503827474s | sampled in 805.634322548s

averages: distance 61.520, diameter 50708.000.
average of averages: distance 61.638128106, std 0.619917745, diameter 50710.607 (std 9.461).

*** iteration 29, batch size 32, remaining 523.
>: 273.88902881s | >: 274.150956885s | >: 274.37202809s | >: 274.729895713s | >: 275.479843726s | >: 275.966338069s | >: 275.971666957s | >: 275.977688867s | >: 275.985748354s | >: 276.309492773s | >: 276.306966479s | >: 276.40454151s | >: 276.410883312s | >: 276.413216696s | >: 277.233134376s | >: 277.23581092s | >: 278.425493661s | >: 279.231994736s | >: 279.415166159s | >: 279.71115573s | >: 279.800722677s | >: 279.858715629s | >: 279.85580779s | >: 279.86259557s | >: 281.054544835s | >: 281.241307662s | >: 281.516979193s | >: 281.643493952s | >: 282.057268613s | >: 283.35787396s | >: 284.220813934s | >: 284.81521861s | sampled in 809.343376219s

averages: distance 60.404, diameter 50704.000.
average of averages: distance 61.595585692, std 0.650429807, diameter 50710.379 (std 9.371).

*** iteration 30, batch size 32, remaining 491.
>: 272.384003886s | >: 273.211647667s | >: 274.752050005s | >: 275.349625066s | >: 275.643208004s | >: 276.199557374s | >: 276.289430562s | >: 276.29692683s | >: 276.301800837s | >: 276.5728794s | >: 276.870971052s | >: 277.628618956s | >: 277.714949793s | >: 277.949096565s | >: 278.368077799s | >: 278.492813797s | >: 278.706210209s | >: 278.71031262s | >: 279.39554901s | >: 280.247473247s | >: 280.597774368s | >: 280.59789772s | >: 280.9785325s | >: 281.879099393s | >: 282.216506032s | >: 282.445979903s | >: 282.875068027s | >: 283.875665872s | >: 284.128810563s | >: 286.262082837s | >: 286.267461378s | >: 526.685341746s | sampled in 837.093659255s

averages: distance 61.890, diameter 50708.000.
average of averages: distance 61.605404223, std 0.641375710, diameter 50710.300 (std 9.218).

*** iteration 31, batch size 32, remaining 459.
>: 272.714088275s | >: 272.8364995s | >: 273.591576646s | >: 273.790734034s | >: 273.996534384s | >: 274.294038396s | >: 274.93746878s | >: 276.202335809s | >: 276.211841168s | >: 276.249584103s | >: 276.253441809s | >: 277.20077966s | >: 277.402938089s | >: 277.40742672s | >: 277.42105962s | >: 278.53532375s | >: 278.754203572s | >: 278.899163219s | >: 279.308884895s | >: 279.413277004s | >: 279.508092106s | >: 279.984548974s | >: 280.219413632s | >: 282.217180632s | >: 282.217107179s | >: 283.419595988s | >: 284.107545537s | >: 284.340933586s | >: 284.790368151s | >: 284.795383315s | >: 286.130963784s | >: 287.277595747s | sampled in 807.936806594s

averages: distance 61.740, diameter 50707.000.
average of averages: distance 61.609756201, std 0.631060883, diameter 50710.194 (std 9.083).

*** iteration 32, batch size 32, remaining 427.
>: 273.517885724s | >: 274.670390496s | >: 275.34592441s | >: 275.706135101s | >: 276.076900211s | >: 276.934193008s | >: 276.934885826s | >: 276.942972798s | >: 276.944118422s | >: 277.226909173s | >: 277.231168709s | >: 277.427490648s | >: 277.609910378s | >: 278.719166805s | >: 278.883466989s | >: 279.525606764s | >: 279.686146268s | >: 279.694608029s | >: 279.703687389s | >: 280.579231945s | >: 280.991617352s | >: 281.201767601s | >: 281.480237503s | >: 281.77620394s | >: 282.048165437s | >: 282.274423779s | >: 282.776313516s | >: 283.280328767s | >: 283.443418933s | >: 284.290535199s | >: 284.830857439s | >: 285.78474548s | sampled in 808.374185517s

averages: distance 60.616, diameter 50704.000.
average of averages: distance 61.578689789, std 0.645194048, diameter 50710.000 (std 9.002).

*** iteration 33, batch size 32, remaining 395.
>: 273.392698462s | >: 274.612099981s | >: 275.204468336s | >: 275.561054966s | >: 276.256792972s | >: 276.261651295s | >: 276.269046615s | >: 276.269234275s | >: 277.302469232s | >: 277.30182815s | >: 277.427958437s | >: 278.450073473s | >: 278.450672621s | >: 278.453981104s | >: 279.098395376s | >: 279.641111734s | >: 279.699099562s | >: 279.814135793s | >: 279.991874943s | >: 280.138051244s | >: 280.623861664s | >: 281.681463652s | >: 281.699627259s | >: 281.709536506s | >: 281.827306073s | >: 281.835426983s | >: 281.940146109s | >: 282.819527466s | >: 282.823909936s | >: 284.157671168s | >: 285.978092878s | >: 286.519937203s | sampled in 807.545046641s

averages: distance 61.453, diameter 50706.000.
average of averages: distance 61.574876104, std 0.635410665, diameter 50709.879 (std 8.887).

*** iteration 34, batch size 32, remaining 363.
>: 274.198435079s | >: 274.873740635s | >: 275.439601171s | >: 275.597511039s | >: 275.761040627s | >: 276.798853231s | >: 276.804326327s | >: 277.141663402s | >: 277.388295858s | >: 277.568047913s | >: 277.57004081s | >: 277.574692296s | >: 278.126505216s | >: 278.750061194s | >: 278.754604971s | >: 279.823420833s | >: 279.976262024s | >: 280.373482393s | >: 280.464034244s | >: 281.227115829s | >: 281.427988611s | >: 281.436705523s | >: 281.722372704s | >: 281.774111641s | >: 282.683520465s | >: 282.822825422s | >: 283.067993564s | >: 283.563882089s | >: 283.749209191s | >: 284.207602967s | >: 284.848458624s | >: 287.145177599s | sampled in 808.173167748s

averages: distance 61.277, diameter 50705.000.
average of averages: distance 61.566126046, std 0.627785890, diameter 50709.735 (std 8.792).

*** iteration 35, batch size 32, remaining 331.
>: 272.23213214s | >: 272.32397048s | >: 272.325348925s | >: 272.331782515s | >: 272.337808931s | >: 274.444799678s | >: 274.523420294s | >: 274.798758805s | >: 275.759579174s | >: 276.377316155s | >: 276.384210516s | >: 277.568461032s | >: 277.753957665s | >: 277.920886304s | >: 277.924466207s | >: 279.089976188s | >: 279.460791436s | >: 280.076701999s | >: 280.313467882s | >: 280.768673443s | >: 280.950595441s | >: 281.118750201s | >: 281.481343143s | >: 281.594565519s | >: 281.829822512s | >: 282.096315636s | >: 282.206510867s | >: 282.943661012s | >: 282.945135971s | >: 282.949546869s | >: 282.963104656s | >: 283.775331703s | sampled in 797.458894868s

averages: distance 61.386, diameter 50710.000.
average of averages: distance 61.560972827, std 0.619235780, diameter 50709.743 (std 8.661).

*** iteration 36, batch size 32, remaining 299.
>: 273.866951136s | >: 274.499482993s | >: 275.896035343s | >: 275.914793324s | >: 276.199308093s | >: 276.412626646s | >: 276.989639752s | >: 276.996158494s | >: 277.003195917s | >: 277.006844296s | >: 277.010309643s | >: 277.395298095s | >: 277.463174679s | >: 277.472907781s | >: 278.172074067s | >: 278.177355975s | >: 278.378656813s | >: 278.547206073s | >: 278.759344852s | >: 278.761205589s | >: 278.868922009s | >: 279.431612372s | >: 279.789530602s | >: 280.202985814s | >: 280.666483865s | >: 280.890639946s | >: 281.217379403s | >: 281.22315371s | >: 282.366471296s | >: 283.800160432s | >: 284.141782608s | >: 286.214424293s | sampled in 799.846737124s

averages: distance 61.812, diameter 50704.000.
average of averages: distance 61.567955772, std 0.611761855, diameter 50709.583 (std 8.590).

*** iteration 37, batch size 32, remaining 267.
>: 274.131853649s | >: 274.371750401s | >: 275.060835202s | >: 276.169559853s | >: 276.309314374s | >: 276.31345958s | >: 276.724802388s | >: 276.76949002s | >: 276.990323491s | >: 277.036833665s | >: 277.042791894s | >: 277.042885613s | >: 278.037378716s | >: 278.632991847s | >: 278.770227626s | >: 279.03521739s | >: 279.274948245s | >: 279.461222583s | >: 279.692677266s | >: 279.935886477s | >: 280.200376114s | >: 280.438988106s | >: 280.562108644s | >: 280.910803165s | >: 280.913146774s | >: 281.75529764s | >: 282.016775071s | >: 282.406967742s | >: 282.726797345s | >: 282.821354534s | >: 284.136091118s | >: 284.186668821s | sampled in 799.498029219s

averages: distance 61.380, diameter 50704.000.
average of averages: distance 61.562889092, std 0.603992135, diameter 50709.432 (std 8.520).

*** iteration 38, batch size 32, remaining 235.
>: 273.037373463s | >: 273.038666518s | >: 273.047180461s | >: 274.309016151s | >: 274.350355492s | >: 274.362645372s | >: 274.531509015s | >: 275.824013691s | >: 276.006888346s | >: 276.108613111s | >: 276.110359488s | >: 276.812842423s | >: 277.23887435s | >: 277.515682604s | >: 277.519032201s | >: 277.663295978s | >: 277.868770459s | >: 278.566675838s | >: 278.679604576s | >: 278.700063821s | >: 279.115244173s | >: 279.433597s | >: 280.141485597s | >: 280.590353051s | >: 280.592489659s | >: 281.317392629s | >: 281.400936899s | >: 281.399259016s | >: 281.402364545s | >: 282.499639826s | >: 284.995044454s | >: 286.119228655s | sampled in 794.122251274s

averages: distance 61.700, diameter 50709.000.
average of averages: distance 61.566494511, std 0.596188584, diameter 50709.421 (std 8.404).

*** iteration 39, batch size 32, remaining 203.
>: 272.934182502s | >: 273.511291119s | >: 273.517358128s | >: 274.745937617s | >: 275.110219756s | >: 275.756652128s | >: 275.762745689s | >: 276.15756617s | >: 277.093195441s | >: 277.094146541s | >: 277.631524899s | >: 278.514416516s | >: 278.661446158s | >: 278.979459905s | >: 279.004653811s | >: 279.168304321s | >: 279.723769261s | >: 280.269643252s | >: 280.496177647s | >: 280.501451067s | >: 281.335309538s | >: 281.876556136s | >: 282.617599309s | >: 282.624927305s | >: 282.860583833s | >: 282.894186703s | >: 283.062148976s | >: 283.217160849s | >: 284.531448119s | >: 284.888026171s | >: 285.158594318s | >: 553.69361621s | sampled in 838.413540035s

averages: distance 60.822, diameter 50704.000.
average of averages: distance 61.547397175, std 0.600258896, diameter 50709.282 (std 8.338).

*** iteration 40, batch size 32, remaining 171.
>: 272.418526114s | >: 272.42356992s | >: 273.800723649s | >: 273.805840813s | >: 274.081048544s | >: 274.353574789s | >: 274.758938498s | >: 276.494182075s | >: 276.49758961s | >: 276.936969419s | >: 277.045041343s | >: 277.05438241s | >: 277.051815459s | >: 277.05640374s | >: 277.575618391s | >: 277.85990945s | >: 278.42279932s | >: 278.425100275s | >: 278.875697193s | >: 278.879946846s | >: 279.282599864s | >: 279.287689033s | >: 279.286984913s | >: 279.298524332s | >: 279.300025598s | >: 281.045408355s | >: 281.356479717s | >: 281.991598538s | >: 282.418274174s | >: 283.642970762s | >: 284.685648205s | >: 284.774123178s | sampled in 792.532497553s

averages: distance 61.666, diameter 50705.000.
average of averages: distance 61.550367750, std 0.592811081, diameter 50709.175 (std 8.258).

*** iteration 41, batch size 32, remaining 139.
>: 274.958555423s | >: 275.362809363s | >: 275.38512939s | >: 275.660181788s | >: 275.897095825s | >: 276.460776729s | >: 276.568275111s | >: 276.881225438s | >: 276.881654346s | >: 277.057899427s | >: 278.201245474s | >: 278.202443528s | >: 278.57495196s | >: 278.670138659s | >: 279.08792636s | >: 279.221059905s | >: 279.486173026s | >: 279.490981245s | >: 279.493920981s | >: 280.17688635s | >: 280.873305863s | >: 281.3047909s | >: 281.30253695s | >: 282.083692673s | >: 282.711853674s | >: 282.712942641s | >: 282.825749586s | >: 282.82618396s | >: 282.837160503s | >: 284.548760407s | >: 284.562724024s | >: 285.328362151s | sampled in 793.206616938s

averages: distance 61.622, diameter 50705.000.
average of averages: distance 61.552104515, std 0.585459669, diameter 50709.073 (std 8.180).

*** iteration 42, batch size 32, remaining 107.
>: 269.661216205s | >: 269.664395953s | >: 269.673203949s | >: 271.58112977s | >: 271.657750446s | >: 271.66452788s | >: 271.667927081s | >: 273.079916965s | >: 273.0847353s | >: 273.091082351s | >: 274.141145251s | >: 274.147781934s | >: 274.151934546s | >: 274.833562034s | >: 274.837932464s | >: 275.657123084s | >: 276.226838453s | >: 276.401400299s | >: 276.997354339s | >: 277.243481307s | >: 277.975597496s | >: 278.323481847s | >: 278.643484242s | >: 278.650611343s | >: 279.382123266s | >: 280.733123914s | >: 280.741206621s | >: 280.95304374s | >: 282.346642595s | >: 283.156719316s | >: 284.094365221s | >: 286.89834247s | sampled in 795.484403154s

averages: distance 61.635, diameter 50711.000.
average of averages: distance 61.554076759, std 0.578417081, diameter 50709.119 (std 8.086).

*** iteration 43, batch size 32, remaining 75.
>: 271.969106392s | >: 273.364564961s | >: 273.707005745s | >: 273.711970931s | >: 273.733139386s | >: 275.551109968s | >: 275.990219207s | >: 276.580395999s | >: 276.676244897s | >: 276.677766402s | >: 277.112639671s | >: 277.113816991s | >: 277.124163166s | >: 277.692850281s | >: 277.955034292s | >: 277.960985831s | >: 278.414244274s | >: 278.62114513s | >: 278.967405803s | >: 279.931552043s | >: 280.229029163s | >: 280.231260995s | >: 280.235850804s | >: 281.399808349s | >: 281.598545846s | >: 281.781265269s | >: 282.183660264s | >: 282.321804606s | >: 282.677509344s | >: 286.262257032s | >: 286.516201911s | >: 286.718211293s | sampled in 802.026034927s

averages: distance 61.863, diameter 50709.000.
average of averages: distance 61.561261650, std 0.573428487, diameter 50709.116 (std 7.989).

*** iteration 44, batch size 32, remaining 43.
>: 272.606710883s | >: 273.690748649s | >: 273.699539539s | >: 275.081194641s | >: 275.616899844s | >: 275.855607952s | >: 275.860036512s | >: 275.864450262s | >: 276.555590514s | >: 276.559752264s | >: 276.570393909s | >: 276.605798553s | >: 276.796690036s | >: 276.802197313s | >: 278.01095926s | >: 278.012327486s | >: 279.26309274s | >: 279.271163627s | >: 279.674820052s | >: 280.468521881s | >: 280.76058441s | >: 280.787198942s | >: 280.976325037s | >: 281.002214341s | >: 281.743035118s | >: 281.864636766s | >: 282.381301556s | >: 282.887571211s | >: 284.787855395s | >: 285.145754878s | >: 287.279809931s | >: 525.669960842s | sampled in 834.311162432s

averages: distance 61.204, diameter 50706.000.
average of averages: distance 61.553133737, std 0.569280263, diameter 50709.045 (std 7.909).

*** iteration 45, batch size 32, remaining 11.
>: 272.366502335s | >: 274.181204792s | >: 274.185165252s | >: 275.457921249s | >: 275.800248563s | >: 275.89411447s | >: 275.89617161s | >: 276.226380538s | >: 277.434681684s | >: 277.629965086s | >: 277.632690213s | >: 277.638791547s | >: 278.518108417s | >: 278.516395413s | >: 279.404272698s | >: 279.408140974s | >: 279.414358332s | >: 279.604415705s | >: 279.665010274s | >: 279.80161028s | >: 279.948418051s | >: 281.323014793s | >: 281.70852381s | >: 281.764129197s | >: 281.765050194s | >: 282.065857191s | >: 282.214080564s | >: 282.669847468s | >: 283.948697362s | >: 283.993794427s | >: 285.147385742s | >: 285.664798618s | sampled in 790.313294973s

averages: distance 61.767, diameter 50705.000.
average of averages: distance 61.557881079, std 0.563674320, diameter 50708.956 (std 7.842).

*** iteration 46, batch size 11, remaining 0.
>: 254.368948524s | >: 257.681362742s | >: 259.950465685s | >: 262.164867956s | >: 263.830722758s | >: 265.316283128s | >: 268.205110947s | >: 268.736321466s | >: 268.741514927s | >: 270.219698978s | >: 270.721554264s | sampled in 440.701419053s

averages: distance 62.753, diameter 50705.000.
average of averages: distance 61.583851952, std 0.584546377, diameter 50708.870 (std 7.776).

Total time: 36848.415597263s
