|V| = 75879, |E| = 508837, |S| = 1622, s = 10.

*** iteration 1, batch size 10, remaining 1612.
>: 43.574µs | >: 11.43µs | >: 32.415µs | >: 33.405µs | >: 21.341167ms | >: 33.371899ms | >: 33.083994ms | >: 33.873178ms | >: 33.311518ms | >: 34.011861ms | sampled in 35.45361ms
<: 15.994964ms | <: 15.91047ms | <: 16.375441ms | <: 18.895297ms | <: 27.186123ms | <: 26.994695ms | <: 27.210153ms | <: 27.382115ms | <: 27.553433ms | <: 27.340425ms | bfses in 28.016095ms

averages: distance 4.504, diameter 11.000.
average of averages: distance 4.504 (std NaN), diameter 11.000 (std NaN).

*** iteration 2, batch size 10, remaining 1602.
>: 10.41µs | >: 11.099µs | >: 14.972µs | >: 20.2275ms | >: 20.290297ms | >: 20.642629ms | >: 20.775962ms | >: 22.903136ms | >: 28.087463ms | >: 27.953708ms | sampled in 29.054ms
<: 15.410793ms | <: 18.121178ms | <: 18.133437ms | <: 23.340984ms | <: 23.817217ms | <: 28.65835ms | <: 29.657992ms | <: 29.791348ms | <: 30.044252ms | <: 30.125892ms | bfses in 30.814804ms

averages: distance 4.777, diameter 12.000.
average of averages: distance 4.640 (std 0.193), diameter 11.500 (std 0.707).

*** iteration 3, batch size 10, remaining 1592.
>: 10.367µs | >: 20.966415ms | >: 21.106336ms | >: 23.174081ms | >: 23.453681ms | >: 23.578267ms | >: 23.507411ms | >: 28.06818ms | >: 28.262065ms | >: 28.17095ms | sampled in 29.235052ms
<: 15.672898ms | <: 15.897061ms | <: 15.781283ms | <: 15.732865ms | <: 15.941958ms | <: 17.041728ms | <: 22.915008ms | <: 22.954458ms | <: 28.834219ms | <: 30.158265ms | bfses in 30.902656ms

averages: distance 4.736, diameter 11.000.
average of averages: distance 4.672 (std 0.147), diameter 11.333 (std 0.577).

*** iteration 4, batch size 10, remaining 1582.
>: 13.315µs | >: 20.825809ms | >: 21.305509ms | >: 23.800932ms | >: 24.570477ms | >: 24.473494ms | >: 28.083412ms | >: 28.095523ms | >: 28.108892ms | >: 28.508913ms | sampled in 29.374888ms
<: 15.205853ms | <: 15.259403ms | <: 15.242227ms | <: 15.556114ms | <: 19.300573ms | <: 19.101125ms | <: 22.597176ms | <: 24.166753ms | <: 29.66732ms | <: 29.918468ms | bfses in 30.638008ms

averages: distance 4.354, diameter 11.000.
average of averages: distance 4.593 (std 0.199), diameter 11.250 (std 0.500).

*** iteration 5, batch size 10, remaining 1572.
>: 5.348µs | >: 4.572µs | >: 24.336153ms | >: 24.665694ms | >: 27.290787ms | >: 27.501502ms | >: 33.528784ms | >: 33.846682ms | >: 33.698494ms | >: 34.105672ms | sampled in 35.143349ms
<: 15.676563ms | <: 15.883217ms | <: 15.897358ms | <: 16.196903ms | <: 20.81475ms | <: 22.363058ms | <: 22.05954ms | <: 26.629662ms | <: 27.244915ms | <: 27.896186ms | bfses in 28.242125ms

averages: distance 4.773, diameter 12.000.
average of averages: distance 4.629 (std 0.190), diameter 11.400 (std 0.548).

*** iteration 6, batch size 10, remaining 1562.
>: 6.144µs | >: 3.442µs | >: 3.666µs | >: 3.301µs | >: 27.998553ms | >: 31.675393ms | >: 31.794375ms | >: 33.455202ms | >: 33.313481ms | >: 33.506481ms | sampled in 34.839298ms
<: 15.373947ms | <: 15.463441ms | <: 19.638174ms | <: 23.281357ms | <: 23.134711ms | <: 23.410935ms | <: 23.486582ms | <: 23.756264ms | <: 26.553448ms | <: 26.794653ms | bfses in 27.427673ms

averages: distance 4.991, diameter 12.000.
average of averages: distance 4.689 (std 0.226), diameter 11.500 (std 0.548).

*** iteration 7, batch size 10, remaining 1552.
>: 10.042µs | >: 15.792µs | >: 6.164µs | >: 5.382µs | >: 6.375µs | >: 19.752302ms | >: 21.077708ms | >: 25.926975ms | >: 27.515897ms | >: 33.072473ms | sampled in 33.953187ms
<: 15.669627ms | <: 17.338617ms | <: 17.782816ms | <: 19.819961ms | <: 20.035544ms | <: 19.985251ms | <: 23.478118ms | <: 26.699349ms | <: 27.444365ms | <: 27.366574ms | bfses in 27.80783ms

averages: distance 4.566, diameter 11.000.
average of averages: distance 4.671 (std 0.211), diameter 11.429 (std 0.535).

*** iteration 8, batch size 10, remaining 1542.
>: 12.263µs | >: 5.785µs | >: 20.621489ms | >: 20.578124ms | >: 20.679682ms | >: 20.814642ms | >: 22.739383ms | >: 23.390848ms | >: 25.635514ms | >: 31.337225ms | sampled in 32.10914ms
<: 15.908709ms | <: 17.945017ms | <: 18.066167ms | <: 18.043059ms | <: 23.31228ms | <: 23.383312ms | <: 23.933227ms | <: 24.52916ms | <: 26.762001ms | <: 26.765322ms | bfses in 27.3289ms

averages: distance 4.875, diameter 12.000.
average of averages: distance 4.697 (std 0.208), diameter 11.500 (std 0.535).

*** iteration 9, batch size 10, remaining 1532.
>: 5.492µs | >: 4.406µs | >: 3.319µs | >: 11.458µs | >: 20.180122ms | >: 20.154201ms | >: 20.640555ms | >: 23.153456ms | >: 30.931494ms | >: 33.214124ms | sampled in 33.842217ms
<: 17.947936ms | <: 18.245506ms | <: 17.858625ms | <: 20.131652ms | <: 23.534289ms | <: 26.850752ms | <: 26.860653ms | <: 27.446872ms | <: 27.714829ms | <: 27.785268ms | bfses in 28.381539ms

averages: distance 4.734, diameter 12.000.
average of averages: distance 4.701 (std 0.195), diameter 11.556 (std 0.527).

*** iteration 10, batch size 10, remaining 1522.
>: 7.43µs | >: 20.170585ms | >: 20.115731ms | >: 20.374725ms | >: 20.294744ms | >: 25.551237ms | >: 25.383156ms | >: 27.760491ms | >: 32.121978ms | >: 32.127226ms | sampled in 33.056072ms
<: 15.850845ms | <: 16.321299ms | <: 18.027329ms | <: 21.697854ms | <: 26.488748ms | <: 26.799999ms | <: 27.543984ms | <: 27.380377ms | <: 28.207892ms | <: 28.306456ms | bfses in 28.865655ms

averages: distance 4.751, diameter 11.000.
average of averages: distance 4.706 (std 0.185), diameter 11.500 (std 0.527).

*** iteration 11, batch size 10, remaining 1512.
>: 23.578µs | >: 6.923µs | >: 8.75µs | >: 20.757134ms | >: 24.799458ms | >: 31.269581ms | >: 31.220748ms | >: 32.288955ms | >: 32.494517ms | >: 32.330385ms | sampled in 33.540042ms
<: 15.624223ms | <: 16.012614ms | <: 15.845221ms | <: 16.863227ms | <: 16.734355ms | <: 17.136664ms | <: 24.390994ms | <: 27.063192ms | <: 28.203616ms | <: 29.939773ms | bfses in 30.645015ms

averages: distance 4.974, diameter 12.000.
average of averages: distance 4.730 (std 0.193), diameter 11.545 (std 0.522).

*** iteration 12, batch size 10, remaining 1502.
>: 10.164µs | >: 6.966µs | >: 14.27µs | >: 20.415516ms | >: 21.189244ms | >: 22.819884ms | >: 22.777129ms | >: 23.791315ms | >: 23.79894ms | >: 33.195664ms | sampled in 34.176906ms
<: 18.11867ms | <: 18.289744ms | <: 18.328791ms | <: 18.60552ms | <: 21.267399ms | <: 23.339657ms | <: 25.520465ms | <: 27.490983ms | <: 27.51296ms | <: 28.473976ms | bfses in 29.093668ms

averages: distance 4.818, diameter 12.000.
average of averages: distance 4.738 (std 0.186), diameter 11.583 (std 0.515).

*** iteration 13, batch size 10, remaining 1492.
>: 9.652µs | >: 5.652µs | >: 8.041µs | >: 8.973µs | >: 6.226µs | >: 20.426232ms | >: 22.152811ms | >: 28.076084ms | >: 28.153382ms | >: 34.119086ms | sampled in 35.094478ms
<: 15.556161ms | <: 15.865707ms | <: 15.842539ms | <: 19.795074ms | <: 20.352539ms | <: 20.430155ms | <: 23.075602ms | <: 26.387714ms | <: 26.562211ms | <: 26.840216ms | bfses in 27.231015ms

averages: distance 4.613, diameter 12.000.
average of averages: distance 4.728 (std 0.181), diameter 11.615 (std 0.506).

*** iteration 14, batch size 10, remaining 1482.
>: 7.818µs | >: 12.695µs | >: 12.76µs | >: 21.365282ms | >: 23.585103ms | >: 24.320318ms | >: 24.26351ms | >: 26.404324ms | >: 28.104857ms | >: 31.88466ms | sampled in 32.934818ms
<: 15.522948ms | <: 15.699183ms | <: 15.544387ms | <: 15.720244ms | <: 18.851618ms | <: 20.267175ms | <: 22.077999ms | <: 26.801863ms | <: 26.804052ms | <: 27.266411ms | bfses in 27.864037ms

averages: distance 4.931, diameter 12.000.
average of averages: distance 4.742 (std 0.182), diameter 11.643 (std 0.497).

*** iteration 15, batch size 10, remaining 1472.
>: 8.345µs | >: 3.912µs | >: 9.18µs | >: 20.477463ms | >: 24.088623ms | >: 26.641209ms | >: 29.122304ms | >: 29.009233ms | >: 31.805139ms | >: 31.991075ms | sampled in 32.986345ms
<: 15.144336ms | <: 15.261558ms | <: 15.616622ms | <: 17.290137ms | <: 18.801593ms | <: 20.923317ms | <: 20.942771ms | <: 22.760255ms | <: 24.957229ms | <: 26.769172ms | bfses in 27.356475ms

averages: distance 4.828, diameter 12.000.
average of averages: distance 4.748 (std 0.177), diameter 11.667 (std 0.488).

*** iteration 16, batch size 10, remaining 1462.
>: 7.755µs | >: 8.846µs | >: 8.356µs | >: 7.819µs | >: 8.72µs | >: 9.359µs | >: 20.625526ms | >: 26.069168ms | >: 31.519932ms | >: 33.436482ms | sampled in 34.377696ms
<: 15.594585ms | <: 15.594943ms | <: 16.048604ms | <: 20.466197ms | <: 26.420725ms | <: 26.687651ms | <: 26.802305ms | <: 26.938609ms | <: 27.158076ms | <: 27.354491ms | bfses in 27.648753ms

averages: distance 4.520, diameter 11.000.
average of averages: distance 4.734 (std 0.180), diameter 11.625 (std 0.500).

*** iteration 17, batch size 10, remaining 1452.
>: 6.57µs | >: 5.765µs | >: 20.211771ms | >: 20.453111ms | >: 20.288555ms | >: 20.783937ms | >: 23.15814ms | >: 31.694785ms | >: 32.893308ms | >: 33.246446ms | sampled in 33.912316ms
<: 15.860151ms | <: 19.894334ms | <: 20.807656ms | <: 23.155794ms | <: 23.325226ms | <: 23.268844ms | <: 25.782613ms | <: 27.292898ms | <: 27.365699ms | <: 27.357202ms | bfses in 27.924878ms

averages: distance 5.225, diameter 12.000.
average of averages: distance 4.763 (std 0.211), diameter 11.647 (std 0.493).

*** iteration 18, batch size 10, remaining 1442.
>: 8.951µs | >: 20.025186ms | >: 20.179385ms | >: 20.109441ms | >: 20.0386ms | >: 23.442532ms | >: 23.400261ms | >: 27.059527ms | >: 27.922014ms | >: 27.872084ms | sampled in 28.751473ms
<: 15.640982ms | <: 17.776383ms | <: 17.724909ms | <: 18.022919ms | <: 18.321732ms | <: 23.986856ms | <: 28.708527ms | <: 29.039226ms | <: 28.872687ms | <: 29.166334ms | bfses in 29.673389ms

averages: distance 4.623, diameter 11.000.
average of averages: distance 4.755 (std 0.208), diameter 11.611 (std 0.502).

*** iteration 19, batch size 10, remaining 1432.
>: 15.412µs | >: 20.332875ms | >: 20.984464ms | >: 28.392317ms | >: 28.416441ms | >: 28.301973ms | >: 28.757115ms | >: 29.1422ms | >: 29.348853ms | >: 33.973321ms | sampled in 34.571393ms
<: 15.739595ms | <: 15.84675ms | <: 19.474669ms | <: 19.780738ms | <: 19.944277ms | <: 20.02077ms | <: 20.580559ms | <: 20.789585ms | <: 26.194685ms | <: 27.214559ms | bfses in 27.79822ms

averages: distance 4.753, diameter 13.000.
average of averages: distance 4.755 (std 0.202), diameter 11.684 (std 0.582).

*** iteration 20, batch size 10, remaining 1422.
>: 10.559µs | >: 7.457µs | >: 4.511µs | >: 23.317451ms | >: 23.273946ms | >: 23.623324ms | >: 27.70335ms | >: 28.279251ms | >: 30.732437ms | >: 31.475197ms | sampled in 32.300861ms
<: 15.463111ms | <: 15.636111ms | <: 15.923598ms | <: 18.701042ms | <: 20.751051ms | <: 20.864572ms | <: 26.389418ms | <: 26.619269ms | <: 27.240526ms | <: 27.214572ms | bfses in 27.805578ms

averages: distance 4.858, diameter 11.000.
average of averages: distance 4.760 (std 0.198), diameter 11.650 (std 0.587).

*** iteration 21, batch size 10, remaining 1412.
>: 7.195µs | >: 6.455µs | >: 20.380721ms | >: 20.912619ms | >: 24.482811ms | >: 24.665883ms | >: 27.671629ms | >: 31.575046ms | >: 32.289519ms | >: 33.460483ms | sampled in 34.084408ms
<: 15.519605ms | <: 15.54346ms | <: 15.580683ms | <: 15.649637ms | <: 18.063492ms | <: 19.904323ms | <: 19.84761ms | <: 23.201089ms | <: 26.30526ms | <: 26.746454ms | bfses in 27.125701ms

averages: distance 5.196, diameter 13.000.
average of averages: distance 4.781 (std 0.215), diameter 11.714 (std 0.644).

*** iteration 22, batch size 10, remaining 1402.
>: 9.009µs | >: 4.489µs | >: 7.364µs | >: 4.752µs | >: 20.219425ms | >: 22.436639ms | >: 23.51036ms | >: 23.607345ms | >: 32.259434ms | >: 33.803414ms | sampled in 34.457693ms
<: 15.622007ms | <: 17.599645ms | <: 20.254761ms | <: 20.348622ms | <: 23.555636ms | <: 23.498093ms | <: 24.022604ms | <: 26.9213ms | <: 28.034788ms | <: 28.550843ms | bfses in 29.201853ms

averages: distance 4.921, diameter 12.000.
average of averages: distance 4.787 (std 0.212), diameter 11.727 (std 0.631).

*** iteration 23, batch size 10, remaining 1392.
>: 9.828µs | >: 20.679702ms | >: 20.581671ms | >: 20.702228ms | >: 20.764646ms | >: 25.031615ms | >: 24.796475ms | >: 27.930729ms | >: 31.616117ms | >: 31.872771ms | sampled in 32.689848ms
<: 15.903395ms | <: 15.883538ms | <: 16.098655ms | <: 20.912309ms | <: 21.293497ms | <: 21.112457ms | <: 25.616203ms | <: 25.765183ms | <: 26.538476ms | <: 26.779848ms | bfses in 27.449993ms

averages: distance 4.961, diameter 12.000.
average of averages: distance 4.795 (std 0.210), diameter 11.739 (std 0.619).

*** iteration 24, batch size 10, remaining 1382.
>: 11.893µs | >: 3.642µs | >: 19.269µs | >: 20.652502ms | >: 20.645885ms | >: 21.146059ms | >: 26.947633ms | >: 29.311897ms | >: 30.913817ms | >: 32.369317ms | sampled in 33.061026ms
<: 15.523617ms | <: 15.799669ms | <: 16.089249ms | <: 24.768249ms | <: 26.767618ms | <: 27.012854ms | <: 26.779234ms | <: 27.128824ms | <: 27.360835ms | <: 29.728802ms | bfses in 30.239607ms

averages: distance 4.712, diameter 11.000.
average of averages: distance 4.791 (std 0.206), diameter 11.708 (std 0.624).

*** iteration 25, batch size 10, remaining 1372.
>: 14.55µs | >: 10.77µs | >: 13.393µs | >: 20.351753ms | >: 20.231873ms | >: 20.829549ms | >: 28.832737ms | >: 30.05143ms | >: 31.92057ms | >: 32.038721ms | sampled in 33.079401ms
<: 15.925548ms | <: 21.429197ms | <: 22.349635ms | <: 22.604558ms | <: 22.694741ms | <: 25.87466ms | <: 26.348382ms | <: 28.242082ms | <: 29.095435ms | <: 29.640746ms | bfses in 29.978956ms

averages: distance 4.527, diameter 12.000.
average of averages: distance 4.781 (std 0.209), diameter 11.720 (std 0.614).

*** iteration 26, batch size 10, remaining 1362.
>: 5.592µs | >: 7.588µs | >: 9.653µs | >: 7.351µs | >: 10.089µs | >: 20.722705ms | >: 20.810392ms | >: 20.591814ms | >: 23.418606ms | >: 27.1273ms | sampled in 27.943189ms
<: 15.821023ms | <: 15.886699ms | <: 16.256198ms | <: 17.827967ms | <: 20.132735ms | <: 23.261122ms | <: 26.946243ms | <: 27.021263ms | <: 26.963674ms | <: 28.965272ms | bfses in 29.74838ms

averages: distance 4.794, diameter 11.000.
average of averages: distance 4.781 (std 0.204), diameter 11.692 (std 0.618).

*** iteration 27, batch size 10, remaining 1352.
>: 10.425µs | >: 13.039µs | >: 8.13µs | >: 20.922406ms | >: 20.819688ms | >: 22.126435ms | >: 23.606363ms | >: 25.120258ms | >: 28.657741ms | >: 33.630997ms | sampled in 34.648674ms
<: 15.599832ms | <: 18.271263ms | <: 18.168277ms | <: 21.483648ms | <: 23.1649ms | <: 23.494133ms | <: 24.002283ms | <: 23.99454ms | <: 27.749821ms | <: 29.36423ms | bfses in 29.864471ms

averages: distance 5.087, diameter 13.000.
average of averages: distance 4.793 (std 0.209), diameter 11.741 (std 0.656).

*** iteration 28, batch size 10, remaining 1342.
>: 3.212µs | >: 8.927µs | >: 20.327911ms | >: 20.530926ms | >: 20.706696ms | >: 20.78278ms | >: 22.823993ms | >: 23.121831ms | >: 34.625716ms | >: 34.733326ms | sampled in 35.772517ms
<: 15.741495ms | <: 17.519194ms | <: 18.340051ms | <: 18.609882ms | <: 18.527536ms | <: 20.379544ms | <: 26.909588ms | <: 27.215639ms | <: 27.301756ms | <: 27.675604ms | bfses in 28.139607ms

averages: distance 4.436, diameter 11.000.
average of averages: distance 4.780 (std 0.216), diameter 11.714 (std 0.659).

*** iteration 29, batch size 10, remaining 1332.
>: 15.05µs | >: 6.59µs | >: 4.887µs | >: 8.545µs | >: 7.342µs | >: 12.277µs | >: 20.995779ms | >: 23.490749ms | >: 27.074648ms | >: 31.101824ms | sampled in 32.02515ms
<: 15.85105ms | <: 18.632242ms | <: 20.420038ms | <: 23.163929ms | <: 23.341778ms | <: 26.212585ms | <: 26.836059ms | <: 26.883499ms | <: 27.533675ms | <: 27.453202ms | bfses in 28.102284ms

averages: distance 4.975, diameter 12.000.
average of averages: distance 4.787 (std 0.215), diameter 11.724 (std 0.649).

*** iteration 30, batch size 10, remaining 1322.
>: 4.324µs | >: 5.771µs | >: 4.565µs | >: 20.390902ms | >: 20.538021ms | >: 20.867498ms | >: 20.749733ms | >: 22.034097ms | >: 27.800997ms | >: 33.190668ms | sampled in 33.799031ms
<: 15.834249ms | <: 18.220275ms | <: 18.026758ms | <: 19.420558ms | <: 22.559367ms | <: 23.308747ms | <: 23.339576ms | <: 27.26677ms | <: 27.990913ms | <: 28.207104ms | bfses in 28.727995ms

averages: distance 5.197, diameter 13.000.
average of averages: distance 4.800 (std 0.224), diameter 11.767 (std 0.679).

*** iteration 31, batch size 10, remaining 1312.
>: 18.31µs | >: 9.897µs | >: 20.239925ms | >: 20.723076ms | >: 20.550408ms | >: 25.341653ms | >: 25.289201ms | >: 27.919112ms | >: 31.885286ms | >: 32.031058ms | sampled in 32.905136ms
<: 15.841709ms | <: 15.882732ms | <: 20.245528ms | <: 26.466783ms | <: 27.142786ms | <: 27.266654ms | <: 27.148563ms | <: 27.235273ms | <: 27.825074ms | <: 29.99399ms | bfses in 30.426297ms

averages: distance 4.784, diameter 11.000.
average of averages: distance 4.800 (std 0.220), diameter 11.742 (std 0.682).

*** iteration 32, batch size 10, remaining 1302.
>: 12.483µs | >: 17.75µs | >: 20.640007ms | >: 20.961904ms | >: 20.85336ms | >: 20.792363ms | >: 22.826574ms | >: 31.129284ms | >: 31.883715ms | >: 31.876385ms | sampled in 32.609746ms
<: 15.903809ms | <: 16.042801ms | <: 23.448473ms | <: 25.333512ms | <: 25.300149ms | <: 25.285102ms | <: 25.408756ms | <: 28.492656ms | <: 28.756402ms | <: 28.736288ms | bfses in 29.278366ms

averages: distance 5.045, diameter 11.000.
average of averages: distance 4.807 (std 0.221), diameter 11.719 (std 0.683).

*** iteration 33, batch size 10, remaining 1292.
>: 4.653µs | >: 17.731µs | >: 16.552µs | >: 5.823µs | >: 8.15µs | >: 20.271198ms | >: 20.738156ms | >: 26.174979ms | >: 30.129083ms | >: 32.907562ms | sampled in 33.77005ms
<: 15.951804ms | <: 16.93254ms | <: 21.090299ms | <: 23.340794ms | <: 24.041141ms | <: 26.71775ms | <: 26.974351ms | <: 26.947357ms | <: 28.785753ms | <: 28.865918ms | bfses in 29.147263ms

averages: distance 4.659, diameter 11.000.
average of averages: distance 4.803 (std 0.219), diameter 11.697 (std 0.684).

*** iteration 34, batch size 10, remaining 1282.
>: 5.085µs | >: 5.242µs | >: 7.716µs | >: 25.036664ms | >: 25.268345ms | >: 25.226062ms | >: 32.741428ms | >: 34.620726ms | >: 35.048419ms | >: 35.053461ms | sampled in 36.139143ms
<: 15.976598ms | <: 18.207242ms | <: 19.152162ms | <: 20.229657ms | <: 23.30619ms | <: 24.763201ms | <: 24.730359ms | <: 26.539037ms | <: 26.597043ms | <: 29.612313ms | bfses in 30.368957ms

averages: distance 5.066, diameter 11.000.
average of averages: distance 4.811 (std 0.220), diameter 11.676 (std 0.684).

*** iteration 35, batch size 10, remaining 1272.
>: 7.71µs | >: 10.673µs | >: 16.425µs | >: 20.201346ms | >: 20.138095ms | >: 20.049047ms | >: 24.979595ms | >: 28.296787ms | >: 29.188161ms | >: 31.874503ms | sampled in 32.813769ms
<: 15.688887ms | <: 15.511706ms | <: 15.716141ms | <: 23.386652ms | <: 26.339898ms | <: 26.421481ms | <: 26.31258ms | <: 26.996902ms | <: 27.640655ms | <: 27.818954ms | bfses in 28.232438ms

averages: distance 4.625, diameter 12.000.
average of averages: distance 4.805 (std 0.219), diameter 11.686 (std 0.676).

*** iteration 36, batch size 10, remaining 1262.
>: 8.53µs | >: 9.236µs | >: 6.407µs | >: 2.941µs | >: 2.865µs | >: 19.913431ms | >: 20.772634ms | >: 23.170961ms | >: 28.32324ms | >: 31.283166ms | sampled in 31.973583ms
<: 15.769925ms | <: 17.887604ms | <: 17.689096ms | <: 21.0092ms | <: 22.551452ms | <: 23.827225ms | <: 26.718176ms | <: 27.099317ms | <: 27.185941ms | <: 28.420468ms | bfses in 29.049277ms

averages: distance 4.517, diameter 11.000.
average of averages: distance 4.797 (std 0.222), diameter 11.667 (std 0.676).

*** iteration 37, batch size 10, remaining 1252.
>: 18.944µs | >: 20.613739ms | >: 20.713571ms | >: 20.60807ms | >: 21.180238ms | >: 21.475696ms | >: 23.234829ms | >: 28.140623ms | >: 28.151471ms | >: 32.088046ms | sampled in 32.687068ms
<: 15.778965ms | <: 18.076125ms | <: 20.832787ms | <: 21.099555ms | <: 23.162148ms | <: 23.705815ms | <: 23.980875ms | <: 24.195702ms | <: 24.317472ms | <: 24.288429ms | bfses in 24.873409ms

averages: distance 4.837, diameter 12.000.
average of averages: distance 4.798 (std 0.219), diameter 11.676 (std 0.669).

*** iteration 38, batch size 10, remaining 1242.
>: 3.33µs | >: 2.515µs | >: 9.958µs | >: 40.078µs | >: 20.490373ms | >: 20.620079ms | >: 20.85944ms | >: 20.779447ms | >: 20.80494ms | >: 28.018426ms | sampled in 28.642764ms
<: 15.576538ms | <: 20.857624ms | <: 25.107054ms | <: 25.475945ms | <: 25.588514ms | <: 26.671092ms | <: 27.130625ms | <: 27.27297ms | <: 29.30327ms | <: 29.743362ms | bfses in 30.296176ms

averages: distance 4.530, diameter 12.000.
average of averages: distance 4.791 (std 0.220), diameter 11.684 (std 0.662).

*** iteration 39, batch size 10, remaining 1232.
>: 9.126µs | >: 8.473µs | >: 8.78µs | >: 7.589µs | >: 6.898µs | >: 6.874µs | >: 7.738µs | >: 23.787969ms | >: 25.366361ms | >: 27.62089ms | sampled in 28.233679ms
<: 15.776317ms | <: 15.974867ms | <: 16.008113ms | <: 21.441119ms | <: 23.942743ms | <: 27.136267ms | <: 27.24169ms | <: 27.145774ms | <: 27.452116ms | <: 28.741296ms | bfses in 29.355796ms

averages: distance 4.637, diameter 12.000.
average of averages: distance 4.787 (std 0.218), diameter 11.692 (std 0.655).

*** iteration 40, batch size 10, remaining 1222.
>: 5.679µs | >: 10.938µs | >: 7.478µs | >: 5.829µs | >: 19.919914ms | >: 20.1905ms | >: 20.478021ms | >: 22.727208ms | >: 25.746109ms | >: 31.688118ms | sampled in 32.529565ms
<: 15.484773ms | <: 15.965862ms | <: 18.931686ms | <: 19.66915ms | <: 22.055856ms | <: 27.411237ms | <: 27.422823ms | <: 27.390201ms | <: 27.508217ms | <: 28.393998ms | bfses in 28.805002ms

averages: distance 5.059, diameter 12.000.
average of averages: distance 4.794 (std 0.220), diameter 11.700 (std 0.648).

*** iteration 41, batch size 10, remaining 1212.
>: 3.862µs | >: 10.381µs | >: 5.347µs | >: 3.252µs | >: 20.034196ms | >: 20.161005ms | >: 20.751523ms | >: 25.65032ms | >: 26.006915ms | >: 26.993143ms | sampled in 27.780268ms
<: 15.821687ms | <: 19.801378ms | <: 20.608798ms | <: 20.705477ms | <: 22.605445ms | <: 23.067838ms | <: 27.625608ms | <: 27.434292ms | <: 27.418023ms | <: 29.210005ms | bfses in 29.787204ms

averages: distance 4.649, diameter 12.000.
average of averages: distance 4.791 (std 0.218), diameter 11.707 (std 0.642).

*** iteration 42, batch size 10, remaining 1202.
>: 8.94µs | >: 3.779µs | >: 12.864µs | >: 20.187548ms | >: 20.264032ms | >: 20.100271ms | >: 25.07047ms | >: 25.351223ms | >: 25.613481ms | >: 27.933764ms | sampled in 28.818067ms
<: 15.719026ms | <: 22.362075ms | <: 22.618651ms | <: 22.758588ms | <: 22.588345ms | <: 22.904273ms | <: 26.154692ms | <: 27.986809ms | <: 28.119877ms | <: 28.431372ms | bfses in 29.054941ms

averages: distance 4.825, diameter 11.000.
average of averages: distance 4.791 (std 0.216), diameter 11.690 (std 0.643).

*** iteration 43, batch size 10, remaining 1192.
>: 12.299µs | >: 10.545µs | >: 13.056µs | >: 10.859µs | >: 12.22µs | >: 6.322µs | >: 10.519µs | >: 20.766399ms | >: 20.899476ms | >: 28.349774ms | sampled in 29.100414ms
<: 15.685536ms | <: 20.299255ms | <: 20.817938ms | <: 22.862543ms | <: 22.889267ms | <: 25.113591ms | <: 26.858883ms | <: 26.814276ms | <: 29.974437ms | <: 30.23036ms | bfses in 30.529905ms

averages: distance 4.759, diameter 12.000.
average of averages: distance 4.791 (std 0.213), diameter 11.698 (std 0.638).

*** iteration 44, batch size 10, remaining 1182.
>: 3.613µs | >: 9.171µs | >: 13.846µs | >: 8.493µs | >: 21.5071ms | >: 23.138059ms | >: 23.334759ms | >: 24.632026ms | >: 27.125224ms | >: 27.503583ms | sampled in 28.507195ms
<: 17.345658ms | <: 21.405005ms | <: 21.309502ms | <: 21.449717ms | <: 21.610433ms | <: 22.237403ms | <: 24.091011ms | <: 24.94027ms | <: 26.726233ms | <: 27.207081ms | bfses in 27.812532ms

averages: distance 4.594, diameter 11.000.
average of averages: distance 4.786 (std 0.213), diameter 11.682 (std 0.639).

*** iteration 45, batch size 10, remaining 1172.
>: 6.931µs | >: 4.844µs | >: 6.865µs | >: 11.309µs | >: 20.757703ms | >: 20.998935ms | >: 21.099564ms | >: 32.056873ms | >: 32.122717ms | >: 32.192643ms | sampled in 33.085312ms
<: 15.694095ms | <: 15.758187ms | <: 19.945698ms | <: 20.751368ms | <: 20.821415ms | <: 21.030492ms | <: 24.076966ms | <: 26.758936ms | <: 27.114856ms | <: 27.07044ms | bfses in 27.488239ms

averages: distance 4.625, diameter 11.000.
average of averages: distance 4.783 (std 0.212), diameter 11.667 (std 0.640).

*** iteration 46, batch size 10, remaining 1162.
>: 12.61µs | >: 6.782µs | >: 8.836µs | >: 8.539µs | >: 20.017738ms | >: 20.078334ms | >: 25.60182ms | >: 32.630761ms | >: 32.642723ms | >: 32.514451ms | sampled in 34.086412ms
<: 15.691097ms | <: 18.536805ms | <: 19.294542ms | <: 24.294605ms | <: 27.052094ms | <: 26.968742ms | <: 27.214894ms | <: 28.623471ms | <: 28.551754ms | <: 28.768079ms | bfses in 29.349017ms

averages: distance 4.468, diameter 11.000.
average of averages: distance 4.776 (std 0.214), diameter 11.652 (std 0.640).

*** iteration 47, batch size 10, remaining 1152.
>: 11.888µs | >: 20.654417ms | >: 20.676537ms | >: 20.693601ms | >: 21.25904ms | >: 23.40836ms | >: 23.57589ms | >: 24.303679ms | >: 31.685657ms | >: 32.049847ms | sampled in 32.909452ms
<: 15.507087ms | <: 15.538852ms | <: 15.572326ms | <: 15.675072ms | <: 15.633634ms | <: 20.263922ms | <: 20.225842ms | <: 29.718846ms | <: 29.679269ms | <: 29.75099ms | bfses in 30.446494ms

averages: distance 4.679, diameter 12.000.
average of averages: distance 4.774 (std 0.213), diameter 11.660 (std 0.635).

*** iteration 48, batch size 10, remaining 1142.
>: 3.373µs | >: 11.051µs | >: 3.422µs | >: 20.636975ms | >: 20.717975ms | >: 28.15303ms | >: 31.54083ms | >: 31.75319ms | >: 31.942654ms | >: 34.37011ms | sampled in 35.522837ms
<: 15.585556ms | <: 15.784913ms | <: 15.88189ms | <: 15.856489ms | <: 18.475399ms | <: 19.958246ms | <: 20.116047ms | <: 20.353727ms | <: 23.115237ms | <: 27.255813ms | bfses in 27.984958ms

averages: distance 4.785, diameter 11.000.
average of averages: distance 4.774 (std 0.210), diameter 11.646 (std 0.635).

*** iteration 49, batch size 10, remaining 1132.
>: 9.022µs | >: 10.013µs | >: 12.876µs | >: 8.168µs | >: 7.775µs | >: 19.565534ms | >: 27.745927ms | >: 28.179913ms | >: 28.054903ms | >: 31.71318ms | sampled in 32.556562ms
<: 15.778935ms | <: 20.112894ms | <: 19.987719ms | <: 20.107538ms | <: 20.919607ms | <: 21.326642ms | <: 26.231835ms | <: 26.898194ms | <: 27.383662ms | <: 28.290523ms | bfses in 28.752427ms

averages: distance 4.934, diameter 13.000.
average of averages: distance 4.777 (std 0.209), diameter 11.673 (std 0.658).

*** iteration 50, batch size 10, remaining 1122.
>: 12.523µs | >: 8.356µs | >: 4.903µs | >: 9.118µs | >: 21.279183ms | >: 21.072607ms | >: 23.475507ms | >: 26.796545ms | >: 27.133238ms | >: 34.100255ms | sampled in 35.092369ms
<: 16.051491ms | <: 17.716603ms | <: 18.098793ms | <: 21.329465ms | <: 22.128446ms | <: 23.303956ms | <: 24.064089ms | <: 27.112219ms | <: 27.735195ms | <: 27.597531ms | bfses in 28.268547ms

averages: distance 4.631, diameter 12.000.
average of averages: distance 4.774 (std 0.208), diameter 11.680 (std 0.653).

*** iteration 51, batch size 10, remaining 1112.
>: 8.606µs | >: 20.643159ms | >: 20.901473ms | >: 23.386082ms | >: 23.727295ms | >: 24.644745ms | >: 31.428508ms | >: 31.884817ms | >: 31.70126ms | >: 33.296064ms | sampled in 33.955222ms
<: 15.756484ms | <: 15.913134ms | <: 16.199095ms | <: 16.218167ms | <: 17.613298ms | <: 17.938623ms | <: 24.41122ms | <: 24.487988ms | <: 24.591479ms | <: 24.7141ms | bfses in 25.401257ms

averages: distance 4.626, diameter 12.000.
average of averages: distance 4.771 (std 0.207), diameter 11.686 (std 0.648).

*** iteration 52, batch size 10, remaining 1102.
>: 7.323µs | >: 10.114µs | >: 5.482µs | >: 20.746359ms | >: 21.573353ms | >: 22.07129ms | >: 22.508942ms | >: 23.385379ms | >: 25.453919ms | >: 25.424114ms | sampled in 26.429747ms
<: 15.276553ms | <: 15.459003ms | <: 15.421066ms | <: 15.808368ms | <: 15.757851ms | <: 15.987863ms | <: 21.097361ms | <: 23.279448ms | <: 27.433271ms | <: 29.042734ms | bfses in 29.686ms

averages: distance 4.573, diameter 11.000.
average of averages: distance 4.768 (std 0.207), diameter 11.673 (std 0.648).

*** iteration 53, batch size 10, remaining 1092.
>: 5.48µs | >: 16.4µs | >: 20.382677ms | >: 20.865059ms | >: 22.222344ms | >: 22.386618ms | >: 24.27965ms | >: 25.566967ms | >: 27.865792ms | >: 34.960883ms | sampled in 35.91494ms
<: 15.918764ms | <: 18.178844ms | <: 18.636488ms | <: 18.499346ms | <: 21.255012ms | <: 26.988995ms | <: 26.931916ms | <: 28.115743ms | <: 28.149827ms | <: 27.934911ms | bfses in 28.544ms

averages: distance 4.645, diameter 11.000.
average of averages: distance 4.765 (std 0.206), diameter 11.660 (std 0.649).

*** iteration 54, batch size 10, remaining 1082.
>: 8.483µs | >: 5.932µs | >: 3.682µs | >: 7.979µs | >: 4.386µs | >: 20.012991ms | >: 19.994498ms | >: 20.879366ms | >: 23.429372ms | >: 26.750352ms | sampled in 27.775728ms
<: 22.098888ms | <: 22.388628ms | <: 22.905841ms | <: 23.549188ms | <: 24.312914ms | <: 27.147368ms | <: 27.585714ms | <: 27.531707ms | <: 27.60292ms | <: 29.249058ms | bfses in 29.596554ms

averages: distance 4.708, diameter 11.000.
average of averages: distance 4.764 (std 0.204), diameter 11.648 (std 0.649).

*** iteration 55, batch size 10, remaining 1072.
>: 5.783µs | >: 12.693µs | >: 7.838µs | >: 8.53µs | >: 7.458µs | >: 7.353µs | >: 20.503899ms | >: 27.791021ms | >: 27.966639ms | >: 34.142124ms | sampled in 34.857366ms
<: 18.500201ms | <: 21.061871ms | <: 21.160208ms | <: 22.47396ms | <: 23.195197ms | <: 27.229568ms | <: 27.395693ms | <: 28.502588ms | <: 28.513959ms | <: 28.461171ms | bfses in 28.989387ms

averages: distance 4.669, diameter 11.000.
average of averages: distance 4.763 (std 0.202), diameter 11.636 (std 0.649).

*** iteration 56, batch size 10, remaining 1062.
>: 9.609µs | >: 14.899µs | >: 8.912µs | >: 35.153µs | >: 14.665µs | >: 21.286978ms | >: 21.162932ms | >: 21.451857ms | >: 27.542216ms | >: 27.277707ms | sampled in 28.408916ms
<: 15.751007ms | <: 20.874746ms | <: 20.982754ms | <: 20.960798ms | <: 22.199508ms | <: 22.117398ms | <: 24.370833ms | <: 28.218479ms | <: 28.378721ms | <: 29.576913ms | bfses in 30.22248ms

averages: distance 4.820, diameter 11.000.
average of averages: distance 4.764 (std 0.201), diameter 11.625 (std 0.648).

*** iteration 57, batch size 10, remaining 1052.
>: 9.617µs | >: 8.439µs | >: 4.665µs | >: 9.888µs | >: 15.383µs | >: 20.595257ms | >: 20.817466ms | >: 20.802424ms | >: 30.580953ms | >: 33.898062ms | sampled in 34.760299ms
<: 17.932744ms | <: 18.177246ms | <: 23.55824ms | <: 26.771383ms | <: 27.356805ms | <: 27.427412ms | <: 27.844967ms | <: 27.764828ms | <: 28.071561ms | <: 28.020164ms | bfses in 28.6509ms

averages: distance 4.653, diameter 13.000.
average of averages: distance 4.762 (std 0.199), diameter 11.649 (std 0.668).

*** iteration 58, batch size 10, remaining 1042.
>: 7.568µs | >: 7.478µs | >: 7.408µs | >: 8.176µs | >: 20.878896ms | >: 20.717517ms | >: 20.784688ms | >: 27.215319ms | >: 27.570589ms | >: 32.71539ms | sampled in 33.62086ms
<: 15.825637ms | <: 17.927433ms | <: 19.435268ms | <: 19.770941ms | <: 19.872687ms | <: 23.599866ms | <: 23.422132ms | <: 26.473507ms | <: 26.896936ms | <: 26.812514ms | bfses in 27.271152ms

averages: distance 4.187, diameter 11.000.
average of averages: distance 4.752 (std 0.212), diameter 11.638 (std 0.667).

*** iteration 59, batch size 10, remaining 1032.
>: 9.878µs | >: 20.188035ms | >: 20.131462ms | >: 20.333549ms | >: 20.685429ms | >: 23.077483ms | >: 23.246464ms | >: 28.118739ms | >: 28.19176ms | >: 31.673495ms | sampled in 32.569215ms
<: 15.685234ms | <: 18.686037ms | <: 20.507174ms | <: 20.431352ms | <: 20.490169ms | <: 20.624383ms | <: 27.174557ms | <: 27.573075ms | <: 27.308454ms | <: 27.575594ms | bfses in 27.974511ms

averages: distance 4.655, diameter 13.000.
average of averages: distance 4.750 (std 0.210), diameter 11.661 (std 0.685).

*** iteration 60, batch size 10, remaining 1022.
>: 8.169µs | >: 7.221µs | >: 12.327µs | >: 20.842704ms | >: 21.116778ms | >: 27.863376ms | >: 28.441191ms | >: 28.79145ms | >: 31.390336ms | >: 33.234663ms | sampled in 34.288196ms
<: 15.63697ms | <: 15.923867ms | <: 15.92663ms | <: 15.935024ms | <: 17.685649ms | <: 18.061586ms | <: 19.928513ms | <: 20.986648ms | <: 27.2174ms | <: 27.170932ms | bfses in 27.751317ms

averages: distance 5.002, diameter 12.000.
average of averages: distance 4.754 (std 0.211), diameter 11.667 (std 0.681).

*** iteration 61, batch size 10, remaining 1012.
>: 12.659µs | >: 8.137µs | >: 16.699µs | >: 8.233µs | >: 6.647µs | >: 6.666µs | >: 20.091501ms | >: 22.378374ms | >: 31.063647ms | >: 32.998153ms | sampled in 33.793126ms
<: 17.86013ms | <: 18.030721ms | <: 18.192337ms | <: 18.900818ms | <: 23.051146ms | <: 23.405052ms | <: 26.57738ms | <: 26.71514ms | <: 26.560445ms | <: 27.38117ms | bfses in 27.71877ms

averages: distance 4.948, diameter 12.000.
average of averages: distance 4.757 (std 0.211), diameter 11.672 (std 0.676).

*** iteration 62, batch size 10, remaining 1002.
>: 30.654µs | >: 8.865µs | >: 4.745µs | >: 10.269µs | >: 23.176712ms | >: 24.260199ms | >: 28.150126ms | >: 28.180132ms | >: 31.126275ms | >: 31.522486ms | sampled in 32.365295ms
<: 15.922766ms | <: 16.09392ms | <: 16.252751ms | <: 19.918539ms | <: 20.247261ms | <: 20.324073ms | <: 27.172894ms | <: 26.933143ms | <: 27.070906ms | <: 27.246043ms | bfses in 27.831892ms

averages: distance 4.965, diameter 12.000.
average of averages: distance 4.761 (std 0.210), diameter 11.677 (std 0.672).

*** iteration 63, batch size 10, remaining 992.
>: 4.44µs | >: 7.212µs | >: 10.577µs | >: 11.568µs | >: 4.921µs | >: 14.809µs | >: 20.187955ms | >: 22.249161ms | >: 26.003736ms | >: 33.240615ms | sampled in 34.090227ms
<: 17.238723ms | <: 17.815662ms | <: 18.175263ms | <: 19.846702ms | <: 23.497229ms | <: 26.53183ms | <: 27.103379ms | <: 27.457283ms | <: 27.415984ms | <: 27.387446ms | bfses in 27.843767ms

averages: distance 4.740, diameter 12.000.
average of averages: distance 4.760 (std 0.209), diameter 11.683 (std 0.668).

*** iteration 64, batch size 10, remaining 982.
>: 7.834µs | >: 3.946µs | >: 3.024µs | >: 4.21µs | >: 5.893µs | >: 20.130365ms | >: 20.843222ms | >: 20.634846ms | >: 23.41397ms | >: 31.385729ms | sampled in 32.050811ms
<: 17.130752ms | <: 18.216693ms | <: 19.506014ms | <: 19.637197ms | <: 19.863468ms | <: 20.318193ms | <: 19.973886ms | <: 26.608258ms | <: 26.951331ms | <: 27.175646ms | bfses in 27.731866ms

averages: distance 4.470, diameter 11.000.
average of averages: distance 4.756 (std 0.210), diameter 11.672 (std 0.668).

*** iteration 65, batch size 10, remaining 972.
>: 8.417µs | >: 6.323µs | >: 10.543µs | >: 20.531861ms | >: 21.903819ms | >: 23.458069ms | >: 23.999983ms | >: 25.883571ms | >: 27.669491ms | >: 31.28522ms | sampled in 31.948351ms
<: 15.749489ms | <: 16.233684ms | <: 16.30446ms | <: 20.848384ms | <: 21.889543ms | <: 22.053197ms | <: 26.831555ms | <: 26.578724ms | <: 27.170706ms | <: 27.756909ms | bfses in 28.001928ms

averages: distance 4.995, diameter 12.000.
average of averages: distance 4.760 (std 0.211), diameter 11.677 (std 0.664).

*** iteration 66, batch size 10, remaining 962.
>: 8.45µs | >: 3.848µs | >: 6.222µs | >: 10.035µs | >: 20.397234ms | >: 20.453354ms | >: 20.658995ms | >: 23.134064ms | >: 26.247772ms | >: 33.418794ms | sampled in 34.171503ms
<: 15.853101ms | <: 19.945652ms | <: 19.792063ms | <: 20.019196ms | <: 20.823055ms | <: 26.250738ms | <: 26.290166ms | <: 26.765547ms | <: 27.221662ms | <: 27.446274ms | bfses in 27.982675ms

averages: distance 4.385, diameter 11.000.
average of averages: distance 4.754 (std 0.214), diameter 11.667 (std 0.664).

*** iteration 67, batch size 10, remaining 952.
>: 3.464µs | >: 5.987µs | >: 2.522µs | >: 12.758µs | >: 8.544µs | >: 4.454µs | >: 13.738µs | >: 15.496µs | >: 20.079827ms | >: 22.915153ms | sampled in 23.426401ms
<: 16.040084ms | <: 19.751199ms | <: 19.736234ms | <: 21.165431ms | <: 21.187092ms | <: 21.333394ms | <: 23.132974ms | <: 27.033835ms | <: 27.139815ms | <: 27.167682ms | bfses in 27.674978ms

averages: distance 4.997, diameter 12.000.
average of averages: distance 4.758 (std 0.215), diameter 11.672 (std 0.660).

*** iteration 68, batch size 10, remaining 942.
>: 9.59µs | >: 9.365µs | >: 8.711µs | >: 6.285µs | >: 11.516µs | >: 14.585µs | >: 22.835392ms | >: 27.028777ms | >: 30.872863ms | >: 33.074187ms | sampled in 33.761085ms
<: 15.797828ms | <: 18.141314ms | <: 17.841502ms | <: 18.359044ms | <: 19.960332ms | <: 25.235183ms | <: 26.415048ms | <: 27.031807ms | <: 28.142737ms | <: 29.524806ms | bfses in 30.252083ms

averages: distance 4.733, diameter 12.000.
average of averages: distance 4.757 (std 0.213), diameter 11.676 (std 0.657).

*** iteration 69, batch size 10, remaining 932.
>: 7.744µs | >: 4.177µs | >: 20.072012ms | >: 20.327917ms | >: 20.326129ms | >: 20.847579ms | >: 23.018017ms | >: 24.748826ms | >: 27.696539ms | >: 28.365945ms | sampled in 29.077959ms
<: 15.656811ms | <: 15.72216ms | <: 15.979851ms | <: 18.58516ms | <: 20.460523ms | <: 23.579506ms | <: 23.789953ms | <: 24.262894ms | <: 26.409506ms | <: 27.098614ms | bfses in 27.754694ms

averages: distance 5.051, diameter 12.000.
average of averages: distance 4.761 (std 0.214), diameter 11.681 (std 0.653).

*** iteration 70, batch size 10, remaining 922.
>: 8.156µs | >: 19.014µs | >: 21.639039ms | >: 22.810565ms | >: 23.549475ms | >: 24.068199ms | >: 24.749905ms | >: 25.045658ms | >: 28.213122ms | >: 28.667471ms | sampled in 29.53587ms
<: 15.630136ms | <: 20.846721ms | <: 21.174363ms | <: 21.333392ms | <: 21.350571ms | <: 22.756444ms | <: 26.183403ms | <: 27.115998ms | <: 29.252581ms | <: 29.631668ms | bfses in 30.024071ms

averages: distance 4.412, diameter 11.000.
average of averages: distance 4.756 (std 0.217), diameter 11.671 (std 0.653).

*** iteration 71, batch size 10, remaining 912.
>: 5.767µs | >: 19.923197ms | >: 20.589392ms | >: 20.836927ms | >: 21.251991ms | >: 22.586272ms | >: 22.846841ms | >: 28.129511ms | >: 27.970972ms | >: 30.000572ms | sampled in 30.700818ms
<: 15.3369ms | <: 16.027916ms | <: 20.549322ms | <: 23.070846ms | <: 26.23511ms | <: 26.207704ms | <: 26.405439ms | <: 27.118426ms | <: 29.652509ms | <: 29.483169ms | bfses in 30.164856ms

averages: distance 4.782, diameter 11.000.
average of averages: distance 4.757 (std 0.215), diameter 11.662 (std 0.653).

*** iteration 72, batch size 10, remaining 902.
>: 3.164µs | >: 8.54µs | >: 5.266µs | >: 7.341µs | >: 8.16µs | >: 7.189µs | >: 11.505µs | >: 20.084047ms | >: 20.174966ms | >: 26.692511ms | sampled in 27.308255ms
<: 16.055111ms | <: 16.14665ms | <: 20.724973ms | <: 23.649488ms | <: 23.960077ms | <: 23.803357ms | <: 24.222534ms | <: 24.880361ms | <: 27.050053ms | <: 26.990757ms | bfses in 27.576347ms

averages: distance 4.866, diameter 13.000.
average of averages: distance 4.758 (std 0.214), diameter 11.681 (std 0.668).

*** iteration 73, batch size 10, remaining 892.
>: 7.79µs | >: 20.828049ms | >: 20.59926ms | >: 20.398552ms | >: 20.508614ms | >: 20.999273ms | >: 26.951693ms | >: 26.783124ms | >: 32.348281ms | >: 32.158042ms | sampled in 33.348024ms
<: 15.804349ms | <: 17.914297ms | <: 17.87727ms | <: 18.109949ms | <: 18.182113ms | <: 20.395755ms | <: 20.413045ms | <: 25.612646ms | <: 27.205249ms | <: 27.249882ms | bfses in 27.917097ms

averages: distance 4.895, diameter 12.000.
average of averages: distance 4.760 (std 0.213), diameter 11.685 (std 0.664).

*** iteration 74, batch size 10, remaining 882.
>: 5.367µs | >: 7.157µs | >: 4.164µs | >: 9.876µs | >: 21.377861ms | >: 22.149696ms | >: 23.468241ms | >: 31.359896ms | >: 31.337686ms | >: 33.355427ms | sampled in 34.322081ms
<: 15.875785ms | <: 17.661151ms | <: 18.517772ms | <: 20.958579ms | <: 23.977057ms | <: 26.302965ms | <: 26.803435ms | <: 27.394398ms | <: 28.211406ms | <: 28.150962ms | bfses in 28.861574ms

averages: distance 4.563, diameter 11.000.
average of averages: distance 4.758 (std 0.213), diameter 11.676 (std 0.664).

*** iteration 75, batch size 10, remaining 872.
>: 4.676µs | >: 5.624µs | >: 4.819µs | >: 20.64286ms | >: 20.399834ms | >: 20.596753ms | >: 20.270916ms | >: 22.058818ms | >: 23.159973ms | >: 23.014636ms | sampled in 24.172031ms
<: 19.797686ms | <: 20.661064ms | <: 20.629941ms | <: 22.40863ms | <: 22.502625ms | <: 22.526299ms | <: 22.79425ms | <: 22.903482ms | <: 22.909542ms | <: 30.116898ms | bfses in 30.525082ms

averages: distance 4.472, diameter 11.000.
average of averages: distance 4.754 (std 0.214), diameter 11.667 (std 0.664).

*** iteration 76, batch size 10, remaining 862.
>: 10.07µs | >: 11.339µs | >: 4.803µs | >: 52.146µs | >: 20.60132ms | >: 20.854804ms | >: 27.648635ms | >: 27.93053ms | >: 31.882833ms | >: 31.758963ms | sampled in 32.840465ms
<: 15.918091ms | <: 16.290038ms | <: 16.39611ms | <: 18.855301ms | <: 23.547349ms | <: 26.750705ms | <: 26.901061ms | <: 27.607179ms | <: 27.63707ms | <: 29.230125ms | bfses in 29.527358ms

averages: distance 4.811, diameter 12.000.
average of averages: distance 4.754 (std 0.213), diameter 11.671 (std 0.661).

*** iteration 77, batch size 10, remaining 852.
>: 11.577µs | >: 15.312µs | >: 20.663157ms | >: 20.693111ms | >: 22.880986ms | >: 30.235628ms | >: 30.732817ms | >: 31.647211ms | >: 33.748426ms | >: 33.739303ms | sampled in 34.790211ms
<: 15.776546ms | <: 15.661753ms | <: 15.987123ms | <: 17.040721ms | <: 18.45798ms | <: 20.450432ms | <: 21.57018ms | <: 23.328216ms | <: 25.97535ms | <: 27.311626ms | bfses in 28.107712ms

averages: distance 5.272, diameter 15.000.
average of averages: distance 4.761 (std 0.220), diameter 11.714 (std 0.758).

*** iteration 78, batch size 10, remaining 842.
>: 4.179µs | >: 11.574µs | >: 20.191431ms | >: 20.586834ms | >: 20.440908ms | >: 21.1335ms | >: 22.036722ms | >: 22.181602ms | >: 23.422327ms | >: 27.960409ms | sampled in 28.968763ms
<: 21.422947ms | <: 21.204399ms | <: 22.503432ms | <: 23.154794ms | <: 23.584832ms | <: 23.981526ms | <: 24.437308ms | <: 27.230461ms | <: 28.907293ms | <: 29.292015ms | bfses in 29.610491ms

averages: distance 5.002, diameter 12.000.
average of averages: distance 4.764 (std 0.220), diameter 11.718 (std 0.754).

*** iteration 79, batch size 10, remaining 832.
>: 7.955µs | >: 5.019µs | >: 9.03µs | >: 8.568µs | >: 5.222µs | >: 2.916µs | >: 20.897496ms | >: 25.490234ms | >: 30.503521ms | >: 31.129798ms | sampled in 32.259552ms
<: 16.093434ms | <: 23.167411ms | <: 22.996334ms | <: 23.570895ms | <: 26.517384ms | <: 27.971823ms | <: 28.413867ms | <: 28.788241ms | <: 28.805673ms | <: 28.835179ms | bfses in 29.428801ms

averages: distance 4.925, diameter 12.000.
average of averages: distance 4.766 (std 0.219), diameter 11.722 (std 0.750).

*** iteration 80, batch size 10, remaining 822.
>: 6.454µs | >: 14.677µs | >: 11.398µs | >: 16.286µs | >: 20.726522ms | >: 21.240217ms | >: 25.765652ms | >: 27.905866ms | >: 32.024653ms | >: 34.103608ms | sampled in 34.723024ms
<: 15.5199ms | <: 17.143866ms | <: 19.597555ms | <: 19.939959ms | <: 27.423149ms | <: 27.223913ms | <: 28.5538ms | <: 28.462144ms | <: 28.684309ms | <: 28.990632ms | bfses in 29.397164ms

averages: distance 4.753, diameter 11.000.
average of averages: distance 4.766 (std 0.218), diameter 11.713 (std 0.750).

*** iteration 81, batch size 10, remaining 812.
>: 27.816µs | >: 9.843µs | >: 8.009µs | >: 8.425µs | >: 7.632µs | >: 7.542µs | >: 8.007µs | >: 20.229324ms | >: 25.350256ms | >: 25.289977ms | sampled in 26.256038ms
<: 15.755035ms | <: 17.533372ms | <: 19.627468ms | <: 19.850689ms | <: 20.271846ms | <: 25.952488ms | <: 26.792178ms | <: 29.509965ms | <: 29.443632ms | <: 29.753942ms | bfses in 30.044027ms

averages: distance 4.631, diameter 12.000.
average of averages: distance 4.765 (std 0.217), diameter 11.716 (std 0.746).

*** iteration 82, batch size 10, remaining 802.
>: 4.747µs | >: 15.46µs | >: 8.714µs | >: 19.228µs | >: 6.818µs | >: 20.681082ms | >: 27.654061ms | >: 30.583641ms | >: 30.701019ms | >: 34.752203ms | sampled in 35.679281ms
<: 15.55987ms | <: 15.919964ms | <: 18.22547ms | <: 18.672845ms | <: 20.00525ms | <: 22.559391ms | <: 27.493482ms | <: 28.435703ms | <: 28.744107ms | <: 28.710361ms | bfses in 29.245359ms

averages: distance 4.824, diameter 11.000.
average of averages: distance 4.765 (std 0.216), diameter 11.707 (std 0.745).

*** iteration 83, batch size 10, remaining 792.
>: 21.256µs | >: 14.024µs | >: 12.329µs | >: 11.903µs | >: 20.560763ms | >: 21.162226ms | >: 20.999407ms | >: 23.132113ms | >: 23.540598ms | >: 31.011541ms | sampled in 31.928761ms
<: 18.057766ms | <: 19.542753ms | <: 19.766825ms | <: 22.298393ms | <: 23.406667ms | <: 23.47696ms | <: 26.361425ms | <: 26.255412ms | <: 27.548221ms | <: 28.512342ms | bfses in 28.951633ms

averages: distance 4.769, diameter 11.000.
average of averages: distance 4.765 (std 0.214), diameter 11.699 (std 0.745).

*** iteration 84, batch size 10, remaining 782.
>: 10.096µs | >: 8.606µs | >: 20.721976ms | >: 20.821786ms | >: 21.270274ms | >: 21.860356ms | >: 23.287674ms | >: 26.928195ms | >: 27.767956ms | >: 27.933406ms | sampled in 28.710223ms
<: 15.787726ms | <: 20.923854ms | <: 21.063629ms | <: 23.332056ms | <: 23.245989ms | <: 23.581098ms | <: 23.951985ms | <: 24.262071ms | <: 28.179488ms | <: 29.011996ms | bfses in 29.613372ms

averages: distance 4.576, diameter 11.000.
average of averages: distance 4.763 (std 0.214), diameter 11.690 (std 0.744).

*** iteration 85, batch size 10, remaining 772.
>: 11.318µs | >: 5.099µs | >: 9.19µs | >: 6.819µs | >: 4.913µs | >: 6.406µs | >: 20.135924ms | >: 20.55089ms | >: 20.591625ms | >: 20.875375ms | sampled in 21.871919ms
<: 16.145381ms | <: 16.512265ms | <: 20.072271ms | <: 22.153305ms | <: 22.893688ms | <: 26.780597ms | <: 28.24554ms | <: 28.239266ms | <: 28.582781ms | <: 28.435328ms | bfses in 29.090547ms

averages: distance 4.962, diameter 12.000.
average of averages: distance 4.765 (std 0.214), diameter 11.694 (std 0.740).

*** iteration 86, batch size 10, remaining 762.
>: 6.151µs | >: 8.95µs | >: 12.092µs | >: 12.079µs | >: 15.356µs | >: 26.265102ms | >: 31.823981ms | >: 32.606748ms | >: 33.451848ms | >: 34.064273ms | sampled in 34.617616ms
<: 15.430356ms | <: 15.524319ms | <: 18.077447ms | <: 19.931462ms | <: 19.996589ms | <: 19.988496ms | <: 19.915305ms | <: 22.960258ms | <: 27.341566ms | <: 27.284572ms | bfses in 27.895925ms

averages: distance 4.531, diameter 11.000.
average of averages: distance 4.763 (std 0.214), diameter 11.686 (std 0.740).

*** iteration 87, batch size 10, remaining 752.
>: 13.211µs | >: 10.987µs | >: 20.652µs | >: 20.547449ms | >: 20.568456ms | >: 23.318901ms | >: 23.723601ms | >: 28.392736ms | >: 32.79389ms | >: 33.185156ms | sampled in 34.158248ms
<: 15.750457ms | <: 15.836632ms | <: 18.124298ms | <: 18.360608ms | <: 23.160983ms | <: 23.335404ms | <: 26.398072ms | <: 26.690518ms | <: 27.449668ms | <: 27.251281ms | bfses in 27.883419ms

averages: distance 4.724, diameter 12.000.
average of averages: distance 4.762 (std 0.213), diameter 11.690 (std 0.736).

*** iteration 88, batch size 10, remaining 742.
>: 12.474µs | >: 10.262µs | >: 20.762215ms | >: 21.052394ms | >: 20.884933ms | >: 23.290848ms | >: 23.522798ms | >: 23.683273ms | >: 27.164785ms | >: 27.397545ms | sampled in 28.247689ms
<: 15.871075ms | <: 20.57276ms | <: 20.913663ms | <: 21.388708ms | <: 23.236969ms | <: 24.007204ms | <: 27.66592ms | <: 27.850733ms | <: 28.989211ms | <: 30.178727ms | bfses in 30.644412ms

averages: distance 4.695, diameter 12.000.
average of averages: distance 4.761 (std 0.212), diameter 11.693 (std 0.733).

*** iteration 89, batch size 10, remaining 732.
>: 10.985µs | >: 17.432µs | >: 11.794µs | >: 13.013µs | >: 18.578µs | >: 13.333µs | >: 20.863867ms | >: 21.083328ms | >: 21.364033ms | >: 30.477677ms | sampled in 31.180282ms
<: 15.898605ms | <: 18.789797ms | <: 18.737544ms | <: 22.704241ms | <: 23.313559ms | <: 23.539514ms | <: 25.266933ms | <: 27.686583ms | <: 28.013226ms | <: 28.651244ms | bfses in 29.214587ms

averages: distance 4.937, diameter 12.000.
average of averages: distance 4.763 (std 0.211), diameter 11.697 (std 0.729).

*** iteration 90, batch size 10, remaining 722.
>: 4.022µs | >: 9.374µs | >: 7.051µs | >: 15.811µs | >: 20.067213ms | >: 20.174352ms | >: 20.177063ms | >: 20.430677ms | >: 28.158892ms | >: 28.317105ms | sampled in 29.008863ms
<: 15.60449ms | <: 15.961102ms | <: 18.84606ms | <: 21.325608ms | <: 21.967408ms | <: 22.712992ms | <: 22.834164ms | <: 22.924711ms | <: 28.872329ms | <: 29.800607ms | bfses in 30.573797ms

averages: distance 4.638, diameter 11.000.
average of averages: distance 4.762 (std 0.211), diameter 11.689 (std 0.729).

*** iteration 91, batch size 10, remaining 712.
>: 4.188µs | >: 3.312µs | >: 14.6µs | >: 38.349µs | >: 20.833921ms | >: 25.92087ms | >: 26.32078ms | >: 26.998031ms | >: 34.074284ms | >: 34.051071ms | sampled in 35.296902ms
<: 17.966148ms | <: 18.200625ms | <: 18.32312ms | <: 21.631524ms | <: 22.11866ms | <: 21.873838ms | <: 22.200994ms | <: 25.920845ms | <: 27.429054ms | <: 27.5743ms | bfses in 28.26523ms

averages: distance 5.067, diameter 12.000.
average of averages: distance 4.765 (std 0.212), diameter 11.692 (std 0.726).

*** iteration 92, batch size 10, remaining 702.
>: 9.024µs | >: 6.19µs | >: 5.28µs | >: 7.234µs | >: 19.62366ms | >: 20.688599ms | >: 20.935368ms | >: 21.814738ms | >: 28.558833ms | >: 33.918417ms | sampled in 34.621195ms
<: 15.574362ms | <: 17.684988ms | <: 18.317404ms | <: 18.36159ms | <: 19.29863ms | <: 19.462202ms | <: 19.776919ms | <: 26.791006ms | <: 26.676985ms | <: 26.982653ms | bfses in 27.412305ms

averages: distance 4.686, diameter 11.000.
average of averages: distance 4.764 (std 0.211), diameter 11.685 (std 0.725).

*** iteration 93, batch size 10, remaining 692.
>: 8.506µs | >: 8.859µs | >: 7.273µs | >: 8.766µs | >: 19.7017ms | >: 20.265779ms | >: 20.632886ms | >: 22.978761ms | >: 28.531618ms | >: 32.131365ms | sampled in 32.729421ms
<: 15.897395ms | <: 15.713045ms | <: 17.842236ms | <: 18.678846ms | <: 20.11225ms | <: 20.495528ms | <: 22.90309ms | <: 23.06103ms | <: 26.958482ms | <: 27.063979ms | bfses in 27.549989ms

averages: distance 4.552, diameter 11.000.
average of averages: distance 4.762 (std 0.211), diameter 11.677 (std 0.725).

*** iteration 94, batch size 10, remaining 682.
>: 4.264µs | >: 2.779µs | >: 6.769µs | >: 6.082µs | >: 4.285µs | >: 20.125172ms | >: 23.378837ms | >: 32.731626ms | >: 32.660604ms | >: 33.819321ms | sampled in 34.776573ms
<: 15.767411ms | <: 19.649065ms | <: 19.575983ms | <: 19.677485ms | <: 19.907855ms | <: 19.952917ms | <: 20.083266ms | <: 26.524115ms | <: 26.882393ms | <: 27.202225ms | bfses in 27.875775ms

averages: distance 4.895, diameter 12.000.
average of averages: distance 4.764 (std 0.210), diameter 11.681 (std 0.722).

*** iteration 95, batch size 10, remaining 672.
>: 3.55µs | >: 11.067µs | >: 8.931µs | >: 11.413µs | >: 17.01µs | >: 24.149363ms | >: 27.07854ms | >: 27.471505ms | >: 27.495248ms | >: 31.379104ms | sampled in 32.254069ms
<: 15.459116ms | <: 15.697041ms | <: 18.17152ms | <: 20.219329ms | <: 20.32055ms | <: 20.697726ms | <: 24.873299ms | <: 26.853475ms | <: 27.065519ms | <: 27.132305ms | bfses in 27.735124ms

averages: distance 4.356, diameter 11.000.
average of averages: distance 4.759 (std 0.213), diameter 11.674 (std 0.721).

*** iteration 96, batch size 10, remaining 662.
>: 3.476µs | >: 9.418µs | >: 9.959µs | >: 5.836µs | >: 5.362µs | >: 19.794084ms | >: 31.446478ms | >: 31.642608ms | >: 31.797555ms | >: 33.458903ms | sampled in 34.276438ms
<: 15.537189ms | <: 17.36521ms | <: 19.624855ms | <: 20.225464ms | <: 20.363295ms | <: 23.439965ms | <: 23.702612ms | <: 24.052128ms | <: 26.565545ms | <: 27.245272ms | bfses in 27.965676ms

averages: distance 5.154, diameter 13.000.
average of averages: distance 4.763 (std 0.216), diameter 11.688 (std 0.730).

*** iteration 97, batch size 10, remaining 652.
>: 12.038µs | >: 5.261µs | >: 13.25µs | >: 20.498514ms | >: 20.768146ms | >: 21.388317ms | >: 23.086391ms | >: 27.839247ms | >: 31.766603ms | >: 32.404736ms | sampled in 33.264993ms
<: 15.799646ms | <: 15.664171ms | <: 21.153383ms | <: 23.18522ms | <: 23.526985ms | <: 25.506256ms | <: 26.19535ms | <: 26.684179ms | <: 27.134959ms | <: 26.972962ms | bfses in 27.621076ms

averages: distance 4.770, diameter 12.000.
average of averages: distance 4.763 (std 0.215), diameter 11.691 (std 0.727).

*** iteration 98, batch size 10, remaining 642.
>: 13.658µs | >: 8.246µs | >: 7.601µs | >: 7.599µs | >: 6.385µs | >: 20.630899ms | >: 20.606808ms | >: 20.72052ms | >: 25.327621ms | >: 31.944447ms | sampled in 32.683224ms
<: 15.593913ms | <: 15.801942ms | <: 20.070887ms | <: 20.076096ms | <: 23.068249ms | <: 26.386474ms | <: 26.557324ms | <: 26.836817ms | <: 26.939326ms | <: 26.8399ms | bfses in 27.465226ms

averages: distance 4.807, diameter 11.000.
average of averages: distance 4.764 (std 0.214), diameter 11.684 (std 0.726).

*** iteration 99, batch size 10, remaining 632.
>: 4.046µs | >: 14.55µs | >: 6.797µs | >: 20.399275ms | >: 20.396082ms | >: 20.645974ms | >: 21.719547ms | >: 23.905036ms | >: 27.728668ms | >: 31.967995ms | sampled in 32.717769ms
<: 16.37648ms | <: 18.287391ms | <: 18.050961ms | <: 19.880011ms | <: 23.108576ms | <: 26.958567ms | <: 26.83193ms | <: 26.901654ms | <: 26.930965ms | <: 27.263125ms | bfses in 27.935056ms

averages: distance 4.734, diameter 12.000.
average of averages: distance 4.764 (std 0.213), diameter 11.687 (std 0.723).

*** iteration 100, batch size 10, remaining 622.
>: 10.189µs | >: 19.95473ms | >: 20.116983ms | >: 20.126976ms | >: 20.410696ms | >: 20.619868ms | >: 20.719879ms | >: 28.142913ms | >: 28.042647ms | >: 32.655453ms | sampled in 33.627303ms
<: 15.654673ms | <: 15.887794ms | <: 17.785338ms | <: 19.841299ms | <: 19.982667ms | <: 26.366287ms | <: 26.511482ms | <: 26.678732ms | <: 26.980457ms | <: 27.334059ms | bfses in 27.823181ms

averages: distance 4.895, diameter 12.000.
average of averages: distance 4.765 (std 0.212), diameter 11.690 (std 0.720).

*** iteration 101, batch size 10, remaining 612.
>: 8.703µs | >: 3.989µs | >: 3.782µs | >: 12.638µs | >: 6.67µs | >: 20.068953ms | >: 19.821627ms | >: 20.839747ms | >: 27.302859ms | >: 31.823018ms | sampled in 32.63592ms
<: 15.810653ms | <: 19.922645ms | <: 20.224746ms | <: 20.512273ms | <: 20.480982ms | <: 23.303062ms | <: 23.428376ms | <: 23.514875ms | <: 26.79871ms | <: 26.891122ms | bfses in 27.348119ms

averages: distance 4.536, diameter 11.000.
average of averages: distance 4.763 (std 0.212), diameter 11.683 (std 0.720).

*** iteration 102, batch size 10, remaining 602.
>: 10.344µs | >: 14.86µs | >: 20.58189ms | >: 20.563554ms | >: 20.657293ms | >: 21.012367ms | >: 26.288463ms | >: 28.257042ms | >: 28.671938ms | >: 33.686181ms | sampled in 34.381503ms
<: 15.69619ms | <: 15.435981ms | <: 19.788611ms | <: 19.763759ms | <: 22.03128ms | <: 23.161908ms | <: 27.258239ms | <: 28.145636ms | <: 28.054978ms | <: 29.066488ms | bfses in 29.644475ms

averages: distance 5.001, diameter 12.000.
average of averages: distance 4.765 (std 0.212), diameter 11.686 (std 0.717).

*** iteration 103, batch size 10, remaining 592.
>: 8.492µs | >: 8.629µs | >: 3.742µs | >: 20.094167ms | >: 20.16818ms | >: 20.22633ms | >: 20.94234ms | >: 23.822269ms | >: 25.029746ms | >: 25.311834ms | sampled in 26.123956ms
<: 15.229925ms | <: 15.186085ms | <: 15.486746ms | <: 15.725646ms | <: 15.853834ms | <: 19.893225ms | <: 24.207803ms | <: 24.161486ms | <: 28.1987ms | <: 29.648339ms | bfses in 30.143458ms

averages: distance 4.700, diameter 12.000.
average of averages: distance 4.764 (std 0.211), diameter 11.689 (std 0.714).

*** iteration 104, batch size 10, remaining 582.
>: 8.566µs | >: 2.707µs | >: 20.647854ms | >: 24.173027ms | >: 24.540134ms | >: 25.795365ms | >: 31.65352ms | >: 31.628088ms | >: 32.539462ms | >: 34.230506ms | sampled in 35.351024ms
<: 15.412687ms | <: 15.5931ms | <: 15.643083ms | <: 16.042113ms | <: 20.450638ms | <: 23.213826ms | <: 23.049045ms | <: 27.156362ms | <: 27.15369ms | <: 29.09213ms | bfses in 29.790724ms

averages: distance 5.505, diameter 13.000.
average of averages: distance 4.772 (std 0.223), diameter 11.702 (std 0.722).

*** iteration 105, batch size 10, remaining 572.
>: 13.716µs | >: 7.795µs | >: 20.847216ms | >: 22.309074ms | >: 24.08518ms | >: 25.705345ms | >: 27.876076ms | >: 29.907142ms | >: 31.937238ms | >: 31.898415ms | sampled in 33.039169ms
<: 17.746873ms | <: 17.776359ms | <: 20.886473ms | <: 20.982467ms | <: 23.859498ms | <: 26.801598ms | <: 26.73718ms | <: 26.729481ms | <: 27.600153ms | <: 29.542926ms | bfses in 30.226077ms

averages: distance 4.423, diameter 12.000.
average of averages: distance 4.768 (std 0.224), diameter 11.705 (std 0.720).

*** iteration 106, batch size 10, remaining 562.
>: 10.727µs | >: 8.61µs | >: 7.613µs | >: 10.009µs | >: 12.182µs | >: 10.85µs | >: 20.673444ms | >: 20.82603ms | >: 25.32009ms | >: 30.121502ms | sampled in 31.211474ms
<: 15.854734ms | <: 21.20067ms | <: 22.594058ms | <: 23.116509ms | <: 23.966835ms | <: 24.006241ms | <: 26.340436ms | <: 27.250648ms | <: 27.582284ms | <: 28.523089ms | bfses in 29.196696ms

averages: distance 4.890, diameter 12.000.
average of averages: distance 4.769 (std 0.223), diameter 11.708 (std 0.717).

*** iteration 107, batch size 10, remaining 552.
>: 6.803µs | >: 8.941µs | >: 6.878µs | >: 7.106µs | >: 10.611µs | >: 16.04µs | >: 20.103027ms | >: 20.235732ms | >: 20.918495ms | >: 23.213335ms | sampled in 23.824974ms
<: 21.507603ms | <: 21.374956ms | <: 22.911442ms | <: 23.22386ms | <: 23.15838ms | <: 26.393016ms | <: 27.293446ms | <: 27.405829ms | <: 29.963012ms | <: 30.154962ms | bfses in 30.691266ms

averages: distance 4.822, diameter 11.000.
average of averages: distance 4.770 (std 0.222), diameter 11.701 (std 0.717).

*** iteration 108, batch size 10, remaining 542.
>: 9.403µs | >: 12.219µs | >: 20.42268ms | >: 21.14389ms | >: 28.024422ms | >: 31.187279ms | >: 31.339318ms | >: 31.496826ms | >: 31.509809ms | >: 34.002922ms | sampled in 34.751802ms
<: 15.739984ms | <: 15.924198ms | <: 18.600308ms | <: 20.238122ms | <: 20.492291ms | <: 20.456704ms | <: 27.094626ms | <: 27.445296ms | <: 27.310212ms | <: 27.582002ms | bfses in 28.21119ms

averages: distance 4.899, diameter 12.000.
average of averages: distance 4.771 (std 0.222), diameter 11.704 (std 0.714).

*** iteration 109, batch size 10, remaining 532.
>: 6.77µs | >: 5.668µs | >: 5.278µs | >: 2.632µs | >: 11.067µs | >: 21.135478ms | >: 22.16641ms | >: 23.540768ms | >: 27.631399ms | >: 28.11616ms | sampled in 28.928762ms
<: 15.818119ms | <: 18.281821ms | <: 23.546234ms | <: 23.640192ms | <: 23.668458ms | <: 23.885158ms | <: 23.909501ms | <: 25.331521ms | <: 27.357213ms | <: 29.821058ms | bfses in 30.483173ms

averages: distance 4.821, diameter 11.000.
average of averages: distance 4.771 (std 0.221), diameter 11.697 (std 0.714).

*** iteration 110, batch size 10, remaining 522.
>: 4.951µs | >: 7.192µs | >: 2.895µs | >: 20.67505ms | >: 20.648984ms | >: 25.876687ms | >: 25.791572ms | >: 28.897982ms | >: 31.384267ms | >: 31.821065ms | sampled in 32.583017ms
<: 15.911095ms | <: 15.859761ms | <: 16.028213ms | <: 15.974533ms | <: 18.184282ms | <: 20.974832ms | <: 26.580513ms | <: 26.794031ms | <: 27.041831ms | <: 27.923035ms | bfses in 28.561178ms

averages: distance 4.490, diameter 11.000.
average of averages: distance 4.769 (std 0.221), diameter 11.691 (std 0.714).

*** iteration 111, batch size 10, remaining 512.
>: 10.044µs | >: 13.892µs | >: 16.108µs | >: 20.65431ms | >: 20.636562ms | >: 20.667061ms | >: 20.977696ms | >: 22.666405ms | >: 26.33801ms | >: 32.444623ms | sampled in 33.149794ms
<: 18.013153ms | <: 18.308102ms | <: 20.504206ms | <: 20.507689ms | <: 21.639345ms | <: 21.857536ms | <: 24.08143ms | <: 24.300495ms | <: 25.396652ms | <: 26.370263ms | bfses in 26.690352ms

averages: distance 4.784, diameter 12.000.
average of averages: distance 4.769 (std 0.220), diameter 11.694 (std 0.711).

*** iteration 112, batch size 10, remaining 502.
>: 9.631µs | >: 7.965µs | >: 18.758µs | >: 20.771685ms | >: 20.729835ms | >: 20.803331ms | >: 24.72984ms | >: 24.955915ms | >: 25.019581ms | >: 31.861154ms | sampled in 32.898316ms
<: 16.080722ms | <: 16.382843ms | <: 16.376735ms | <: 18.711422ms | <: 18.533486ms | <: 21.886981ms | <: 23.800165ms | <: 26.104628ms | <: 27.233163ms | <: 28.503221ms | bfses in 29.157394ms

averages: distance 4.546, diameter 11.000.
average of averages: distance 4.767 (std 0.220), diameter 11.688 (std 0.711).

*** iteration 113, batch size 10, remaining 492.
>: 11.278µs | >: 12.77µs | >: 5.327µs | >: 3.289µs | >: 22.686358ms | >: 23.909756ms | >: 26.139893ms | >: 28.209723ms | >: 30.647616ms | >: 31.238326ms | sampled in 32.072689ms
<: 15.583052ms | <: 15.605433ms | <: 15.463714ms | <: 15.649525ms | <: 16.953962ms | <: 20.580558ms | <: 22.425732ms | <: 22.920156ms | <: 26.773831ms | <: 27.695412ms | bfses in 27.999762ms

averages: distance 4.821, diameter 13.000.
average of averages: distance 4.768 (std 0.219), diameter 11.699 (std 0.718).

*** iteration 114, batch size 10, remaining 482.
>: 7.795µs | >: 11.384µs | >: 11.944µs | >: 10.247µs | >: 20.621702ms | >: 31.855034ms | >: 31.726981ms | >: 31.989332ms | >: 31.900799ms | >: 34.068027ms | sampled in 34.690751ms
<: 15.695759ms | <: 15.542596ms | <: 15.731601ms | <: 15.903331ms | <: 18.101215ms | <: 27.038312ms | <: 27.28979ms | <: 27.357703ms | <: 27.288554ms | <: 29.108756ms | bfses in 29.765004ms

averages: distance 4.595, diameter 11.000.
average of averages: distance 4.766 (std 0.219), diameter 11.693 (std 0.718).

*** iteration 115, batch size 10, remaining 472.
>: 9.583µs | >: 9.304µs | >: 13.008µs | >: 20.231629ms | >: 21.290348ms | >: 22.42664ms | >: 23.696207ms | >: 24.891092ms | >: 25.634922ms | >: 25.532886ms | sampled in 26.372988ms
<: 20.621518ms | <: 21.633825ms | <: 23.209816ms | <: 23.543753ms | <: 24.260442ms | <: 26.118658ms | <: 27.204389ms | <: 29.417906ms | <: 29.636906ms | <: 29.490606ms | bfses in 30.149917ms

averages: distance 4.648, diameter 11.000.
average of averages: distance 4.765 (std 0.218), diameter 11.687 (std 0.718).

*** iteration 116, batch size 10, remaining 462.
>: 5.196µs | >: 6.465µs | >: 11.066µs | >: 5.683µs | >: 20.671679ms | >: 20.53535ms | >: 24.724977ms | >: 27.85297ms | >: 29.533913ms | >: 31.090557ms | sampled in 32.135929ms
<: 15.641389ms | <: 15.689167ms | <: 23.145119ms | <: 23.055481ms | <: 23.016353ms | <: 26.677197ms | <: 26.782547ms | <: 28.186129ms | <: 28.538271ms | <: 28.708209ms | bfses in 29.393501ms

averages: distance 4.535, diameter 12.000.
average of averages: distance 4.763 (std 0.218), diameter 11.690 (std 0.715).

*** iteration 117, batch size 10, remaining 452.
>: 5.062µs | >: 21.094µs | >: 24.23µs | >: 20.456748ms | >: 20.706141ms | >: 22.90081ms | >: 24.256977ms | >: 24.362804ms | >: 28.091133ms | >: 28.642376ms | sampled in 29.377759ms
<: 15.741285ms | <: 19.441093ms | <: 20.17529ms | <: 22.461597ms | <: 22.683833ms | <: 22.880288ms | <: 22.798496ms | <: 22.86077ms | <: 23.285728ms | <: 24.964106ms | bfses in 25.518126ms

averages: distance 5.049, diameter 13.000.
average of averages: distance 4.765 (std 0.219), diameter 11.701 (std 0.722).

*** iteration 118, batch size 10, remaining 442.
>: 18.993µs | >: 9.997µs | >: 5.083µs | >: 12.676µs | >: 20.594674ms | >: 20.491157ms | >: 24.971482ms | >: 24.79452ms | >: 25.221418ms | >: 31.843763ms | sampled in 32.811948ms
<: 17.528188ms | <: 21.393645ms | <: 23.430934ms | <: 24.040602ms | <: 24.047517ms | <: 24.057916ms | <: 26.414009ms | <: 26.92314ms | <: 26.899508ms | <: 28.626145ms | bfses in 29.243068ms

averages: distance 4.845, diameter 12.000.
average of averages: distance 4.766 (std 0.218), diameter 11.703 (std 0.720).

*** iteration 119, batch size 10, remaining 432.
>: 9.795µs | >: 4.196µs | >: 5.523µs | >: 12.146µs | >: 20.304967ms | >: 20.44034ms | >: 20.797441ms | >: 22.800934ms | >: 25.281889ms | >: 30.923397ms | sampled in 31.817189ms
<: 21.096132ms | <: 21.206576ms | <: 23.594796ms | <: 24.133204ms | <: 24.351288ms | <: 24.447546ms | <: 24.317509ms | <: 24.280919ms | <: 27.701955ms | <: 28.424589ms | bfses in 29.174286ms

averages: distance 4.844, diameter 12.000.
average of averages: distance 4.767 (std 0.217), diameter 11.706 (std 0.717).

*** iteration 120, batch size 10, remaining 422.
>: 13.753µs | >: 8.939µs | >: 20.318µs | >: 11.03µs | >: 11.436µs | >: 20.829059ms | >: 21.006744ms | >: 21.11612ms | >: 21.58062ms | >: 31.195976ms | sampled in 32.100961ms
<: 22.324835ms | <: 22.245558ms | <: 22.158151ms | <: 22.499583ms | <: 23.011999ms | <: 24.209754ms | <: 24.443112ms | <: 24.382216ms | <: 27.976712ms | <: 28.218232ms | bfses in 28.769241ms

averages: distance 4.679, diameter 11.000.
average of averages: distance 4.766 (std 0.217), diameter 11.700 (std 0.717).

*** iteration 121, batch size 10, remaining 412.
>: 3.362µs | >: 9.499µs | >: 7.167µs | >: 7.384µs | >: 21.14µs | >: 20.290993ms | >: 20.558761ms | >: 22.487112ms | >: 25.895078ms | >: 31.851183ms | sampled in 32.796198ms
<: 15.759851ms | <: 15.730815ms | <: 21.096739ms | <: 21.569227ms | <: 22.653164ms | <: 22.73964ms | <: 24.712436ms | <: 25.095855ms | <: 25.864542ms | <: 27.49102ms | bfses in 28.115757ms

averages: distance 4.516, diameter 12.000.
average of averages: distance 4.764 (std 0.217), diameter 11.702 (std 0.715).

*** iteration 122, batch size 10, remaining 402.
>: 5.061µs | >: 3.093µs | >: 20.604376ms | >: 20.795418ms | >: 20.948485ms | >: 20.902014ms | >: 22.548731ms | >: 22.597493ms | >: 22.549624ms | >: 31.857724ms | sampled in 32.814956ms
<: 15.951766ms | <: 21.856008ms | <: 22.484694ms | <: 22.872775ms | <: 22.713215ms | <: 22.867402ms | <: 24.218353ms | <: 24.244851ms | <: 24.360602ms | <: 27.629595ms | bfses in 28.317104ms

averages: distance 4.713, diameter 12.000.
average of averages: distance 4.764 (std 0.216), diameter 11.705 (std 0.712).

*** iteration 123, batch size 10, remaining 392.
>: 7.363µs | >: 7.244µs | >: 12.693µs | >: 20.265907ms | >: 22.594354ms | >: 24.096296ms | >: 25.697103ms | >: 28.340528ms | >: 33.065461ms | >: 33.095729ms | sampled in 34.176938ms
<: 16.104728ms | <: 17.629268ms | <: 21.257584ms | <: 23.349404ms | <: 26.858677ms | <: 27.407098ms | <: 27.431541ms | <: 28.35182ms | <: 28.762355ms | <: 29.040319ms | bfses in 29.529921ms

averages: distance 5.139, diameter 13.000.
average of averages: distance 4.767 (std 0.218), diameter 11.715 (std 0.719).

*** iteration 124, batch size 10, remaining 382.
>: 4.594µs | >: 3.138µs | >: 10.624µs | >: 6.829µs | >: 10.335µs | >: 9.064µs | >: 23.273773ms | >: 23.914538ms | >: 27.848245ms | >: 33.010351ms | sampled in 34.107608ms
<: 22.234561ms | <: 22.217196ms | <: 22.822987ms | <: 25.548709ms | <: 26.542094ms | <: 26.769004ms | <: 27.065608ms | <: 27.236777ms | <: 27.436085ms | <: 27.849979ms | bfses in 28.425438ms

averages: distance 4.607, diameter 11.000.
average of averages: distance 4.765 (std 0.217), diameter 11.710 (std 0.719).

*** iteration 125, batch size 10, remaining 372.
>: 9.924µs | >: 23.822µs | >: 16.184µs | >: 20.731024ms | >: 20.418942ms | >: 20.500453ms | >: 21.022115ms | >: 27.505415ms | >: 32.511167ms | >: 33.419069ms | sampled in 34.174253ms
<: 15.671508ms | <: 15.800207ms | <: 18.249742ms | <: 18.570588ms | <: 19.591343ms | <: 19.943353ms | <: 21.759451ms | <: 28.183001ms | <: 28.964195ms | <: 29.684321ms | bfses in 30.413644ms

averages: distance 5.001, diameter 12.000.
average of averages: distance 4.767 (std 0.218), diameter 11.712 (std 0.716).

*** iteration 126, batch size 10, remaining 362.
>: 5.356µs | >: 7.441µs | >: 12.279µs | >: 19.997118ms | >: 20.194091ms | >: 20.354553ms | >: 24.353164ms | >: 25.057451ms | >: 24.923956ms | >: 31.819542ms | sampled in 32.384699ms
<: 15.53754ms | <: 20.178726ms | <: 23.473661ms | <: 25.026892ms | <: 25.819532ms | <: 27.155449ms | <: 27.025495ms | <: 27.221903ms | <: 27.445873ms | <: 27.429901ms | bfses in 27.990043ms

averages: distance 4.687, diameter 11.000.
average of averages: distance 4.767 (std 0.217), diameter 11.706 (std 0.716).

*** iteration 127, batch size 10, remaining 352.
>: 6.412µs | >: 20.250467ms | >: 19.972783ms | >: 20.119166ms | >: 20.402848ms | >: 20.91465ms | >: 24.811574ms | >: 24.872431ms | >: 28.14475ms | >: 31.856613ms | sampled in 32.437941ms
<: 15.594897ms | <: 15.623439ms | <: 21.016048ms | <: 26.310117ms | <: 26.554458ms | <: 26.664035ms | <: 26.549108ms | <: 26.901886ms | <: 27.346661ms | <: 27.557289ms | bfses in 28.025528ms

averages: distance 5.017, diameter 12.000.
average of averages: distance 4.769 (std 0.217), diameter 11.709 (std 0.714).

*** iteration 128, batch size 10, remaining 342.
>: 5.471µs | >: 5.104µs | >: 5.283µs | >: 5.233µs | >: 29.255µs | >: 20.330083ms | >: 20.685699ms | >: 24.648272ms | >: 28.216888ms | >: 32.031289ms | sampled in 32.965986ms
<: 17.49775ms | <: 21.022803ms | <: 21.09198ms | <: 21.000894ms | <: 21.236222ms | <: 21.237932ms | <: 26.121631ms | <: 26.454519ms | <: 26.671401ms | <: 27.141041ms | bfses in 27.629674ms

averages: distance 5.071, diameter 12.000.
average of averages: distance 4.771 (std 0.218), diameter 11.711 (std 0.712).

*** iteration 129, batch size 10, remaining 332.
>: 5.32µs | >: 9.158µs | >: 7.207µs | >: 20.866004ms | >: 24.044214ms | >: 25.046612ms | >: 24.718396ms | >: 25.32244ms | >: 31.138066ms | >: 32.129891ms | sampled in 32.922059ms
<: 15.938378ms | <: 15.906733ms | <: 17.367947ms | <: 20.59552ms | <: 20.467584ms | <: 21.20992ms | <: 23.591896ms | <: 23.793525ms | <: 29.050729ms | <: 29.206053ms | bfses in 29.812944ms

averages: distance 4.952, diameter 13.000.
average of averages: distance 4.772 (std 0.218), diameter 11.721 (std 0.718).

*** iteration 130, batch size 10, remaining 322.
>: 11.967µs | >: 20.537658ms | >: 20.423282ms | >: 20.64699ms | >: 22.739089ms | >: 28.682377ms | >: 28.93966ms | >: 31.051151ms | >: 31.768056ms | >: 31.987605ms | sampled in 32.84998ms
<: 15.642099ms | <: 15.815311ms | <: 18.689605ms | <: 21.809624ms | <: 22.194544ms | <: 24.807363ms | <: 25.08511ms | <: 26.272155ms | <: 27.906281ms | <: 28.180421ms | bfses in 28.640702ms

averages: distance 4.814, diameter 12.000.
average of averages: distance 4.773 (std 0.217), diameter 11.723 (std 0.715).

*** iteration 131, batch size 10, remaining 312.
>: 11.858µs | >: 16.309µs | >: 14.185µs | >: 6.301µs | >: 16.497µs | >: 20.086139ms | >: 20.266059ms | >: 25.845944ms | >: 31.705092ms | >: 31.651261ms | sampled in 32.477259ms
<: 15.628032ms | <: 20.508115ms | <: 22.054241ms | <: 22.346882ms | <: 23.21406ms | <: 25.209682ms | <: 25.982095ms | <: 26.075837ms | <: 29.362368ms | <: 29.606622ms | bfses in 30.135894ms

averages: distance 4.627, diameter 11.000.
average of averages: distance 4.772 (std 0.216), diameter 11.718 (std 0.715).

*** iteration 132, batch size 10, remaining 302.
>: 12.128µs | >: 5.851µs | >: 6.762µs | >: 8.414µs | >: 13.352µs | >: 11.188µs | >: 20.609171ms | >: 20.691947ms | >: 23.638673ms | >: 27.369149ms | sampled in 28.397639ms
<: 16.140346ms | <: 16.07278ms | <: 20.139213ms | <: 20.533701ms | <: 20.458613ms | <: 20.696283ms | <: 22.875334ms | <: 25.522231ms | <: 25.918225ms | <: 26.088682ms | bfses in 26.662622ms

averages: distance 4.410, diameter 11.000.
average of averages: distance 4.769 (std 0.218), diameter 11.712 (std 0.715).

*** iteration 133, batch size 10, remaining 292.
>: 10.147µs | >: 7.466µs | >: 7.967µs | >: 6.766µs | >: 10.413µs | >: 8.56µs | >: 20.489031ms | >: 20.279907ms | >: 27.259124ms | >: 27.892482ms | sampled in 28.402505ms
<: 15.845831ms | <: 20.055545ms | <: 19.962168ms | <: 21.846133ms | <: 22.857573ms | <: 23.787618ms | <: 26.60416ms | <: 28.303998ms | <: 28.681915ms | <: 29.096141ms | bfses in 29.637425ms

averages: distance 4.875, diameter 12.000.
average of averages: distance 4.770 (std 0.217), diameter 11.714 (std 0.713).

*** iteration 134, batch size 10, remaining 282.
>: 9.328µs | >: 9.446µs | >: 11.166µs | >: 15.402µs | >: 20.889343ms | >: 25.386321ms | >: 25.608273ms | >: 28.221205ms | >: 31.591944ms | >: 34.265172ms | sampled in 35.026129ms
<: 15.780894ms | <: 15.939603ms | <: 16.024403ms | <: 18.428718ms | <: 19.987436ms | <: 20.020619ms | <: 20.417195ms | <: 27.022624ms | <: 27.627174ms | <: 28.509917ms | bfses in 29.18191ms

averages: distance 4.681, diameter 12.000.
average of averages: distance 4.769 (std 0.216), diameter 11.716 (std 0.711).

*** iteration 135, batch size 10, remaining 272.
>: 9.446µs | >: 10.509µs | >: 12.241µs | >: 9.83µs | >: 20.284423ms | >: 20.430956ms | >: 22.038712ms | >: 28.029934ms | >: 31.954622ms | >: 32.115714ms | sampled in 33.237294ms
<: 15.682501ms | <: 18.158485ms | <: 19.507808ms | <: 24.23931ms | <: 25.612837ms | <: 26.170033ms | <: 26.853206ms | <: 26.879738ms | <: 28.385346ms | <: 29.375175ms | bfses in 29.791861ms

averages: distance 4.714, diameter 11.000.
average of averages: distance 4.769 (std 0.216), diameter 11.711 (std 0.711).

*** iteration 136, batch size 10, remaining 262.
>: 14.724µs | >: 9.523µs | >: 7.493µs | >: 8.537µs | >: 9.507µs | >: 20.781953ms | >: 25.090362ms | >: 25.400392ms | >: 32.298687ms | >: 32.168001ms | sampled in 33.183633ms
<: 15.787931ms | <: 17.605884ms | <: 23.391866ms | <: 25.354151ms | <: 26.369099ms | <: 26.522502ms | <: 26.573026ms | <: 27.864186ms | <: 27.575215ms | <: 28.22267ms | bfses in 28.694532ms

averages: distance 4.919, diameter 12.000.
average of averages: distance 4.770 (std 0.215), diameter 11.713 (std 0.709).

*** iteration 137, batch size 10, remaining 252.
>: 9.739µs | >: 8.537µs | >: 16.428µs | >: 6.47µs | >: 20.18412ms | >: 20.310796ms | >: 21.52154ms | >: 23.51608ms | >: 23.400212ms | >: 25.048905ms | sampled in 25.904129ms
<: 15.91699ms | <: 15.839412ms | <: 21.044774ms | <: 21.504906ms | <: 21.288239ms | <: 23.818125ms | <: 23.736541ms | <: 26.999309ms | <: 28.842554ms | <: 28.822038ms | bfses in 29.51116ms

averages: distance 4.931, diameter 12.000.
average of averages: distance 4.771 (std 0.215), diameter 11.715 (std 0.707).

*** iteration 138, batch size 10, remaining 242.
>: 7.699µs | >: 12.114µs | >: 10.274µs | >: 20.93685ms | >: 23.224711ms | >: 23.952674ms | >: 32.762777ms | >: 33.669776ms | >: 34.056822ms | >: 33.980311ms | sampled in 35.134091ms
<: 15.692462ms | <: 19.70327ms | <: 19.90514ms | <: 23.46161ms | <: 23.374611ms | <: 23.680898ms | <: 25.112645ms | <: 26.500176ms | <: 26.592308ms | <: 29.24409ms | bfses in 29.754802ms

averages: distance 5.183, diameter 13.000.
average of averages: distance 4.774 (std 0.217), diameter 11.725 (std 0.712).

*** iteration 139, batch size 10, remaining 232.
>: 3.933µs | >: 6.035µs | >: 3.27µs | >: 7.403µs | >: 19.955278ms | >: 20.266278ms | >: 20.934469ms | >: 23.290955ms | >: 24.845404ms | >: 24.80197ms | sampled in 25.744818ms
<: 15.964498ms | <: 20.222011ms | <: 20.816148ms | <: 23.003631ms | <: 23.118798ms | <: 23.026736ms | <: 24.316864ms | <: 27.234078ms | <: 27.258898ms | <: 29.790296ms | bfses in 30.386096ms

averages: distance 4.841, diameter 12.000.
average of averages: distance 4.774 (std 0.216), diameter 11.727 (std 0.710).

*** iteration 140, batch size 10, remaining 222.
>: 4.941µs | >: 11.399µs | >: 3.598µs | >: 6.721µs | >: 9.427µs | >: 25.711338ms | >: 27.78322ms | >: 28.009443ms | >: 31.887973ms | >: 32.000726ms | sampled in 32.989559ms
<: 16.159874ms | <: 16.124505ms | <: 22.851644ms | <: 22.739559ms | <: 23.381675ms | <: 26.317968ms | <: 26.668595ms | <: 26.997847ms | <: 27.084464ms | <: 28.138013ms | bfses in 28.593537ms

averages: distance 4.568, diameter 11.000.
average of averages: distance 4.773 (std 0.216), diameter 11.721 (std 0.710).

*** iteration 141, batch size 10, remaining 212.
>: 3.857µs | >: 24.116µs | >: 8.73µs | >: 21.859µs | >: 10.268µs | >: 20.092443ms | >: 20.219889ms | >: 22.640249ms | >: 25.757256ms | >: 34.565109ms | sampled in 35.198188ms
<: 15.797319ms | <: 18.015854ms | <: 20.290268ms | <: 20.547977ms | <: 23.520023ms | <: 27.118534ms | <: 27.812821ms | <: 29.493886ms | <: 29.429598ms | <: 30.128396ms | bfses in 30.911946ms

averages: distance 4.866, diameter 13.000.
average of averages: distance 4.773 (std 0.216), diameter 11.730 (std 0.716).

*** iteration 142, batch size 10, remaining 202.
>: 5.177µs | >: 13.426µs | >: 14.147µs | >: 20.7052ms | >: 21.027922ms | >: 20.900199ms | >: 30.294331ms | >: 31.686412ms | >: 31.656127ms | >: 31.909973ms | sampled in 32.902577ms
<: 15.830809ms | <: 15.628947ms | <: 21.304727ms | <: 25.535138ms | <: 27.896301ms | <: 28.118755ms | <: 27.921459ms | <: 28.02693ms | <: 28.226488ms | <: 28.328137ms | bfses in 28.96685ms

averages: distance 4.759, diameter 12.000.
average of averages: distance 4.773 (std 0.215), diameter 11.732 (std 0.714).

*** iteration 143, batch size 10, remaining 192.
>: 8.482µs | >: 9.715µs | >: 13.448µs | >: 20.653376ms | >: 21.00664ms | >: 20.777229ms | >: 20.96097ms | >: 22.899454ms | >: 31.92473ms | >: 31.873695ms | sampled in 33.140762ms
<: 15.944886ms | <: 15.885827ms | <: 16.001041ms | <: 22.329996ms | <: 23.597047ms | <: 24.42779ms | <: 26.590141ms | <: 26.836281ms | <: 26.655473ms | <: 27.280899ms | bfses in 27.901661ms

averages: distance 4.344, diameter 11.000.
average of averages: distance 4.770 (std 0.217), diameter 11.727 (std 0.714).

*** iteration 144, batch size 10, remaining 182.
>: 8.913µs | >: 10.239µs | >: 15.035µs | >: 6.501µs | >: 15.114µs | >: 20.469823ms | >: 20.628021ms | >: 20.458023ms | >: 30.7894ms | >: 31.410746ms | sampled in 32.238976ms
<: 18.670371ms | <: 21.742221ms | <: 22.796136ms | <: 22.972777ms | <: 22.832295ms | <: 22.877228ms | <: 24.434425ms | <: 25.484007ms | <: 28.164282ms | <: 29.159116ms | bfses in 29.845643ms

averages: distance 4.812, diameter 11.000.
average of averages: distance 4.771 (std 0.216), diameter 11.722 (std 0.714).

*** iteration 145, batch size 10, remaining 172.
>: 3.324µs | >: 10.124µs | >: 10.524µs | >: 4.872µs | >: 6.801µs | >: 3.736µs | >: 6.086µs | >: 20.494308ms | >: 20.40907ms | >: 20.839966ms | sampled in 21.468273ms
<: 15.374817ms | <: 15.856628ms | <: 19.614164ms | <: 21.827596ms | <: 21.828806ms | <: 22.320075ms | <: 23.009434ms | <: 24.658476ms | <: 27.860063ms | <: 29.490789ms | bfses in 29.972514ms

averages: distance 4.598, diameter 12.000.
average of averages: distance 4.769 (std 0.216), diameter 11.724 (std 0.712).

*** iteration 146, batch size 10, remaining 162.
>: 4.775µs | >: 3.418µs | >: 2.674µs | >: 5.406µs | >: 8.175µs | >: 4.002µs | >: 25.75µs | >: 30.688542ms | >: 31.172815ms | >: 33.198091ms | sampled in 34.120848ms
<: 16.079869ms | <: 16.532375ms | <: 23.217098ms | <: 23.262837ms | <: 26.577628ms | <: 26.589442ms | <: 26.879368ms | <: 27.127036ms | <: 27.640297ms | <: 28.338299ms | bfses in 28.8741ms

averages: distance 4.926, diameter 12.000.
average of averages: distance 4.771 (std 0.216), diameter 11.726 (std 0.710).

*** iteration 147, batch size 10, remaining 152.
>: 5.805µs | >: 12.079µs | >: 7.806µs | >: 6.146µs | >: 7.854µs | >: 5.888µs | >: 20.465729ms | >: 22.980467ms | >: 31.131111ms | >: 32.101689ms | sampled in 32.624537ms
<: 15.620788ms | <: 15.815421ms | <: 21.849759ms | <: 21.899253ms | <: 22.866472ms | <: 25.531581ms | <: 26.423296ms | <: 26.274019ms | <: 27.049074ms | <: 27.509167ms | bfses in 28.068322ms

averages: distance 4.614, diameter 12.000.
average of averages: distance 4.769 (std 0.215), diameter 11.728 (std 0.708).

*** iteration 148, batch size 10, remaining 142.
>: 11.226µs | >: 12.964µs | >: 6.848µs | >: 17.194µs | >: 20.100381ms | >: 20.271781ms | >: 20.71323ms | >: 28.494575ms | >: 28.637892ms | >: 29.053996ms | sampled in 29.834561ms
<: 17.699241ms | <: 18.376827ms | <: 21.594616ms | <: 22.847018ms | <: 24.183186ms | <: 24.059575ms | <: 24.286174ms | <: 26.947445ms | <: 26.947394ms | <: 28.721908ms | bfses in 29.357391ms

averages: distance 4.759, diameter 14.000.
average of averages: distance 4.769 (std 0.215), diameter 11.743 (std 0.730).

*** iteration 149, batch size 10, remaining 132.
>: 10.783µs | >: 9.425µs | >: 20.593055ms | >: 21.027069ms | >: 21.049669ms | >: 25.079207ms | >: 25.223534ms | >: 27.994878ms | >: 31.417718ms | >: 32.100218ms | sampled in 32.714016ms
<: 16.121087ms | <: 15.878522ms | <: 16.245959ms | <: 18.702006ms | <: 23.196073ms | <: 23.134981ms | <: 23.3328ms | <: 25.804168ms | <: 27.882803ms | <: 28.116159ms | bfses in 28.616918ms

averages: distance 5.017, diameter 12.000.
average of averages: distance 4.771 (std 0.215), diameter 11.745 (std 0.727).

*** iteration 150, batch size 10, remaining 122.
>: 3.086µs | >: 13.908µs | >: 7.161µs | >: 5.138µs | >: 13.318µs | >: 20.500971ms | >: 24.343945ms | >: 28.142595ms | >: 31.178137ms | >: 34.389051ms | sampled in 35.427713ms
<: 15.92357ms | <: 15.866956ms | <: 15.71354ms | <: 20.014825ms | <: 19.824362ms | <: 20.037798ms | <: 19.748447ms | <: 24.594606ms | <: 26.322896ms | <: 27.045172ms | bfses in 27.460736ms

averages: distance 4.903, diameter 12.000.
average of averages: distance 4.772 (std 0.214), diameter 11.747 (std 0.725).

*** iteration 151, batch size 10, remaining 112.
>: 7.78µs | >: 9.224µs | >: 9.332µs | >: 9.585µs | >: 5.83µs | >: 13.519µs | >: 20.309021ms | >: 21.711122ms | >: 25.853563ms | >: 28.25662ms | sampled in 28.854008ms
<: 15.784636ms | <: 19.369267ms | <: 20.914048ms | <: 21.165822ms | <: 23.79359ms | <: 24.026235ms | <: 26.603298ms | <: 26.935635ms | <: 28.338653ms | <: 28.486569ms | bfses in 29.184597ms

averages: distance 5.189, diameter 13.000.
average of averages: distance 4.775 (std 0.216), diameter 11.755 (std 0.730).

*** iteration 152, batch size 10, remaining 102.
>: 5.712µs | >: 23.044µs | >: 13.369µs | >: 23.869445ms | >: 24.909885ms | >: 27.879242ms | >: 28.172064ms | >: 31.154521ms | >: 32.216401ms | >: 34.23121ms | sampled in 35.002143ms
<: 15.700753ms | <: 15.600911ms | <: 15.772755ms | <: 15.935166ms | <: 18.212904ms | <: 18.012574ms | <: 19.828152ms | <: 23.272305ms | <: 27.061055ms | <: 29.095626ms | bfses in 29.814674ms

averages: distance 4.597, diameter 12.000.
average of averages: distance 4.774 (std 0.216), diameter 11.757 (std 0.728).

*** iteration 153, batch size 10, remaining 92.
>: 6.015µs | >: 10.171µs | >: 11.453µs | >: 19.978862ms | >: 21.748721ms | >: 21.89415ms | >: 23.618053ms | >: 24.986137ms | >: 27.454046ms | >: 31.597235ms | sampled in 32.473204ms
<: 15.613647ms | <: 15.610915ms | <: 23.574636ms | <: 23.780913ms | <: 24.163246ms | <: 26.797153ms | <: 27.103898ms | <: 27.03753ms | <: 28.085766ms | <: 29.19456ms | bfses in 29.888583ms

averages: distance 4.895, diameter 12.000.
average of averages: distance 4.774 (std 0.216), diameter 11.758 (std 0.726).

*** iteration 154, batch size 10, remaining 82.
>: 13.147µs | >: 9.011µs | >: 5.703µs | >: 12.222µs | >: 20.049465ms | >: 20.533063ms | >: 20.256127ms | >: 20.757599ms | >: 25.394188ms | >: 31.53934ms | sampled in 32.522211ms
<: 15.871594ms | <: 18.646395ms | <: 18.825188ms | <: 21.687387ms | <: 24.218344ms | <: 23.991542ms | <: 26.189962ms | <: 26.721448ms | <: 26.868176ms | <: 26.911691ms | bfses in 27.465115ms

averages: distance 5.069, diameter 13.000.
average of averages: distance 4.776 (std 0.216), diameter 11.766 (std 0.730).

*** iteration 155, batch size 10, remaining 72.
>: 25.919µs | >: 9.23µs | >: 5.399µs | >: 4.055µs | >: 2.456µs | >: 15.319µs | >: 20.753355ms | >: 31.055142ms | >: 31.816213ms | >: 32.759548ms | sampled in 33.476612ms
<: 15.297416ms | <: 18.743877ms | <: 18.957672ms | <: 22.128021ms | <: 23.667503ms | <: 23.758348ms | <: 24.784387ms | <: 24.624644ms | <: 28.972784ms | <: 29.421514ms | bfses in 30.121108ms

averages: distance 4.905, diameter 12.000.
average of averages: distance 4.777 (std 0.216), diameter 11.768 (std 0.728).

*** iteration 156, batch size 10, remaining 62.
>: 8.491µs | >: 8.727µs | >: 7.808µs | >: 20.585967ms | >: 20.583017ms | >: 20.897135ms | >: 25.210137ms | >: 26.606133ms | >: 26.735001ms | >: 30.385941ms | sampled in 31.382346ms
<: 15.598378ms | <: 15.688101ms | <: 15.944239ms | <: 15.961984ms | <: 19.250196ms | <: 21.606969ms | <: 23.203137ms | <: 27.834481ms | <: 28.338179ms | <: 28.499357ms | bfses in 28.942231ms

averages: distance 4.726, diameter 11.000.
average of averages: distance 4.777 (std 0.215), diameter 11.763 (std 0.728).

*** iteration 157, batch size 10, remaining 52.
>: 11.146µs | >: 11.647µs | >: 8.963µs | >: 20.138046ms | >: 20.079867ms | >: 20.619389ms | >: 22.419018ms | >: 22.540707ms | >: 22.566339ms | >: 26.877352ms | sampled in 27.934953ms
<: 15.881935ms | <: 15.955968ms | <: 15.855961ms | <: 18.081509ms | <: 19.481278ms | <: 19.830297ms | <: 21.84388ms | <: 21.885497ms | <: 24.250351ms | <: 29.634621ms | bfses in 30.29754ms

averages: distance 5.228, diameter 12.000.
average of averages: distance 4.780 (std 0.217), diameter 11.764 (std 0.726).

*** iteration 158, batch size 10, remaining 42.
>: 7.971µs | >: 11.519µs | >: 17.531µs | >: 20.510941ms | >: 20.349125ms | >: 20.599896ms | >: 25.154802ms | >: 32.056264ms | >: 32.348122ms | >: 32.370178ms | sampled in 33.213502ms
<: 15.606624ms | <: 15.885858ms | <: 16.038999ms | <: 21.678828ms | <: 23.530694ms | <: 23.943892ms | <: 28.271586ms | <: 28.252844ms | <: 28.313354ms | <: 28.251028ms | bfses in 28.945563ms

averages: distance 4.932, diameter 12.000.
average of averages: distance 4.781 (std 0.217), diameter 11.766 (std 0.724).

*** iteration 159, batch size 10, remaining 32.
>: 4.68µs | >: 8.54µs | >: 9.411µs | >: 17.601µs | >: 20.638053ms | >: 20.951342ms | >: 20.927646ms | >: 23.026742ms | >: 25.343126ms | >: 25.407238ms | sampled in 26.401006ms
<: 15.747937ms | <: 20.25294ms | <: 20.369692ms | <: 20.377841ms | <: 23.053937ms | <: 26.72704ms | <: 27.407664ms | <: 28.190785ms | <: 27.88014ms | <: 28.106359ms | bfses in 28.530015ms

averages: distance 5.032, diameter 13.000.
average of averages: distance 4.782 (std 0.217), diameter 11.774 (std 0.728).

*** iteration 160, batch size 10, remaining 22.
>: 8.01µs | >: 9.161µs | >: 8.094µs | >: 9.999µs | >: 22.744711ms | >: 24.411801ms | >: 28.213179ms | >: 28.464198ms | >: 30.789187ms | >: 34.143153ms | sampled in 34.940359ms
<: 15.390537ms | <: 15.7225ms | <: 15.977071ms | <: 19.986174ms | <: 19.941585ms | <: 19.82501ms | <: 19.946392ms | <: 27.379235ms | <: 29.076754ms | <: 29.419521ms | bfses in 29.942267ms

averages: distance 5.034, diameter 11.000.
average of averages: distance 4.784 (std 0.218), diameter 11.769 (std 0.729).

*** iteration 161, batch size 10, remaining 12.
>: 9.311µs | >: 8.133µs | >: 7.841µs | >: 7.654µs | >: 7.623µs | >: 19.94251ms | >: 21.725293ms | >: 25.070035ms | >: 24.900583ms | >: 25.096506ms | sampled in 26.14901ms
<: 18.360698ms | <: 18.287901ms | <: 21.614242ms | <: 21.720361ms | <: 23.361662ms | <: 25.025033ms | <: 27.843977ms | <: 29.732023ms | <: 29.527158ms | <: 29.719255ms | bfses in 30.123022ms

averages: distance 4.643, diameter 11.000.
average of averages: distance 4.783 (std 0.217), diameter 11.764 (std 0.729).

*** iteration 162, batch size 10, remaining 2.
>: 5.758µs | >: 6.276µs | >: 9.984µs | >: 7.222µs | >: 6.99µs | >: 20.711447ms | >: 28.147514ms | >: 31.06165ms | >: 31.198743ms | >: 34.401274ms | sampled in 35.063069ms
<: 15.39719ms | <: 15.344997ms | <: 18.387679ms | <: 18.755204ms | <: 21.738276ms | <: 26.669857ms | <: 27.405314ms | <: 27.615437ms | <: 28.221562ms | <: 28.920014ms | bfses in 29.578485ms

averages: distance 4.560, diameter 12.000.
average of averages: distance 4.781 (std 0.217), diameter 11.765 (std 0.727).

*** iteration 163, batch size 2, remaining 0.
>: 31.520406ms | >: 31.7932ms | sampled in 32.340939ms
<: 23.524115ms | <: 27.237244ms | bfses in 27.589167ms

averages: distance 5.123, diameter 12.000.
average of averages: distance 4.784 (std 0.218), diameter 11.767 (std 0.725).

Total time: 9.9318559s
