|V| = 668261953, |E| = 2162523341, |S| = 2932, s = 61.

*** iteration 1, batch size 61, remaining 2871.
>>>>>>>>>>>>>>>>>>>>>>>>>>>>>>>>>>>>>>>>>>>>>>>>>>>>>>>>>>>>>|s
<<<<<<<<<<<<<<<<<<<<<<<<<<<<<<<<<<<<<<<<<<<<<<<<<<<<<<<<<<<<<|
averages: distance 92.23378285460018, diameter 25373.
average of averages: distance 92.23378285460018, diameter 25373.

*** iteration 2, batch size 61, remaining 2810.
>>>>>>>>>>>>>>>>>>>>>>>>>>>>>>>>>>>>>>>>>>>>>>>>>>>>>>>>>>>>>|s
<<<<<<<<<<<<<<<<<<<<<<<<<<<<<<<<<<<<<<<<<<<<<<<<<<<<<<<<<<<<<|
averages: distance 89.2549421191459, diameter 25374.
average of averages: distance 90.74436248687303, diameter 25373.5.

*** iteration 3, batch size 61, remaining 2749.
>>>>>>>>>>>>>>>>>>>>>>>>>>>>>>>>>>>>>>>>>>>>>>>>>>>>>>>>>>>>>|s
<<<<<<<<<<<<<<<<<<<<<<<<<<<<<<<<<<<<<<<<<<<<<<<<<<<<<<<<<<<<<|
averages: distance 90.84638254935287, diameter 25372.
average of averages: distance 90.77836917436632, diameter 25373.

*** iteration 4, batch size 61, remaining 2688.
>>>>>>>>>>>>>>>>>>>>>>>>>>>>>>>>>>>>>>>>>>>>>>>>>>>>>>>>>>>>>|s
<<<<<<<<<<<<<<<<<<<<<<<<<<<<<<<<<<<<<<<<<<<<<<<<<<<<<<<<<<<<<|
averages: distance 93.54988582278958, diameter 25408.
average of averages: distance 91.47124833647213, diameter 25381.75.

*** iteration 5, batch size 61, remaining 2627.
>>>>>>>>>>>>>>>>>>>>>>>>>>>>>>>>>>>>>>>>>>>>>>>>>>>>>>>>>>>>>|s
<<<<<<<<<<<<<<<<<<<<<<<<<<<<<<<<<<<<<<<<<<<<<<<<<<<<<<<<<<<<<|
averages: distance 88.37834430122732, diameter 25373.
average of averages: distance 90.85266752942316, diameter 25380.

*** iteration 6, batch size 61, remaining 2566.
>>>>>>>>>>>>>>>>>>>>>>>>>>>>>>>>>>>>>>>>>>>>>>>>>>>>>>>>>>>>>|s
<<<<<<<<<<<<<<<<<<<<<<<<<<<<<<<<<<<<<<<<<<<<<<<<<<<<<<<<<<<<<|
averages: distance 92.37949771594825, diameter 25372.
average of averages: distance 91.10713922717734, diameter 25378.666666666668.

*** iteration 7, batch size 61, remaining 2505.
>>>>>>>>>>>>>>>>>>>>>>>>>>>>>>>>>>>>>>>>>>>>>>>>>>>>>>>>>>>>>|s
<<<<<<<<<<<<<<<<<<<<<<<<<<<<<<<<<<<<<<<<<<<<<<<<<<<<<<<<<<<<<|
averages: distance 92.05071121336121, diameter 25373.
average of averages: distance 91.2419352252036, diameter 25377.85714285714.

*** iteration 8, batch size 61, remaining 2444.
>>>>>>>>>>>>>>>>>>>>>>>>>>>>>>>>>>>>>>>>>>>>>>>>>>>>>>>>>>>>>|s
<<<<<<<<<<<<<<<<<<<<<<<<<<<<<<<<<<<<<<<<<<<<<<<<<<<<<<<<<<<<<|
averages: distance 93.27247918626975, diameter 25376.
average of averages: distance 91.49575322033687, diameter 25377.625.

*** iteration 9, batch size 61, remaining 2383.
>>>>>>>>>>>>>>>>>>>>>>>>>>>>>>>>>>>>>>>>>>>>>>>>>>>>>>>>>>>>>|s
<<<<<<<<<<<<<<<<<<<<<<<<<<<<<<<<<<<<<<<<<<<<<<<<<<<<<<<<<<<<<|
averages: distance 93.31906285733113, diameter 25375.
average of averages: distance 91.6983431800029, diameter 25377.333333333332.

*** iteration 10, batch size 61, remaining 2322.
>>>>>>>>>>>>>>>>>>>>>>>>>>>>>>>>>>>>>>>>>>>>>>>>>>>>>>>>>>>>>|s
<<<<<<<<<<<<<<<<<<<<<<<<<<<<<<<<<<<<<<<<<<<<<<<<<<<<<<<<<<<<<|
averages: distance 92.07315387996391, diameter 25374.
average of averages: distance 91.735824249999, diameter 25377.

*** iteration 11, batch size 61, remaining 2261.
>>>>>>>>>>>>>>>>>>>>>>>>>>>>>>>>>>>>>>>>>>>>>>>>>>>>>>>>>>>>>|s
<<<<<<<<<<<<<<<<<<<<<<<<<<<<<<<<<<<<<<<<<<<<<<<<<<<<<<<<<<<<<|
averages: distance 94.83239454751198, diameter 25591.
average of averages: distance 92.01733064068199, diameter 25396.454545454544.

*** iteration 12, batch size 61, remaining 2200.
>>>>>>>>>>>>>>>>>>>>>>>>>>>>>>>>>>>>>>>>>>>>>>>>>>>>>>>>>>>>>|s
<<<<<<<<<<<<<<<<<<<<<<<<<<<<<<<<<<<<<<<<<<<<<<<<<<<<<<<<<<<<<|
averages: distance 85.20705900439967, diameter 25372.
average of averages: distance 91.44980800432513, diameter 25394.416666666668.

*** iteration 13, batch size 61, remaining 2139.
>>>>>>>>>>>>>>>>>>>>>>>>>>>>>>>>>>>>>>>>>>>>>>>>>>>>>>>>>>>>>|s
<<<<<<<<<<<<<<<<<<<<<<<<<<<<<<<<<<<<<<<<<<<<<<<<<<<<<<<<<<<<<|
averages: distance 95.88433960114877, diameter 25373.
average of averages: distance 91.79092581946541, diameter 25392.76923076923.

*** iteration 14, batch size 61, remaining 2078.
>>>>>>>>>>>>>>>>>>>>>>>>>>>>>>>>>>>>>>>>>>>>>>>>>>>>>>>>>>>>>|s
<<<<<<<<<<<<<<<<<<<<<<<<<<<<<<<<<<<<<<<<<<<<<<<<<<<<<<<<<<<<<|
averages: distance 93.5060159681852, diameter 25373.
average of averages: distance 91.91343225865968, diameter 25391.35714285714.

*** iteration 15, batch size 61, remaining 2017.
>>>>>>>>>>>>>>>>>>>>>>>>>>>>>>>>>>>>>>>>>>>>>>>>>>>>>>>>>>>>>|s
<<<<<<<<<<<<<<<<<<<<<<<<<<<<<<<<<<<<<<<<<<<<<<<<<<<<<<<<<<<<<|
averages: distance 92.16837321163476, diameter 25373.
average of averages: distance 91.93042832219136, diameter 25390.133333333335.

*** iteration 16, batch size 61, remaining 1956.
>>>>>>>>>>>>>>>>>>>>>>>>>>>>>>>>>>>>>>>>>>>>>>>>>>>>>>>>>>>>>|s
<<<<<<<<<<<<<<<<<<<<<<<<<<<<<<<<<<<<<<<<<<<<<<<<<<<<<<<<<<<<<|
averages: distance 92.96037254724472, diameter 25373.
average of averages: distance 91.9947998362572, diameter 25389.0625.

*** iteration 17, batch size 61, remaining 1895.
>>>>>>>>>>>>>>>>>>>>>>>>>>>>>>>>>>>>>>>>>>>>>>>>>>>>>>>>>>>>>|s
<<<<<<<<<<<<<<<<<<<<<<<<<<<<<<<<<<<<<<<<<<<<<<<<<<<<<<<<<<<<<|
averages: distance 89.98036326141079, diameter 25424.
average of averages: distance 91.87630356714858, diameter 25391.117647058825.

*** iteration 18, batch size 61, remaining 1834.
>>>>>>>>>>>>>>>>>>>>>>>>>>>>>>>>>>>>>>>>>>>>>>>>>>>>>>>>>>>>>|s
<<<<<<<<<<<<<<<<<<<<<<<<<<<<<<<<<<<<<<<<<<<<<<<<<<<<<<<<<<<<<|
averages: distance 91.3886080190771, diameter 25371.
average of averages: distance 91.8492093700335, diameter 25390.

*** iteration 19, batch size 61, remaining 1773.
>>>>>>>>>>>>>>>>>>>>>>>>>>>>>>>>>>>>>>>>>>>>>>>>>>>>>>>>>>>>>|s
<<<<<<<<<<<<<<<<<<<<<<<<<<<<<<<<<<<<<<<<<<<<<<<<<<<<<<<<<<<<<|
averages: distance 146.15475729703675, diameter 28549.
average of averages: distance 94.70739610303367, diameter 25556.263157894737.

*** iteration 20, batch size 61, remaining 1712.
>>>>>>>>>>>>>>>>>>>>>>>>>>>>>>>>>>>>>>>>>>>>>>>>>>>>>>>>>>>>>|s
<<<<<<<<<<<<<<<<<<<<<<<<<<<<<<<<<<<<<<<<<<<<<<<<<<<<<<<<<<<<<|
averages: distance 88.86586497697195, diameter 25374.
average of averages: distance 94.41531954673059, diameter 25547.15.

*** iteration 21, batch size 61, remaining 1651.
>>>>>>>>>>>>>>>>>>>>>>>>>>>>>>>>>>>>>>>>>>>>>>>>>>>>>>>>>>>>>|s
<<<<<<<<<<<<<<<<<<<<<<<<<<<<<<<<<<<<<<<<<<<<<<<<<<<<<<<<<<<<<|
averages: distance 91.95913174366443, diameter 25374.
average of averages: distance 94.29835822277505, diameter 25538.904761904763.

*** iteration 22, batch size 61, remaining 1590.
>>>>>>>>>>>>>>>>>>>>>>>>>>>>>>>>>>>>>>>>>>>>>>>>>>>>>>>>>>>>>|s
<<<<<<<<<<<<<<<<<<<<<<<<<<<<<<<<<<<<<<<<<<<<<<<<<<<<<<<<<<<<<|
averages: distance 97.10442460473564, diameter 25370.
average of averages: distance 94.42590669468235, diameter 25531.227272727272.

*** iteration 23, batch size 61, remaining 1529.
>>>>>>>>>>>>>>>>>>>>>>>>>>>>>>>>>>>>>>>>>>>>>>>>>>>>>>>>>>>>>|s
<<<<<<<<<<<<<<<<<<<<<<<<<<<<<<<<<<<<<<<<<<<<<<<<<<<<<<<<<<<<<|
averages: distance 96.44333854612917, diameter 25372.
average of averages: distance 94.51362112300613, diameter 25524.304347826088.

*** iteration 24, batch size 61, remaining 1468.
>>>>>>>>>>>>>>>>>>>>>>>>>>>>>>>>>>>>>>>>>>>>>>>>>>>>>>>>>>>>>|s
<<<<<<<<<<<<<<<<<<<<<<<<<<<<<<<<<<<<<<<<<<<<<<<<<<<<<<<<<<<<<|
averages: distance 91.61018480282785, diameter 25373.
average of averages: distance 94.39264460966537, diameter 25518.

*** iteration 25, batch size 61, remaining 1407.
>>>>>>>>>>>>>>>>>>>>>>>>>>>>>>>>>>>>>>>>>>>>>>>>>>>>>>>>>>>>>|s
<<<<<<<<<<<<<<<<<<<<<<<<<<<<<<<<<<<<<<<<<<<<<<<<<<<<<<<<<<<<<|
averages: distance 96.66531694881353, diameter 25389.
average of averages: distance 94.4835515032313, diameter 25512.84.

*** iteration 26, batch size 61, remaining 1346.
>>>>>>>>>>>>>>>>>>>>>>>>>>>>>>>>>>>>>>>>>>>>>>>>>>>>>>>>>>>>>|s
<<<<<<<<<<<<<<<<<<<<<<<<<<<<<<<<<<<<<<<<<<<<<<<<<<<<<<<<<<<<<|
averages: distance 97.1814823507269, diameter 25576.
average of averages: distance 94.58731807428883, diameter 25515.26923076923.

*** iteration 27, batch size 61, remaining 1285.
>>>>>>>>>>>>>>>>>>>>>>>>>>>>>>>>>>>>>>>>>>>>>>>>>>>>>>>>>>>>>|s
<<<<<<<<<<<<<<<<<<<<<<<<<<<<<<<<<<<<<<<<<<<<<<<<<<<<<<<<<<<<<|
averages: distance 93.28624698239052, diameter 25465.
average of averages: distance 94.53913025607037, diameter 25513.40740740741.

*** iteration 28, batch size 61, remaining 1224.
>>>>>>>>>>>>>>>>>>>>>>>>>>>>>>>>>>>>>>>>>>>>>>>>>>>>>>>>>>>>>|s
<<<<<<<<<<<<<<<<<<<<<<<<<<<<<<<<<<<<<<<<<<<<<<<<<<<<<<<<<<<<<|
averages: distance 91.76705642024955, diameter 25371.
average of averages: distance 94.44012761907676, diameter 25508.321428571428.

*** iteration 29, batch size 61, remaining 1163.
>>>>>>>>>>>>>>>>>>>>>>>>>>>>>>>>>>>>>>>>>>>>>>>>>>>>>>>>>>>>>|s
<<<<<<<<<<<<<<<<<<<<<<<<<<<<<<<<<<<<<<<<<<<<<<<<<<<<<<<<<<<<<|
averages: distance 95.98985636862162, diameter 25372.
average of averages: distance 94.49356654147486, diameter 25503.620689655174.

*** iteration 30, batch size 61, remaining 1102.
>>>>>>>>>>>>>>>>>>>>>>>>>>>>>>>>>>>>>>>>>>>>>>>>>>>>>>>>>>>>>|s
<<<<<<<<<<<<<<<<<<<<<<<<<<<<<<<<<<<<<<<<<<<<<<<<<<<<<<<<<<<<<|
averages: distance 101.89418257831753, diameter 25833.
average of averages: distance 94.74025374270295, diameter 25514.6.

*** iteration 31, batch size 61, remaining 1041.
>>>>>>>>>>>>>>>>>>>>>>>>>>>>>>>>>>>>>>>>>>>>>>>>>>>>>>>>>>>>>|s
<<<<<<<<<<<<<<<<<<<<<<<<<<<<<<<<<<<<<<<<<<<<<<<<<<<<<<<<<<<<<|
averages: distance 93.30977753448603, diameter 25378.
average of averages: distance 94.6941093488895, diameter 25510.1935483871.

*** iteration 32, batch size 61, remaining 980.
>>>>>>>>>>>>>>>>>>>>>>>>>>>>>>>>>>>>>>>>>>>>>>>>>>>>>>>>>>>>>|s
<<<<<<<<<<<<<<<<<<<<<<<<<<<<<<<<<<<<<<<<<<<<<<<<<<<<<<<<<<<<<|
averages: distance 90.37577957607115, diameter 25373.
average of averages: distance 94.55916154348893, diameter 25505.90625.

*** iteration 33, batch size 61, remaining 919.
>>>>>>>>>>>>>>>>>>>>>>>>>>>>>>>>>>>>>>>>>>>>>>>>>>>>>>>>>>>>>|s
<<<<<<<<<<<<<<<<<<<<<<<<<<<<<<<<<<<<<<<<<<<<<<<<<<<<<<<<<<<<<|
averages: distance 90.2848013048906, diameter 25372.
average of averages: distance 94.42963547565262, diameter 25501.848484848484.

*** iteration 34, batch size 61, remaining 858.
>>>>>>>>>>>>>>>>>>>>>>>>>>>>>>>>>>>>>>>>>>>>>>>>>>>>>>>>>>>>>|s
<<<<<<<<<<<<<<<<<<<<<<<<<<<<<<<<<<<<<<<<<<<<<<<<<<<<<<<<<<<<<|
averages: distance 91.79271410220042, diameter 25372.
average of averages: distance 94.35207896466873, diameter 25498.029411764706.

*** iteration 35, batch size 61, remaining 797.
>>>>>>>>>>>>>>>>>>>>>>>>>>>>>>>>>>>>>>>>>>>>>>>>>>>>>>>>>>>>>|s
<<<<<<<<<<<<<<<<<<<<<<<<<<<<<<<<<<<<<<<<<<<<<<<<<<<<<<<<<<<<<|
averages: distance 92.65494943415102, diameter 25373.
average of averages: distance 94.30358954951109, diameter 25494.457142857143.

*** iteration 36, batch size 61, remaining 736.
>>>>>>>>>>>>>>>>>>>>>>>>>>>>>>>>>>>>>>>>>>>>>>>>>>>>>>>>>>>>>|s
<<<<<<<<<<<<<<<<<<<<<<<<<<<<<<<<<<<<<<<<<<<<<<<<<<<<<<<<<<<<<|
averages: distance 93.99906304294356, diameter 25374.
average of averages: distance 94.29513047988421, diameter 25491.11111111111.

*** iteration 37, batch size 61, remaining 675.
>>>>>>>>>>>>>>>>>>>>>>>>>>>>>>>>>>>>>>>>>>>>>>>>>>>>>>>>>>>>>|s
<<<<<<<<<<<<<<<<<<<<<<<<<<<<<<<<<<<<<<<<<<<<<<<<<<<<<<<<<<<<<|
averages: distance 91.82015397790659, diameter 25375.
average of averages: distance 94.228239223074, diameter 25487.972972972973.

*** iteration 38, batch size 61, remaining 614.
>>>>>>>>>>>>>>>>>>>>>>>>>>>>>>>>>>>>>>>>>>>>>>>>>>>>>>>>>>>>>|s
<<<<<<<<<<<<<<<<<<<<<<<<<<<<<<<<<<<<<<<<<<<<<<<<<<<<<<<<<<<<<|
averages: distance 93.92103391119404, diameter 25392.
average of averages: distance 94.22015487276137, diameter 25485.447368421053.

*** iteration 39, batch size 61, remaining 553.
>>>>>>>>>>>>>>>>>>>>>>>>>>>>>>>>>>>>>>>>>>>>>>>>>>>>>>>>>>>>>|s
<<<<<<<<<<<<<<<<<<<<<<<<<<<<<<<<<<<<<<<<<<<<<<<<<<<<<<<<<<<<<|
averages: distance 91.91331151295896, diameter 25371.
average of averages: distance 94.16100504302284, diameter 25482.51282051282.

*** iteration 40, batch size 61, remaining 492.
>>>>>>>>>>>>>>>>>>>>>>>>>>>>>>>>>>>>>>>>>>>>>>>>>>>>>>>>>>>>>|s
<<<<<<<<<<<<<<<<<<<<<<<<<<<<<<<<<<<<<<<<<<<<<<<<<<<<<<<<<<<<<|
averages: distance 90.76637330154838, diameter 25371.
average of averages: distance 94.07613924948598, diameter 25479.725.

*** iteration 41, batch size 61, remaining 431.
>>>>>>>>>>>>>>>>>>>>>>>>>>>>>>>>>>>>>>>>>>>>>>>>>>>>>>>>>>>>>|s
<<<<<<<<<<<<<<<<<<<<<<<<<<<<<<<<<<<<<<<<<<<<<<<<<<<<<<<<<<<<<|
averages: distance 88.48029499353783, diameter 25372.
average of averages: distance 93.93965524324335, diameter 25477.09756097561.

*** iteration 42, batch size 61, remaining 370.
>>>>>>>>>>>>>>>>>>>>>>>>>>>>>>>>>>>>>>>>>>>>>>>>>>>>>>>>>>>>>|s
<<<<<<<<<<<<<<<<<<<<<<<<<<<<<<<<<<<<<<<<<<<<<<<<<<<<<<<<<<<<<|
averages: distance 94.11280561236696, diameter 25373.
average of averages: distance 93.94377787107962, diameter 25474.619047619046.

*** iteration 43, batch size 61, remaining 309.
>>>>>>>>>>>>>>>>>>>>>>>>>>>>>>>>>>>>>>>>>>>>>>>>>>>>>>>>>>>>>|s
<<<<<<<<<<<<<<<<<<<<<<<<<<<<<<<<<<<<<<<<<<<<<<<<<<<<<<<<<<<<<|
averages: distance 95.18464992447215, diameter 25378.
average of averages: distance 93.9726353606934, diameter 25472.372093023256.

*** iteration 44, batch size 61, remaining 248.
>>>>>>>>>>>>>>>>>>>>>>>>>>>>>>>>>>>>>>>>>>>>>>>>>>>>>>>>>>>>>|s
<<<<<<<<<<<<<<<<<<<<<<<<<<<<<<<<<<<<<<<<<<<<<<<<<<<<<<<<<<<<<|
averages: distance 92.91852687298415, diameter 25377.
average of averages: distance 93.9486783496091, diameter 25470.204545454544.

*** iteration 45, batch size 61, remaining 187.
>>>>>>>>>>>>>>>>>>>>>>>>>>>>>>>>>>>>>>>>>>>>>>>>>>>>>>>>>>>>>|s
<<<<<<<<<<<<<<<<<<<<<<<<<<<<<<<<<<<<<<<<<<<<<<<<<<<<<<<<<<<<<|
averages: distance 91.95716469679374, diameter 25371.
average of averages: distance 93.90442249065764, diameter 25468.

*** iteration 46, batch size 61, remaining 126.
>>>>>>>>>>>>>>>>>>>>>>>>>>>>>>>>>>>>>>>>>>>>>>>>>>>>>>>>>>>>>|s
<<<<<<<<<<<<<<<<<<<<<<<<<<<<<<<<<<<<<<<<<<<<<<<<<<<<<<<<<<<<<|
averages: distance 92.72945227902942, diameter 25374.
average of averages: distance 93.87887965997007, diameter 25465.956521739132.

*** iteration 47, batch size 61, remaining 65.
>>>>>>>>>>>>>>>>>>>>>>>>>>>>>>>>>>>>>>>>>>>>>>>>>>>>>>>>>>>>>|s
<<<<<<<<<<<<<<<<<<<<<<<<<<<<<<<<<<<<<<<<<<<<<<<<<<<<<<<<<<<<<|
averages: distance 94.21267214946792, diameter 25374.
average of averages: distance 93.88598162783173, diameter 25464.

*** iteration 48, batch size 61, remaining 4.
>>>>>>>>>>>>>>>>>>>>>>>>>>>>>>>>>>>>>>>>>>>>>>>>>>>>>>>>>>>>>|s
<<<<<<<<<<<<<<<<<<<<<<<<<<<<<<<<<<<<<<<<<<<<<<<<<<<<<<<<<<<<<|
averages: distance 97.80527452815689, diameter 25371.
average of averages: distance 93.96763356325516, diameter 25462.0625.

*** iteration 49, batch size 4, remaining 0.
>>>>|s
<<<<|
averages: distance 94.99845818699974, diameter 25365.
average of averages: distance 93.98867080047444, diameter 25460.081632653062.
