|V| = 1000, |E| = 950, |S| = 250, s = 60.

*** iteration 1, batch size 60, remaining 190.
sampled in 1.087µs
<: 24.447µs | <: 9.672µs | <: 14.628µs | <: 7.45µs | <: 34.27µs | <: 29.613µs | <: 6.873µs | <: 10.342µs | <: 4.24µs | <: 9.898µs | <: 10.087µs | <: 5.043µs | <: 12.477µs | <: 3.048µs | <: 11.18µs | <: 6.331µs | <: 4.655µs | <: 9.746µs | <: 5.813µs | <: 11µs | <: 9.075µs | <: 3.39µs | <: 3.304µs | <: 4.817µs | <: 6.729µs | <: 2.353µs | <: 5.844µs | <: 1.92µs | <: 16.328µs | <: 2.999µs | <: 4.077µs | <: 4.485µs | <: 3.322µs | <: 9.192µs | <: 3.456µs | <: 7.008µs | <: 8.941µs | <: 4.98µs | <: 2.688µs | <: 4.157µs | <: 2.602µs | <: 5.583µs | <: 15.403µs | <: 9.121µs | <: 2.633µs | <: 5.18µs | <: 4.75µs | <: 6.53µs | <: 2.122µs | <: 3.512µs | <: 2.18µs | <: 12.485µs | <: 4.46µs | <: 4.26µs | <: 2.035µs | <: 2.797µs | <: 2.155µs | <: 3.039µs | <: 7.814µs | <: 7.391µs | bfses in 5.260676ms

averages: distance 3.765, diameter 13.000.
average of averages: distance 3.765, diameter 13.000.

*** iteration 2, batch size 60, remaining 130.
sampled in 977ns
<: 3.782µs | <: 5.169µs | <: 2.926µs | <: 6.261µs | <: 6.308µs | <: 4.298µs | <: 2.432µs | <: 4.49µs | <: 12.103µs | <: 3.276µs | <: 2.238µs | <: 3.956µs | <: 8.447µs | <: 3.033µs | <: 4.213µs | <: 8.503µs | <: 4.947µs | <: 6.18µs | <: 13.728µs | <: 7.187µs | <: 5.402µs | <: 3.936µs | <: 5.948µs | <: 2.788µs | <: 2.791µs | <: 4.919µs | <: 6.385µs | <: 17.065µs | <: 23.815µs | <: 3.071µs | <: 9.392µs | <: 2.109µs | <: 2.209µs | <: 2.67µs | <: 5.12µs | <: 2.851µs | <: 2.4µs | <: 3.205µs | <: 2.55µs | <: 2.91µs | <: 2.073µs | <: 3.618µs | <: 13.876µs | <: 2.864µs | <: 1.031µs | <: 2.124µs | <: 1.313µs | <: 2.921µs | <: 1.692µs | <: 1.221µs | <: 3.221µs | <: 711ns | <: 1.344µs | <: 2.818µs | <: 3.644µs | <: 3.38µs | <: 4.396µs | <: 4.342µs | <: 3.118µs | <: 3.214µs | bfses in 5.100403ms

averages: distance 3.348, diameter 11.000.
average of averages: distance 3.556, diameter 12.000.

*** iteration 3, batch size 60, remaining 70.
sampled in 4.621µs
<: 2.485µs | <: 20.962µs | <: 4.141µs | <: 2.404µs | <: 3.579µs | <: 6.614µs | <: 3.958µs | <: 2.446µs | <: 2.395µs | <: 4.771µs | <: 2.261µs | <: 6.271µs | <: 2.598µs | <: 2.285µs | <: 2.029µs | <: 2.369µs | <: 4.918µs | <: 4.761µs | <: 2.454µs | <: 3.892µs | <: 3.763µs | <: 4.184µs | <: 3.539µs | <: 2.41µs | <: 8.436µs | <: 3.722µs | <: 2.175µs | <: 11.246µs | <: 6.025µs | <: 7.043µs | <: 2.484µs | <: 10.366µs | <: 876ns | <: 4.25µs | <: 2.311µs | <: 2.219µs | <: 2.982µs | <: 9.053µs | <: 3.283µs | <: 1.962µs | <: 4.33µs | <: 2.496µs | <: 4.916µs | <: 4.043µs | <: 2.28µs | <: 2.135µs | <: 2.159µs | <: 2.097µs | <: 15.901µs | <: 5.629µs | <: 1.991µs | <: 2.625µs | <: 7.594µs | <: 4.791µs | <: 2.294µs | <: 2.912µs | <: 2.221µs | <: 4.457µs | <: 1.98µs | <: 9.426µs | bfses in 5.114969ms

averages: distance 3.546, diameter 10.000.
average of averages: distance 3.553, diameter 11.333.

*** iteration 4, batch size 60, remaining 10.
sampled in 4.21µs
<: 2.398µs | <: 6.194µs | <: 6.339µs | <: 2µs | <: 2.368µs | <: 3.408µs | <: 4.176µs | <: 9.542µs | <: 2.504µs | <: 2.758µs | <: 8.981µs | <: 3.127µs | <: 5.531µs | <: 2.091µs | <: 3.394µs | <: 3.282µs | <: 1.97µs | <: 2.584µs | <: 6.275µs | <: 2.321µs | <: 2.761µs | <: 2.158µs | <: 5.523µs | <: 2.717µs | <: 3.027µs | <: 4.465µs | <: 2.872µs | <: 2.822µs | <: 6.525µs | <: 2.044µs | <: 17.013µs | <: 7.661µs | <: 3.316µs | <: 2.005µs | <: 2.105µs | <: 5.729µs | <: 2.755µs | <: 3.068µs | <: 1.889µs | <: 2.115µs | <: 3.413µs | <: 2.153µs | <: 2.195µs | <: 2.209µs | <: 10.078µs | <: 2.21µs | <: 7.819µs | <: 5.549µs | <: 3.081µs | <: 6.216µs | <: 2.286µs | <: 2.676µs | <: 2.028µs | <: 3.329µs | <: 2.958µs | <: 2.418µs | <: 5.026µs | <: 5.498µs | <: 2.886µs | <: 11.617µs | bfses in 4.349602ms

averages: distance 3.748, diameter 11.000.
average of averages: distance 3.602, diameter 11.250.

*** iteration 5, batch size 10, remaining 0.
sampled in 348ns
<: 3.657µs | <: 3.752µs | <: 2.206µs | <: 17.282µs | <: 11.044µs | <: 21.65µs | <: 2.716µs | <: 12.764µs | <: 3.64µs | <: 8.024µs | bfses in 574.819µs

averages: distance 4.392, diameter 11.000.
average of averages: distance 3.760, diameter 11.200.

Total time: 20.534385ms
