|V| = 1000, |E| = 950, |S| = 997, s = 60.

*** iteration 1, batch size 60, remaining 937.
<<<<<<<<<<<<<<<<<<<<<<<<<<<<<<<<<<<<<<<<<<<<<<<<<<<<<<<<<<<<|
averages: distance 3.0654205607476634, diameter 11.
average of averages: distance 3.0654205607476634, diameter 11.

*** iteration 2, batch size 60, remaining 877.
<<<<<<<<<<<<<<<<<<<<<<<<<<<<<<<<<<<<<<<<<<<<<<<<<<<<<<<<<<<<|
averages: distance 3.56047197640118, diameter 12.
average of averages: distance 3.3129462685744215, diameter 11.5.

*** iteration 3, batch size 60, remaining 817.
<<<<<<<<<<<<<<<<<<<<<<<<<<<<<<<<<<<<<<<<<<<<<<<<<<<<<<<<<<<<|
averages: distance 2.900523560209424, diameter 9.
average of averages: distance 3.1754720324527557, diameter 10.666666666666666.

*** iteration 4, batch size 60, remaining 757.
<<<<<<<<<<<<<<<<<<<<<<<<<<<<<<<<<<<<<<<<<<<<<<<<<<<<<<<<<<<<|
averages: distance 3.7222222222222223, diameter 12.
average of averages: distance 3.3121595798951224, diameter 11.

*** iteration 5, batch size 60, remaining 697.
<<<<<<<<<<<<<<<<<<<<<<<<<<<<<<<<<<<<<<<<<<<<<<<<<<<<<<<<<<<<|
averages: distance 4.095022624434389, diameter 13.
average of averages: distance 3.4687321888029756, diameter 11.4.

*** iteration 6, batch size 60, remaining 637.
<<<<<<<<<<<<<<<<<<<<<<<<<<<<<<<<<<<<<<<<<<<<<<<<<<<<<<<<<<<<|
averages: distance 3.7401315789473686, diameter 12.
average of averages: distance 3.513965420493708, diameter 11.5.

*** iteration 7, batch size 60, remaining 577.
<<<<<<<<<<<<<<<<<<<<<<<<<<<<<<<<<<<<<<<<<<<<<<<<<<<<<<<<<<<<|
averages: distance 3.383050847457627, diameter 12.
average of averages: distance 3.495263338631411, diameter 11.571428571428571.

*** iteration 8, batch size 60, remaining 517.
<<<<<<<<<<<<<<<<<<<<<<<<<<<<<<<<<<<<<<<<<<<<<<<<<<<<<<<<<<<<|
averages: distance 3.395189003436426, diameter 11.
average of averages: distance 3.4827540467320377, diameter 11.5.

*** iteration 9, batch size 60, remaining 457.
<<<<<<<<<<<<<<<<<<<<<<<<<<<<<<<<<<<<<<<<<<<<<<<<<<<<<<<<<<<<|
averages: distance 3.5401785714285716, diameter 12.
average of averages: distance 3.489134549476097, diameter 11.555555555555555.

*** iteration 10, batch size 60, remaining 397.
<<<<<<<<<<<<<<<<<<<<<<<<<<<<<<<<<<<<<<<<<<<<<<<<<<<<<<<<<<<<|
averages: distance 3.811320754716981, diameter 12.
average of averages: distance 3.521353170000186, diameter 11.6.

*** iteration 11, batch size 60, remaining 337.
<<<<<<<<<<<<<<<<<<<<<<<<<<<<<<<<<<<<<<<<<<<<<<<<<<<<<<<<<<<<|
averages: distance 3.5733333333333333, diameter 11.
average of averages: distance 3.526078639394108, diameter 11.545454545454545.

*** iteration 12, batch size 60, remaining 277.
<<<<<<<<<<<<<<<<<<<<<<<<<<<<<<<<<<<<<<<<<<<<<<<<<<<<<<<<<<<<|
averages: distance 4.125984251968504, diameter 13.
average of averages: distance 3.576070773775308, diameter 11.666666666666666.

*** iteration 13, batch size 60, remaining 217.
<<<<<<<<<<<<<<<<<<<<<<<<<<<<<<<<<<<<<<<<<<<<<<<<<<<<<<<<<<<<|
averages: distance 4.025936599423631, diameter 13.
average of averages: distance 3.6106758372867174, diameter 11.76923076923077.

*** iteration 14, batch size 60, remaining 157.
<<<<<<<<<<<<<<<<<<<<<<<<<<<<<<<<<<<<<<<<<<<<<<<<<<<<<<<<<<<<|
averages: distance 3.3346303501945527, diameter 11.
average of averages: distance 3.59095830249442, diameter 11.714285714285714.

*** iteration 15, batch size 60, remaining 97.
<<<<<<<<<<<<<<<<<<<<<<<<<<<<<<<<<<<<<<<<<<<<<<<<<<<<<<<<<<<<|
averages: distance 4.101190476190476, diameter 13.
average of averages: distance 3.6249737807408233, diameter 11.8.

*** iteration 16, batch size 60, remaining 37.
<<<<<<<<<<<<<<<<<<<<<<<<<<<<<<<<<<<<<<<<<<<<<<<<<<<<<<<<<<<<|
averages: distance 3.5235849056603774, diameter 11.
average of averages: distance 3.6186369760482955, diameter 11.75.

*** iteration 17, batch size 37, remaining 0.
<<<<<<<<<<<<<<<<<<<<<<<<<<<<<<<<<<<<<|
averages: distance 3.4662576687116564, diameter 11.
average of averages: distance 3.6096734873814342, diameter 11.705882352941176.
