|V| = 2000, |E| = 4006, |S| = 275, s = 1.

*** iteration 1, batch size 1, remaining 274.
sampled in 1.383µs
<: 680.734µs | bfses in 982.578µs

averages: distance 11.351, diameter 17.000.
average of averages: distance 11.351, diameter 17.000.

*** iteration 2, batch size 1, remaining 273.
sampled in 133ns
<: 627.614µs | bfses in 824.432µs

averages: distance 12.846, diameter 20.000.
average of averages: distance 12.099, diameter 18.500.

*** iteration 3, batch size 1, remaining 272.
sampled in 74ns
<: 622.358µs | bfses in 818.548µs

averages: distance 8.377, diameter 15.000.
average of averages: distance 10.858, diameter 17.333.

*** iteration 4, batch size 1, remaining 271.
sampled in 57ns
<: 7.31µs | bfses in 190.615µs

averages: distance 1.000, diameter 1.000.
average of averages: distance 8.393, diameter 13.250.

*** iteration 5, batch size 1, remaining 270.
sampled in 55ns
<: 624.021µs | bfses in 816.545µs

averages: distance 9.862, diameter 17.000.
average of averages: distance 8.687, diameter 14.000.

*** iteration 6, batch size 1, remaining 269.
sampled in 58ns
<: 4.527µs | bfses in 94.529µs
average of averages: distance 8.687, diameter 14.000.

*** iteration 7, batch size 1, remaining 268.
sampled in 48ns
<: 629.405µs | bfses in 731.468µs

averages: distance 9.707, diameter 17.000.
average of averages: distance 8.857, diameter 14.500.

*** iteration 8, batch size 1, remaining 267.
sampled in 58ns
<: 663.187µs | bfses in 878.865µs

averages: distance 9.436, diameter 17.000.
average of averages: distance 8.940, diameter 14.857.

*** iteration 9, batch size 1, remaining 266.
sampled in 214ns
<: 646.092µs | bfses in 865.864µs

averages: distance 8.769, diameter 17.000.
average of averages: distance 8.918, diameter 15.125.

*** iteration 10, batch size 1, remaining 265.
sampled in 58ns
<: 648.827µs | bfses in 843.177µs

averages: distance 13.302, diameter 20.000.
average of averages: distance 9.406, diameter 15.667.

*** iteration 11, batch size 1, remaining 264.
sampled in 58ns
<: 3.557µs | bfses in 78.008µs
average of averages: distance 9.406, diameter 15.667.

*** iteration 12, batch size 1, remaining 263.
sampled in 51ns
<: 644.931µs | bfses in 835.413µs

averages: distance 10.352, diameter 18.000.
average of averages: distance 9.500, diameter 15.900.

*** iteration 13, batch size 1, remaining 262.
sampled in 71ns
<: 627.182µs | bfses in 812.261µs

averages: distance 10.381, diameter 18.000.
average of averages: distance 9.580, diameter 16.091.

*** iteration 14, batch size 1, remaining 261.
sampled in 58ns
<: 9.762µs | bfses in 220.827µs
average of averages: distance 9.580, diameter 16.091.

*** iteration 15, batch size 1, remaining 260.
sampled in 237ns
<: 644.532µs | bfses in 857.798µs

averages: distance 10.151, diameter 18.000.
average of averages: distance 9.628, diameter 16.250.

*** iteration 16, batch size 1, remaining 259.
sampled in 65ns
<: 626.893µs | bfses in 813.052µs

averages: distance 9.093, diameter 16.000.
average of averages: distance 9.587, diameter 16.231.

*** iteration 17, batch size 1, remaining 258.
sampled in 58ns
<: 624.062µs | bfses in 819.225µs

averages: distance 10.361, diameter 17.000.
average of averages: distance 9.642, diameter 16.286.

*** iteration 18, batch size 1, remaining 257.
sampled in 59ns
<: 625.699µs | bfses in 709.781µs

averages: distance 9.920, diameter 16.000.
average of averages: distance 9.660, diameter 16.267.

*** iteration 19, batch size 1, remaining 256.
sampled in 59ns
<: 648.433µs | bfses in 842.811µs

averages: distance 9.819, diameter 18.000.
average of averages: distance 9.670, diameter 16.375.

*** iteration 20, batch size 1, remaining 255.
sampled in 58ns
<: 615.563µs | bfses in 728.376µs

averages: distance 10.975, diameter 18.000.
average of averages: distance 9.747, diameter 16.471.

*** iteration 21, batch size 1, remaining 254.
sampled in 68ns
<: 4.386µs | bfses in 96.821µs
average of averages: distance 9.747, diameter 16.471.

*** iteration 22, batch size 1, remaining 253.
sampled in 50ns
<: 629.051µs | bfses in 831.792µs

averages: distance 13.699, diameter 21.000.
average of averages: distance 9.967, diameter 16.722.

*** iteration 23, batch size 1, remaining 252.
sampled in 60ns
<: 637.887µs | bfses in 856.152µs

averages: distance 12.032, diameter 19.000.
average of averages: distance 10.075, diameter 16.842.

*** iteration 24, batch size 1, remaining 251.
sampled in 241ns
<: 7.788µs | bfses in 253.455µs

averages: distance 1.000, diameter 1.000.
average of averages: distance 9.622, diameter 16.050.

*** iteration 25, batch size 1, remaining 250.
sampled in 64ns
<: 6.229µs | bfses in 192.728µs
average of averages: distance 9.622, diameter 16.050.

*** iteration 26, batch size 1, remaining 249.
sampled in 86ns
<: 646.754µs | bfses in 844.072µs

averages: distance 8.971, diameter 16.000.
average of averages: distance 9.591, diameter 16.048.

*** iteration 27, batch size 1, remaining 248.
sampled in 104ns
<: 624.034µs | bfses in 722.412µs

averages: distance 8.599, diameter 17.000.
average of averages: distance 9.546, diameter 16.091.

*** iteration 28, batch size 1, remaining 247.
sampled in 86ns
<: 626.069µs | bfses in 830.894µs

averages: distance 9.929, diameter 17.000.
average of averages: distance 9.562, diameter 16.130.

*** iteration 29, batch size 1, remaining 246.
sampled in 94ns
<: 644.132µs | bfses in 842.002µs

averages: distance 8.720, diameter 16.000.
average of averages: distance 9.527, diameter 16.125.

*** iteration 30, batch size 1, remaining 245.
sampled in 94ns
<: 4.814µs | bfses in 84.939µs

averages: distance 1.000, diameter 1.000.
average of averages: distance 9.186, diameter 15.520.

*** iteration 31, batch size 1, remaining 244.
sampled in 86ns
<: 379.453µs | bfses in 534.996µs

averages: distance 8.749, diameter 15.000.
average of averages: distance 9.169, diameter 15.500.

*** iteration 32, batch size 1, remaining 243.
sampled in 497ns
<: 651.657µs | bfses in 850.271µs

averages: distance 8.899, diameter 16.000.
average of averages: distance 9.159, diameter 15.519.

*** iteration 33, batch size 1, remaining 242.
sampled in 97ns
<: 625.329µs | bfses in 815.409µs

averages: distance 11.743, diameter 18.000.
average of averages: distance 9.252, diameter 15.607.

*** iteration 34, batch size 1, remaining 241.
sampled in 96ns
<: 625.121µs | bfses in 828.313µs

averages: distance 11.376, diameter 19.000.
average of averages: distance 9.325, diameter 15.724.

*** iteration 35, batch size 1, remaining 240.
sampled in 96ns
<: 634.146µs | bfses in 739.857µs

averages: distance 9.670, diameter 17.000.
average of averages: distance 9.336, diameter 15.767.

*** iteration 36, batch size 1, remaining 239.
sampled in 88ns
<: 626.878µs | bfses in 719.819µs

averages: distance 11.460, diameter 19.000.
average of averages: distance 9.405, diameter 15.871.

*** iteration 37, batch size 1, remaining 238.
sampled in 86ns
<: 615.687µs | bfses in 716.207µs

averages: distance 9.183, diameter 16.000.
average of averages: distance 9.398, diameter 15.875.

*** iteration 38, batch size 1, remaining 237.
sampled in 87ns
<: 627.559µs | bfses in 852.659µs

averages: distance 9.509, diameter 16.000.
average of averages: distance 9.401, diameter 15.879.

*** iteration 39, batch size 1, remaining 236.
sampled in 95ns
<: 630.501µs | bfses in 866.139µs

averages: distance 13.694, diameter 20.000.
average of averages: distance 9.527, diameter 16.000.

*** iteration 40, batch size 1, remaining 235.
sampled in 85ns
<: 641.711µs | bfses in 901.339µs

averages: distance 9.586, diameter 18.000.
average of averages: distance 9.529, diameter 16.057.

*** iteration 41, batch size 1, remaining 234.
sampled in 516ns
<: 653.039µs | bfses in 900.127µs

averages: distance 8.298, diameter 15.000.
average of averages: distance 9.495, diameter 16.028.

*** iteration 42, batch size 1, remaining 233.
sampled in 204ns
<: 649.722µs | bfses in 922.236µs

averages: distance 11.315, diameter 18.000.
average of averages: distance 9.544, diameter 16.081.

*** iteration 43, batch size 1, remaining 232.
sampled in 214ns
<: 6.379µs | bfses in 251.357µs
average of averages: distance 9.544, diameter 16.081.

*** iteration 44, batch size 1, remaining 231.
sampled in 242ns
<: 9.213µs | bfses in 227.431µs

averages: distance 2.500, diameter 4.000.
average of averages: distance 9.359, diameter 15.763.

*** iteration 45, batch size 1, remaining 230.
sampled in 206ns
<: 633.771µs | bfses in 844.993µs

averages: distance 13.177, diameter 21.000.
average of averages: distance 9.457, diameter 15.897.

*** iteration 46, batch size 1, remaining 229.
sampled in 500ns
<: 624.287µs | bfses in 909.005µs

averages: distance 11.101, diameter 19.000.
average of averages: distance 9.498, diameter 15.975.

*** iteration 47, batch size 1, remaining 228.
sampled in 494ns
<: 624.511µs | bfses in 909.635µs

averages: distance 12.066, diameter 19.000.
average of averages: distance 9.560, diameter 16.049.

*** iteration 48, batch size 1, remaining 227.
sampled in 518ns
<: 644.656µs | bfses in 916.266µs

averages: distance 10.625, diameter 18.000.
average of averages: distance 9.586, diameter 16.095.

*** iteration 49, batch size 1, remaining 226.
sampled in 526ns
<: 644.387µs | bfses in 923.524µs

averages: distance 11.020, diameter 19.000.
average of averages: distance 9.619, diameter 16.163.

*** iteration 50, batch size 1, remaining 225.
sampled in 498ns
<: 6.253µs | bfses in 215.819µs
average of averages: distance 9.619, diameter 16.163.

*** iteration 51, batch size 1, remaining 224.
sampled in 160ns
<: 626.756µs | bfses in 886.705µs

averages: distance 13.247, diameter 21.000.
average of averages: distance 9.702, diameter 16.273.

*** iteration 52, batch size 1, remaining 223.
sampled in 515ns
<: 625.742µs | bfses in 924.913µs

averages: distance 12.385, diameter 20.000.
average of averages: distance 9.761, diameter 16.356.

*** iteration 53, batch size 1, remaining 222.
sampled in 484ns
<: 7.848µs | bfses in 226.525µs

averages: distance 1.500, diameter 2.000.
average of averages: distance 9.582, diameter 16.043.

*** iteration 54, batch size 1, remaining 221.
sampled in 187ns
<: 628.667µs | bfses in 881.413µs

averages: distance 7.995, diameter 15.000.
average of averages: distance 9.548, diameter 16.021.

*** iteration 55, batch size 1, remaining 220.
sampled in 489ns
<: 630.03µs | bfses in 918.197µs

averages: distance 10.173, diameter 18.000.
average of averages: distance 9.561, diameter 16.062.

*** iteration 56, batch size 1, remaining 219.
sampled in 646ns
<: 631.298µs | bfses in 926.807µs

averages: distance 10.426, diameter 19.000.
average of averages: distance 9.579, diameter 16.122.

*** iteration 57, batch size 1, remaining 218.
sampled in 671ns
<: 7.323µs | bfses in 257.387µs

averages: distance 1.000, diameter 1.000.
average of averages: distance 9.407, diameter 15.820.

*** iteration 58, batch size 1, remaining 217.
sampled in 236ns
<: 621.596µs | bfses in 835.708µs

averages: distance 11.186, diameter 18.000.
average of averages: distance 9.442, diameter 15.863.

*** iteration 59, batch size 1, remaining 216.
sampled in 684ns
<: 9.52µs | bfses in 241.862µs

averages: distance 1.500, diameter 2.000.
average of averages: distance 9.289, diameter 15.596.

*** iteration 60, batch size 1, remaining 215.
sampled in 218ns
<: 6.389µs | bfses in 216.015µs
average of averages: distance 9.289, diameter 15.596.

*** iteration 61, batch size 1, remaining 214.
sampled in 185ns
<: 6.33µs | bfses in 236.258µs
average of averages: distance 9.289, diameter 15.596.

*** iteration 62, batch size 1, remaining 213.
sampled in 192ns
<: 6.185µs | bfses in 231.362µs
average of averages: distance 9.289, diameter 15.596.

*** iteration 63, batch size 1, remaining 212.
sampled in 755ns
<: 626.672µs | bfses in 900.962µs

averages: distance 11.122, diameter 19.000.
average of averages: distance 9.324, diameter 15.660.

*** iteration 64, batch size 1, remaining 211.
sampled in 679ns
<: 630.684µs | bfses in 961.914µs

averages: distance 9.069, diameter 17.000.
average of averages: distance 9.319, diameter 15.685.

*** iteration 65, batch size 1, remaining 210.
sampled in 691ns
<: 6.711µs | bfses in 236.051µs
average of averages: distance 9.319, diameter 15.685.

*** iteration 66, batch size 1, remaining 209.
sampled in 200ns
<: 6.334µs | bfses in 159.742µs
average of averages: distance 9.319, diameter 15.685.

*** iteration 67, batch size 1, remaining 208.
sampled in 193ns
<: 638.949µs | bfses in 799.475µs

averages: distance 11.043, diameter 18.000.
average of averages: distance 9.350, diameter 15.727.

*** iteration 68, batch size 1, remaining 207.
sampled in 174ns
<: 629.691µs | bfses in 843.322µs

averages: distance 11.359, diameter 19.000.
average of averages: distance 9.386, diameter 15.786.

*** iteration 69, batch size 1, remaining 206.
sampled in 648ns
<: 629.138µs | bfses in 863.326µs

averages: distance 11.220, diameter 18.000.
average of averages: distance 9.418, diameter 15.825.

*** iteration 70, batch size 1, remaining 205.
sampled in 651ns
<: 628.49µs | bfses in 895.829µs

averages: distance 10.842, diameter 18.000.
average of averages: distance 9.443, diameter 15.862.

*** iteration 71, batch size 1, remaining 204.
sampled in 820ns
<: 623.268µs | bfses in 928.261µs

averages: distance 10.516, diameter 18.000.
average of averages: distance 9.461, diameter 15.898.

*** iteration 72, batch size 1, remaining 203.
sampled in 880ns
<: 621.581µs | bfses in 986.779µs

averages: distance 9.032, diameter 16.000.
average of averages: distance 9.454, diameter 15.900.

*** iteration 73, batch size 1, remaining 202.
sampled in 875ns
<: 644.452µs | bfses in 960.214µs

averages: distance 11.903, diameter 18.000.
average of averages: distance 9.494, diameter 15.934.

*** iteration 74, batch size 1, remaining 201.
sampled in 872ns
<: 629.806µs | bfses in 963.472µs

averages: distance 13.357, diameter 21.000.
average of averages: distance 9.556, diameter 16.016.

*** iteration 75, batch size 1, remaining 200.
sampled in 827ns
<: 630.757µs | bfses in 941.454µs

averages: distance 10.236, diameter 18.000.
average of averages: distance 9.567, diameter 16.048.

*** iteration 76, batch size 1, remaining 199.
sampled in 849ns
<: 629.429µs | bfses in 987.119µs

averages: distance 9.436, diameter 17.000.
average of averages: distance 9.565, diameter 16.062.

*** iteration 77, batch size 1, remaining 198.
sampled in 817ns
<: 633.317µs | bfses in 936.847µs

averages: distance 12.318, diameter 20.000.
average of averages: distance 9.608, diameter 16.123.

*** iteration 78, batch size 1, remaining 197.
sampled in 795ns
<: 628.355µs | bfses in 966.991µs

averages: distance 7.995, diameter 15.000.
average of averages: distance 9.583, diameter 16.106.

*** iteration 79, batch size 1, remaining 196.
sampled in 832ns
<: 625.837µs | bfses in 959.298µs

averages: distance 10.917, diameter 18.000.
average of averages: distance 9.603, diameter 16.134.

*** iteration 80, batch size 1, remaining 195.
sampled in 838ns
<: 6.552µs | bfses in 282.627µs
average of averages: distance 9.603, diameter 16.134.

*** iteration 81, batch size 1, remaining 194.
sampled in 307ns
<: 645.574µs | bfses in 939.503µs

averages: distance 13.260, diameter 22.000.
average of averages: distance 9.657, diameter 16.221.

*** iteration 82, batch size 1, remaining 193.
sampled in 827ns
<: 625.399µs | bfses in 888.914µs

averages: distance 11.287, diameter 19.000.
average of averages: distance 9.680, diameter 16.261.

*** iteration 83, batch size 1, remaining 192.
sampled in 817ns
<: 8.152µs | bfses in 202.226µs

averages: distance 1.500, diameter 2.000.
average of averages: distance 9.564, diameter 16.057.

*** iteration 84, batch size 1, remaining 191.
sampled in 244ns
<: 6.462µs | bfses in 226.933µs
average of averages: distance 9.564, diameter 16.057.

*** iteration 85, batch size 1, remaining 190.
sampled in 247ns
<: 662.559µs | bfses in 966.315µs

averages: distance 10.301, diameter 17.000.
average of averages: distance 9.574, diameter 16.070.

*** iteration 86, batch size 1, remaining 189.
sampled in 828ns
<: 6.449µs | bfses in 251.235µs
average of averages: distance 9.574, diameter 16.070.

*** iteration 87, batch size 1, remaining 188.
sampled in 521ns
<: 630.025µs | bfses in 953.308µs

averages: distance 10.921, diameter 17.000.
average of averages: distance 9.593, diameter 16.083.

*** iteration 88, batch size 1, remaining 187.
sampled in 850ns
<: 625.72µs | bfses in 928.964µs

averages: distance 10.254, diameter 18.000.
average of averages: distance 9.602, diameter 16.110.

*** iteration 89, batch size 1, remaining 186.
sampled in 875ns
<: 630.936µs | bfses in 951.129µs

averages: distance 9.866, diameter 17.000.
average of averages: distance 9.605, diameter 16.122.

*** iteration 90, batch size 1, remaining 185.
sampled in 805ns
<: 625.472µs | bfses in 949.586µs

averages: distance 9.292, diameter 16.000.
average of averages: distance 9.601, diameter 16.120.

*** iteration 91, batch size 1, remaining 184.
sampled in 842ns
<: 6.733µs | bfses in 266.181µs
average of averages: distance 9.601, diameter 16.120.

*** iteration 92, batch size 1, remaining 183.
sampled in 321ns
<: 624.044µs | bfses in 861.895µs

averages: distance 8.048, diameter 16.000.
average of averages: distance 9.581, diameter 16.118.

*** iteration 93, batch size 1, remaining 182.
sampled in 822ns
<: 625.473µs | bfses in 880.86µs

averages: distance 10.980, diameter 19.000.
average of averages: distance 9.599, diameter 16.156.

*** iteration 94, batch size 1, remaining 181.
sampled in 1.588µs
<: 625.396µs | bfses in 887.381µs

averages: distance 9.532, diameter 19.000.
average of averages: distance 9.598, diameter 16.192.

*** iteration 95, batch size 1, remaining 180.
sampled in 863ns
<: 629.977µs | bfses in 957.557µs

averages: distance 11.427, diameter 19.000.
average of averages: distance 9.621, diameter 16.228.

*** iteration 96, batch size 1, remaining 179.
sampled in 862ns
<: 626.718µs | bfses in 928.993µs

averages: distance 10.308, diameter 18.000.
average of averages: distance 9.630, diameter 16.250.

*** iteration 97, batch size 1, remaining 178.
sampled in 882ns
<: 642.562µs | bfses in 959.586µs

averages: distance 9.704, diameter 17.000.
average of averages: distance 9.631, diameter 16.259.

*** iteration 98, batch size 1, remaining 177.
sampled in 852ns
<: 6.517µs | bfses in 273.224µs
average of averages: distance 9.631, diameter 16.259.

*** iteration 99, batch size 1, remaining 176.
sampled in 231ns
<: 647.223µs | bfses in 948.844µs

averages: distance 9.962, diameter 18.000.
average of averages: distance 9.635, diameter 16.280.

*** iteration 100, batch size 1, remaining 175.
sampled in 844ns
<: 637.557µs | bfses in 895.934µs

averages: distance 9.513, diameter 16.000.
average of averages: distance 9.633, diameter 16.277.

*** iteration 101, batch size 1, remaining 174.
sampled in 879ns
<: 6.553µs | bfses in 256.891µs
average of averages: distance 9.633, diameter 16.277.

*** iteration 102, batch size 1, remaining 173.
sampled in 362ns
<: 652.443µs | bfses in 949.359µs

averages: distance 12.354, diameter 20.000.
average of averages: distance 9.666, diameter 16.321.

*** iteration 103, batch size 1, remaining 172.
sampled in 885ns
<: 654.105µs | bfses in 989.434µs

averages: distance 12.231, diameter 20.000.
average of averages: distance 9.696, diameter 16.365.

*** iteration 104, batch size 1, remaining 171.
sampled in 858ns
<: 650.538µs | bfses in 984.868µs

averages: distance 9.866, diameter 19.000.
average of averages: distance 9.698, diameter 16.395.

*** iteration 105, batch size 1, remaining 170.
sampled in 889ns
<: 644.606µs | bfses in 1.022033ms

averages: distance 9.473, diameter 18.000.
average of averages: distance 9.695, diameter 16.414.

*** iteration 106, batch size 1, remaining 169.
sampled in 896ns
<: 647.287µs | bfses in 967.08µs

averages: distance 9.869, diameter 16.000.
average of averages: distance 9.697, diameter 16.409.

*** iteration 107, batch size 1, remaining 168.
sampled in 892ns
<: 648.088µs | bfses in 960.342µs

averages: distance 9.234, diameter 16.000.
average of averages: distance 9.692, diameter 16.404.

*** iteration 108, batch size 1, remaining 167.
sampled in 896ns
<: 643.281µs | bfses in 976.245µs

averages: distance 9.744, diameter 17.000.
average of averages: distance 9.693, diameter 16.411.

*** iteration 109, batch size 1, remaining 166.
sampled in 861ns
<: 6.655µs | bfses in 258.31µs
average of averages: distance 9.693, diameter 16.411.

*** iteration 110, batch size 1, remaining 165.
sampled in 344ns
<: 630.61µs | bfses in 931.181µs

averages: distance 9.983, diameter 18.000.
average of averages: distance 9.696, diameter 16.429.

*** iteration 111, batch size 1, remaining 164.
sampled in 882ns
<: 630.532µs | bfses in 960.535µs

averages: distance 8.993, diameter 16.000.
average of averages: distance 9.688, diameter 16.424.

*** iteration 112, batch size 1, remaining 163.
sampled in 864ns
<: 627.128µs | bfses in 948.102µs

averages: distance 10.852, diameter 17.000.
average of averages: distance 9.701, diameter 16.430.

*** iteration 113, batch size 1, remaining 162.
sampled in 911ns
<: 10.966µs | bfses in 271.136µs

averages: distance 1.833, diameter 3.000.
average of averages: distance 9.617, diameter 16.287.

*** iteration 114, batch size 1, remaining 161.
sampled in 366ns
<: 622.51µs | bfses in 862.118µs

averages: distance 9.617, diameter 17.000.
average of averages: distance 9.617, diameter 16.295.

*** iteration 115, batch size 1, remaining 160.
sampled in 857ns
<: 630.653µs | bfses in 929.364µs

averages: distance 8.503, diameter 16.000.
average of averages: distance 9.605, diameter 16.292.

*** iteration 116, batch size 1, remaining 159.
sampled in 892ns
<: 626.118µs | bfses in 941.143µs

averages: distance 12.060, diameter 21.000.
average of averages: distance 9.631, diameter 16.340.

*** iteration 117, batch size 1, remaining 158.
sampled in 842ns
<: 615.155µs | bfses in 841.564µs

averages: distance 9.900, diameter 18.000.
average of averages: distance 9.633, diameter 16.357.

*** iteration 118, batch size 1, remaining 157.
sampled in 860ns
<: 629.133µs | bfses in 983.8µs

averages: distance 9.429, diameter 16.000.
average of averages: distance 9.631, diameter 16.354.

*** iteration 119, batch size 1, remaining 156.
sampled in 902ns
<: 6.472µs | bfses in 282.313µs
average of averages: distance 9.631, diameter 16.354.

*** iteration 120, batch size 1, remaining 155.
sampled in 354ns
<: 638.217µs | bfses in 881.698µs

averages: distance 11.802, diameter 19.000.
average of averages: distance 9.653, diameter 16.380.

*** iteration 121, batch size 1, remaining 154.
sampled in 902ns
<: 648.583µs | bfses in 991.069µs

averages: distance 10.420, diameter 18.000.
average of averages: distance 9.661, diameter 16.396.

*** iteration 122, batch size 1, remaining 153.
sampled in 838ns
<: 644.856µs | bfses in 970.542µs

averages: distance 10.056, diameter 18.000.
average of averages: distance 9.664, diameter 16.412.

*** iteration 123, batch size 1, remaining 152.
sampled in 864ns
<: 637.715µs | bfses in 913.075µs

averages: distance 10.451, diameter 18.000.
average of averages: distance 9.672, diameter 16.427.

*** iteration 124, batch size 1, remaining 151.
sampled in 842ns
<: 647.738µs | bfses in 974.896µs

averages: distance 8.659, diameter 16.000.
average of averages: distance 9.662, diameter 16.423.

*** iteration 125, batch size 1, remaining 150.
sampled in 869ns
<: 639.943µs | bfses in 916.497µs

averages: distance 9.020, diameter 17.000.
average of averages: distance 9.656, diameter 16.429.

*** iteration 126, batch size 1, remaining 149.
sampled in 1.62µs
<: 626.914µs | bfses in 907.531µs

averages: distance 9.757, diameter 17.000.
average of averages: distance 9.657, diameter 16.434.

*** iteration 127, batch size 1, remaining 148.
sampled in 916ns
<: 626.043µs | bfses in 968.305µs

averages: distance 10.068, diameter 18.000.
average of averages: distance 9.661, diameter 16.449.

*** iteration 128, batch size 1, remaining 147.
sampled in 863ns
<: 7.723µs | bfses in 211.375µs

averages: distance 1.000, diameter 1.000.
average of averages: distance 9.581, diameter 16.306.

*** iteration 129, batch size 1, remaining 146.
sampled in 391ns
<: 639.494µs | bfses in 888.646µs

averages: distance 10.989, diameter 18.000.
average of averages: distance 9.594, diameter 16.321.

*** iteration 130, batch size 1, remaining 145.
sampled in 908ns
<: 639.182µs | bfses in 912.383µs

averages: distance 11.026, diameter 19.000.
average of averages: distance 9.607, diameter 16.345.

*** iteration 131, batch size 1, remaining 144.
sampled in 878ns
<: 6.628µs | bfses in 261.861µs
average of averages: distance 9.607, diameter 16.345.

*** iteration 132, batch size 1, remaining 143.
sampled in 369ns
<: 665.234µs | bfses in 1.011188ms

averages: distance 9.089, diameter 17.000.
average of averages: distance 9.602, diameter 16.351.

*** iteration 133, batch size 1, remaining 142.
sampled in 892ns
<: 645.052µs | bfses in 974.963µs

averages: distance 9.974, diameter 18.000.
average of averages: distance 9.605, diameter 16.366.

*** iteration 134, batch size 1, remaining 141.
sampled in 880ns
<: 642.35µs | bfses in 961.253µs

averages: distance 9.212, diameter 17.000.
average of averages: distance 9.602, diameter 16.372.

*** iteration 135, batch size 1, remaining 140.
sampled in 867ns
<: 648.273µs | bfses in 995.881µs

averages: distance 12.349, diameter 20.000.
average of averages: distance 9.626, diameter 16.404.

*** iteration 136, batch size 1, remaining 139.
sampled in 884ns
<: 6.95µs | bfses in 270.838µs
average of averages: distance 9.626, diameter 16.404.

*** iteration 137, batch size 1, remaining 138.
sampled in 522ns
<: 628.14µs | bfses in 877.037µs

averages: distance 10.077, diameter 17.000.
average of averages: distance 9.630, diameter 16.409.

*** iteration 138, batch size 1, remaining 137.
sampled in 933ns
<: 626.024µs | bfses in 927.193µs

averages: distance 11.233, diameter 20.000.
average of averages: distance 9.644, diameter 16.440.

*** iteration 139, batch size 1, remaining 136.
sampled in 908ns
<: 627.691µs | bfses in 992.779µs

averages: distance 9.600, diameter 17.000.
average of averages: distance 9.643, diameter 16.444.

*** iteration 140, batch size 1, remaining 135.
sampled in 876ns
<: 626.927µs | bfses in 972.575µs

averages: distance 7.771, diameter 15.000.
average of averages: distance 9.628, diameter 16.432.

*** iteration 141, batch size 1, remaining 134.
sampled in 898ns
<: 625.005µs | bfses in 968.222µs

averages: distance 10.353, diameter 18.000.
average of averages: distance 9.634, diameter 16.445.

*** iteration 142, batch size 1, remaining 133.
sampled in 891ns
<: 627.364µs | bfses in 957.836µs

averages: distance 9.982, diameter 17.000.
average of averages: distance 9.637, diameter 16.450.

*** iteration 143, batch size 1, remaining 132.
sampled in 910ns
<: 647.405µs | bfses in 953.545µs

averages: distance 12.120, diameter 20.000.
average of averages: distance 9.657, diameter 16.479.

*** iteration 144, batch size 1, remaining 131.
sampled in 926ns
<: 635.757µs | bfses in 907.123µs

averages: distance 10.762, diameter 20.000.
average of averages: distance 9.666, diameter 16.508.

*** iteration 145, batch size 1, remaining 130.
sampled in 989ns
<: 629.358µs | bfses in 944.698µs

averages: distance 8.938, diameter 16.000.
average of averages: distance 9.660, diameter 16.504.

*** iteration 146, batch size 1, remaining 129.
sampled in 926ns
<: 615.086µs | bfses in 840.291µs

averages: distance 11.713, diameter 18.000.
average of averages: distance 9.677, diameter 16.516.

*** iteration 147, batch size 1, remaining 128.
sampled in 922ns
<: 625.556µs | bfses in 950.946µs

averages: distance 14.458, diameter 22.000.
average of averages: distance 9.715, diameter 16.560.

*** iteration 148, batch size 1, remaining 127.
sampled in 892ns
<: 626.808µs | bfses in 952.68µs

averages: distance 10.913, diameter 18.000.
average of averages: distance 9.725, diameter 16.571.

*** iteration 149, batch size 1, remaining 126.
sampled in 870ns
<: 625.558µs | bfses in 982.858µs

averages: distance 11.845, diameter 19.000.
average of averages: distance 9.741, diameter 16.591.

*** iteration 150, batch size 1, remaining 125.
sampled in 913ns
<: 612.355µs | bfses in 853.03µs

averages: distance 10.050, diameter 17.000.
average of averages: distance 9.744, diameter 16.594.

*** iteration 151, batch size 1, remaining 124.
sampled in 873ns
<: 7.198µs | bfses in 275.25µs
average of averages: distance 9.744, diameter 16.594.

*** iteration 152, batch size 1, remaining 123.
sampled in 311ns
<: 625.493µs | bfses in 952.417µs

averages: distance 12.579, diameter 21.000.
average of averages: distance 9.766, diameter 16.628.

*** iteration 153, batch size 1, remaining 122.
sampled in 861ns
<: 625.826µs | bfses in 963.579µs

averages: distance 10.133, diameter 18.000.
average of averages: distance 9.768, diameter 16.638.

*** iteration 154, batch size 1, remaining 121.
sampled in 862ns
<: 663.388µs | bfses in 995.856µs

averages: distance 9.132, diameter 17.000.
average of averages: distance 9.764, diameter 16.641.

*** iteration 155, batch size 1, remaining 120.
sampled in 871ns
<: 642.315µs | bfses in 913.365µs

averages: distance 10.157, diameter 17.000.
average of averages: distance 9.767, diameter 16.644.

*** iteration 156, batch size 1, remaining 119.
sampled in 879ns
<: 628.853µs | bfses in 933.142µs

averages: distance 9.363, diameter 16.000.
average of averages: distance 9.764, diameter 16.639.

*** iteration 157, batch size 1, remaining 118.
sampled in 852ns
<: 626.485µs | bfses in 904.647µs

averages: distance 10.717, diameter 19.000.
average of averages: distance 9.771, diameter 16.657.

*** iteration 158, batch size 1, remaining 117.
sampled in 1.747µs
<: 628.057µs | bfses in 897.794µs

averages: distance 9.234, diameter 16.000.
average of averages: distance 9.767, diameter 16.652.

*** iteration 159, batch size 1, remaining 116.
sampled in 887ns
<: 627.578µs | bfses in 895.738µs

averages: distance 8.508, diameter 16.000.
average of averages: distance 9.757, diameter 16.647.

*** iteration 160, batch size 1, remaining 115.
sampled in 921ns
<: 6.665µs | bfses in 218.46µs
average of averages: distance 9.757, diameter 16.647.

*** iteration 161, batch size 1, remaining 114.
sampled in 356ns
<: 642.273µs | bfses in 886.619µs

averages: distance 8.028, diameter 15.000.
average of averages: distance 9.745, diameter 16.635.

*** iteration 162, batch size 1, remaining 113.
sampled in 878ns
<: 646.78µs | bfses in 981.934µs

averages: distance 9.170, diameter 17.000.
average of averages: distance 9.741, diameter 16.638.

*** iteration 163, batch size 1, remaining 112.
sampled in 933ns
<: 637.843µs | bfses in 907.037µs

averages: distance 9.740, diameter 15.000.
average of averages: distance 9.741, diameter 16.626.

*** iteration 164, batch size 1, remaining 111.
sampled in 905ns
<: 629.573µs | bfses in 909.787µs

averages: distance 13.017, diameter 20.000.
average of averages: distance 9.764, diameter 16.650.

*** iteration 165, batch size 1, remaining 110.
sampled in 869ns
<: 665.87µs | bfses in 989.709µs

averages: distance 9.962, diameter 18.000.
average of averages: distance 9.765, diameter 16.660.

*** iteration 166, batch size 1, remaining 109.
sampled in 894ns
<: 647.509µs | bfses in 985.269µs

averages: distance 9.536, diameter 19.000.
average of averages: distance 9.764, diameter 16.676.

*** iteration 167, batch size 1, remaining 108.
sampled in 941ns
<: 640.088µs | bfses in 849.666µs

averages: distance 10.594, diameter 18.000.
average of averages: distance 9.770, diameter 16.685.

*** iteration 168, batch size 1, remaining 107.
sampled in 388ns
<: 7.302µs | bfses in 188.914µs
average of averages: distance 9.770, diameter 16.685.

*** iteration 169, batch size 1, remaining 106.
sampled in 209ns
<: 638.977µs | bfses in 824.671µs

averages: distance 8.651, diameter 15.000.
average of averages: distance 9.762, diameter 16.674.

*** iteration 170, batch size 1, remaining 105.
sampled in 249ns
<: 8.429µs | bfses in 231.42µs

averages: distance 1.000, diameter 1.000.
average of averages: distance 9.701, diameter 16.566.

*** iteration 171, batch size 1, remaining 104.
sampled in 225ns
<: 644.691µs | bfses in 832.416µs

averages: distance 10.487, diameter 19.000.
average of averages: distance 9.707, diameter 16.582.

*** iteration 172, batch size 1, remaining 103.
sampled in 221ns
<: 637.541µs | bfses in 839.572µs

averages: distance 9.147, diameter 17.000.
average of averages: distance 9.703, diameter 16.585.

*** iteration 173, batch size 1, remaining 102.
sampled in 901ns
<: 626.161µs | bfses in 917.17µs

averages: distance 8.364, diameter 15.000.
average of averages: distance 9.694, diameter 16.574.

*** iteration 174, batch size 1, remaining 101.
sampled in 896ns
<: 8.786µs | bfses in 271.357µs

averages: distance 1.500, diameter 2.000.
average of averages: distance 9.639, diameter 16.477.

*** iteration 175, batch size 1, remaining 100.
sampled in 451ns
<: 645.988µs | bfses in 955.185µs

averages: distance 9.236, diameter 16.000.
average of averages: distance 9.636, diameter 16.473.

*** iteration 176, batch size 1, remaining 99.
sampled in 942ns
<: 642.837µs | bfses in 973.832µs

averages: distance 10.451, diameter 18.000.
average of averages: distance 9.642, diameter 16.483.

*** iteration 177, batch size 1, remaining 98.
sampled in 974ns
<: 644.597µs | bfses in 1.006768ms

averages: distance 9.135, diameter 17.000.
average of averages: distance 9.638, diameter 16.487.

*** iteration 178, batch size 1, remaining 97.
sampled in 926ns
<: 652.743µs | bfses in 1.024847ms

averages: distance 11.117, diameter 19.000.
average of averages: distance 9.648, diameter 16.503.

*** iteration 179, batch size 1, remaining 96.
sampled in 920ns
<: 649.632µs | bfses in 1.016657ms

averages: distance 12.644, diameter 20.000.
average of averages: distance 9.667, diameter 16.526.

*** iteration 180, batch size 1, remaining 95.
sampled in 964ns
<: 655.987µs | bfses in 1.030688ms

averages: distance 10.127, diameter 18.000.
average of averages: distance 9.670, diameter 16.535.

*** iteration 181, batch size 1, remaining 94.
sampled in 952ns
<: 6.68µs | bfses in 276.734µs
average of averages: distance 9.670, diameter 16.535.

*** iteration 182, batch size 1, remaining 93.
sampled in 428ns
<: 630.126µs | bfses in 952.751µs

averages: distance 9.614, diameter 17.000.
average of averages: distance 9.670, diameter 16.538.

*** iteration 183, batch size 1, remaining 92.
sampled in 956ns
<: 624.413µs | bfses in 896.126µs

averages: distance 9.463, diameter 17.000.
average of averages: distance 9.669, diameter 16.541.

*** iteration 184, batch size 1, remaining 91.
sampled in 962ns
<: 628.89µs | bfses in 913.528µs

averages: distance 10.241, diameter 18.000.
average of averages: distance 9.672, diameter 16.551.

*** iteration 185, batch size 1, remaining 90.
sampled in 948ns
<: 629.074µs | bfses in 982.948µs

averages: distance 8.653, diameter 15.000.
average of averages: distance 9.666, diameter 16.541.

*** iteration 186, batch size 1, remaining 89.
sampled in 1.038µs
<: 9.138µs | bfses in 225.721µs

averages: distance 1.500, diameter 2.000.
average of averages: distance 9.615, diameter 16.450.

*** iteration 187, batch size 1, remaining 88.
sampled in 557ns
<: 646.533µs | bfses in 962.083µs

averages: distance 8.317, diameter 15.000.
average of averages: distance 9.607, diameter 16.441.

*** iteration 188, batch size 1, remaining 87.
sampled in 911ns
<: 659.208µs | bfses in 996.026µs

averages: distance 11.542, diameter 19.000.
average of averages: distance 9.619, diameter 16.457.

*** iteration 189, batch size 1, remaining 86.
sampled in 1.77µs
<: 631.012µs | bfses in 895.947µs

averages: distance 11.351, diameter 17.000.
average of averages: distance 9.629, diameter 16.460.

*** iteration 190, batch size 1, remaining 85.
sampled in 922ns
<: 643.027µs | bfses in 929.898µs

averages: distance 7.964, diameter 15.000.
average of averages: distance 9.619, diameter 16.451.

*** iteration 191, batch size 1, remaining 84.
sampled in 934ns
<: 649.713µs | bfses in 937.779µs

averages: distance 13.260, diameter 22.000.
average of averages: distance 9.641, diameter 16.485.

*** iteration 192, batch size 1, remaining 83.
sampled in 966ns
<: 6.999µs | bfses in 219.419µs
average of averages: distance 9.641, diameter 16.485.

*** iteration 193, batch size 1, remaining 82.
sampled in 421ns
<: 657.371µs | bfses in 961.435µs

averages: distance 11.491, diameter 19.000.
average of averages: distance 9.652, diameter 16.500.

*** iteration 194, batch size 1, remaining 81.
sampled in 936ns
<: 650.409µs | bfses in 1.014366ms

averages: distance 10.729, diameter 18.000.
average of averages: distance 9.659, diameter 16.509.

*** iteration 195, batch size 1, remaining 80.
sampled in 919ns
<: 655.516µs | bfses in 999.97µs

averages: distance 9.666, diameter 18.000.
average of averages: distance 9.659, diameter 16.518.

*** iteration 196, batch size 1, remaining 79.
sampled in 963ns
<: 644.839µs | bfses in 1.007868ms

averages: distance 9.008, diameter 17.000.
average of averages: distance 9.655, diameter 16.521.

*** iteration 197, batch size 1, remaining 78.
sampled in 959ns
<: 10.138µs | bfses in 276.649µs

averages: distance 1.250, diameter 2.000.
average of averages: distance 9.606, diameter 16.435.

*** iteration 198, batch size 1, remaining 77.
sampled in 361ns
<: 633.566µs | bfses in 953.029µs

averages: distance 12.439, diameter 20.000.
average of averages: distance 9.622, diameter 16.456.

*** iteration 199, batch size 1, remaining 76.
sampled in 983ns
<: 636.925µs | bfses in 1.016165ms

averages: distance 10.931, diameter 19.000.
average of averages: distance 9.630, diameter 16.471.

*** iteration 200, batch size 1, remaining 75.
sampled in 916ns
<: 636.138µs | bfses in 1.013951ms

averages: distance 11.885, diameter 19.000.
average of averages: distance 9.643, diameter 16.486.

*** iteration 201, batch size 1, remaining 74.
sampled in 983ns
<: 628.613µs | bfses in 950.256µs

averages: distance 10.007, diameter 17.000.
average of averages: distance 9.645, diameter 16.489.

*** iteration 202, batch size 1, remaining 73.
sampled in 977ns
<: 628.848µs | bfses in 942.073µs

averages: distance 10.093, diameter 18.000.
average of averages: distance 9.648, diameter 16.497.

*** iteration 203, batch size 1, remaining 72.
sampled in 942ns
<: 630.005µs | bfses in 943.271µs

averages: distance 10.423, diameter 17.000.
average of averages: distance 9.652, diameter 16.500.

*** iteration 204, batch size 1, remaining 71.
sampled in 930ns
<: 625.568µs | bfses in 943.925µs

averages: distance 11.284, diameter 19.000.
average of averages: distance 9.661, diameter 16.514.

*** iteration 205, batch size 1, remaining 70.
sampled in 983ns
<: 629.309µs | bfses in 945.907µs

averages: distance 8.513, diameter 16.000.
average of averages: distance 9.655, diameter 16.511.

*** iteration 206, batch size 1, remaining 69.
sampled in 992ns
<: 629.514µs | bfses in 919.411µs

averages: distance 12.496, diameter 21.000.
average of averages: distance 9.671, diameter 16.536.

*** iteration 207, batch size 1, remaining 68.
sampled in 952ns
<: 628.807µs | bfses in 949.937µs

averages: distance 8.888, diameter 17.000.
average of averages: distance 9.666, diameter 16.539.

*** iteration 208, batch size 1, remaining 67.
sampled in 972ns
<: 626.814µs | bfses in 942.71µs

averages: distance 8.050, diameter 15.000.
average of averages: distance 9.657, diameter 16.530.

*** iteration 209, batch size 1, remaining 66.
sampled in 981ns
<: 628.516µs | bfses in 988.873µs

averages: distance 12.644, diameter 20.000.
average of averages: distance 9.674, diameter 16.549.

*** iteration 210, batch size 1, remaining 65.
sampled in 965ns
<: 651.871µs | bfses in 988.59µs

averages: distance 8.335, diameter 16.000.
average of averages: distance 9.666, diameter 16.546.

*** iteration 211, batch size 1, remaining 64.
sampled in 962ns
<: 652.671µs | bfses in 998.063µs

averages: distance 10.173, diameter 18.000.
average of averages: distance 9.669, diameter 16.554.

*** iteration 212, batch size 1, remaining 63.
sampled in 928ns
<: 649.114µs | bfses in 992.406µs

averages: distance 9.813, diameter 17.000.
average of averages: distance 9.670, diameter 16.557.

*** iteration 213, batch size 1, remaining 62.
sampled in 967ns
<: 647.767µs | bfses in 978.294µs

averages: distance 9.142, diameter 17.000.
average of averages: distance 9.667, diameter 16.559.

*** iteration 214, batch size 1, remaining 61.
sampled in 979ns
<: 649.345µs | bfses in 989.83µs

averages: distance 10.301, diameter 17.000.
average of averages: distance 9.670, diameter 16.561.

*** iteration 215, batch size 1, remaining 60.
sampled in 933ns
<: 654.631µs | bfses in 934.421µs

averages: distance 11.479, diameter 20.000.
average of averages: distance 9.680, diameter 16.580.

*** iteration 216, batch size 1, remaining 59.
sampled in 343ns
<: 647.606µs | bfses in 970.096µs

averages: distance 10.286, diameter 17.000.
average of averages: distance 9.683, diameter 16.582.

*** iteration 217, batch size 1, remaining 58.
sampled in 916ns
<: 644.205µs | bfses in 932.483µs

averages: distance 8.888, diameter 17.000.
average of averages: distance 9.679, diameter 16.584.

*** iteration 218, batch size 1, remaining 57.
sampled in 916ns
<: 9.967µs | bfses in 277.297µs

averages: distance 2.000, diameter 3.000.
average of averages: distance 9.639, diameter 16.513.

*** iteration 219, batch size 1, remaining 56.
sampled in 312ns
<: 650.565µs | bfses in 1.03689ms

averages: distance 9.517, diameter 19.000.
average of averages: distance 9.638, diameter 16.526.

*** iteration 220, batch size 1, remaining 55.
sampled in 931ns
<: 7.313µs | bfses in 292.174µs
average of averages: distance 9.638, diameter 16.526.

*** iteration 221, batch size 1, remaining 54.
sampled in 1.532µs
<: 629.334µs | bfses in 888.233µs

averages: distance 10.410, diameter 17.000.
average of averages: distance 9.642, diameter 16.528.

*** iteration 222, batch size 1, remaining 53.
sampled in 989ns
<: 639.907µs | bfses in 1.017707ms

averages: distance 12.945, diameter 20.000.
average of averages: distance 9.659, diameter 16.546.

*** iteration 223, batch size 1, remaining 52.
sampled in 967ns
<: 638.37µs | bfses in 923.659µs

averages: distance 11.043, diameter 18.000.
average of averages: distance 9.666, diameter 16.554.

*** iteration 224, batch size 1, remaining 51.
sampled in 972ns
<: 627.755µs | bfses in 910.931µs

averages: distance 9.204, diameter 17.000.
average of averages: distance 9.664, diameter 16.556.

*** iteration 225, batch size 1, remaining 50.
sampled in 973ns
<: 628.106µs | bfses in 970.587µs

averages: distance 14.367, diameter 21.000.
average of averages: distance 9.688, diameter 16.579.

*** iteration 226, batch size 1, remaining 49.
sampled in 1.012µs
<: 630.486µs | bfses in 915.675µs

averages: distance 10.954, diameter 18.000.
average of averages: distance 9.694, diameter 16.586.

*** iteration 227, batch size 1, remaining 48.
sampled in 957ns
<: 626.986µs | bfses in 927.657µs

averages: distance 7.771, diameter 15.000.
average of averages: distance 9.685, diameter 16.578.

*** iteration 228, batch size 1, remaining 47.
sampled in 961ns
<: 635.721µs | bfses in 943.607µs

averages: distance 10.068, diameter 18.000.
average of averages: distance 9.687, diameter 16.585.

*** iteration 229, batch size 1, remaining 46.
sampled in 971ns
<: 647.561µs | bfses in 1.00347ms

averages: distance 9.008, diameter 17.000.
average of averages: distance 9.683, diameter 16.587.

*** iteration 230, batch size 1, remaining 45.
sampled in 981ns
<: 7.438µs | bfses in 181.908µs

averages: distance 1.800, diameter 3.000.
average of averages: distance 9.644, diameter 16.520.

*** iteration 231, batch size 1, remaining 44.
sampled in 300ns
<: 653.709µs | bfses in 972.162µs

averages: distance 9.589, diameter 17.000.
average of averages: distance 9.644, diameter 16.522.

*** iteration 232, batch size 1, remaining 43.
sampled in 932ns
<: 11.397µs | bfses in 285.1µs

averages: distance 2.000, diameter 3.000.
average of averages: distance 9.606, diameter 16.456.

*** iteration 233, batch size 1, remaining 42.
sampled in 385ns
<: 667.383µs | bfses in 982.542µs

averages: distance 12.496, diameter 21.000.
average of averages: distance 9.621, diameter 16.478.

*** iteration 234, batch size 1, remaining 41.
sampled in 941ns
<: 648.742µs | bfses in 1.02056ms

averages: distance 10.632, diameter 19.000.
average of averages: distance 9.625, diameter 16.490.

*** iteration 235, batch size 1, remaining 40.
sampled in 996ns
<: 645.211µs | bfses in 982.988µs

averages: distance 10.093, diameter 18.000.
average of averages: distance 9.628, diameter 16.498.

*** iteration 236, batch size 1, remaining 39.
sampled in 956ns
<: 630.012µs | bfses in 999.854µs

averages: distance 14.009, diameter 21.000.
average of averages: distance 9.649, diameter 16.519.

*** iteration 237, batch size 1, remaining 38.
sampled in 921ns
<: 632.192µs | bfses in 978.099µs

averages: distance 9.246, diameter 18.000.
average of averages: distance 9.647, diameter 16.526.

*** iteration 238, batch size 1, remaining 37.
sampled in 928ns
<: 631.451µs | bfses in 970.406µs

averages: distance 12.367, diameter 20.000.
average of averages: distance 9.660, diameter 16.543.

*** iteration 239, batch size 1, remaining 36.
sampled in 1µs
<: 8.37µs | bfses in 290.342µs

averages: distance 1.000, diameter 1.000.
average of averages: distance 9.619, diameter 16.469.

*** iteration 240, batch size 1, remaining 35.
sampled in 391ns
<: 651.205µs | bfses in 973.057µs

averages: distance 10.120, diameter 17.000.
average of averages: distance 9.621, diameter 16.472.

*** iteration 241, batch size 1, remaining 34.
sampled in 927ns
<: 649.697µs | bfses in 997.243µs

averages: distance 10.936, diameter 19.000.
average of averages: distance 9.627, diameter 16.484.

*** iteration 242, batch size 1, remaining 33.
sampled in 973ns
<: 7.191µs | bfses in 217.462µs
average of averages: distance 9.627, diameter 16.484.

*** iteration 243, batch size 1, remaining 32.
sampled in 318ns
<: 646.254µs | bfses in 1.046308ms

averages: distance 10.261, diameter 17.000.
average of averages: distance 9.630, diameter 16.486.

*** iteration 244, batch size 1, remaining 31.
sampled in 936ns
<: 644.207µs | bfses in 1.016933ms

averages: distance 8.384, diameter 15.000.
average of averages: distance 9.624, diameter 16.479.

*** iteration 245, batch size 1, remaining 30.
sampled in 986ns
<: 7.217µs | bfses in 284.534µs
average of averages: distance 9.624, diameter 16.479.

*** iteration 246, batch size 1, remaining 29.
sampled in 357ns
<: 628.468µs | bfses in 893.128µs

averages: distance 11.858, diameter 19.000.
average of averages: distance 9.635, diameter 16.491.

*** iteration 247, batch size 1, remaining 28.
sampled in 986ns
<: 8.305µs | bfses in 315.302µs

averages: distance 1.000, diameter 1.000.
average of averages: distance 9.595, diameter 16.419.

*** iteration 248, batch size 1, remaining 27.
sampled in 352ns
<: 661.303µs | bfses in 920.049µs

averages: distance 9.742, diameter 16.000.
average of averages: distance 9.596, diameter 16.417.

*** iteration 249, batch size 1, remaining 26.
sampled in 896ns
<: 642.64µs | bfses in 927.292µs

averages: distance 8.579, diameter 16.000.
average of averages: distance 9.591, diameter 16.416.

*** iteration 250, batch size 1, remaining 25.
sampled in 882ns
<: 7.243µs | bfses in 274.68µs
average of averages: distance 9.591, diameter 16.416.

*** iteration 251, batch size 1, remaining 24.
sampled in 389ns
<: 6.968µs | bfses in 283.161µs
average of averages: distance 9.591, diameter 16.416.

*** iteration 252, batch size 1, remaining 23.
sampled in 259ns
<: 7.462µs | bfses in 254.917µs
average of averages: distance 9.591, diameter 16.416.

*** iteration 253, batch size 1, remaining 22.
sampled in 1.323µs
<: 628.325µs | bfses in 833.029µs

averages: distance 9.682, diameter 18.000.
average of averages: distance 9.591, diameter 16.423.

*** iteration 254, batch size 1, remaining 21.
sampled in 963ns
<: 633.013µs | bfses in 911.802µs

averages: distance 10.332, diameter 18.000.
average of averages: distance 9.595, diameter 16.430.

*** iteration 255, batch size 1, remaining 20.
sampled in 1.112µs
<: 632.276µs | bfses in 999.153µs

averages: distance 9.397, diameter 16.000.
average of averages: distance 9.594, diameter 16.428.

*** iteration 256, batch size 1, remaining 19.
sampled in 932ns
<: 643.898µs | bfses in 926.806µs

averages: distance 10.957, diameter 18.000.
average of averages: distance 9.600, diameter 16.435.

*** iteration 257, batch size 1, remaining 18.
sampled in 931ns
<: 632.421µs | bfses in 909.405µs

averages: distance 9.666, diameter 18.000.
average of averages: distance 9.600, diameter 16.442.

*** iteration 258, batch size 1, remaining 17.
sampled in 961ns
<: 629.856µs | bfses in 913.826µs

averages: distance 8.737, diameter 17.000.
average of averages: distance 9.596, diameter 16.444.

*** iteration 259, batch size 1, remaining 16.
sampled in 1.007µs
<: 628.984µs | bfses in 911.32µs

averages: distance 9.989, diameter 19.000.
average of averages: distance 9.598, diameter 16.456.

*** iteration 260, batch size 1, remaining 15.
sampled in 979ns
<: 628.652µs | bfses in 964.399µs

averages: distance 9.738, diameter 17.000.
average of averages: distance 9.599, diameter 16.458.

*** iteration 261, batch size 1, remaining 14.
sampled in 990ns
<: 632.575µs | bfses in 988.489µs

averages: distance 9.793, diameter 18.000.
average of averages: distance 9.600, diameter 16.465.

*** iteration 262, batch size 1, remaining 13.
sampled in 968ns
<: 627.174µs | bfses in 981.846µs

averages: distance 9.757, diameter 17.000.
average of averages: distance 9.600, diameter 16.467.

*** iteration 263, batch size 1, remaining 12.
sampled in 946ns
<: 629.772µs | bfses in 968.02µs

averages: distance 9.832, diameter 18.000.
average of averages: distance 9.601, diameter 16.474.

*** iteration 264, batch size 1, remaining 11.
sampled in 987ns
<: 627.32µs | bfses in 969.757µs

averages: distance 8.210, diameter 17.000.
average of averages: distance 9.595, diameter 16.476.

*** iteration 265, batch size 1, remaining 10.
sampled in 947ns
<: 626.614µs | bfses in 966.789µs

averages: distance 11.200, diameter 19.000.
average of averages: distance 9.602, diameter 16.487.

*** iteration 266, batch size 1, remaining 9.
sampled in 986ns
<: 628.631µs | bfses in 978.097µs

averages: distance 10.526, diameter 19.000.
average of averages: distance 9.606, diameter 16.498.

*** iteration 267, batch size 1, remaining 8.
sampled in 926ns
<: 7.247µs | bfses in 275.904µs
average of averages: distance 9.606, diameter 16.498.

*** iteration 268, batch size 1, remaining 7.
sampled in 337ns
<: 649.103µs | bfses in 987.534µs

averages: distance 11.117, diameter 18.000.
average of averages: distance 9.613, diameter 16.504.

*** iteration 269, batch size 1, remaining 6.
sampled in 929ns
<: 648.717µs | bfses in 1.032168ms

averages: distance 9.560, diameter 16.000.
average of averages: distance 9.612, diameter 16.502.

*** iteration 270, batch size 1, remaining 5.
sampled in 978ns
<: 649.204µs | bfses in 1.000323ms

averages: distance 13.930, diameter 22.000.
average of averages: distance 9.631, diameter 16.525.

*** iteration 271, batch size 1, remaining 4.
sampled in 989ns
<: 650.568µs | bfses in 1.003963ms

averages: distance 10.083, diameter 17.000.
average of averages: distance 9.633, diameter 16.527.

*** iteration 272, batch size 1, remaining 3.
sampled in 948ns
<: 676.695µs | bfses in 1.024586ms

averages: distance 9.866, diameter 19.000.
average of averages: distance 9.634, diameter 16.538.

*** iteration 273, batch size 1, remaining 2.
sampled in 987ns
<: 649.365µs | bfses in 1.024006ms

averages: distance 9.445, diameter 16.000.
average of averages: distance 9.633, diameter 16.536.

*** iteration 274, batch size 1, remaining 1.
sampled in 957ns
<: 628.516µs | bfses in 986.21µs

averages: distance 9.927, diameter 19.000.
average of averages: distance 9.634, diameter 16.546.

*** iteration 275, batch size 1, remaining 0.
sampled in 979ns
<: 633.622µs | bfses in 878.817µs

averages: distance 9.571, diameter 17.000.
average of averages: distance 9.634, diameter 16.548.

Total time: 228.696873ms
