|V| = 2000, |E| = 4006, |S| = 1097, s = 60.

*** iteration 1, batch size 60, remaining 1037.
<<<<<<<<<<<<<<<<<<<<<<<<<<<<<<<<<<<<<<<<<<<<<<<<<<<<<<<<<<<<|
averages: distance 10.199477374793183, diameter 22.
average of averages: distance 10.199477374793183, diameter 22.

*** iteration 2, batch size 60, remaining 977.
<<<<<<<<<<<<<<<<<<<<<<<<<<<<<<<<<<<<<<<<<<<<<<<<<<<<<<<<<<<<|
averages: distance 10.20234923363415, diameter 23.
average of averages: distance 10.200913304213667, diameter 22.5.

*** iteration 3, batch size 60, remaining 917.
<<<<<<<<<<<<<<<<<<<<<<<<<<<<<<<<<<<<<<<<<<<<<<<<<<<<<<<<<<<<|
averages: distance 10.182980038316543, diameter 22.
average of averages: distance 10.194935548914627, diameter 22.333333333333332.

*** iteration 4, batch size 60, remaining 857.
<<<<<<<<<<<<<<<<<<<<<<<<<<<<<<<<<<<<<<<<<<<<<<<<<<<<<<<<<<<<|
averages: distance 10.42483134162207, diameter 23.
average of averages: distance 10.252409497091488, diameter 22.5.

*** iteration 5, batch size 60, remaining 797.
<<<<<<<<<<<<<<<<<<<<<<<<<<<<<<<<<<<<<<<<<<<<<<<<<<<<<<<<<<<<|
averages: distance 10.159323194958214, diameter 23.
average of averages: distance 10.233792236664833, diameter 22.6.

*** iteration 6, batch size 60, remaining 737.
<<<<<<<<<<<<<<<<<<<<<<<<<<<<<<<<<<<<<<<<<<<<<<<<<<<<<<<<<<<<|
averages: distance 10.278896966120335, diameter 22.
average of averages: distance 10.241309691574083, diameter 22.5.

*** iteration 7, batch size 60, remaining 677.
<<<<<<<<<<<<<<<<<<<<<<<<<<<<<<<<<<<<<<<<<<<<<<<<<<<<<<<<<<<<|
averages: distance 10.876659603572675, diameter 23.
average of averages: distance 10.33207396471674, diameter 22.571428571428573.

*** iteration 8, batch size 60, remaining 617.
<<<<<<<<<<<<<<<<<<<<<<<<<<<<<<<<<<<<<<<<<<<<<<<<<<<<<<<<<<<<|
averages: distance 10.233723214023978, diameter 23.
average of averages: distance 10.319780120880145, diameter 22.625.

*** iteration 9, batch size 60, remaining 557.
<<<<<<<<<<<<<<<<<<<<<<<<<<<<<<<<<<<<<<<<<<<<<<<<<<<<<<<<<<<<|
averages: distance 10.550243939336637, diameter 22.
average of averages: distance 10.345387211819755, diameter 22.555555555555557.

*** iteration 10, batch size 60, remaining 497.
<<<<<<<<<<<<<<<<<<<<<<<<<<<<<<<<<<<<<<<<<<<<<<<<<<<<<<<<<<<<|
averages: distance 10.353555723608661, diameter 25.
average of averages: distance 10.346204062998646, diameter 22.8.

*** iteration 11, batch size 60, remaining 437.
<<<<<<<<<<<<<<<<<<<<<<<<<<<<<<<<<<<<<<<<<<<<<<<<<<<<<<<<<<<<|
averages: distance 10.294755184260609, diameter 24.
average of averages: distance 10.341526892204278, diameter 22.90909090909091.

*** iteration 12, batch size 60, remaining 377.
<<<<<<<<<<<<<<<<<<<<<<<<<<<<<<<<<<<<<<<<<<<<<<<<<<<<<<<<<<<<|
averages: distance 10.822174911759763, diameter 25.
average of averages: distance 10.381580893833902, diameter 23.083333333333332.

*** iteration 13, batch size 60, remaining 317.
<<<<<<<<<<<<<<<<<<<<<<<<<<<<<<<<<<<<<<<<<<<<<<<<<<<<<<<<<<<<|
averages: distance 10.480273568459166, diameter 22.
average of averages: distance 10.389172638035847, diameter 23.

*** iteration 14, batch size 60, remaining 257.
<<<<<<<<<<<<<<<<<<<<<<<<<<<<<<<<<<<<<<<<<<<<<<<<<<<<<<<<<<<<|
averages: distance 10.532543324885266, diameter 23.
average of averages: distance 10.399413401382233, diameter 23.

*** iteration 15, batch size 60, remaining 197.
<<<<<<<<<<<<<<<<<<<<<<<<<<<<<<<<<<<<<<<<<<<<<<<<<<<<<<<<<<<<|
averages: distance 10.49545597814667, diameter 24.
average of averages: distance 10.405816239833197, diameter 23.066666666666666.

*** iteration 16, batch size 60, remaining 137.
<<<<<<<<<<<<<<<<<<<<<<<<<<<<<<<<<<<<<<<<<<<<<<<<<<<<<<<<<<<<|
averages: distance 10.502212311895116, diameter 23.
average of averages: distance 10.411840994337066, diameter 23.0625.

*** iteration 17, batch size 60, remaining 77.
<<<<<<<<<<<<<<<<<<<<<<<<<<<<<<<<<<<<<<<<<<<<<<<<<<<<<<<<<<<<|
averages: distance 10.34786635962486, diameter 23.
average of averages: distance 10.408077780530464, diameter 23.058823529411764.

*** iteration 18, batch size 60, remaining 17.
<<<<<<<<<<<<<<<<<<<<<<<<<<<<<<<<<<<<<<<<<<<<<<<<<<<<<<<<<<<<|
averages: distance 10.503281058836615, diameter 24.
average of averages: distance 10.413366851547472, diameter 23.11111111111111.

*** iteration 19, batch size 17, remaining 0.
<<<<<<<<<<<<<<<<<|
averages: distance 10.883931385349602, diameter 23.
average of averages: distance 10.438133405958112, diameter 23.105263157894736.
