|V| = 5000, |E| = 24935, |S| = 1229, s = 60.

*** iteration 1, batch size 60, remaining 1169.
sampled in 1.994µs
<: 2.069337ms | <: 2.634206ms | <: 2.714847ms | <: 3.355973ms | <: 3.32716ms | <: 3.303244ms | <: 3.320136ms | <: 3.293304ms | <: 3.288537ms | <: 2.209551ms | <: 3.299246ms | <: 2.081717ms | <: 2.225556ms | <: 1.762736ms | <: 1.856179ms | <: 2.770717ms | <: 3.319423ms | <: 2.663353ms | <: 3.333846ms | <: 3.33323ms | <: 3.316986ms | <: 2.222607ms | <: 2.241338ms | <: 2.168284ms | <: 3.32325ms | <: 3.278098ms | <: 2.253176ms | <: 2.028823ms | <: 2.084982ms | <: 3.256001ms | <: 3.329214ms | <: 3.333159ms | <: 2.08954ms | <: 3.333318ms | <: 2.177601ms | <: 2.492713ms | <: 2.10705ms | <: 1.843498ms | <: 3.263083ms | <: 3.362699ms | <: 3.234556ms | <: 3.419154ms | <: 3.250214ms | <: 3.289615ms | <: 2.691488ms | <: 3.29327ms | <: 2.77455ms | <: 3.386347ms | <: 2.159573ms | <: 3.277012ms | <: 3.353056ms | <: 2.66102ms | <: 3.436868ms | <: 3.307853ms | <: 2.707349ms | <: 3.185492ms | <: 3.391624ms | <: 3.378346ms | <: 3.480941ms | <: 3.388964ms | bfses in 9.350082ms

averages: distance 5.505, diameter 9.000.
average of averages: distance 5.505, diameter 9.000.

*** iteration 2, batch size 60, remaining 1109.
sampled in 1.837µs
<: 1.970434ms | <: 1.332997ms | <: 1.905062ms | <: 2.32822ms | <: 8.64µs | <: 2.289741ms | <: 2.234816ms | <: 2.293682ms | <: 1.954104ms | <: 2.153307ms | <: 2.37604ms | <: 2.460258ms | <: 2.446019ms | <: 2.439188ms | <: 2.785363ms | <: 2.680336ms | <: 2.136617ms | <: 3.050527ms | <: 2.570829ms | <: 3.201744ms | <: 2.431464ms | <: 3.195712ms | <: 2.618155ms | <: 3.186086ms | <: 2.526036ms | <: 2.521154ms | <: 3.207208ms | <: 1.999764ms | <: 3.23013ms | <: 2.544622ms | <: 1.941934ms | <: 3.255702ms | <: 3.226531ms | <: 1.958314ms | <: 3.225333ms | <: 3.214276ms | <: 2.677581ms | <: 3.315841ms | <: 3.287714ms | <: 1.784821ms | <: 1.797ms | <: 3.293693ms | <: 2.020659ms | <: 3.202994ms | <: 3.304945ms | <: 3.260909ms | <: 3.258714ms | <: 3.305244ms | <: 3.297159ms | <: 3.407918ms | <: 2.823429ms | <: 3.441695ms | <: 3.4285ms | <: 3.384027ms | <: 2.5243ms | <: 2.772128ms | <: 2.776687ms | <: 3.446254ms | <: 3.496624ms | <: 3.01209ms | bfses in 6.145419ms

averages: distance 5.498, diameter 9.000.
average of averages: distance 5.501, diameter 9.000.

*** iteration 3, batch size 60, remaining 1049.
sampled in 1.632µs
<: 3.546µs | <: 1.745843ms | <: 1.762936ms | <: 2.428257ms | <: 2.633152ms | <: 1.752022ms | <: 2.634543ms | <: 2.000794ms | <: 2.890308ms | <: 2.643391ms | <: 2.632657ms | <: 2.096708ms | <: 1.861227ms | <: 3.059356ms | <: 3.04652ms | <: 2.995576ms | <: 2.863283ms | <: 3.069072ms | <: 3.164289ms | <: 2.626824ms | <: 3.033709ms | <: 3.029812ms | <: 2.872508ms | <: 2.630665ms | <: 1.858674ms | <: 3.015355ms | <: 3.011777ms | <: 3.423267ms | <: 2.658282ms | <: 1.890417ms | <: 2.253952ms | <: 2.916106ms | <: 3.052909ms | <: 3.046084ms | <: 1.766512ms | <: 1.315444ms | <: 2.648459ms | <: 1.790115ms | <: 1.588047ms | <: 2.939074ms | <: 3.158304ms | <: 3.182466ms | <: 3.021546ms | <: 2.76008ms | <: 3.154615ms | <: 2.853558ms | <: 2.960309ms | <: 3.259496ms | <: 2.891685ms | <: 2.871106ms | <: 2.513562ms | <: 2.63058ms | <: 3.002954ms | <: 3.414899ms | <: 3.32341ms | <: 3.402146ms | <: 3.023966ms | <: 2.915256ms | <: 3.325927ms | <: 3.562418ms | bfses in 6.274028ms

averages: distance 5.528, diameter 10.000.
average of averages: distance 5.510, diameter 9.333.

*** iteration 4, batch size 60, remaining 989.
sampled in 3.925µs
<: 1.049623ms | <: 1.519736ms | <: 1.324391ms | <: 1.988424ms | <: 1.993148ms | <: 1.394013ms | <: 2.101514ms | <: 2.280673ms | <: 1.427858ms | <: 2.270227ms | <: 2.100428ms | <: 1.959892ms | <: 2.424449ms | <: 2.10727ms | <: 1.970907ms | <: 1.863252ms | <: 2.431327ms | <: 2.293203ms | <: 2.617659ms | <: 2.446147ms | <: 2.441583ms | <: 1.276736ms | <: 1.766466ms | <: 2.66483ms | <: 1.983623ms | <: 1.187793ms | <: 2.652617ms | <: 2.459258ms | <: 1.067402ms | <: 1.703707ms | <: 2.891274ms | <: 1.678526ms | <: 2.466003ms | <: 1.563519ms | <: 1.361827ms | <: 2.282155ms | <: 1.530206ms | <: 2.119553ms | <: 2.453807ms | <: 1.414847ms | <: 3.171579ms | <: 2.456655ms | <: 2.130023ms | <: 2.676943ms | <: 2.489642ms | <: 2.510147ms | <: 3.200706ms | <: 2.017431ms | <: 2.160138ms | <: 2.952646ms | <: 2.17239ms | <: 2.030704ms | <: 3.247366ms | <: 2.9674ms | <: 2.395068ms | <: 2.368311ms | <: 2.198502ms | <: 3.005405ms | <: 2.738296ms | <: 2.7729ms | bfses in 5.610125ms

averages: distance 5.517, diameter 10.000.
average of averages: distance 5.512, diameter 9.500.

*** iteration 5, batch size 60, remaining 929.
sampled in 2.569µs
<: 1.478273ms | <: 1.491275ms | <: 1.595849ms | <: 1.049355ms | <: 1.478871ms | <: 4.5µs | <: 2.026272ms | <: 2.151µs | <: 2.141742ms | <: 1.845353ms | <: 1.315301ms | <: 2.136419ms | <: 2.171878ms | <: 1.768023ms | <: 2.177739ms | <: 2.00203ms | <: 2.068886ms | <: 2.033279ms | <: 2.014332ms | <: 2.522203ms | <: 1.700128ms | <: 2.333131ms | <: 2.384009ms | <: 1.714221ms | <: 1.396951ms | <: 2.188796ms | <: 2.356388ms | <: 2.455087ms | <: 2.102891ms | <: 2.316124ms | <: 1.766899ms | <: 1.407897ms | <: 2.396371ms | <: 2.150976ms | <: 1.478238ms | <: 2.324738ms | <: 2.144026ms | <: 2.025214ms | <: 2.108407ms | <: 2.331589ms | <: 1.287587ms | <: 1.66628ms | <: 2.14395ms | <: 2.190636ms | <: 2.060136ms | <: 2.02842ms | <: 1.859252ms | <: 1.677927ms | <: 2.111698ms | <: 1.825661ms | <: 3.256094ms | <: 1.775516ms | <: 1.449142ms | <: 3.250121ms | <: 3.272509ms | <: 1.806163ms | <: 2.889801ms | <: 2.400958ms | <: 2.350261ms | <: 1.825569ms | bfses in 5.511884ms

averages: distance 5.468, diameter 10.000.
average of averages: distance 5.503, diameter 9.600.

*** iteration 6, batch size 60, remaining 869.
sampled in 1.742µs
<: 2.701µs | <: 1.178216ms | <: 1.235244ms | <: 1.16635ms | <: 1.240715ms | <: 1.235565ms | <: 1.403464ms | <: 1.65527ms | <: 1.743504ms | <: 1.292788ms | <: 1.077695ms | <: 1.764285ms | <: 1.874199ms | <: 2.10011ms | <: 1.591378ms | <: 1.756891ms | <: 2.109219ms | <: 1.751929ms | <: 1.987413ms | <: 2.287892ms | <: 1.669194ms | <: 2.292971ms | <: 1.988824ms | <: 1.974215ms | <: 1.863329ms | <: 1.279607ms | <: 1.798426ms | <: 1.784419ms | <: 1.257299ms | <: 1.231418ms | <: 2.125843ms | <: 1.241364ms | <: 1.886113ms | <: 1.871883ms | <: 1.871073ms | <: 1.749296ms | <: 1.400571ms | <: 1.224827ms | <: 2.280474ms | <: 2.301248ms | <: 2.272235ms | <: 1.777117ms | <: 2.120958ms | <: 1.46445ms | <: 1.890471ms | <: 1.605528ms | <: 3.197114ms | <: 3.169759ms | <: 2.303506ms | <: 3.206313ms | <: 1.694204ms | <: 1.900548ms | <: 1.804803ms | <: 1.996281ms | <: 2.327166ms | <: 1.789527ms | <: 2.160023ms | <: 3.293663ms | <: 3.266758ms | <: 3.308676ms | bfses in 4.846286ms

averages: distance 5.421, diameter 9.000.
average of averages: distance 5.489, diameter 9.500.

*** iteration 7, batch size 60, remaining 809.
sampled in 1.872µs
<: 2.762µs | <: 1.16087ms | <: 1.13442ms | <: 1.17331ms | <: 1.045615ms | <: 1.283066ms | <: 1.282448ms | <: 1.660373ms | <: 1.19537ms | <: 1.499082ms | <: 1.733444ms | <: 1.853082ms | <: 1.798189ms | <: 1.768471ms | <: 1.966385ms | <: 1.875995ms | <: 1.259706ms | <: 1.937655ms | <: 1.460821ms | <: 1.998046ms | <: 2.129771ms | <: 1.217973ms | <: 2.435224ms | <: 1.069703ms | <: 1.667255ms | <: 1.875331ms | <: 1.08254ms | <: 1.775165ms | <: 2.129386ms | <: 1.085623ms | <: 2.14688ms | <: 1.597053ms | <: 1.214355ms | <: 1.872724ms | <: 1.455576ms | <: 1.781077ms | <: 1.986086ms | <: 1.983083ms | <: 1.886755ms | <: 1.772312ms | <: 1.890831ms | <: 1.304009ms | <: 2.852589ms | <: 2.866521ms | <: 1.769666ms | <: 3.091574ms | <: 1.751922ms | <: 1.606405ms | <: 3.069007ms | <: 1.779571ms | <: 2.67438ms | <: 2.080432ms | <: 1.746842ms | <: 1.794198ms | <: 1.84277ms | <: 3.07021ms | <: 3.214144ms | <: 1.807022ms | <: 3.238442ms | <: 2.685102ms | bfses in 4.468754ms

averages: distance 5.529, diameter 9.000.
average of averages: distance 5.495, diameter 9.429.

*** iteration 8, batch size 60, remaining 749.
sampled in 1.662µs
<: 1.647µs | <: 1.058929ms | <: 1.12979ms | <: 1.320858ms | <: 1.051149ms | <: 1.591942ms | <: 1.141164ms | <: 1.601052ms | <: 1.516997ms | <: 1.685425ms | <: 1.76745ms | <: 1.665371ms | <: 1.512564ms | <: 1.823824ms | <: 1.747286ms | <: 1.511967ms | <: 1.608414ms | <: 1.959376ms | <: 1.775419ms | <: 1.058117ms | <: 1.060684ms | <: 1.936417ms | <: 1.609397ms | <: 1.801672ms | <: 1.802963ms | <: 1.497014ms | <: 1.060816ms | <: 2.312458ms | <: 1.08134ms | <: 1.394873ms | <: 2.704665ms | <: 1.790511ms | <: 1.19692ms | <: 1.059146ms | <: 1.470614ms | <: 1.894146ms | <: 2.677006ms | <: 1.914466ms | <: 1.867906ms | <: 1.28542ms | <: 1.681218ms | <: 1.858072ms | <: 1.215092ms | <: 2.443805ms | <: 3.182582ms | <: 1.636189ms | <: 1.623119ms | <: 1.713069ms | <: 2.710601ms | <: 1.543179ms | <: 1.77594ms | <: 1.806218ms | <: 1.766881ms | <: 3.22846ms | <: 1.77096ms | <: 2.943622ms | <: 1.876821ms | <: 1.783927ms | <: 3.245398ms | <: 2.98112ms | bfses in 4.487371ms

averages: distance 5.455, diameter 10.000.
average of averages: distance 5.490, diameter 9.500.

*** iteration 9, batch size 60, remaining 689.
sampled in 2.573µs
<: 3.651µs | <: 1.443083ms | <: 1.516393ms | <: 1.345123ms | <: 1.266649ms | <: 1.598832ms | <: 1.519992ms | <: 1.681299ms | <: 1.516712ms | <: 1.75665ms | <: 1.054358ms | <: 1.660802ms | <: 1.77408ms | <: 1.585795ms | <: 1.887442ms | <: 2.027622ms | <: 1.622385ms | <: 2.033932ms | <: 1.154742ms | <: 1.792388ms | <: 1.475123ms | <: 1.756106ms | <: 1.463434ms | <: 1.066521ms | <: 1.893325ms | <: 1.19314ms | <: 2.345625ms | <: 2.441764ms | <: 1.073387ms | <: 2.071002ms | <: 1.091762ms | <: 2.372352ms | <: 1.69406ms | <: 1.209224ms | <: 1.54211ms | <: 2.436322ms | <: 2.292338ms | <: 1.856105ms | <: 1.784863ms | <: 2.297663ms | <: 2.171057ms | <: 1.843174ms | <: 1.21493ms | <: 2.276611ms | <: 1.636506ms | <: 1.520789ms | <: 2.227079ms | <: 1.912067ms | <: 1.848537ms | <: 1.532179ms | <: 3.075147ms | <: 2.106558ms | <: 1.688673ms | <: 2.650617ms | <: 1.813338ms | <: 1.872319ms | <: 1.772985ms | <: 1.821651ms | <: 2.341705ms | <: 2.891235ms | bfses in 4.972657ms

averages: distance 5.497, diameter 10.000.
average of averages: distance 5.491, diameter 9.556.

*** iteration 10, batch size 60, remaining 629.
sampled in 3.04µs
<: 2.636µs | <: 1.074221ms | <: 1.05208ms | <: 1.069536ms | <: 1.050017ms | <: 1.056287ms | <: 1.064885ms | <: 1.054301ms | <: 1.088751ms | <: 1.441775ms | <: 1.334156ms | <: 1.390947ms | <: 1.884775ms | <: 1.808987ms | <: 1.399218ms | <: 1.684919ms | <: 1.775975ms | <: 1.763943ms | <: 1.107377ms | <: 1.049966ms | <: 1.052ms | <: 1.427968ms | <: 1.681695ms | <: 1.446025ms | <: 2.688569ms | <: 1.178667ms | <: 1.897371ms | <: 2.702444ms | <: 1.07846ms | <: 1.885609ms | <: 1.060235ms | <: 1.097296ms | <: 1.919174ms | <: 1.174586ms | <: 2.669585ms | <: 1.655362ms | <: 2.024818ms | <: 2.271539ms | <: 1.451671ms | <: 2.63416ms | <: 1.582468ms | <: 1.334496ms | <: 1.863993ms | <: 1.133255ms | <: 1.638682ms | <: 1.759764ms | <: 1.087194ms | <: 1.162397ms | <: 1.300864ms | <: 1.609006ms | <: 3.181802ms | <: 1.889383ms | <: 1.813275ms | <: 1.118586ms | <: 1.393369ms | <: 1.82908ms | <: 1.751913ms | <: 1.961051ms | <: 1.966869ms | <: 2.729604ms | bfses in 5.915222ms

averages: distance 5.442, diameter 10.000.
average of averages: distance 5.486, diameter 9.600.

*** iteration 11, batch size 60, remaining 569.
sampled in 4.36µs
<: 1.092953ms | <: 1.111422ms | <: 1.341433ms | <: 1.482971ms | <: 1.32111ms | <: 1.282691ms | <: 1.074756ms | <: 1.322592ms | <: 1.467475ms | <: 1.392799ms | <: 1.746624ms | <: 1.618101ms | <: 2.001939ms | <: 1.219498ms | <: 1.911591ms | <: 1.689102ms | <: 1.94951ms | <: 1.397887ms | <: 1.725337ms | <: 2.321538ms | <: 1.770349ms | <: 1.605565ms | <: 1.582753ms | <: 2.065961ms | <: 1.080028ms | <: 1.125514ms | <: 1.323725ms | <: 1.617457ms | <: 1.074939ms | <: 2.419039ms | <: 1.773412ms | <: 1.317348ms | <: 1.733737ms | <: 1.213239ms | <: 2.329753ms | <: 1.921233ms | <: 1.433618ms | <: 1.402496ms | <: 1.286389ms | <: 1.260063ms | <: 2.618273ms | <: 1.319315ms | <: 2.414357ms | <: 3.193355ms | <: 1.233083ms | <: 1.193742ms | <: 3.087681ms | <: 1.081203ms | <: 1.345315ms | <: 1.065055ms | <: 3.156472ms | <: 1.340407ms | <: 1.698854ms | <: 1.92979ms | <: 1.9047ms | <: 1.706747ms | <: 1.746054ms | <: 3.240357ms | <: 1.760701ms | <: 3.248538ms | bfses in 6.052013ms

averages: distance 5.494, diameter 9.000.
average of averages: distance 5.487, diameter 9.545.

*** iteration 12, batch size 60, remaining 509.
sampled in 5.329µs
<: 1.049483ms | <: 2.947µs | <: 1.162948ms | <: 1.09803ms | <: 1.368593ms | <: 1.129459ms | <: 1.617011ms | <: 1.583041ms | <: 1.494897ms | <: 1.679328ms | <: 1.701009ms | <: 1.799097ms | <: 1.977832ms | <: 1.449948ms | <: 1.75992ms | <: 1.875953ms | <: 1.748811ms | <: 1.985154ms | <: 1.237697ms | <: 1.928906ms | <: 1.91543ms | <: 1.624497ms | <: 1.860235ms | <: 1.25039ms | <: 1.759562ms | <: 2.293201ms | <: 1.978465ms | <: 1.613386ms | <: 1.886223ms | <: 1.586712ms | <: 1.269717ms | <: 1.073895ms | <: 1.175118ms | <: 2.042839ms | <: 1.055119ms | <: 1.065634ms | <: 2.582403ms | <: 2.564688ms | <: 1.061473ms | <: 2.557382ms | <: 1.102148ms | <: 1.249291ms | <: 1.781756ms | <: 1.767268ms | <: 2.495524ms | <: 1.312179ms | <: 1.261716ms | <: 2.000806ms | <: 2.144207ms | <: 2.02114ms | <: 2.477302ms | <: 1.353222ms | <: 2.691121ms | <: 2.684163ms | <: 1.800174ms | <: 1.910685ms | <: 3.242658ms | <: 2.732929ms | <: 3.27348ms | <: 3.210726ms | bfses in 5.72109ms

averages: distance 5.493, diameter 9.000.
average of averages: distance 5.487, diameter 9.500.

*** iteration 13, batch size 60, remaining 449.
sampled in 4.25µs
<: 1.178388ms | <: 1.118553ms | <: 1.18899ms | <: 1.64901ms | <: 1.348369ms | <: 1.21859ms | <: 1.086816ms | <: 1.05325ms | <: 1.605568ms | <: 2.122961ms | <: 1.762296ms | <: 2.100879ms | <: 1.776618ms | <: 1.915673ms | <: 1.164277ms | <: 1.881543ms | <: 1.15858ms | <: 1.658356ms | <: 2.230228ms | <: 1.672668ms | <: 2.295215ms | <: 2.454068ms | <: 2.093354ms | <: 1.95959ms | <: 1.755191ms | <: 2.144902ms | <: 1.36686ms | <: 1.099774ms | <: 1.060731ms | <: 1.942294ms | <: 1.766605ms | <: 1.150739ms | <: 1.163679ms | <: 1.530385ms | <: 1.065085ms | <: 1.092026ms | <: 1.117854ms | <: 1.790945ms | <: 1.095197ms | <: 3.198269ms | <: 1.466708ms | <: 3.185495ms | <: 3.186487ms | <: 1.989425ms | <: 2.33875ms | <: 2.441992ms | <: 3.197282ms | <: 3.192525ms | <: 2.268734ms | <: 2.651214ms | <: 1.475556ms | <: 2.515645ms | <: 2.713764ms | <: 3.004501ms | <: 2.516537ms | <: 1.907961ms | <: 2.427724ms | <: 2.213676ms | <: 3.277536ms | <: 2.755093ms | bfses in 5.362757ms

averages: distance 5.433, diameter 10.000.
average of averages: distance 5.483, diameter 9.538.

*** iteration 14, batch size 60, remaining 389.
sampled in 1.795µs
<: 2.95µs | <: 1.172618ms | <: 1.091721ms | <: 1.058465ms | <: 1.188145ms | <: 1.176145ms | <: 1.474885ms | <: 1.120518ms | <: 1.139498ms | <: 2.129966ms | <: 1.983804ms | <: 1.856539ms | <: 1.751273ms | <: 1.098433ms | <: 1.060212ms | <: 1.056938ms | <: 2.434434ms | <: 1.28443ms | <: 2.323136ms | <: 1.526068ms | <: 1.973957ms | <: 2.630357ms | <: 1.757813ms | <: 1.977256ms | <: 2.651894ms | <: 1.200548ms | <: 2.470898ms | <: 1.080148ms | <: 1.759784ms | <: 2.12523ms | <: 1.083318ms | <: 2.269187ms | <: 2.123467ms | <: 1.146221ms | <: 1.704637ms | <: 1.193352ms | <: 3.174631ms | <: 2.647792ms | <: 2.126526ms | <: 1.4554ms | <: 3.188285ms | <: 1.86914ms | <: 2.665782ms | <: 3.225505ms | <: 3.186336ms | <: 1.900502ms | <: 2.645555ms | <: 3.172774ms | <: 2.462984ms | <: 2.132164ms | <: 2.676445ms | <: 1.708586ms | <: 3.182538ms | <: 2.293241ms | <: 2.33188ms | <: 2.709159ms | <: 2.48179ms | <: 3.181362ms | <: 2.495874ms | <: 3.130581ms | bfses in 5.287813ms

averages: distance 5.495, diameter 10.000.
average of averages: distance 5.484, diameter 9.571.

*** iteration 15, batch size 60, remaining 329.
sampled in 1.881µs
<: 1.089675ms | <: 1.16708ms | <: 1.166942ms | <: 1.224665ms | <: 1.646926ms | <: 1.170829ms | <: 1.570106ms | <: 1.097718ms | <: 1.988815ms | <: 1.930068ms | <: 1.124628ms | <: 1.771219ms | <: 1.981557ms | <: 2.256855ms | <: 2.267833ms | <: 2.162464ms | <: 1.464998ms | <: 2.080046ms | <: 2.079591ms | <: 1.293258ms | <: 1.889457ms | <: 2.024832ms | <: 1.825528ms | <: 2.657821ms | <: 2.720242ms | <: 2.051127ms | <: 2.193718ms | <: 1.806443ms | <: 1.227712ms | <: 1.062701ms | <: 1.189795ms | <: 1.796307ms | <: 1.128313ms | <: 1.343427ms | <: 1.696167ms | <: 2.373819ms | <: 1.818611ms | <: 1.366069ms | <: 1.682611ms | <: 2.657958ms | <: 2.032337ms | <: 2.485895ms | <: 2.620375ms | <: 1.815998ms | <: 3.15787ms | <: 2.103054ms | <: 1.880243ms | <: 3.222521ms | <: 2.126657ms | <: 2.546314ms | <: 1.986506ms | <: 3.17059ms | <: 1.996239ms | <: 1.774052ms | <: 2.522958ms | <: 3.22119ms | <: 1.720428ms | <: 2.385712ms | <: 3.242919ms | <: 2.760773ms | bfses in 4.459473ms

averages: distance 5.488, diameter 10.000.
average of averages: distance 5.484, diameter 9.600.

*** iteration 16, batch size 60, remaining 269.
sampled in 2.46µs
<: 2.839µs | <: 1.126909ms | <: 1.260337ms | <: 1.34981ms | <: 1.745786ms | <: 1.83567ms | <: 1.783395ms | <: 1.66876ms | <: 1.88715ms | <: 1.125697ms | <: 1.807085ms | <: 1.659082ms | <: 2.128796ms | <: 1.965072ms | <: 1.69885ms | <: 2.035047ms | <: 2.102266ms | <: 1.866643ms | <: 1.187812ms | <: 1.058167ms | <: 1.146887ms | <: 1.0763ms | <: 1.885186ms | <: 1.794453ms | <: 2.260654ms | <: 2.000694ms | <: 2.679943ms | <: 1.170385ms | <: 1.999809ms | <: 1.068971ms | <: 1.151961ms | <: 1.869432ms | <: 1.288445ms | <: 2.295846ms | <: 1.774809ms | <: 1.881714ms | <: 2.301147ms | <: 1.489235ms | <: 1.340433ms | <: 2.655275ms | <: 2.014566ms | <: 2.1262ms | <: 2.001804ms | <: 1.328908ms | <: 2.003516ms | <: 3.203366ms | <: 3.19333ms | <: 2.674648ms | <: 1.882003ms | <: 3.226001ms | <: 3.205485ms | <: 3.201827ms | <: 2.306179ms | <: 2.161105ms | <: 2.693201ms | <: 1.832054ms | <: 2.970685ms | <: 2.55778ms | <: 2.341993ms | <: 2.780221ms | bfses in 4.544414ms

averages: distance 5.463, diameter 10.000.
average of averages: distance 5.483, diameter 9.625.

*** iteration 17, batch size 60, remaining 209.
sampled in 2.543µs
<: 1.124837ms | <: 1.278302ms | <: 1.486052ms | <: 1.14724ms | <: 1.343738ms | <: 1.101918ms | <: 1.774343ms | <: 1.664835ms | <: 1.757808ms | <: 1.897004ms | <: 1.778974ms | <: 1.864464ms | <: 1.976683ms | <: 1.98929ms | <: 1.889539ms | <: 2.005852ms | <: 1.972327ms | <: 1.865038ms | <: 1.517621ms | <: 1.998543ms | <: 1.807348ms | <: 1.767367ms | <: 1.600331ms | <: 2.272518ms | <: 2.641209ms | <: 2.145602ms | <: 2.137986ms | <: 1.775521ms | <: 1.994902ms | <: 1.891009ms | <: 1.141668ms | <: 1.792012ms | <: 1.094086ms | <: 1.447156ms | <: 1.807186ms | <: 1.610186ms | <: 1.885009ms | <: 1.459998ms | <: 2.320869ms | <: 1.922507ms | <: 1.374006ms | <: 2.294996ms | <: 1.471957ms | <: 1.308163ms | <: 2.820844ms | <: 2.015694ms | <: 2.565542ms | <: 1.871973ms | <: 1.996572ms | <: 1.800189ms | <: 1.845055ms | <: 2.075783ms | <: 1.573473ms | <: 2.328116ms | <: 2.274533ms | <: 1.589148ms | <: 1.573274ms | <: 2.034229ms | <: 2.340783ms | <: 1.998848ms | bfses in 4.113189ms

averages: distance 5.442, diameter 9.000.
average of averages: distance 5.480, diameter 9.588.

*** iteration 18, batch size 60, remaining 149.
sampled in 2.121µs
<: 1.061652ms | <: 1.080611ms | <: 1.121465ms | <: 1.202212ms | <: 1.401086ms | <: 1.423885ms | <: 1.604705ms | <: 1.774335ms | <: 1.724879ms | <: 1.830738ms | <: 1.679302ms | <: 1.659795ms | <: 1.049576ms | <: 1.453204ms | <: 2.048379ms | <: 1.997713ms | <: 2.280634ms | <: 1.660842ms | <: 1.932634ms | <: 2.260112ms | <: 1.947241ms | <: 1.516585ms | <: 1.46387ms | <: 1.076849ms | <: 2.218806ms | <: 2.149849ms | <: 1.997405ms | <: 1.453609ms | <: 1.821625ms | <: 1.945224ms | <: 2.154584ms | <: 1.583435ms | <: 1.945901ms | <: 1.861123ms | <: 1.592342ms | <: 1.107037ms | <: 1.494364ms | <: 1.215135ms | <: 1.553699ms | <: 2.101808ms | <: 1.199751ms | <: 1.115661ms | <: 1.552869ms | <: 1.534352ms | <: 1.477192ms | <: 1.917926ms | <: 1.812208ms | <: 1.806693ms | <: 1.738769ms | <: 1.633727ms | <: 1.324433ms | <: 2.360381ms | <: 1.944411ms | <: 1.869938ms | <: 1.494017ms | <: 1.825608ms | <: 2.545951ms | <: 1.746962ms | <: 1.861798ms | <: 2.073037ms | bfses in 4.149178ms

averages: distance 5.437, diameter 9.000.
average of averages: distance 5.478, diameter 9.556.

*** iteration 19, batch size 60, remaining 89.
sampled in 1.573µs
<: 3.385µs | <: 1.076863ms | <: 1.059189ms | <: 1.087914ms | <: 1.118231ms | <: 1.441193ms | <: 1.428623ms | <: 1.576066ms | <: 1.668925ms | <: 1.501723ms | <: 1.43052ms | <: 1.767269ms | <: 1.686855ms | <: 1.751764ms | <: 1.695856ms | <: 1.434532ms | <: 1.595502ms | <: 1.433845ms | <: 1.883748ms | <: 1.974157ms | <: 1.422767ms | <: 1.060301ms | <: 1.512443ms | <: 2.282245ms | <: 1.926448ms | <: 1.855401ms | <: 1.771284ms | <: 1.106949ms | <: 1.436647ms | <: 1.516837ms | <: 1.883245ms | <: 1.665616ms | <: 2.11532ms | <: 1.874261ms | <: 1.20283ms | <: 1.742366ms | <: 1.715137ms | <: 1.60453ms | <: 1.791014ms | <: 1.688196ms | <: 1.169935ms | <: 1.072933ms | <: 1.530702ms | <: 1.817248ms | <: 1.379701ms | <: 1.808473ms | <: 2.302148ms | <: 1.726313ms | <: 1.706507ms | <: 2.292665ms | <: 1.809486ms | <: 1.465457ms | <: 1.745758ms | <: 1.631629ms | <: 1.486815ms | <: 1.936691ms | <: 1.921527ms | <: 1.846022ms | <: 1.744546ms | <: 1.948214ms | bfses in 4.001593ms

averages: distance 5.469, diameter 10.000.
average of averages: distance 5.477, diameter 9.579.

*** iteration 20, batch size 60, remaining 29.
sampled in 4.442µs
<: 2.325µs | <: 1.105285ms | <: 1.485729ms | <: 1.125067ms | <: 1.135652ms | <: 1.402863ms | <: 1.556534ms | <: 1.122666ms | <: 1.43791ms | <: 1.386725ms | <: 2.001863ms | <: 2.128661ms | <: 1.705434ms | <: 1.69635ms | <: 1.957372ms | <: 2.274932ms | <: 1.434785ms | <: 1.30797ms | <: 1.52694ms | <: 2.533234ms | <: 2.48001ms | <: 2.170302ms | <: 1.08353ms | <: 2.075037ms | <: 1.950186ms | <: 1.786695ms | <: 1.721523ms | <: 1.677748ms | <: 2.099069ms | <: 1.93105ms | <: 1.521934ms | <: 1.470669ms | <: 1.531654ms | <: 1.067845ms | <: 1.788086ms | <: 1.521136ms | <: 1.448074ms | <: 1.320697ms | <: 3.063694ms | <: 1.410498ms | <: 2.719195ms | <: 2.478733ms | <: 1.431663ms | <: 1.418717ms | <: 2.686659ms | <: 1.492997ms | <: 1.101049ms | <: 1.61201ms | <: 2.314231ms | <: 1.068276ms | <: 2.464173ms | <: 1.796047ms | <: 2.68692ms | <: 3.298848ms | <: 2.517738ms | <: 3.233757ms | <: 1.915486ms | <: 1.750012ms | <: 1.81987ms | <: 3.259383ms | bfses in 6.443046ms

averages: distance 5.423, diameter 9.000.
average of averages: distance 5.475, diameter 9.550.

*** iteration 21, batch size 29, remaining 0.
sampled in 1.751µs
<: 1.065036ms | <: 1.047342ms | <: 1.256503ms | <: 1.306481ms | <: 1.366992ms | <: 1.753447ms | <: 1.047459ms | <: 1.669622ms | <: 1.405493ms | <: 1.361831ms | <: 1.33915ms | <: 1.606827ms | <: 1.496337ms | <: 1.499195ms | <: 1.680583ms | <: 1.97396ms | <: 1.583068ms | <: 1.971649ms | <: 2.500501ms | <: 1.645373ms | <: 2.678714ms | <: 1.747422ms | <: 1.665888ms | <: 2.337633ms | <: 2.453339ms | <: 2.667482ms | <: 2.685802ms | <: 2.999158ms | <: 2.904639ms | bfses in 4.250822ms

averages: distance 5.491, diameter 9.000.
average of averages: distance 5.476, diameter 9.524.

Total time: 112.924738ms
