|V| = 5000, |E| = 24935, |S| = 308, s = 60.

*** iteration 1, batch size 60, remaining 248.
sampled in 1.693µs
<: 3.129521ms | <: 3.10052ms | <: 3.113964ms | <: 3.150286ms | <: 3.072289ms | <: 3.080637ms | <: 3.074436ms | <: 3.089714ms | <: 3.072216ms | <: 3.058709ms | <: 3.084233ms | <: 3.077096ms | <: 3.089641ms | <: 3.133004ms | <: 2.685475ms | <: 3.070715ms | <: 3.123274ms | <: 3.098694ms | <: 3.097028ms | <: 3.12352ms | <: 3.090697ms | <: 3.068096ms | <: 3.079692ms | <: 3.112249ms | <: 3.10096ms | <: 3.123447ms | <: 3.146623ms | <: 3.091998ms | <: 3.113707ms | <: 3.547337ms | <: 3.129344ms | <: 3.190541ms | <: 3.37649ms | <: 1.562954ms | <: 3.14495ms | <: 3.143856ms | <: 3.041031ms | <: 3.092312ms | <: 3.073905ms | <: 2.794604ms | <: 3.129614ms | <: 3.027783ms | <: 3.169764ms | <: 3.077324ms | <: 3.069822ms | <: 3.06438ms | <: 3.077272ms | <: 3.147727ms | <: 3.0678ms | <: 3.059431ms | <: 3.073955ms | <: 3.055207ms | <: 3.076893ms | <: 3.093274ms | <: 3.065805ms | <: 3.052269ms | <: 3.114917ms | <: 3.107207ms | <: 3.064795ms | <: 3.054232ms | bfses in 9.453656ms

averages: distance 5.541, diameter 10.000.
average of averages: distance 5.541, diameter 10.000.

*** iteration 2, batch size 60, remaining 188.
sampled in 2.903µs
<: 4.945µs | <: 2.97861ms | <: 2.984987ms | <: 2.934832ms | <: 2.927051ms | <: 2.972653ms | <: 2.956625ms | <: 2.932928ms | <: 2.921322ms | <: 2.96009ms | <: 2.899722ms | <: 2.942698ms | <: 2.953256ms | <: 2.966918ms | <: 3.005785ms | <: 2.761642ms | <: 2.753561ms | <: 2.978869ms | <: 2.984878ms | <: 2.659718ms | <: 2.913787ms | <: 3.027266ms | <: 2.320141ms | <: 2.999293ms | <: 3.003141ms | <: 2.739701ms | <: 2.860604ms | <: 3.010035ms | <: 3.015963ms | <: 2.731514ms | <: 3.091489ms | <: 3.05952ms | <: 3.010224ms | <: 3.071012ms | <: 3.103752ms | <: 3.050155ms | <: 3.071471ms | <: 3.062217ms | <: 2.136242ms | <: 1.484853ms | <: 3.196742ms | <: 1.275298ms | <: 3.203238ms | <: 3.151917ms | <: 3.19913ms | <: 3.235215ms | <: 3.187724ms | <: 3.16867ms | <: 3.234893ms | <: 3.188486ms | <: 3.213962ms | <: 3.212748ms | <: 3.233046ms | <: 1.74278ms | <: 3.236138ms | <: 3.205776ms | <: 3.265603ms | <: 3.126927ms | <: 3.003135ms | <: 3.211973ms | bfses in 6.967324ms

averages: distance 5.535, diameter 9.000.
average of averages: distance 5.538, diameter 9.500.

*** iteration 3, batch size 60, remaining 128.
sampled in 2.629µs
<: 3.265µs | <: 1.424805ms | <: 1.479249ms | <: 1.570531ms | <: 1.731653ms | <: 1.927397ms | <: 1.421951ms | <: 1.553236ms | <: 1.729054ms | <: 2.281018ms | <: 1.99353ms | <: 2.545072ms | <: 2.362525ms | <: 1.643729ms | <: 2.980188ms | <: 2.714911ms | <: 2.793207ms | <: 1.958394ms | <: 1.480662ms | <: 2.743399ms | <: 2.943303ms | <: 3.007068ms | <: 2.322782ms | <: 2.954502ms | <: 3.020137ms | <: 2.971938ms | <: 1.493655ms | <: 1.411495ms | <: 2.489662ms | <: 1.642834ms | <: 2.115853ms | <: 1.589691ms | <: 2.509704ms | <: 1.485209ms | <: 2.134389ms | <: 3.004549ms | <: 3.097453ms | <: 2.167535ms | <: 2.984906ms | <: 2.995236ms | <: 1.650764ms | <: 3.00226ms | <: 1.978275ms | <: 3.011542ms | <: 2.781598ms | <: 1.902369ms | <: 3.082126ms | <: 2.529638ms | <: 3.003233ms | <: 3.074931ms | <: 2.011547ms | <: 2.176777ms | <: 2.348549ms | <: 3.113866ms | <: 3.072865ms | <: 3.148639ms | <: 2.42657ms | <: 3.093882ms | <: 3.1859ms | <: 3.144115ms | bfses in 5.961101ms

averages: distance 5.558, diameter 9.000.
average of averages: distance 5.545, diameter 9.333.

*** iteration 4, batch size 60, remaining 68.
sampled in 4.785µs
<: 1.424986ms | <: 1.343104ms | <: 1.753936ms | <: 1.559723ms | <: 1.500373ms | <: 1.323781ms | <: 2.115252ms | <: 2.232037ms | <: 2.068513ms | <: 1.95722ms | <: 2.024917ms | <: 982.077µs | <: 2.420831ms | <: 984.003µs | <: 2.738119ms | <: 2.290512ms | <: 2.992226ms | <: 1.967235ms | <: 2.291954ms | <: 2.737337ms | <: 2.946746ms | <: 1.286604ms | <: 2.137562ms | <: 1.34443ms | <: 1.236018ms | <: 1.340202ms | <: 2.005054ms | <: 2.474752ms | <: 1.993791ms | <: 1.302765ms | <: 1.874915ms | <: 3.031601ms | <: 1.986129ms | <: 2.475272ms | <: 2.494143ms | <: 2.9752ms | <: 2.66253ms | <: 2.9144ms | <: 1.006228ms | <: 2.117002ms | <: 1.033248ms | <: 2.530943ms | <: 3.025918ms | <: 2.88923ms | <: 2.877464ms | <: 2.035748ms | <: 2.17917ms | <: 2.316682ms | <: 1.897217ms | <: 2.02165ms | <: 2.290489ms | <: 2.369866ms | <: 2.550369ms | <: 2.648745ms | <: 3.056753ms | <: 2.922281ms | <: 2.384694ms | <: 1.968269ms | <: 3.055533ms | <: 3.094479ms | bfses in 6.135405ms

averages: distance 5.498, diameter 10.000.
average of averages: distance 5.533, diameter 9.500.

*** iteration 5, batch size 60, remaining 8.
sampled in 2.71µs
<: 1.643µs | <: 978.379µs | <: 1.023974ms | <: 1.275704ms | <: 1.365464ms | <: 1.644501ms | <: 1.497985ms | <: 1.838907ms | <: 2.726µs | <: 1.980692ms | <: 1.883388ms | <: 1.973426ms | <: 2.110064ms | <: 977.976µs | <: 2.119862ms | <: 980.942µs | <: 2.286044ms | <: 1.74753ms | <: 1.473977ms | <: 1.986731ms | <: 2.109315ms | <: 2.257358ms | <: 1.873171ms | <: 1.877604ms | <: 1.242634ms | <: 1.992353ms | <: 2.302261ms | <: 1.997864ms | <: 1.294278ms | <: 1.345349ms | <: 2.731648ms | <: 2.982257ms | <: 2.307187ms | <: 1.008077ms | <: 1.978301ms | <: 2.962451ms | <: 1.561669ms | <: 2.470823ms | <: 1.37013ms | <: 2.968614ms | <: 2.473495ms | <: 2.11144ms | <: 2.97679ms | <: 2.715496ms | <: 2.728604ms | <: 2.552644ms | <: 1.984178ms | <: 1.982618ms | <: 1.870936ms | <: 2.54241ms | <: 3.004026ms | <: 2.558504ms | <: 2.007111ms | <: 2.190768ms | <: 2.104387ms | <: 2.542802ms | <: 2.052506ms | <: 2.580008ms | <: 2.557779ms | <: 2.547525ms | bfses in 5.294456ms

averages: distance 5.495, diameter 9.000.
average of averages: distance 5.525, diameter 9.400.

*** iteration 6, batch size 8, remaining 0.
sampled in 452ns
<: 1.099453ms | <: 1.728868ms | <: 1.835882ms | <: 1.841389ms | <: 1.955763ms | <: 2.129678ms | <: 2.12358ms | <: 2.209816ms | bfses in 2.41681ms

averages: distance 5.358, diameter 9.000.
average of averages: distance 5.498, diameter 9.333.

Total time: 36.358884ms
