|V| = 7115, |E| = 103689, |S| = 10, s = 1.

*** iteration 1, batch size 1, remaining 9.
>: 22.447µs | sampled in 207.845µs
<: 4.440525ms | bfses in 4.692077ms

averages: distance 0.001, diameter 5.000.
average of averages: distance 0.000512745 (norm 3.648), std NaN (norm NaN), diameter 5.000 (std NaN).

*** iteration 2, batch size 1, remaining 8.
>: 13.241µs | sampled in 163.51µs
<: 4.341528ms | bfses in 4.551315ms

averages: distance 0.000, diameter 5.000.
average of averages: distance 0.000466465 (norm 3.318), std 0.000065449 (norm 0.466), diameter 5.000 (std 0.000).

*** iteration 3, batch size 1, remaining 7.
>: 8.711µs | sampled in 81.548µs
<: 4.339172ms | bfses in 4.514299ms

averages: distance 0.000, diameter 5.000.
average of averages: distance 0.000464473 (norm 3.304), std 0.000046408 (norm 0.330), diameter 5.000 (std 0.000).

*** iteration 4, batch size 1, remaining 6.
>: 9.670202ms | sampled in 9.957682ms
<: 4.273795ms | bfses in 4.61935ms

averages: distance 0.000, diameter 4.000.
average of averages: distance 0.000431830 (norm 3.072), std 0.000075485 (norm 0.537), diameter 4.750 (std 0.500).

*** iteration 5, batch size 1, remaining 5.
>: 15.716µs | sampled in 228.385µs
<: 6.378µs | bfses in 240.958µs

averages: distance 0.000, diameter 1.000.
average of averages: distance 0.000373578 (norm 2.658), std 0.000145740 (norm 1.037), diameter 4.000 (std 1.732).

*** iteration 6, batch size 1, remaining 4.
>: 10.944456ms | sampled in 11.23604ms
<: 4.471095ms | bfses in 4.796038ms

averages: distance 0.000, diameter 4.000.
average of averages: distance 0.000361075 (norm 2.569), std 0.000133903 (norm 0.953), diameter 4.000 (std 1.549).

*** iteration 7, batch size 1, remaining 3.
>: 7.105µs | sampled in 152.174µs
<: 4.330452ms | bfses in 4.642158ms

averages: distance 0.000, diameter 5.000.
average of averages: distance 0.000364690 (norm 2.594), std 0.000122610 (norm 0.872), diameter 4.143 (std 1.464).

*** iteration 8, batch size 1, remaining 2.
>: 11.133858ms | sampled in 11.439647ms
<: 4.301142ms | bfses in 4.624835ms

averages: distance 0.001, diameter 7.000.
average of averages: distance 0.000400062 (norm 2.846), std 0.000151312 (norm 1.076), diameter 4.500 (std 1.690).

*** iteration 9, batch size 1, remaining 1.
>: 12.834µs | sampled in 276.375µs
<: 4.288728ms | bfses in 4.598317ms

averages: distance 0.000, diameter 5.000.
average of averages: distance 0.000402298 (norm 2.862), std 0.000141698 (norm 1.008), diameter 4.556 (std 1.590).

*** iteration 10, batch size 1, remaining 0.
>: 10.712076ms | sampled in 10.951216ms
<: 4.204886ms | bfses in 4.528867ms

averages: distance 0.001, diameter 6.000.
average of averages: distance 0.000416463 (norm 2.963), std 0.000140903 (norm 1.002), diameter 4.700 (std 1.567).

Total time: 86.963308ms
